-- robot_localization: You did not request a specific build type: selecting 'RelWithDebInfo'.
-- Found ament_cmake: 2.0.5 (/home/pi/ros2_iron/install/ament_cmake/share/ament_cmake/cmake)
-- Override CMake install command with custom implementation using symlinks instead of copying resources
-- Found angles: 1.16.0 (/usr/share/angles/cmake)
-- Found rclcpp: 21.0.6 (/home/pi/ros2_iron/install/rclcpp/share/rclcpp/cmake)
-- Found rosidl_generator_c: 4.0.1 (/home/pi/ros2_iron/install/rosidl_generator_c/share/rosidl_generator_c/cmake)
-- Found rosidl_generator_cpp: 4.0.1 (/home/pi/ros2_iron/install/rosidl_generator_cpp/share/rosidl_generator_cpp/cmake)
-- Using all available rosidl_typesupport_c: rosidl_typesupport_introspection_c;rosidl_typesupport_fastrtps_c
-- Using all available rosidl_typesupport_cpp: rosidl_typesupport_introspection_cpp;rosidl_typesupport_fastrtps_cpp
-- Found rmw_implementation_cmake: 7.1.0 (/home/pi/ros2_iron/install/rmw_implementation_cmake/share/rmw_implementation_cmake/cmake)
-- Found rmw_fastrtps_cpp: 7.1.3 (/home/pi/ros2_iron/install/rmw_fastrtps_cpp/share/rmw_fastrtps_cpp/cmake)
-- Using RMW implementation 'rmw_fastrtps_cpp' as default
-- Found diagnostic_msgs: 5.0.0 (/home/pi/ros2_iron/install/diagnostic_msgs/share/diagnostic_msgs/cmake)
-- Found diagnostic_updater: 3.2.0 (/home/pi/wow_ws/install/diagnostic_updater/share/diagnostic_updater/cmake)
-- Found geographic_msgs: 1.0.6 (/home/pi/wow_ws/install/geographic_msgs/share/geographic_msgs/cmake)
-- Found message_filters: 4.7.0 (/home/pi/ros2_iron/install/message_filters/share/message_filters/cmake)
-- Found nav_msgs: 5.0.0 (/home/pi/ros2_iron/install/nav_msgs/share/nav_msgs/cmake)
-- Found rosidl_default_generators: 1.5.0 (/home/pi/ros2_iron/install/rosidl_default_generators/share/rosidl_default_generators/cmake)
-- Found rosidl_adapter: 4.0.1 (/home/pi/ros2_iron/install/rosidl_adapter/share/rosidl_adapter/cmake)
-- Found sensor_msgs: 5.0.0 (/home/pi/ros2_iron/install/sensor_msgs/share/sensor_msgs/cmake)
-- Found std_srvs: 5.0.0 (/home/pi/ros2_iron/install/std_srvs/share/std_srvs/cmake)
-- Found tf2: 0.31.6 (/home/pi/ros2_iron/install/tf2/share/tf2/cmake)
-- Found tf2_eigen: 0.31.6 (/home/pi/ros2_iron/install/tf2_eigen/share/tf2_eigen/cmake)
-- Found tf2_geometry_msgs: 0.31.6 (/home/pi/ros2_iron/install/tf2_geometry_msgs/share/tf2_geometry_msgs/cmake)
-- Found eigen3_cmake_module: 0.2.2 (/home/pi/ros2_iron/install/eigen3_cmake_module/share/eigen3_cmake_module/cmake)
-- Ensuring Eigen3 include directory is part of orocos-kdl CMake target
-- Found yaml_cpp_vendor: 8.1.2 (/home/pi/ros2_iron/install/yaml_cpp_vendor/share/yaml_cpp_vendor/cmake)
-- Found ament_cmake_cppcheck: 0.14.3 (/home/pi/ros2_iron/install/ament_cmake_cppcheck/share/ament_cmake_cppcheck/cmake)
-- Found ament_cmake_cpplint: 0.14.3 (/home/pi/ros2_iron/install/ament_cmake_cpplint/share/ament_cmake_cpplint/cmake)
-- Found ament_cmake_uncrustify: 0.14.3 (/home/pi/ros2_iron/install/ament_cmake_uncrustify/share/ament_cmake_uncrustify/cmake)
-- Found ament_cmake_ros: 0.11.2 (/home/pi/ros2_iron/install/ament_cmake_ros/share/ament_cmake_ros/cmake)
-- Using all available rosidl_typesupport_c: rosidl_typesupport_introspection_c;rosidl_typesupport_fastrtps_c
-- Using all available rosidl_typesupport_cpp: rosidl_typesupport_introspection_cpp;rosidl_typesupport_fastrtps_cpp
-- Found python_cmake_module: 0.10.2 (/home/pi/ros2_iron/install/python_cmake_module/share/python_cmake_module/cmake)
-- Using PYTHON_EXECUTABLE: /usr/bin/python3
-- Using PYTHON_INCLUDE_DIRS: /usr/include/python3.11
-- Using PYTHON_LIBRARIES: /usr/lib/aarch64-linux-gnu/libpython3.11.so
-- Found ament_cmake_flake8: 0.14.3 (/home/pi/ros2_iron/install/ament_cmake_flake8/share/ament_cmake_flake8/cmake)
-- Found ament_cmake_pep257: 0.14.3 (/home/pi/ros2_iron/install/ament_cmake_pep257/share/ament_cmake_pep257/cmake)
-- Found ament_cmake_lint_cmake: 0.14.3 (/home/pi/ros2_iron/install/ament_cmake_lint_cmake/share/ament_cmake_lint_cmake/cmake)
-- Found launch_testing_ament_cmake: 2.0.3 (/home/pi/ros2_iron/install/launch_testing_ament_cmake/share/launch_testing_ament_cmake/cmake)
-- Using PYTHON_EXECUTABLE: /usr/bin/python3
-- Using PYTHON_INCLUDE_DIRS: /usr/include/python3.11
-- Using PYTHON_LIBRARIES: /usr/lib/aarch64-linux-gnu/libpython3.11.so
-- Found gtest sources under '/home/pi/ros2_iron/install/gtest_vendor/src/gtest_vendor': C++ tests using 'Google Test' will be built
-- Configuring done
-- Generating done
-- Build files have been written to: /home/pi/wow_ws/build/robot_localization
[  1%] [32mBuilding CXX object gtest/CMakeFiles/gtest_main.dir/src/gtest_main.cc.o[0m
[  2%] [32mBuilding CXX object gtest/CMakeFiles/gtest.dir/src/gtest-all.cc.o[0m
[  3%] [34m[1mGenerating type hashes for ROS interfaces[0m
[  3%] Built target ament_cmake_python_symlink_robot_localization
[  3%] Built target robot_localization__rosidl_generator_type_description
[  4%] [34m[1mGenerating C++ code for ROS interfaces[0m
running egg_info
creating robot_localization.egg-info
writing robot_localization.egg-info/PKG-INFO
writing dependency_links to robot_localization.egg-info/dependency_links.txt
writing top-level names to robot_localization.egg-info/top_level.txt
writing manifest file 'robot_localization.egg-info/SOURCES.txt'
reading manifest file 'robot_localization.egg-info/SOURCES.txt'
writing manifest file 'robot_localization.egg-info/SOURCES.txt'
[  4%] Built target ament_cmake_python_build_robot_localization_egg
[  4%] [34m[1mGenerating C code for ROS interfaces[0m
[  4%] [32m[1mLinking CXX static library libgtest_main.a[0m
[  4%] Built target gtest_main
[  4%] Built target robot_localization__cpp
[  7%] [32mBuilding C object CMakeFiles/robot_localization__rosidl_generator_c.dir/rosidl_generator_c/robot_localization/srv/detail/from_ll__functions.c.o[0m
[  7%] [32mBuilding C object CMakeFiles/robot_localization__rosidl_generator_c.dir/rosidl_generator_c/robot_localization/srv/detail/from_ll__description.c.o[0m
[  7%] [32mBuilding C object CMakeFiles/robot_localization__rosidl_generator_c.dir/rosidl_generator_c/robot_localization/srv/detail/from_ll__type_support.c.o[0m
[  7%] [32mBuilding C object CMakeFiles/robot_localization__rosidl_generator_c.dir/rosidl_generator_c/robot_localization/srv/detail/get_state__description.c.o[0m
[  8%] [32mBuilding C object CMakeFiles/robot_localization__rosidl_generator_c.dir/rosidl_generator_c/robot_localization/srv/detail/get_state__functions.c.o[0m
[  9%] [32mBuilding C object CMakeFiles/robot_localization__rosidl_generator_c.dir/rosidl_generator_c/robot_localization/srv/detail/get_state__type_support.c.o[0m
[ 10%] [32mBuilding C object CMakeFiles/robot_localization__rosidl_generator_c.dir/rosidl_generator_c/robot_localization/srv/detail/set_datum__description.c.o[0m
[ 10%] [32mBuilding C object CMakeFiles/robot_localization__rosidl_generator_c.dir/rosidl_generator_c/robot_localization/srv/detail/set_datum__functions.c.o[0m
[ 11%] [32mBuilding C object CMakeFiles/robot_localization__rosidl_generator_c.dir/rosidl_generator_c/robot_localization/srv/detail/set_datum__type_support.c.o[0m
[ 12%] [32mBuilding C object CMakeFiles/robot_localization__rosidl_generator_c.dir/rosidl_generator_c/robot_localization/srv/detail/set_pose__description.c.o[0m
[ 13%] [32mBuilding C object CMakeFiles/robot_localization__rosidl_generator_c.dir/rosidl_generator_c/robot_localization/srv/detail/set_pose__functions.c.o[0m
[ 13%] [32mBuilding C object CMakeFiles/robot_localization__rosidl_generator_c.dir/rosidl_generator_c/robot_localization/srv/detail/set_pose__type_support.c.o[0m
[ 14%] [32mBuilding C object CMakeFiles/robot_localization__rosidl_generator_c.dir/rosidl_generator_c/robot_localization/srv/detail/set_utm_zone__description.c.o[0m
[ 15%] [32mBuilding C object CMakeFiles/robot_localization__rosidl_generator_c.dir/rosidl_generator_c/robot_localization/srv/detail/set_utm_zone__functions.c.o[0m
[ 15%] [32mBuilding C object CMakeFiles/robot_localization__rosidl_generator_c.dir/rosidl_generator_c/robot_localization/srv/detail/set_utm_zone__type_support.c.o[0m
[ 16%] [32mBuilding C object CMakeFiles/robot_localization__rosidl_generator_c.dir/rosidl_generator_c/robot_localization/srv/detail/toggle_filter_processing__description.c.o[0m
[ 17%] [32mBuilding C object CMakeFiles/robot_localization__rosidl_generator_c.dir/rosidl_generator_c/robot_localization/srv/detail/toggle_filter_processing__functions.c.o[0m
[ 18%] [32mBuilding C object CMakeFiles/robot_localization__rosidl_generator_c.dir/rosidl_generator_c/robot_localization/srv/detail/toggle_filter_processing__type_support.c.o[0m
[ 18%] [32mBuilding C object CMakeFiles/robot_localization__rosidl_generator_c.dir/rosidl_generator_c/robot_localization/srv/detail/to_ll__description.c.o[0m
[ 19%] [32mBuilding C object CMakeFiles/robot_localization__rosidl_generator_c.dir/rosidl_generator_c/robot_localization/srv/detail/to_ll__functions.c.o[0m
[ 20%] [32mBuilding C object CMakeFiles/robot_localization__rosidl_generator_c.dir/rosidl_generator_c/robot_localization/srv/detail/to_ll__type_support.c.o[0m
[ 21%] [32m[1mLinking C shared library librobot_localization__rosidl_generator_c.so[0m
[ 21%] Built target robot_localization__rosidl_generator_c
[ 24%] [34m[1mGenerating C++ type support dispatch for ROS interfaces[0m
[ 24%] [34m[1mGenerating C++ type support for eProsima Fast-RTPS[0m
[ 24%] [34m[1mGenerating C type support for eProsima Fast-RTPS[0m
[ 25%] [32mBuilding CXX object CMakeFiles/robot_localization__rosidl_typesupport_cpp.dir/rosidl_typesupport_cpp/robot_localization/srv/from_ll__type_support.cpp.o[0m
[ 25%] [32mBuilding CXX object CMakeFiles/robot_localization__rosidl_typesupport_fastrtps_c.dir/rosidl_typesupport_fastrtps_c/robot_localization/srv/detail/from_ll__type_support_c.cpp.o[0m
[ 25%] [32mBuilding CXX object CMakeFiles/robot_localization__rosidl_typesupport_fastrtps_cpp.dir/rosidl_typesupport_fastrtps_cpp/robot_localization/srv/detail/dds_fastrtps/from_ll__type_support.cpp.o[0m
[ 26%] [32mBuilding CXX object CMakeFiles/robot_localization__rosidl_typesupport_cpp.dir/rosidl_typesupport_cpp/robot_localization/srv/get_state__type_support.cpp.o[0m
[ 27%] [32mBuilding CXX object CMakeFiles/robot_localization__rosidl_typesupport_fastrtps_c.dir/rosidl_typesupport_fastrtps_c/robot_localization/srv/detail/get_state__type_support_c.cpp.o[0m
[ 28%] [32mBuilding CXX object CMakeFiles/robot_localization__rosidl_typesupport_fastrtps_cpp.dir/rosidl_typesupport_fastrtps_cpp/robot_localization/srv/detail/dds_fastrtps/get_state__type_support.cpp.o[0m
[ 28%] [32mBuilding CXX object CMakeFiles/robot_localization__rosidl_typesupport_cpp.dir/rosidl_typesupport_cpp/robot_localization/srv/set_datum__type_support.cpp.o[0m
[ 29%] [32mBuilding CXX object CMakeFiles/robot_localization__rosidl_typesupport_fastrtps_c.dir/rosidl_typesupport_fastrtps_c/robot_localization/srv/detail/set_datum__type_support_c.cpp.o[0m
[ 30%] [32mBuilding CXX object CMakeFiles/robot_localization__rosidl_typesupport_cpp.dir/rosidl_typesupport_cpp/robot_localization/srv/set_pose__type_support.cpp.o[0m
[ 31%] [32mBuilding CXX object CMakeFiles/robot_localization__rosidl_typesupport_fastrtps_c.dir/rosidl_typesupport_fastrtps_c/robot_localization/srv/detail/set_pose__type_support_c.cpp.o[0m
[ 32%] [32mBuilding CXX object CMakeFiles/robot_localization__rosidl_typesupport_fastrtps_cpp.dir/rosidl_typesupport_fastrtps_cpp/robot_localization/srv/detail/dds_fastrtps/set_datum__type_support.cpp.o[0m
[ 33%] [32mBuilding CXX object CMakeFiles/robot_localization__rosidl_typesupport_cpp.dir/rosidl_typesupport_cpp/robot_localization/srv/set_utm_zone__type_support.cpp.o[0m
[ 33%] [32mBuilding CXX object CMakeFiles/robot_localization__rosidl_typesupport_fastrtps_c.dir/rosidl_typesupport_fastrtps_c/robot_localization/srv/detail/set_utm_zone__type_support_c.cpp.o[0m
[ 33%] [32mBuilding CXX object CMakeFiles/robot_localization__rosidl_typesupport_cpp.dir/rosidl_typesupport_cpp/robot_localization/srv/toggle_filter_processing__type_support.cpp.o[0m
[ 34%] [32mBuilding CXX object CMakeFiles/robot_localization__rosidl_typesupport_fastrtps_cpp.dir/rosidl_typesupport_fastrtps_cpp/robot_localization/srv/detail/dds_fastrtps/set_pose__type_support.cpp.o[0m
[ 35%] [32mBuilding CXX object CMakeFiles/robot_localization__rosidl_typesupport_fastrtps_c.dir/rosidl_typesupport_fastrtps_c/robot_localization/srv/detail/toggle_filter_processing__type_support_c.cpp.o[0m
[ 36%] [32mBuilding CXX object CMakeFiles/robot_localization__rosidl_typesupport_cpp.dir/rosidl_typesupport_cpp/robot_localization/srv/to_ll__type_support.cpp.o[0m
[ 37%] [32mBuilding CXX object CMakeFiles/robot_localization__rosidl_typesupport_fastrtps_c.dir/rosidl_typesupport_fastrtps_c/robot_localization/srv/detail/to_ll__type_support_c.cpp.o[0m
[ 38%] [32m[1mLinking CXX shared library librobot_localization__rosidl_typesupport_cpp.so[0m
[ 38%] [32mBuilding CXX object CMakeFiles/robot_localization__rosidl_typesupport_fastrtps_cpp.dir/rosidl_typesupport_fastrtps_cpp/robot_localization/srv/detail/dds_fastrtps/set_utm_zone__type_support.cpp.o[0m
[ 38%] Built target robot_localization__rosidl_typesupport_cpp
[ 38%] [34m[1mGenerating C introspection for ROS interfaces[0m
[ 39%] [32m[1mLinking CXX shared library librobot_localization__rosidl_typesupport_fastrtps_c.so[0m
[ 39%] Built target robot_localization__rosidl_typesupport_fastrtps_c
[ 40%] [34m[1mGenerating C type support dispatch for ROS interfaces[0m
[ 41%] [32mBuilding CXX object CMakeFiles/robot_localization__rosidl_typesupport_c.dir/rosidl_typesupport_c/robot_localization/srv/from_ll__type_support.cpp.o[0m
[ 42%] [32mBuilding C object CMakeFiles/robot_localization__rosidl_typesupport_introspection_c.dir/rosidl_typesupport_introspection_c/robot_localization/srv/detail/from_ll__type_support.c.o[0m
[ 43%] [32mBuilding CXX object CMakeFiles/robot_localization__rosidl_typesupport_fastrtps_cpp.dir/rosidl_typesupport_fastrtps_cpp/robot_localization/srv/detail/dds_fastrtps/toggle_filter_processing__type_support.cpp.o[0m
[ 43%] [32mBuilding CXX object CMakeFiles/robot_localization__rosidl_typesupport_c.dir/rosidl_typesupport_c/robot_localization/srv/get_state__type_support.cpp.o[0m
[ 44%] [32mBuilding C object CMakeFiles/robot_localization__rosidl_typesupport_introspection_c.dir/rosidl_typesupport_introspection_c/robot_localization/srv/detail/get_state__type_support.c.o[0m
[ 45%] [32mBuilding CXX object CMakeFiles/robot_localization__rosidl_typesupport_c.dir/rosidl_typesupport_c/robot_localization/srv/set_datum__type_support.cpp.o[0m
[ 46%] [32mBuilding CXX object CMakeFiles/robot_localization__rosidl_typesupport_c.dir/rosidl_typesupport_c/robot_localization/srv/set_pose__type_support.cpp.o[0m
[ 47%] [32mBuilding C object CMakeFiles/robot_localization__rosidl_typesupport_introspection_c.dir/rosidl_typesupport_introspection_c/robot_localization/srv/detail/set_datum__type_support.c.o[0m
[ 48%] [32mBuilding CXX object CMakeFiles/robot_localization__rosidl_typesupport_c.dir/rosidl_typesupport_c/robot_localization/srv/set_utm_zone__type_support.cpp.o[0m
[ 48%] [32mBuilding C object CMakeFiles/robot_localization__rosidl_typesupport_introspection_c.dir/rosidl_typesupport_introspection_c/robot_localization/srv/detail/set_pose__type_support.c.o[0m
[ 48%] [32mBuilding CXX object CMakeFiles/robot_localization__rosidl_typesupport_c.dir/rosidl_typesupport_c/robot_localization/srv/toggle_filter_processing__type_support.cpp.o[0m
[ 49%] [32mBuilding CXX object CMakeFiles/robot_localization__rosidl_typesupport_c.dir/rosidl_typesupport_c/robot_localization/srv/to_ll__type_support.cpp.o[0m
[ 50%] [32mBuilding C object CMakeFiles/robot_localization__rosidl_typesupport_introspection_c.dir/rosidl_typesupport_introspection_c/robot_localization/srv/detail/set_utm_zone__type_support.c.o[0m
[ 51%] [32m[1mLinking CXX shared library librobot_localization__rosidl_typesupport_c.so[0m
[ 52%] [32mBuilding C object CMakeFiles/robot_localization__rosidl_typesupport_introspection_c.dir/rosidl_typesupport_introspection_c/robot_localization/srv/detail/toggle_filter_processing__type_support.c.o[0m
[ 52%] Built target robot_localization__rosidl_typesupport_c
[ 53%] [32mBuilding C object CMakeFiles/robot_localization__rosidl_typesupport_introspection_c.dir/rosidl_typesupport_introspection_c/robot_localization/srv/detail/to_ll__type_support.c.o[0m
[ 54%] [32mBuilding CXX object CMakeFiles/robot_localization__rosidl_typesupport_fastrtps_cpp.dir/rosidl_typesupport_fastrtps_cpp/robot_localization/srv/detail/dds_fastrtps/to_ll__type_support.cpp.o[0m
[ 54%] [32m[1mLinking C shared library librobot_localization__rosidl_typesupport_introspection_c.so[0m
[ 54%] Built target robot_localization__rosidl_typesupport_introspection_c
[ 54%] [34m[1mGenerating C++ introspection for ROS interfaces[0m
[ 55%] [32mBuilding CXX object CMakeFiles/rl_lib.dir/src/ekf.cpp.o[0m
[ 56%] [32mBuilding CXX object CMakeFiles/robot_localization__rosidl_typesupport_introspection_cpp.dir/rosidl_typesupport_introspection_cpp/robot_localization/srv/detail/from_ll__type_support.cpp.o[0m
[ 57%] [32m[1mLinking CXX shared library librobot_localization__rosidl_typesupport_fastrtps_cpp.so[0m
[ 57%] Built target robot_localization__rosidl_typesupport_fastrtps_cpp
[ 57%] [32mBuilding CXX object CMakeFiles/rl_lib.dir/src/ukf.cpp.o[0m
[ 58%] [32mBuilding CXX object CMakeFiles/robot_localization__rosidl_typesupport_introspection_cpp.dir/rosidl_typesupport_introspection_cpp/robot_localization/srv/detail/get_state__type_support.cpp.o[0m
[ 59%] [32m[1mLinking CXX static library libgtest.a[0m
[ 59%] Built target gtest
[ 60%] [32mBuilding CXX object CMakeFiles/rl_lib.dir/src/filter_base.cpp.o[0m
[ 61%] [32mBuilding CXX object CMakeFiles/robot_localization__rosidl_typesupport_introspection_cpp.dir/rosidl_typesupport_introspection_cpp/robot_localization/srv/detail/set_datum__type_support.cpp.o[0m
[ 61%] [32mBuilding CXX object CMakeFiles/robot_localization__rosidl_typesupport_introspection_cpp.dir/rosidl_typesupport_introspection_cpp/robot_localization/srv/detail/set_pose__type_support.cpp.o[0m
[ 62%] [32mBuilding CXX object CMakeFiles/robot_localization__rosidl_typesupport_introspection_cpp.dir/rosidl_typesupport_introspection_cpp/robot_localization/srv/detail/set_utm_zone__type_support.cpp.o[0m
[ 63%] [32mBuilding CXX object CMakeFiles/robot_localization__rosidl_typesupport_introspection_cpp.dir/rosidl_typesupport_introspection_cpp/robot_localization/srv/detail/toggle_filter_processing__type_support.cpp.o[0m
[ 64%] [32mBuilding CXX object CMakeFiles/robot_localization__rosidl_typesupport_introspection_cpp.dir/rosidl_typesupport_introspection_cpp/robot_localization/srv/detail/to_ll__type_support.cpp.o[0m
[ 64%] [32m[1mLinking CXX shared library librobot_localization__rosidl_typesupport_introspection_cpp.so[0m
[ 64%] Built target robot_localization__rosidl_typesupport_introspection_cpp
[ 65%] [32mBuilding CXX object CMakeFiles/rl_lib.dir/src/filter_utilities.cpp.o[0m
[ 65%] Built target robot_localization
[ 66%] [32mBuilding CXX object CMakeFiles/rl_lib.dir/src/navsat_transform.cpp.o[0m
[ 66%] [32mBuilding CXX object CMakeFiles/rl_lib.dir/src/robot_localization_estimator.cpp.o[0m
[ 67%] [32mBuilding CXX object CMakeFiles/rl_lib.dir/src/ros_filter.cpp.o[0m
[ 68%] [32mBuilding CXX object CMakeFiles/rl_lib.dir/src/ros_filter_utilities.cpp.o[0m
[ 68%] [32mBuilding CXX object CMakeFiles/rl_lib.dir/src/ros_robot_localization_listener.cpp.o[0m
[ 69%] [34m[1mGenerating Python code for ROS interfaces[0m
[ 69%] Built target robot_localization__py
[ 69%] [32mBuilding C object CMakeFiles/robot_localization__rosidl_generator_py.dir/rosidl_generator_py/robot_localization/srv/_from_ll_s.c.o[0m
[ 70%] [32mBuilding C object CMakeFiles/robot_localization__rosidl_generator_py.dir/rosidl_generator_py/robot_localization/srv/_get_state_s.c.o[0m
[ 71%] [32mBuilding C object CMakeFiles/robot_localization__rosidl_generator_py.dir/rosidl_generator_py/robot_localization/srv/_set_datum_s.c.o[0m
[ 72%] [32mBuilding C object CMakeFiles/robot_localization__rosidl_generator_py.dir/rosidl_generator_py/robot_localization/srv/_set_pose_s.c.o[0m
[ 72%] [32mBuilding C object CMakeFiles/robot_localization__rosidl_generator_py.dir/rosidl_generator_py/robot_localization/srv/_set_utm_zone_s.c.o[0m
[ 73%] [32mBuilding C object CMakeFiles/robot_localization__rosidl_generator_py.dir/rosidl_generator_py/robot_localization/srv/_toggle_filter_processing_s.c.o[0m
[ 74%] [32mBuilding C object CMakeFiles/robot_localization__rosidl_generator_py.dir/rosidl_generator_py/robot_localization/srv/_to_ll_s.c.o[0m
[ 74%] [32m[1mLinking C shared library rosidl_generator_py/robot_localization/librobot_localization__rosidl_generator_py.so[0m
[ 74%] Built target robot_localization__rosidl_generator_py
[ 75%] [32mBuilding C object CMakeFiles/robot_localization__rosidl_typesupport_introspection_c__pyext.dir/rosidl_generator_py/robot_localization/_robot_localization_s.ep.rosidl_typesupport_introspection_c.c.o[0m
[ 76%] [32m[1mLinking C shared library rosidl_generator_py/robot_localization/robot_localization_s__rosidl_typesupport_introspection_c.cpython-311-aarch64-linux-gnu.so[0m
[ 76%] Built target robot_localization__rosidl_typesupport_introspection_c__pyext
[ 76%] [32mBuilding C object CMakeFiles/robot_localization__rosidl_typesupport_fastrtps_c__pyext.dir/rosidl_generator_py/robot_localization/_robot_localization_s.ep.rosidl_typesupport_fastrtps_c.c.o[0m
[ 77%] [32m[1mLinking C shared library rosidl_generator_py/robot_localization/robot_localization_s__rosidl_typesupport_fastrtps_c.cpython-311-aarch64-linux-gnu.so[0m
[ 77%] Built target robot_localization__rosidl_typesupport_fastrtps_c__pyext
[ 78%] [32mBuilding C object CMakeFiles/robot_localization__rosidl_typesupport_c__pyext.dir/rosidl_generator_py/robot_localization/_robot_localization_s.ep.rosidl_typesupport_c.c.o[0m
[ 78%] [32m[1mLinking C shared library rosidl_generator_py/robot_localization/robot_localization_s__rosidl_typesupport_c.cpython-311-aarch64-linux-gnu.so[0m
[ 78%] Built target robot_localization__rosidl_typesupport_c__pyext
[ 79%] [32m[1mLinking CXX shared library librl_lib.so[0m
[ 79%] Built target rl_lib
[ 80%] [32mBuilding CXX object CMakeFiles/ekf_node.dir/src/ekf_node.cpp.o[0m
[ 80%] [32mBuilding CXX object CMakeFiles/ukf_node.dir/src/ukf_node.cpp.o[0m
[ 81%] [32mBuilding CXX object CMakeFiles/robot_localization_listener_node.dir/src/robot_localization_listener_node.cpp.o[0m
[ 82%] [32mBuilding CXX object CMakeFiles/navsat_transform_node.dir/src/navsat_transform_node.cpp.o[0m
[ 83%] [32m[1mLinking CXX executable navsat_transform_node[0m
[ 84%] [32m[1mLinking CXX executable ekf_node[0m
[ 85%] [32m[1mLinking CXX executable ukf_node[0m
[ 85%] Built target navsat_transform_node
[ 86%] [32mBuilding CXX object CMakeFiles/filter_base-test.dir/test/test_filter_base.cpp.o[0m
[ 86%] Built target ekf_node
[ 87%] [32mBuilding CXX object CMakeFiles/test_ekf.dir/test/test_ekf.cpp.o[0m
[ 87%] Built target ukf_node
[ 88%] [32mBuilding CXX object CMakeFiles/test_ekf_node_interfaces.dir/test/test_se_node_interfaces.cpp.o[0m
[ 89%] [32m[1mLinking CXX executable robot_localization_listener_node[0m
[ 89%] Built target robot_localization_listener_node
[ 90%] [32mBuilding CXX object CMakeFiles/test_ukf.dir/test/test_ukf.cpp.o[0m
[ 90%] [32m[1mLinking CXX executable filter_base-test[0m
[ 90%] Built target filter_base-test
[ 90%] [32mBuilding CXX object CMakeFiles/test_ukf_node_interfaces.dir/test/test_se_node_interfaces.cpp.o[0m
[ 90%] [32m[1mLinking CXX executable test_ekf[0m
[ 91%] [32m[1mLinking CXX executable test_ukf[0m
[ 91%] Built target test_ekf
[ 91%] [32mBuilding CXX object CMakeFiles/test_robot_localization_estimator.dir/test/test_robot_localization_estimator.cpp.o[0m
[ 91%] Built target test_ukf
[ 92%] [32mBuilding CXX object CMakeFiles/test_navsat_conversions.dir/test/test_navsat_conversions.cpp.o[0m
[ 93%] [32m[1mLinking CXX executable test_navsat_conversions[0m
[ 93%] Built target test_navsat_conversions
[ 94%] [32mBuilding CXX object CMakeFiles/test_ros_robot_localization_listener.dir/test/test_ros_robot_localization_listener.cpp.o[0m
[ 95%] [32m[1mLinking CXX executable test_robot_localization_estimator[0m
[ 95%] Built target test_robot_localization_estimator
[ 95%] [32mBuilding CXX object CMakeFiles/test_ros_robot_localization_listener_publisher.dir/test/test_ros_robot_localization_listener_publisher.cpp.o[0m
[ 96%] [32m[1mLinking CXX executable test_ros_robot_localization_listener[0m
[ 97%] [32m[1mLinking CXX executable test_ekf_node_interfaces[0m
[ 97%] Built target test_ros_robot_localization_listener
[ 97%] [32mBuilding CXX object CMakeFiles/test_filter_base_diagnostics_timestamps.dir/test/test_filter_base_diagnostics_timestamps.cpp.o[0m
[ 97%] Built target test_ekf_node_interfaces
[ 98%] [32m[1mLinking CXX executable test_ros_robot_localization_listener_publisher[0m
[ 99%] [32m[1mLinking CXX executable test_ukf_node_interfaces[0m
[ 99%] Built target test_ros_robot_localization_listener_publisher
[ 99%] Built target test_ukf_node_interfaces
[100%] [32m[1mLinking CXX executable test_filter_base_diagnostics_timestamps[0m
[100%] Built target test_filter_base_diagnostics_timestamps
-- Install configuration: "RelWithDebInfo"
-- Execute custom install script
-- Symlinking: /home/pi/wow_ws/install/robot_localization/share/ament_index/resource_index/rosidl_interfaces/robot_localization
-- Symlinking: /home/pi/wow_ws/install/robot_localization/share/robot_localization/srv/FromLL.json
-- Symlinking: /home/pi/wow_ws/install/robot_localization/share/robot_localization/srv/GetState.json
-- Symlinking: /home/pi/wow_ws/install/robot_localization/share/robot_localization/srv/SetDatum.json
-- Symlinking: /home/pi/wow_ws/install/robot_localization/share/robot_localization/srv/SetPose.json
-- Symlinking: /home/pi/wow_ws/install/robot_localization/share/robot_localization/srv/SetUTMZone.json
-- Symlinking: /home/pi/wow_ws/install/robot_localization/share/robot_localization/srv/ToggleFilterProcessing.json
-- Symlinking: /home/pi/wow_ws/install/robot_localization/share/robot_localization/srv/ToLL.json
-- Symlinking: /home/pi/wow_ws/install/robot_localization/include/robot_localization/robot_localization/msg/rosidl_generator_c__visibility_control.h
-- Symlinking: /home/pi/wow_ws/install/robot_localization/include/robot_localization/robot_localization/srv/detail/from_ll__functions.h
-- Symlinking: /home/pi/wow_ws/install/robot_localization/include/robot_localization/robot_localization/srv/detail/from_ll__struct.h
-- Symlinking: /home/pi/wow_ws/install/robot_localization/include/robot_localization/robot_localization/srv/detail/from_ll__type_support.h
-- Symlinking: /home/pi/wow_ws/install/robot_localization/include/robot_localization/robot_localization/srv/detail/get_state__functions.h
-- Symlinking: /home/pi/wow_ws/install/robot_localization/include/robot_localization/robot_localization/srv/detail/get_state__struct.h
-- Symlinking: /home/pi/wow_ws/install/robot_localization/include/robot_localization/robot_localization/srv/detail/get_state__type_support.h
-- Symlinking: /home/pi/wow_ws/install/robot_localization/include/robot_localization/robot_localization/srv/detail/set_datum__functions.h
-- Symlinking: /home/pi/wow_ws/install/robot_localization/include/robot_localization/robot_localization/srv/detail/set_datum__struct.h
-- Symlinking: /home/pi/wow_ws/install/robot_localization/include/robot_localization/robot_localization/srv/detail/set_datum__type_support.h
-- Symlinking: /home/pi/wow_ws/install/robot_localization/include/robot_localization/robot_localization/srv/detail/set_pose__functions.h
-- Symlinking: /home/pi/wow_ws/install/robot_localization/include/robot_localization/robot_localization/srv/detail/set_pose__struct.h
-- Symlinking: /home/pi/wow_ws/install/robot_localization/include/robot_localization/robot_localization/srv/detail/set_pose__type_support.h
-- Symlinking: /home/pi/wow_ws/install/robot_localization/include/robot_localization/robot_localization/srv/detail/set_utm_zone__functions.h
-- Symlinking: /home/pi/wow_ws/install/robot_localization/include/robot_localization/robot_localization/srv/detail/set_utm_zone__struct.h
-- Symlinking: /home/pi/wow_ws/install/robot_localization/include/robot_localization/robot_localization/srv/detail/set_utm_zone__type_support.h
-- Symlinking: /home/pi/wow_ws/install/robot_localization/include/robot_localization/robot_localization/srv/detail/to_ll__functions.h
-- Symlinking: /home/pi/wow_ws/install/robot_localization/include/robot_localization/robot_localization/srv/detail/to_ll__struct.h
-- Symlinking: /home/pi/wow_ws/install/robot_localization/include/robot_localization/robot_localization/srv/detail/to_ll__type_support.h
-- Symlinking: /home/pi/wow_ws/install/robot_localization/include/robot_localization/robot_localization/srv/detail/toggle_filter_processing__functions.h
-- Symlinking: /home/pi/wow_ws/install/robot_localization/include/robot_localization/robot_localization/srv/detail/toggle_filter_processing__struct.h
-- Symlinking: /home/pi/wow_ws/install/robot_localization/include/robot_localization/robot_localization/srv/detail/toggle_filter_processing__type_support.h
-- Symlinking: /home/pi/wow_ws/install/robot_localization/include/robot_localization/robot_localization/srv/from_ll.h
-- Symlinking: /home/pi/wow_ws/install/robot_localization/include/robot_localization/robot_localization/srv/get_state.h
-- Symlinking: /home/pi/wow_ws/install/robot_localization/include/robot_localization/robot_localization/srv/set_datum.h
-- Symlinking: /home/pi/wow_ws/install/robot_localization/include/robot_localization/robot_localization/srv/set_pose.h
-- Symlinking: /home/pi/wow_ws/install/robot_localization/include/robot_localization/robot_localization/srv/set_utm_zone.h
-- Symlinking: /home/pi/wow_ws/install/robot_localization/include/robot_localization/robot_localization/srv/to_ll.h
-- Symlinking: /home/pi/wow_ws/install/robot_localization/include/robot_localization/robot_localization/srv/toggle_filter_processing.h
-- Symlinking: /home/pi/wow_ws/install/robot_localization/share/robot_localization/environment/library_path.sh
-- Symlinking: /home/pi/wow_ws/install/robot_localization/share/robot_localization/environment/library_path.dsv
-- Symlinking: /home/pi/wow_ws/install/robot_localization/include/robot_localization/robot_localization/msg/rosidl_typesupport_fastrtps_c__visibility_control.h
-- Symlinking: /home/pi/wow_ws/install/robot_localization/include/robot_localization/robot_localization/srv/detail/from_ll__rosidl_typesupport_fastrtps_c.h
-- Symlinking: /home/pi/wow_ws/install/robot_localization/include/robot_localization/robot_localization/srv/detail/get_state__rosidl_typesupport_fastrtps_c.h
-- Symlinking: /home/pi/wow_ws/install/robot_localization/include/robot_localization/robot_localization/srv/detail/set_datum__rosidl_typesupport_fastrtps_c.h
-- Symlinking: /home/pi/wow_ws/install/robot_localization/include/robot_localization/robot_localization/srv/detail/set_pose__rosidl_typesupport_fastrtps_c.h
-- Symlinking: /home/pi/wow_ws/install/robot_localization/include/robot_localization/robot_localization/srv/detail/set_utm_zone__rosidl_typesupport_fastrtps_c.h
-- Symlinking: /home/pi/wow_ws/install/robot_localization/include/robot_localization/robot_localization/srv/detail/to_ll__rosidl_typesupport_fastrtps_c.h
-- Symlinking: /home/pi/wow_ws/install/robot_localization/include/robot_localization/robot_localization/srv/detail/toggle_filter_processing__rosidl_typesupport_fastrtps_c.h
-- Symlinking: /home/pi/wow_ws/install/robot_localization/include/robot_localization/robot_localization/srv/detail/from_ll__builder.hpp
-- Symlinking: /home/pi/wow_ws/install/robot_localization/include/robot_localization/robot_localization/srv/detail/from_ll__struct.hpp
-- Symlinking: /home/pi/wow_ws/install/robot_localization/include/robot_localization/robot_localization/srv/detail/from_ll__traits.hpp
-- Symlinking: /home/pi/wow_ws/install/robot_localization/include/robot_localization/robot_localization/srv/detail/get_state__builder.hpp
-- Symlinking: /home/pi/wow_ws/install/robot_localization/include/robot_localization/robot_localization/srv/detail/get_state__struct.hpp
-- Symlinking: /home/pi/wow_ws/install/robot_localization/include/robot_localization/robot_localization/srv/detail/get_state__traits.hpp
-- Symlinking: /home/pi/wow_ws/install/robot_localization/include/robot_localization/robot_localization/srv/detail/set_datum__builder.hpp
-- Symlinking: /home/pi/wow_ws/install/robot_localization/include/robot_localization/robot_localization/srv/detail/set_datum__struct.hpp
-- Symlinking: /home/pi/wow_ws/install/robot_localization/include/robot_localization/robot_localization/srv/detail/set_datum__traits.hpp
-- Symlinking: /home/pi/wow_ws/install/robot_localization/include/robot_localization/robot_localization/srv/detail/set_pose__builder.hpp
-- Symlinking: /home/pi/wow_ws/install/robot_localization/include/robot_localization/robot_localization/srv/detail/set_pose__struct.hpp
-- Symlinking: /home/pi/wow_ws/install/robot_localization/include/robot_localization/robot_localization/srv/detail/set_pose__traits.hpp
-- Symlinking: /home/pi/wow_ws/install/robot_localization/include/robot_localization/robot_localization/srv/detail/set_utm_zone__builder.hpp
-- Symlinking: /home/pi/wow_ws/install/robot_localization/include/robot_localization/robot_localization/srv/detail/set_utm_zone__struct.hpp
-- Symlinking: /home/pi/wow_ws/install/robot_localization/include/robot_localization/robot_localization/srv/detail/set_utm_zone__traits.hpp
-- Symlinking: /home/pi/wow_ws/install/robot_localization/include/robot_localization/robot_localization/srv/detail/to_ll__builder.hpp
-- Symlinking: /home/pi/wow_ws/install/robot_localization/include/robot_localization/robot_localization/srv/detail/to_ll__struct.hpp
-- Symlinking: /home/pi/wow_ws/install/robot_localization/include/robot_localization/robot_localization/srv/detail/to_ll__traits.hpp
-- Symlinking: /home/pi/wow_ws/install/robot_localization/include/robot_localization/robot_localization/srv/detail/toggle_filter_processing__builder.hpp
-- Symlinking: /home/pi/wow_ws/install/robot_localization/include/robot_localization/robot_localization/srv/detail/toggle_filter_processing__struct.hpp
-- Symlinking: /home/pi/wow_ws/install/robot_localization/include/robot_localization/robot_localization/srv/detail/toggle_filter_processing__traits.hpp
-- Symlinking: /home/pi/wow_ws/install/robot_localization/include/robot_localization/robot_localization/srv/from_ll.hpp
-- Symlinking: /home/pi/wow_ws/install/robot_localization/include/robot_localization/robot_localization/srv/get_state.hpp
-- Symlinking: /home/pi/wow_ws/install/robot_localization/include/robot_localization/robot_localization/srv/set_datum.hpp
-- Symlinking: /home/pi/wow_ws/install/robot_localization/include/robot_localization/robot_localization/srv/set_pose.hpp
-- Symlinking: /home/pi/wow_ws/install/robot_localization/include/robot_localization/robot_localization/srv/set_utm_zone.hpp
-- Symlinking: /home/pi/wow_ws/install/robot_localization/include/robot_localization/robot_localization/srv/to_ll.hpp
-- Symlinking: /home/pi/wow_ws/install/robot_localization/include/robot_localization/robot_localization/srv/toggle_filter_processing.hpp
-- Symlinking: /home/pi/wow_ws/install/robot_localization/include/robot_localization/robot_localization/msg/rosidl_typesupport_fastrtps_cpp__visibility_control.h
-- Symlinking: /home/pi/wow_ws/install/robot_localization/include/robot_localization/robot_localization/srv/detail/from_ll__rosidl_typesupport_fastrtps_cpp.hpp
-- Symlinking: /home/pi/wow_ws/install/robot_localization/include/robot_localization/robot_localization/srv/detail/get_state__rosidl_typesupport_fastrtps_cpp.hpp
-- Symlinking: /home/pi/wow_ws/install/robot_localization/include/robot_localization/robot_localization/srv/detail/set_datum__rosidl_typesupport_fastrtps_cpp.hpp
-- Symlinking: /home/pi/wow_ws/install/robot_localization/include/robot_localization/robot_localization/srv/detail/set_pose__rosidl_typesupport_fastrtps_cpp.hpp
-- Symlinking: /home/pi/wow_ws/install/robot_localization/include/robot_localization/robot_localization/srv/detail/set_utm_zone__rosidl_typesupport_fastrtps_cpp.hpp
-- Symlinking: /home/pi/wow_ws/install/robot_localization/include/robot_localization/robot_localization/srv/detail/to_ll__rosidl_typesupport_fastrtps_cpp.hpp
-- Symlinking: /home/pi/wow_ws/install/robot_localization/include/robot_localization/robot_localization/srv/detail/toggle_filter_processing__rosidl_typesupport_fastrtps_cpp.hpp
-- Symlinking: /home/pi/wow_ws/install/robot_localization/include/robot_localization/robot_localization/msg/rosidl_typesupport_introspection_c__visibility_control.h
-- Symlinking: /home/pi/wow_ws/install/robot_localization/include/robot_localization/robot_localization/srv/detail/from_ll__rosidl_typesupport_introspection_c.h
-- Symlinking: /home/pi/wow_ws/install/robot_localization/include/robot_localization/robot_localization/srv/detail/get_state__rosidl_typesupport_introspection_c.h
-- Symlinking: /home/pi/wow_ws/install/robot_localization/include/robot_localization/robot_localization/srv/detail/set_datum__rosidl_typesupport_introspection_c.h
-- Symlinking: /home/pi/wow_ws/install/robot_localization/include/robot_localization/robot_localization/srv/detail/set_pose__rosidl_typesupport_introspection_c.h
-- Symlinking: /home/pi/wow_ws/install/robot_localization/include/robot_localization/robot_localization/srv/detail/set_utm_zone__rosidl_typesupport_introspection_c.h
-- Symlinking: /home/pi/wow_ws/install/robot_localization/include/robot_localization/robot_localization/srv/detail/to_ll__rosidl_typesupport_introspection_c.h
-- Symlinking: /home/pi/wow_ws/install/robot_localization/include/robot_localization/robot_localization/srv/detail/toggle_filter_processing__rosidl_typesupport_introspection_c.h
-- Symlinking: /home/pi/wow_ws/install/robot_localization/include/robot_localization/robot_localization/srv/detail/from_ll__rosidl_typesupport_introspection_cpp.hpp
-- Symlinking: /home/pi/wow_ws/install/robot_localization/include/robot_localization/robot_localization/srv/detail/get_state__rosidl_typesupport_introspection_cpp.hpp
-- Symlinking: /home/pi/wow_ws/install/robot_localization/include/robot_localization/robot_localization/srv/detail/set_datum__rosidl_typesupport_introspection_cpp.hpp
-- Symlinking: /home/pi/wow_ws/install/robot_localization/include/robot_localization/robot_localization/srv/detail/set_pose__rosidl_typesupport_introspection_cpp.hpp
-- Symlinking: /home/pi/wow_ws/install/robot_localization/include/robot_localization/robot_localization/srv/detail/set_utm_zone__rosidl_typesupport_introspection_cpp.hpp
-- Symlinking: /home/pi/wow_ws/install/robot_localization/include/robot_localization/robot_localization/srv/detail/to_ll__rosidl_typesupport_introspection_cpp.hpp
-- Symlinking: /home/pi/wow_ws/install/robot_localization/include/robot_localization/robot_localization/srv/detail/toggle_filter_processing__rosidl_typesupport_introspection_cpp.hpp
-- Symlinking: /home/pi/wow_ws/install/robot_localization/share/robot_localization/environment/pythonpath.sh
-- Symlinking: /home/pi/wow_ws/install/robot_localization/share/robot_localization/environment/pythonpath.dsv
-- Symlinking: /home/pi/wow_ws/install/robot_localization/lib/python3.11/site-packages/robot_localization-3.9.0-py3.11.egg-info/PKG-INFO
-- Symlinking: /home/pi/wow_ws/install/robot_localization/lib/python3.11/site-packages/robot_localization-3.9.0-py3.11.egg-info/SOURCES.txt
-- Symlinking: /home/pi/wow_ws/install/robot_localization/lib/python3.11/site-packages/robot_localization-3.9.0-py3.11.egg-info/dependency_links.txt
-- Symlinking: /home/pi/wow_ws/install/robot_localization/lib/python3.11/site-packages/robot_localization-3.9.0-py3.11.egg-info/top_level.txt
-- Symlinking: /home/pi/wow_ws/install/robot_localization/lib/python3.11/site-packages/robot_localization/__init__.py
-- Symlinking: /home/pi/wow_ws/install/robot_localization/lib/python3.11/site-packages/robot_localization/_robot_localization_s.ep.rosidl_typesupport_c.c
-- Symlinking: /home/pi/wow_ws/install/robot_localization/lib/python3.11/site-packages/robot_localization/_robot_localization_s.ep.rosidl_typesupport_fastrtps_c.c
-- Symlinking: /home/pi/wow_ws/install/robot_localization/lib/python3.11/site-packages/robot_localization/_robot_localization_s.ep.rosidl_typesupport_introspection_c.c
-- Symlinking: /home/pi/wow_ws/install/robot_localization/lib/python3.11/site-packages/robot_localization/librobot_localization__rosidl_generator_py.so
-- Symlinking: /home/pi/wow_ws/install/robot_localization/lib/python3.11/site-packages/robot_localization/robot_localization_s__rosidl_typesupport_c.cpython-311-aarch64-linux-gnu.so
-- Symlinking: /home/pi/wow_ws/install/robot_localization/lib/python3.11/site-packages/robot_localization/robot_localization_s__rosidl_typesupport_fastrtps_c.cpython-311-aarch64-linux-gnu.so
-- Symlinking: /home/pi/wow_ws/install/robot_localization/lib/python3.11/site-packages/robot_localization/robot_localization_s__rosidl_typesupport_introspection_c.cpython-311-aarch64-linux-gnu.so
-- Symlinking: /home/pi/wow_ws/install/robot_localization/lib/python3.11/site-packages/robot_localization/srv/__init__.py
-- Symlinking: /home/pi/wow_ws/install/robot_localization/lib/python3.11/site-packages/robot_localization/srv/_from_ll.py
-- Symlinking: /home/pi/wow_ws/install/robot_localization/lib/python3.11/site-packages/robot_localization/srv/_from_ll_s.c
-- Symlinking: /home/pi/wow_ws/install/robot_localization/lib/python3.11/site-packages/robot_localization/srv/_get_state.py
-- Symlinking: /home/pi/wow_ws/install/robot_localization/lib/python3.11/site-packages/robot_localization/srv/_get_state_s.c
-- Symlinking: /home/pi/wow_ws/install/robot_localization/lib/python3.11/site-packages/robot_localization/srv/_set_datum.py
-- Symlinking: /home/pi/wow_ws/install/robot_localization/lib/python3.11/site-packages/robot_localization/srv/_set_datum_s.c
-- Symlinking: /home/pi/wow_ws/install/robot_localization/lib/python3.11/site-packages/robot_localization/srv/_set_pose.py
-- Symlinking: /home/pi/wow_ws/install/robot_localization/lib/python3.11/site-packages/robot_localization/srv/_set_pose_s.c
-- Symlinking: /home/pi/wow_ws/install/robot_localization/lib/python3.11/site-packages/robot_localization/srv/_set_utm_zone.py
-- Symlinking: /home/pi/wow_ws/install/robot_localization/lib/python3.11/site-packages/robot_localization/srv/_set_utm_zone_s.c
-- Symlinking: /home/pi/wow_ws/install/robot_localization/lib/python3.11/site-packages/robot_localization/srv/_to_ll.py
-- Symlinking: /home/pi/wow_ws/install/robot_localization/lib/python3.11/site-packages/robot_localization/srv/_to_ll_s.c
-- Symlinking: /home/pi/wow_ws/install/robot_localization/lib/python3.11/site-packages/robot_localization/srv/_toggle_filter_processing.py
-- Symlinking: /home/pi/wow_ws/install/robot_localization/lib/python3.11/site-packages/robot_localization/srv/_toggle_filter_processing_s.c
-- Up-to-date symlink: /home/pi/wow_ws/install/robot_localization/lib/python3.11/site-packages/robot_localization/robot_localization_s__rosidl_typesupport_introspection_c.cpython-311-aarch64-linux-gnu.so
-- Up-to-date symlink: /home/pi/wow_ws/install/robot_localization/lib/python3.11/site-packages/robot_localization/robot_localization_s__rosidl_typesupport_fastrtps_c.cpython-311-aarch64-linux-gnu.so
-- Up-to-date symlink: /home/pi/wow_ws/install/robot_localization/lib/python3.11/site-packages/robot_localization/robot_localization_s__rosidl_typesupport_c.cpython-311-aarch64-linux-gnu.so
-- Symlinking: /home/pi/wow_ws/install/robot_localization/share/robot_localization/srv/FromLL.idl
-- Symlinking: /home/pi/wow_ws/install/robot_localization/share/robot_localization/srv/GetState.idl
-- Symlinking: /home/pi/wow_ws/install/robot_localization/share/robot_localization/srv/SetDatum.idl
-- Symlinking: /home/pi/wow_ws/install/robot_localization/share/robot_localization/srv/SetPose.idl
-- Symlinking: /home/pi/wow_ws/install/robot_localization/share/robot_localization/srv/SetUTMZone.idl
-- Symlinking: /home/pi/wow_ws/install/robot_localization/share/robot_localization/srv/ToggleFilterProcessing.idl
-- Symlinking: /home/pi/wow_ws/install/robot_localization/share/robot_localization/srv/ToLL.idl
-- Symlinking: /home/pi/wow_ws/install/robot_localization/share/robot_localization/srv/FromLL.srv
-- Symlinking: /home/pi/wow_ws/install/robot_localization/share/robot_localization/srv/FromLL_Request.msg
-- Symlinking: /home/pi/wow_ws/install/robot_localization/share/robot_localization/srv/FromLL_Response.msg
-- Symlinking: /home/pi/wow_ws/install/robot_localization/share/robot_localization/srv/GetState.srv
-- Symlinking: /home/pi/wow_ws/install/robot_localization/share/robot_localization/srv/GetState_Request.msg
-- Symlinking: /home/pi/wow_ws/install/robot_localization/share/robot_localization/srv/GetState_Response.msg
-- Symlinking: /home/pi/wow_ws/install/robot_localization/share/robot_localization/srv/SetDatum.srv
-- Symlinking: /home/pi/wow_ws/install/robot_localization/share/robot_localization/srv/SetDatum_Request.msg
-- Symlinking: /home/pi/wow_ws/install/robot_localization/share/robot_localization/srv/SetDatum_Response.msg
-- Symlinking: /home/pi/wow_ws/install/robot_localization/share/robot_localization/srv/SetPose.srv
-- Symlinking: /home/pi/wow_ws/install/robot_localization/share/robot_localization/srv/SetPose_Request.msg
-- Symlinking: /home/pi/wow_ws/install/robot_localization/share/robot_localization/srv/SetPose_Response.msg
-- Symlinking: /home/pi/wow_ws/install/robot_localization/share/robot_localization/srv/SetUTMZone.srv
-- Symlinking: /home/pi/wow_ws/install/robot_localization/share/robot_localization/srv/SetUTMZone_Request.msg
-- Symlinking: /home/pi/wow_ws/install/robot_localization/share/robot_localization/srv/SetUTMZone_Response.msg
-- Symlinking: /home/pi/wow_ws/install/robot_localization/share/robot_localization/srv/ToggleFilterProcessing.srv
-- Symlinking: /home/pi/wow_ws/install/robot_localization/share/robot_localization/srv/ToggleFilterProcessing_Request.msg
-- Symlinking: /home/pi/wow_ws/install/robot_localization/share/robot_localization/srv/ToggleFilterProcessing_Response.msg
-- Symlinking: /home/pi/wow_ws/install/robot_localization/share/robot_localization/srv/ToLL.srv
-- Symlinking: /home/pi/wow_ws/install/robot_localization/share/robot_localization/srv/ToLL_Request.msg
-- Symlinking: /home/pi/wow_ws/install/robot_localization/share/robot_localization/srv/ToLL_Response.msg
-- Symlinking: /home/pi/wow_ws/install/robot_localization/lib/robot_localization/filter_base-test
-- Symlinking: /home/pi/wow_ws/install/robot_localization/lib/robot_localization/test_filter_base_diagnostics_timestamps
-- Symlinking: /home/pi/wow_ws/install/robot_localization/lib/robot_localization/test_ekf
-- Symlinking: /home/pi/wow_ws/install/robot_localization/lib/robot_localization/test_ekf_node_interfaces
-- Symlinking: /home/pi/wow_ws/install/robot_localization/lib/robot_localization/test_ukf
-- Symlinking: /home/pi/wow_ws/install/robot_localization/lib/robot_localization/test_ukf_node_interfaces
-- Symlinking: /home/pi/wow_ws/install/robot_localization/lib/robot_localization/test_robot_localization_estimator
-- Symlinking: /home/pi/wow_ws/install/robot_localization/lib/robot_localization/test_navsat_conversions
-- Symlinking: /home/pi/wow_ws/install/robot_localization/lib/robot_localization/test_ros_robot_localization_listener
-- Symlinking: /home/pi/wow_ws/install/robot_localization/lib/robot_localization/test_ros_robot_localization_listener_publisher
-- Symlinking: /home/pi/wow_ws/install/robot_localization/lib/robot_localization/navsat_transform_node
-- Symlinking: /home/pi/wow_ws/install/robot_localization/lib/robot_localization/ekf_node
-- Symlinking: /home/pi/wow_ws/install/robot_localization/lib/robot_localization/ukf_node
-- Symlinking: /home/pi/wow_ws/install/robot_localization/lib/robot_localization/robot_localization_listener_node
-- Symlinking: /home/pi/wow_ws/install/robot_localization/lib/librl_lib.so
-- Symlinking: /home/pi/wow_ws/install/robot_localization/share/ament_index/resource_index/package_run_dependencies/robot_localization
-- Symlinking: /home/pi/wow_ws/install/robot_localization/share/ament_index/resource_index/parent_prefix_path/robot_localization
-- Symlinking: /home/pi/wow_ws/install/robot_localization/share/robot_localization/environment/ament_prefix_path.sh
-- Symlinking: /home/pi/wow_ws/install/robot_localization/share/robot_localization/environment/ament_prefix_path.dsv
-- Symlinking: /home/pi/wow_ws/install/robot_localization/share/robot_localization/environment/path.sh
-- Symlinking: /home/pi/wow_ws/install/robot_localization/share/robot_localization/environment/path.dsv
-- Symlinking: /home/pi/wow_ws/install/robot_localization/share/robot_localization/local_setup.bash
-- Symlinking: /home/pi/wow_ws/install/robot_localization/share/robot_localization/local_setup.sh
-- Symlinking: /home/pi/wow_ws/install/robot_localization/share/robot_localization/local_setup.zsh
-- Symlinking: /home/pi/wow_ws/install/robot_localization/share/robot_localization/local_setup.dsv
-- Symlinking: /home/pi/wow_ws/install/robot_localization/share/robot_localization/package.dsv
-- Symlinking: /home/pi/wow_ws/install/robot_localization/share/ament_index/resource_index/packages/robot_localization
-- Symlinking: /home/pi/wow_ws/install/robot_localization/share/robot_localization/cmake/rosidl_cmake-extras.cmake
-- Symlinking: /home/pi/wow_ws/install/robot_localization/share/robot_localization/cmake/ament_cmake_export_dependencies-extras.cmake
-- Symlinking: /home/pi/wow_ws/install/robot_localization/share/robot_localization/cmake/ament_cmake_export_include_directories-extras.cmake
-- Symlinking: /home/pi/wow_ws/install/robot_localization/share/robot_localization/cmake/ament_cmake_export_libraries-extras.cmake
-- Symlinking: /home/pi/wow_ws/install/robot_localization/share/robot_localization/cmake/ament_cmake_export_targets-extras.cmake
-- Symlinking: /home/pi/wow_ws/install/robot_localization/share/robot_localization/cmake/rosidl_cmake_export_typesupport_targets-extras.cmake
-- Symlinking: /home/pi/wow_ws/install/robot_localization/share/robot_localization/cmake/rosidl_cmake_export_typesupport_libraries-extras.cmake
-- Symlinking: /home/pi/wow_ws/install/robot_localization/share/robot_localization/cmake/robot_localizationConfig.cmake
-- Symlinking: /home/pi/wow_ws/install/robot_localization/share/robot_localization/cmake/robot_localizationConfig-version.cmake
-- Symlinking: /home/pi/wow_ws/install/robot_localization/share/robot_localization/package.xml
-- Installing: /home/pi/wow_ws/install/robot_localization/lib/librobot_localization__rosidl_generator_c.so
-- Set runtime path of "/home/pi/wow_ws/install/robot_localization/lib/librobot_localization__rosidl_generator_c.so" to ""
-- Installing: /home/pi/wow_ws/install/robot_localization/lib/librobot_localization__rosidl_typesupport_fastrtps_c.so
-- Set runtime path of "/home/pi/wow_ws/install/robot_localization/lib/librobot_localization__rosidl_typesupport_fastrtps_c.so" to ""
-- Installing: /home/pi/wow_ws/install/robot_localization/lib/librobot_localization__rosidl_typesupport_fastrtps_cpp.so
-- Set runtime path of "/home/pi/wow_ws/install/robot_localization/lib/librobot_localization__rosidl_typesupport_fastrtps_cpp.so" to ""
-- Installing: /home/pi/wow_ws/install/robot_localization/lib/librobot_localization__rosidl_typesupport_introspection_c.so
-- Set runtime path of "/home/pi/wow_ws/install/robot_localization/lib/librobot_localization__rosidl_typesupport_introspection_c.so" to ""
-- Installing: /home/pi/wow_ws/install/robot_localization/lib/librobot_localization__rosidl_typesupport_c.so
-- Set runtime path of "/home/pi/wow_ws/install/robot_localization/lib/librobot_localization__rosidl_typesupport_c.so" to ""
-- Installing: /home/pi/wow_ws/install/robot_localization/lib/librobot_localization__rosidl_typesupport_introspection_cpp.so
-- Set runtime path of "/home/pi/wow_ws/install/robot_localization/lib/librobot_localization__rosidl_typesupport_introspection_cpp.so" to ""
-- Installing: /home/pi/wow_ws/install/robot_localization/lib/librobot_localization__rosidl_typesupport_cpp.so
-- Set runtime path of "/home/pi/wow_ws/install/robot_localization/lib/librobot_localization__rosidl_typesupport_cpp.so" to ""
Listing '/home/pi/wow_ws/install/robot_localization/lib/python3.11/site-packages/robot_localization'...
Compiling '/home/pi/wow_ws/install/robot_localization/lib/python3.11/site-packages/robot_localization/__init__.py'...
Listing '/home/pi/wow_ws/install/robot_localization/lib/python3.11/site-packages/robot_localization/srv'...
Compiling '/home/pi/wow_ws/install/robot_localization/lib/python3.11/site-packages/robot_localization/srv/__init__.py'...
Compiling '/home/pi/wow_ws/install/robot_localization/lib/python3.11/site-packages/robot_localization/srv/_from_ll.py'...
Compiling '/home/pi/wow_ws/install/robot_localization/lib/python3.11/site-packages/robot_localization/srv/_get_state.py'...
Compiling '/home/pi/wow_ws/install/robot_localization/lib/python3.11/site-packages/robot_localization/srv/_set_datum.py'...
Compiling '/home/pi/wow_ws/install/robot_localization/lib/python3.11/site-packages/robot_localization/srv/_set_pose.py'...
Compiling '/home/pi/wow_ws/install/robot_localization/lib/python3.11/site-packages/robot_localization/srv/_set_utm_zone.py'...
Compiling '/home/pi/wow_ws/install/robot_localization/lib/python3.11/site-packages/robot_localization/srv/_to_ll.py'...
Compiling '/home/pi/wow_ws/install/robot_localization/lib/python3.11/site-packages/robot_localization/srv/_toggle_filter_processing.py'...
-- Installing: /home/pi/wow_ws/install/robot_localization/lib/librobot_localization__rosidl_generator_py.so
-- Set runtime path of "/home/pi/wow_ws/install/robot_localization/lib/librobot_localization__rosidl_generator_py.so" to ""
-- Installing: /home/pi/wow_ws/install/robot_localization/share/robot_localization/test
-- Installing: /home/pi/wow_ws/install/robot_localization/share/robot_localization/test/test_ukf_localization_node_bag1.yaml
-- Installing: /home/pi/wow_ws/install/robot_localization/share/robot_localization/test/test_robot_localization_estimator.launch.py
-- Installing: /home/pi/wow_ws/install/robot_localization/share/robot_localization/test/test_ukf_localization_node_bag2.yaml
-- Installing: /home/pi/wow_ws/install/robot_localization/share/robot_localization/test/test_se_node_interfaces.launch.py
-- Installing: /home/pi/wow_ws/install/robot_localization/share/robot_localization/test/test_ukf_localization_node_bag2.sh
-- Installing: /home/pi/wow_ws/install/robot_localization/share/robot_localization/test/test_navsat_conversions.cpp
-- Installing: /home/pi/wow_ws/install/robot_localization/share/robot_localization/test/test3.bag
-- Installing: /home/pi/wow_ws/install/robot_localization/share/robot_localization/test/test_se_node_interfaces.cpp
-- Installing: /home/pi/wow_ws/install/robot_localization/share/robot_localization/test/test_ros_robot_localization_listener.cpp
-- Installing: /home/pi/wow_ws/install/robot_localization/share/robot_localization/test/test_ekf_localization_node_bag1.yaml
-- Installing: /home/pi/wow_ws/install/robot_localization/share/robot_localization/test/test_filter_base_diagnostics_timestamps.launch.py
-- Installing: /home/pi/wow_ws/install/robot_localization/share/robot_localization/test/test_ekf_localization_node_bag3.yaml
-- Installing: /home/pi/wow_ws/install/robot_localization/share/robot_localization/test/test2.bag
-- Installing: /home/pi/wow_ws/install/robot_localization/share/robot_localization/test/test_ros_robot_localization_listener_publisher.cpp
-- Installing: /home/pi/wow_ws/install/robot_localization/share/robot_localization/test/test_ekf.cpp
-- Installing: /home/pi/wow_ws/install/robot_localization/share/robot_localization/test/test_ukf_localization_node_bag1.sh
-- Installing: /home/pi/wow_ws/install/robot_localization/share/robot_localization/test/test_ukf_localization_node_bag3.sh
-- Installing: /home/pi/wow_ws/install/robot_localization/share/robot_localization/test/test_ukf_localization_node_bag3.yaml
-- Installing: /home/pi/wow_ws/install/robot_localization/share/robot_localization/test/test_se_node_interfaces.yaml
-- Installing: /home/pi/wow_ws/install/robot_localization/share/robot_localization/test/test_ros_robot_localization_listener.yaml
-- Installing: /home/pi/wow_ws/install/robot_localization/share/robot_localization/test/test_ukf_localization_node_bag2.launch.py
-- Installing: /home/pi/wow_ws/install/robot_localization/share/robot_localization/test/test_ekf_localization_node_bag3.sh
-- Installing: /home/pi/wow_ws/install/robot_localization/share/robot_localization/test/test_ekf_localization_node_bag2.sh
-- Installing: /home/pi/wow_ws/install/robot_localization/share/robot_localization/test/test_ekf_localization_node_bag2.launch.py
-- Installing: /home/pi/wow_ws/install/robot_localization/share/robot_localization/test/test_ekf_localization_node_bag2.yaml
-- Installing: /home/pi/wow_ws/install/robot_localization/share/robot_localization/test/test_ukf_localization_node_bag3.launch.py
-- Installing: /home/pi/wow_ws/install/robot_localization/share/robot_localization/test/test_localization_node_bag_pose_tester.cpp
-- Installing: /home/pi/wow_ws/install/robot_localization/share/robot_localization/test/test_ekf_localization_node_bag1.sh
-- Installing: /home/pi/wow_ws/install/robot_localization/share/robot_localization/test/test_ros_robot_localization_listener.launch.py
-- Installing: /home/pi/wow_ws/install/robot_localization/share/robot_localization/test/test_ekf_localization_node_bag3.launch.py
-- Installing: /home/pi/wow_ws/install/robot_localization/share/robot_localization/test/test_robot_localization_estimator.cpp
-- Installing: /home/pi/wow_ws/install/robot_localization/share/robot_localization/test/test_filter_base_diagnostics_timestamps.yaml
-- Installing: /home/pi/wow_ws/install/robot_localization/share/robot_localization/test/test_filter_base.cpp
-- Installing: /home/pi/wow_ws/install/robot_localization/share/robot_localization/test/test1.bag
-- Installing: /home/pi/wow_ws/install/robot_localization/share/robot_localization/test/test_ukf.cpp
-- Installing: /home/pi/wow_ws/install/robot_localization/share/robot_localization/test/test_ukf_localization_node_bag1.launch.py
-- Installing: /home/pi/wow_ws/install/robot_localization/share/robot_localization/test/test_ekf_localization_node_bag1.launch.py
-- Installing: /home/pi/wow_ws/install/robot_localization/share/robot_localization/test/test_filter_base_diagnostics_timestamps.cpp
-- Up-to-date: /home/pi/wow_ws/install/robot_localization/include/robot_localization
-- Up-to-date: /home/pi/wow_ws/install/robot_localization/include/robot_localization/robot_localization
-- Installing: /home/pi/wow_ws/install/robot_localization/include/robot_localization/robot_localization/ros_filter.hpp
-- Installing: /home/pi/wow_ws/install/robot_localization/include/robot_localization/robot_localization/navsat_transform.hpp
-- Installing: /home/pi/wow_ws/install/robot_localization/include/robot_localization/robot_localization/filter_utilities.hpp
-- Installing: /home/pi/wow_ws/install/robot_localization/include/robot_localization/robot_localization/filter_state.hpp
-- Installing: /home/pi/wow_ws/install/robot_localization/include/robot_localization/robot_localization/filter_base.hpp
-- Installing: /home/pi/wow_ws/install/robot_localization/include/robot_localization/robot_localization/ukf.hpp
-- Installing: /home/pi/wow_ws/install/robot_localization/include/robot_localization/robot_localization/robot_localization_estimator.hpp
-- Installing: /home/pi/wow_ws/install/robot_localization/include/robot_localization/robot_localization/ros_filter_types.hpp
-- Installing: /home/pi/wow_ws/install/robot_localization/include/robot_localization/robot_localization/filter_common.hpp
-- Installing: /home/pi/wow_ws/install/robot_localization/include/robot_localization/robot_localization/ros_robot_localization_listener.hpp
-- Installing: /home/pi/wow_ws/install/robot_localization/include/robot_localization/robot_localization/navsat_conversions.hpp
-- Installing: /home/pi/wow_ws/install/robot_localization/include/robot_localization/robot_localization/measurement.hpp
-- Installing: /home/pi/wow_ws/install/robot_localization/include/robot_localization/robot_localization/ros_filter_utilities.hpp
-- Installing: /home/pi/wow_ws/install/robot_localization/include/robot_localization/robot_localization/ekf.hpp
-- Installing: /home/pi/wow_ws/install/robot_localization/share/robot_localization/params
-- Installing: /home/pi/wow_ws/install/robot_localization/share/robot_localization/params/ekf.yaml
-- Installing: /home/pi/wow_ws/install/robot_localization/share/robot_localization/params/ukf.yaml
-- Installing: /home/pi/wow_ws/install/robot_localization/share/robot_localization/params/dual_ekf_navsat_example.yaml
-- Installing: /home/pi/wow_ws/install/robot_localization/share/robot_localization/params/navsat_transform.yaml
-- Installing: /home/pi/wow_ws/install/robot_localization/share/robot_localization/launch
-- Installing: /home/pi/wow_ws/install/robot_localization/share/robot_localization/launch/dual_ekf_navsat_example.launch.py
-- Installing: /home/pi/wow_ws/install/robot_localization/share/robot_localization/launch/ukf.launch.py
-- Installing: /home/pi/wow_ws/install/robot_localization/share/robot_localization/launch/ekf.launch.py
-- Installing: /home/pi/wow_ws/install/robot_localization/share/robot_localization/launch/navsat_transform.launch.py
-- Installing: /home/pi/wow_ws/install/robot_localization/share/robot_localization/cmake/export_robot_localization__rosidl_generator_cExport.cmake
-- Installing: /home/pi/wow_ws/install/robot_localization/share/robot_localization/cmake/export_robot_localization__rosidl_generator_cExport-relwithdebinfo.cmake
-- Installing: /home/pi/wow_ws/install/robot_localization/share/robot_localization/cmake/export_robot_localization__rosidl_typesupport_fastrtps_cExport.cmake
-- Installing: /home/pi/wow_ws/install/robot_localization/share/robot_localization/cmake/export_robot_localization__rosidl_typesupport_fastrtps_cExport-relwithdebinfo.cmake
-- Installing: /home/pi/wow_ws/install/robot_localization/share/robot_localization/cmake/export_robot_localization__rosidl_generator_cppExport.cmake
-- Installing: /home/pi/wow_ws/install/robot_localization/share/robot_localization/cmake/export_robot_localization__rosidl_typesupport_fastrtps_cppExport.cmake
-- Installing: /home/pi/wow_ws/install/robot_localization/share/robot_localization/cmake/export_robot_localization__rosidl_typesupport_fastrtps_cppExport-relwithdebinfo.cmake
-- Installing: /home/pi/wow_ws/install/robot_localization/share/robot_localization/cmake/robot_localization__rosidl_typesupport_introspection_cExport.cmake
-- Installing: /home/pi/wow_ws/install/robot_localization/share/robot_localization/cmake/robot_localization__rosidl_typesupport_introspection_cExport-relwithdebinfo.cmake
-- Installing: /home/pi/wow_ws/install/robot_localization/share/robot_localization/cmake/robot_localization__rosidl_typesupport_cExport.cmake
-- Installing: /home/pi/wow_ws/install/robot_localization/share/robot_localization/cmake/robot_localization__rosidl_typesupport_cExport-relwithdebinfo.cmake
-- Installing: /home/pi/wow_ws/install/robot_localization/share/robot_localization/cmake/robot_localization__rosidl_typesupport_introspection_cppExport.cmake
-- Installing: /home/pi/wow_ws/install/robot_localization/share/robot_localization/cmake/robot_localization__rosidl_typesupport_introspection_cppExport-relwithdebinfo.cmake
-- Installing: /home/pi/wow_ws/install/robot_localization/share/robot_localization/cmake/robot_localization__rosidl_typesupport_cppExport.cmake
-- Installing: /home/pi/wow_ws/install/robot_localization/share/robot_localization/cmake/robot_localization__rosidl_typesupport_cppExport-relwithdebinfo.cmake
-- Installing: /home/pi/wow_ws/install/robot_localization/share/robot_localization/cmake/export_robot_localization__rosidl_generator_pyExport.cmake
-- Installing: /home/pi/wow_ws/install/robot_localization/share/robot_localization/cmake/export_robot_localization__rosidl_generator_pyExport-relwithdebinfo.cmake
