[7.213s] Invoking command in '/home/pi/wow_ws/build/ICM20948': PYTHONPATH=/home/pi/wow_ws/build/ICM20948/prefix_override:/home/pi/wow_ws/install/ICM20948/lib/python3.11/site-packages:${PYTHONPATH} /usr/bin/python3 setup.py develop --editable --build-directory /home/pi/wow_ws/build/ICM20948/build --no-deps install_data
[8.725s] running develop
[8.732s] /usr/lib/python3/dist-packages/setuptools/command/easy_install.py:146: EasyInstallDeprecationWarning: easy_install command is deprecated. Use build and pip and other standards-based tools.
[8.732s]   warnings.warn(
[8.866s] /usr/lib/python3/dist-packages/setuptools/command/install.py:34: SetuptoolsDeprecationWarning: setup.py install is deprecated. Use build and pip and other standards-based tools.
[8.866s]   warnings.warn(
[9.612s] running egg_info
[9.698s] writing ICM20948.egg-info/PKG-INFO
[9.699s] writing dependency_links to ICM20948.egg-info/dependency_links.txt
[9.704s] writing entry points to ICM20948.egg-info/entry_points.txt
[9.706s] writing requirements to ICM20948.egg-info/requires.txt
[9.706s] writing top-level names to ICM20948.egg-info/top_level.txt
[9.880s] reading manifest file 'ICM20948.egg-info/SOURCES.txt'
[9.884s] writing manifest file 'ICM20948.egg-info/SOURCES.txt'
[9.959s] running build_ext
[9.959s] Creating /home/pi/wow_ws/install/ICM20948/lib/python3.11/site-packages/ICM20948.egg-link (link to .)
[9.962s] Installing ICM_raw_data script to /home/pi/wow_ws/install/ICM20948/lib/ICM20948
[9.962s] 
[9.962s] Installed /home/pi/wow_ws/build/ICM20948
[9.968s] running install_data
[10.196s] Invoked command in '/home/pi/wow_ws/build/ICM20948' returned '0': PYTHONPATH=/home/pi/wow_ws/build/ICM20948/prefix_override:/home/pi/wow_ws/install/ICM20948/lib/python3.11/site-packages:${PYTHONPATH} /usr/bin/python3 setup.py develop --editable --build-directory /home/pi/wow_ws/build/ICM20948/build --no-deps install_data
