-- Found ament_cmake: 2.0.5 (/home/pi/ros2_iron/install/ament_cmake/share/ament_cmake/cmake)
-- Override CMake install command with custom implementation using symlinks instead of copying resources
-- Found rclcpp: 21.0.6 (/home/pi/ros2_iron/install/rclcpp/share/rclcpp/cmake)
-- Found rosidl_generator_c: 4.0.1 (/home/pi/ros2_iron/install/rosidl_generator_c/share/rosidl_generator_c/cmake)
-- Found rosidl_generator_cpp: 4.0.1 (/home/pi/ros2_iron/install/rosidl_generator_cpp/share/rosidl_generator_cpp/cmake)
-- Using all available rosidl_typesupport_c: rosidl_typesupport_introspection_c;rosidl_typesupport_fastrtps_c
-- Using all available rosidl_typesupport_cpp: rosidl_typesupport_introspection_cpp;rosidl_typesupport_fastrtps_cpp
-- Found rmw_implementation_cmake: 7.1.0 (/home/pi/ros2_iron/install/rmw_implementation_cmake/share/rmw_implementation_cmake/cmake)
-- Found rmw_fastrtps_cpp: 7.1.3 (/home/pi/ros2_iron/install/rmw_fastrtps_cpp/share/rmw_fastrtps_cpp/cmake)
-- Using RMW implementation 'rmw_fastrtps_cpp' as default
-- Found rclcpp_components: 21.0.6 (/home/pi/ros2_iron/install/rclcpp_components/share/rclcpp_components/cmake)
-- Found std_msgs: 5.0.0 (/home/pi/ros2_iron/install/std_msgs/share/std_msgs/cmake)
-- Found ublox_ubx_msgs: 0.5.3 (/home/pi/wow_ws/install/ublox_ubx_msgs/share/ublox_ubx_msgs/cmake)
-- Found ublox_ubx_interfaces: 0.5.3 (/home/pi/wow_ws/install/ublox_ubx_interfaces/share/ublox_ubx_interfaces/cmake)
-- Found rtcm_msgs: 1.1.6 (/home/pi/wow_ws/install/rtcm_msgs/share/rtcm_msgs/cmake)
-- Checking for module 'libusb-1.0'
--   Found libusb-1.0, version 1.0.26
-- Found ament_lint_auto: 0.14.3 (/home/pi/ros2_iron/install/ament_lint_auto/share/ament_lint_auto/cmake)
-- Added test 'copyright' to check source files copyright and LICENSE
-- Added test 'cppcheck' to perform static code analysis on C / C++ code
-- Configured cppcheck include dirs: /home/pi/wow_ws/src/ublox_dgnss/ublox_dgnss_node/include
-- Configured cppcheck exclude dirs and/or files: 
-- Added test 'cpplint' to check C / C++ code against the Google style
-- Configured cpplint exclude dirs and/or files: 
-- Added test 'lint_cmake' to check CMake code style
-- Added test 'uncrustify' to check C / C++ code style
-- Configured uncrustify additional arguments: 
-- Added test 'xmllint' to check XML markup files
-- Configuring done
-- Generating done
-- Build files have been written to: /home/pi/wow_ws/build/ublox_dgnss_node
[ 20%] [32mBuilding CXX object CMakeFiles/ublox_dgnss_components.dir/src/usb.cpp.o[0m
[ 40%] [32mBuilding CXX object CMakeFiles/ublox_dgnss_node.dir/rclcpp_components/node_main_ublox_dgnss_node.cpp.o[0m
[ 60%] [32mBuilding CXX object CMakeFiles/ublox_dgnss_components.dir/src/ublox_dgnss_node.cpp.o[0m
[ 80%] [32m[1mLinking CXX executable ublox_dgnss_node[0m
[ 80%] Built target ublox_dgnss_node
[100%] [32m[1mLinking CXX shared library libublox_dgnss_components.so[0m
[100%] Built target ublox_dgnss_components
-- Install configuration: ""
-- Execute custom install script
-- Symlinking: /home/pi/wow_ws/install/ublox_dgnss_node/lib/ublox_dgnss_node/ublox_dgnss_node
-- Symlinking: /home/pi/wow_ws/install/ublox_dgnss_node/lib/libublox_dgnss_components.so
-- Symlinking: /home/pi/wow_ws/install/ublox_dgnss_node/share/ament_index/resource_index/package_run_dependencies/ublox_dgnss_node
-- Symlinking: /home/pi/wow_ws/install/ublox_dgnss_node/share/ament_index/resource_index/parent_prefix_path/ublox_dgnss_node
-- Symlinking: /home/pi/wow_ws/install/ublox_dgnss_node/share/ublox_dgnss_node/environment/ament_prefix_path.sh
-- Symlinking: /home/pi/wow_ws/install/ublox_dgnss_node/share/ublox_dgnss_node/environment/ament_prefix_path.dsv
-- Symlinking: /home/pi/wow_ws/install/ublox_dgnss_node/share/ublox_dgnss_node/environment/path.sh
-- Symlinking: /home/pi/wow_ws/install/ublox_dgnss_node/share/ublox_dgnss_node/environment/path.dsv
-- Symlinking: /home/pi/wow_ws/install/ublox_dgnss_node/share/ublox_dgnss_node/local_setup.bash
-- Symlinking: /home/pi/wow_ws/install/ublox_dgnss_node/share/ublox_dgnss_node/local_setup.sh
-- Symlinking: /home/pi/wow_ws/install/ublox_dgnss_node/share/ublox_dgnss_node/local_setup.zsh
-- Symlinking: /home/pi/wow_ws/install/ublox_dgnss_node/share/ublox_dgnss_node/local_setup.dsv
-- Symlinking: /home/pi/wow_ws/install/ublox_dgnss_node/share/ublox_dgnss_node/package.dsv
-- Symlinking: /home/pi/wow_ws/install/ublox_dgnss_node/share/ament_index/resource_index/packages/ublox_dgnss_node
-- Symlinking: /home/pi/wow_ws/install/ublox_dgnss_node/share/ament_index/resource_index/rclcpp_components/ublox_dgnss_node
-- Symlinking: /home/pi/wow_ws/install/ublox_dgnss_node/share/ublox_dgnss_node/cmake/ublox_dgnss_nodeConfig.cmake
-- Symlinking: /home/pi/wow_ws/install/ublox_dgnss_node/share/ublox_dgnss_node/cmake/ublox_dgnss_nodeConfig-version.cmake
-- Symlinking: /home/pi/wow_ws/install/ublox_dgnss_node/share/ublox_dgnss_node/package.xml
