[4.478s] Invoking command in '/home/pi/wow_ws/build/bno055': PYTHONPATH=/home/pi/wow_ws/build/bno055/prefix_override:/home/pi/wow_ws/install/bno055/lib/python3.11/site-packages:${PYTHONPATH} /usr/bin/python3 setup.py develop --editable --build-directory /home/pi/wow_ws/build/bno055/build --no-deps install_data
[6.144s] running develop
[6.144s] /usr/lib/python3/dist-packages/setuptools/command/easy_install.py:146: EasyInstallDeprecationWarning: easy_install command is deprecated. Use build and pip and other standards-based tools.
[6.144s]   warnings.warn(
[6.305s] /usr/lib/python3/dist-packages/setuptools/command/install.py:34: SetuptoolsDeprecationWarning: setup.py install is deprecated. Use build and pip and other standards-based tools.
[6.305s]   warnings.warn(
[7.813s] running egg_info
[7.976s] writing bno055.egg-info/PKG-INFO
[7.977s] writing dependency_links to bno055.egg-info/dependency_links.txt
[7.981s] writing entry points to bno055.egg-info/entry_points.txt
[7.984s] writing requirements to bno055.egg-info/requires.txt
[7.985s] writing top-level names to bno055.egg-info/top_level.txt
[8.277s] reading manifest file 'bno055.egg-info/SOURCES.txt'
[8.298s] writing manifest file 'bno055.egg-info/SOURCES.txt'
[8.463s] running build_ext
[8.463s] Creating /home/pi/wow_ws/install/bno055/lib/python3.11/site-packages/bno055.egg-link (link to .)
[8.466s] Installing bno055 script to /home/pi/wow_ws/install/bno055/lib/bno055
[8.467s] 
[8.468s] Installed /home/pi/wow_ws/build/bno055
[8.468s] running install_data
[8.869s] Invoked command in '/home/pi/wow_ws/build/bno055' returned '0': PYTHONPATH=/home/pi/wow_ws/build/bno055/prefix_override:/home/pi/wow_ws/install/bno055/lib/python3.11/site-packages:${PYTHONPATH} /usr/bin/python3 setup.py develop --editable --build-directory /home/pi/wow_ws/build/bno055/build --no-deps install_data
