-- The C compiler identification is GNU 12.2.0
-- The CXX compiler identification is GNU 12.2.0
-- Detecting C compiler ABI info
-- Detecting C compiler ABI info - done
-- Check for working C compiler: /usr/bin/cc - skipped
-- Detecting C compile features
-- Detecting C compile features - done
-- Detecting CXX compiler ABI info
-- Detecting CXX compiler ABI info - done
-- Check for working CXX compiler: /usr/bin/c++ - skipped
-- Detecting CXX compile features
-- Detecting CXX compile features - done
-- Found ament_cmake: 2.0.5 (/home/pi/ros2_iron/install/ament_cmake/share/ament_cmake/cmake)
-- Found Python3: /usr/bin/python3 (found version "3.11.2") found components: Interpreter 
-- Override CMake install command with custom implementation using symlinks instead of copying resources
-- Found rosidl_default_generators: 1.5.0 (/home/pi/ros2_iron/install/rosidl_default_generators/share/rosidl_default_generators/cmake)
-- Using all available rosidl_typesupport_c: rosidl_typesupport_introspection_c;rosidl_typesupport_fastrtps_c
-- Using all available rosidl_typesupport_cpp: rosidl_typesupport_introspection_cpp;rosidl_typesupport_fastrtps_cpp
-- Found rosidl_adapter: 4.0.1 (/home/pi/ros2_iron/install/rosidl_adapter/share/rosidl_adapter/cmake)
-- Found ament_lint_auto: 0.14.3 (/home/pi/ros2_iron/install/ament_lint_auto/share/ament_lint_auto/cmake)
-- Found ament_cmake_ros: 0.11.2 (/home/pi/ros2_iron/install/ament_cmake_ros/share/ament_cmake_ros/cmake)
-- Using all available rosidl_typesupport_c: rosidl_typesupport_introspection_c;rosidl_typesupport_fastrtps_c
-- Using all available rosidl_typesupport_cpp: rosidl_typesupport_introspection_cpp;rosidl_typesupport_fastrtps_cpp
-- Found PythonInterp: /usr/bin/python3 (found suitable version "3.11.2", minimum required is "3.6") 
-- Found python_cmake_module: 0.10.2 (/home/pi/ros2_iron/install/python_cmake_module/share/python_cmake_module/cmake)
-- Found PythonLibs: /usr/lib/aarch64-linux-gnu/libpython3.11.so (found suitable version "3.11.2", minimum required is "3.5") 
-- Using PYTHON_EXECUTABLE: /usr/bin/python3
-- Using PYTHON_INCLUDE_DIRS: /usr/include/python3.11
-- Using PYTHON_LIBRARIES: /usr/lib/aarch64-linux-gnu/libpython3.11.so
-- Found PythonExtra: .so  
-- Added test 'lint_cmake' to check CMake code style
-- Added test 'xmllint' to check XML markup files
-- Configuring done
-- Generating done
-- Build files have been written to: /home/pi/wow_ws/build/ublox_ubx_interfaces
[  1%] [34m[1mGenerating type hashes for ROS interfaces[0m
[  1%] Built target ament_cmake_python_symlink_ublox_ubx_interfaces
[  1%] Built target ublox_ubx_interfaces__rosidl_generator_type_description
[  3%] [34m[1mGenerating C code for ROS interfaces[0m
[  4%] [34m[1mGenerating C++ code for ROS interfaces[0m
running egg_info
creating ublox_ubx_interfaces.egg-info
writing ublox_ubx_interfaces.egg-info/PKG-INFO
writing dependency_links to ublox_ubx_interfaces.egg-info/dependency_links.txt
writing top-level names to ublox_ubx_interfaces.egg-info/top_level.txt
writing manifest file 'ublox_ubx_interfaces.egg-info/SOURCES.txt'
reading manifest file 'ublox_ubx_interfaces.egg-info/SOURCES.txt'
writing manifest file 'ublox_ubx_interfaces.egg-info/SOURCES.txt'
[  4%] Built target ament_cmake_python_build_ublox_ubx_interfaces_egg
[  4%] Built target ublox_ubx_interfaces__cpp
[  6%] [32mBuilding C object CMakeFiles/ublox_ubx_interfaces__rosidl_generator_c.dir/rosidl_generator_c/ublox_ubx_interfaces/srv/detail/hot_start__description.c.o[0m
[  7%] [32mBuilding C object CMakeFiles/ublox_ubx_interfaces__rosidl_generator_c.dir/rosidl_generator_c/ublox_ubx_interfaces/srv/detail/hot_start__functions.c.o[0m
[  9%] [32mBuilding C object CMakeFiles/ublox_ubx_interfaces__rosidl_generator_c.dir/rosidl_generator_c/ublox_ubx_interfaces/srv/detail/warm_start__description.c.o[0m
[ 10%] [32mBuilding C object CMakeFiles/ublox_ubx_interfaces__rosidl_generator_c.dir/rosidl_generator_c/ublox_ubx_interfaces/srv/detail/hot_start__type_support.c.o[0m
[ 14%] [32mBuilding C object CMakeFiles/ublox_ubx_interfaces__rosidl_generator_c.dir/rosidl_generator_c/ublox_ubx_interfaces/srv/detail/warm_start__type_support.c.o[0m
[ 14%] [32mBuilding C object CMakeFiles/ublox_ubx_interfaces__rosidl_generator_c.dir/rosidl_generator_c/ublox_ubx_interfaces/srv/detail/warm_start__functions.c.o[0m
[ 15%] [32mBuilding C object CMakeFiles/ublox_ubx_interfaces__rosidl_generator_c.dir/rosidl_generator_c/ublox_ubx_interfaces/srv/detail/cold_start__description.c.o[0m
[ 17%] [32mBuilding C object CMakeFiles/ublox_ubx_interfaces__rosidl_generator_c.dir/rosidl_generator_c/ublox_ubx_interfaces/srv/detail/cold_start__functions.c.o[0m
[ 18%] [32mBuilding C object CMakeFiles/ublox_ubx_interfaces__rosidl_generator_c.dir/rosidl_generator_c/ublox_ubx_interfaces/srv/detail/cold_start__type_support.c.o[0m
[ 20%] [32mBuilding C object CMakeFiles/ublox_ubx_interfaces__rosidl_generator_c.dir/rosidl_generator_c/ublox_ubx_interfaces/srv/detail/reset_odo__description.c.o[0m
[ 21%] [32mBuilding C object CMakeFiles/ublox_ubx_interfaces__rosidl_generator_c.dir/rosidl_generator_c/ublox_ubx_interfaces/srv/detail/reset_odo__functions.c.o[0m
[ 23%] [32mBuilding C object CMakeFiles/ublox_ubx_interfaces__rosidl_generator_c.dir/rosidl_generator_c/ublox_ubx_interfaces/srv/detail/reset_odo__type_support.c.o[0m
[ 25%] [32m[1mLinking C shared library libublox_ubx_interfaces__rosidl_generator_c.so[0m
[ 25%] Built target ublox_ubx_interfaces__rosidl_generator_c
[ 26%] [34m[1mGenerating C++ type support for eProsima Fast-RTPS[0m
[ 28%] [34m[1mGenerating C++ introspection for ROS interfaces[0m
[ 29%] [34m[1mGenerating C++ type support dispatch for ROS interfaces[0m
[ 31%] [34m[1mGenerating C introspection for ROS interfaces[0m
[ 32%] [32mBuilding CXX object CMakeFiles/ublox_ubx_interfaces__rosidl_typesupport_cpp.dir/rosidl_typesupport_cpp/ublox_ubx_interfaces/srv/hot_start__type_support.cpp.o[0m
[ 34%] [32mBuilding CXX object CMakeFiles/ublox_ubx_interfaces__rosidl_typesupport_introspection_cpp.dir/rosidl_typesupport_introspection_cpp/ublox_ubx_interfaces/srv/detail/hot_start__type_support.cpp.o[0m
[ 35%] [32mBuilding CXX object CMakeFiles/ublox_ubx_interfaces__rosidl_typesupport_fastrtps_cpp.dir/rosidl_typesupport_fastrtps_cpp/ublox_ubx_interfaces/srv/detail/dds_fastrtps/hot_start__type_support.cpp.o[0m
[ 37%] [32mBuilding C object CMakeFiles/ublox_ubx_interfaces__rosidl_typesupport_introspection_c.dir/rosidl_typesupport_introspection_c/ublox_ubx_interfaces/srv/detail/hot_start__type_support.c.o[0m
[ 39%] [32mBuilding C object CMakeFiles/ublox_ubx_interfaces__rosidl_typesupport_introspection_c.dir/rosidl_typesupport_introspection_c/ublox_ubx_interfaces/srv/detail/warm_start__type_support.c.o[0m
[ 40%] [32mBuilding C object CMakeFiles/ublox_ubx_interfaces__rosidl_typesupport_introspection_c.dir/rosidl_typesupport_introspection_c/ublox_ubx_interfaces/srv/detail/cold_start__type_support.c.o[0m
[ 42%] [32mBuilding C object CMakeFiles/ublox_ubx_interfaces__rosidl_typesupport_introspection_c.dir/rosidl_typesupport_introspection_c/ublox_ubx_interfaces/srv/detail/reset_odo__type_support.c.o[0m
[ 43%] [32mBuilding CXX object CMakeFiles/ublox_ubx_interfaces__rosidl_typesupport_introspection_cpp.dir/rosidl_typesupport_introspection_cpp/ublox_ubx_interfaces/srv/detail/warm_start__type_support.cpp.o[0m
[ 45%] [32m[1mLinking C shared library libublox_ubx_interfaces__rosidl_typesupport_introspection_c.so[0m
[ 45%] Built target ublox_ubx_interfaces__rosidl_typesupport_introspection_c
[ 46%] [34m[1mGenerating C type support for eProsima Fast-RTPS[0m
[ 48%] [32mBuilding CXX object CMakeFiles/ublox_ubx_interfaces__rosidl_typesupport_cpp.dir/rosidl_typesupport_cpp/ublox_ubx_interfaces/srv/warm_start__type_support.cpp.o[0m
[ 50%] [32mBuilding CXX object CMakeFiles/ublox_ubx_interfaces__rosidl_typesupport_introspection_cpp.dir/rosidl_typesupport_introspection_cpp/ublox_ubx_interfaces/srv/detail/cold_start__type_support.cpp.o[0m
[ 51%] [32mBuilding CXX object CMakeFiles/ublox_ubx_interfaces__rosidl_typesupport_fastrtps_cpp.dir/rosidl_typesupport_fastrtps_cpp/ublox_ubx_interfaces/srv/detail/dds_fastrtps/warm_start__type_support.cpp.o[0m
[ 53%] [32mBuilding CXX object CMakeFiles/ublox_ubx_interfaces__rosidl_typesupport_cpp.dir/rosidl_typesupport_cpp/ublox_ubx_interfaces/srv/cold_start__type_support.cpp.o[0m
[ 54%] [32mBuilding CXX object CMakeFiles/ublox_ubx_interfaces__rosidl_typesupport_fastrtps_c.dir/rosidl_typesupport_fastrtps_c/ublox_ubx_interfaces/srv/detail/hot_start__type_support_c.cpp.o[0m
[ 56%] [32mBuilding CXX object CMakeFiles/ublox_ubx_interfaces__rosidl_typesupport_introspection_cpp.dir/rosidl_typesupport_introspection_cpp/ublox_ubx_interfaces/srv/detail/reset_odo__type_support.cpp.o[0m
[ 57%] [32mBuilding CXX object CMakeFiles/ublox_ubx_interfaces__rosidl_typesupport_cpp.dir/rosidl_typesupport_cpp/ublox_ubx_interfaces/srv/reset_odo__type_support.cpp.o[0m
[ 59%] [32mBuilding CXX object CMakeFiles/ublox_ubx_interfaces__rosidl_typesupport_fastrtps_cpp.dir/rosidl_typesupport_fastrtps_cpp/ublox_ubx_interfaces/srv/detail/dds_fastrtps/cold_start__type_support.cpp.o[0m
[ 60%] [32mBuilding CXX object CMakeFiles/ublox_ubx_interfaces__rosidl_typesupport_fastrtps_c.dir/rosidl_typesupport_fastrtps_c/ublox_ubx_interfaces/srv/detail/warm_start__type_support_c.cpp.o[0m
[ 62%] [32m[1mLinking CXX shared library libublox_ubx_interfaces__rosidl_typesupport_introspection_cpp.so[0m
[ 62%] Built target ublox_ubx_interfaces__rosidl_typesupport_introspection_cpp
[ 64%] [34m[1mGenerating C type support dispatch for ROS interfaces[0m
[ 65%] [32mBuilding CXX object CMakeFiles/ublox_ubx_interfaces__rosidl_typesupport_fastrtps_c.dir/rosidl_typesupport_fastrtps_c/ublox_ubx_interfaces/srv/detail/cold_start__type_support_c.cpp.o[0m
[ 67%] [32m[1mLinking CXX shared library libublox_ubx_interfaces__rosidl_typesupport_cpp.so[0m
[ 68%] [32mBuilding CXX object CMakeFiles/ublox_ubx_interfaces__rosidl_typesupport_fastrtps_cpp.dir/rosidl_typesupport_fastrtps_cpp/ublox_ubx_interfaces/srv/detail/dds_fastrtps/reset_odo__type_support.cpp.o[0m
[ 68%] Built target ublox_ubx_interfaces__rosidl_typesupport_cpp
[ 70%] [32mBuilding CXX object CMakeFiles/ublox_ubx_interfaces__rosidl_typesupport_fastrtps_c.dir/rosidl_typesupport_fastrtps_c/ublox_ubx_interfaces/srv/detail/reset_odo__type_support_c.cpp.o[0m
[ 71%] [32mBuilding CXX object CMakeFiles/ublox_ubx_interfaces__rosidl_typesupport_c.dir/rosidl_typesupport_c/ublox_ubx_interfaces/srv/hot_start__type_support.cpp.o[0m
[ 73%] [32mBuilding CXX object CMakeFiles/ublox_ubx_interfaces__rosidl_typesupport_c.dir/rosidl_typesupport_c/ublox_ubx_interfaces/srv/warm_start__type_support.cpp.o[0m
[ 75%] [32mBuilding CXX object CMakeFiles/ublox_ubx_interfaces__rosidl_typesupport_c.dir/rosidl_typesupport_c/ublox_ubx_interfaces/srv/cold_start__type_support.cpp.o[0m
[ 76%] [32mBuilding CXX object CMakeFiles/ublox_ubx_interfaces__rosidl_typesupport_c.dir/rosidl_typesupport_c/ublox_ubx_interfaces/srv/reset_odo__type_support.cpp.o[0m
[ 78%] [32m[1mLinking CXX shared library libublox_ubx_interfaces__rosidl_typesupport_c.so[0m
[ 78%] Built target ublox_ubx_interfaces__rosidl_typesupport_c
[ 79%] [32m[1mLinking CXX shared library libublox_ubx_interfaces__rosidl_typesupport_fastrtps_c.so[0m
[ 79%] Built target ublox_ubx_interfaces__rosidl_typesupport_fastrtps_c
[ 81%] [32m[1mLinking CXX shared library libublox_ubx_interfaces__rosidl_typesupport_fastrtps_cpp.so[0m
[ 81%] Built target ublox_ubx_interfaces__rosidl_typesupport_fastrtps_cpp
[ 81%] Built target ublox_ubx_interfaces
[ 82%] [34m[1mGenerating Python code for ROS interfaces[0m
[ 82%] Built target ublox_ubx_interfaces__py
[ 84%] [32mBuilding C object CMakeFiles/ublox_ubx_interfaces__rosidl_generator_py.dir/rosidl_generator_py/ublox_ubx_interfaces/srv/_warm_start_s.c.o[0m
[ 85%] [32mBuilding C object CMakeFiles/ublox_ubx_interfaces__rosidl_generator_py.dir/rosidl_generator_py/ublox_ubx_interfaces/srv/_cold_start_s.c.o[0m
[ 87%] [32mBuilding C object CMakeFiles/ublox_ubx_interfaces__rosidl_generator_py.dir/rosidl_generator_py/ublox_ubx_interfaces/srv/_hot_start_s.c.o[0m
[ 89%] [32mBuilding C object CMakeFiles/ublox_ubx_interfaces__rosidl_generator_py.dir/rosidl_generator_py/ublox_ubx_interfaces/srv/_reset_odo_s.c.o[0m
[ 90%] [32m[1mLinking C shared library rosidl_generator_py/ublox_ubx_interfaces/libublox_ubx_interfaces__rosidl_generator_py.so[0m
[ 90%] Built target ublox_ubx_interfaces__rosidl_generator_py
[ 92%] [32mBuilding C object CMakeFiles/ublox_ubx_interfaces__rosidl_typesupport_introspection_c__pyext.dir/rosidl_generator_py/ublox_ubx_interfaces/_ublox_ubx_interfaces_s.ep.rosidl_typesupport_introspection_c.c.o[0m
[ 93%] [32mBuilding C object CMakeFiles/ublox_ubx_interfaces__rosidl_typesupport_c__pyext.dir/rosidl_generator_py/ublox_ubx_interfaces/_ublox_ubx_interfaces_s.ep.rosidl_typesupport_c.c.o[0m
[ 95%] [32mBuilding C object CMakeFiles/ublox_ubx_interfaces__rosidl_typesupport_fastrtps_c__pyext.dir/rosidl_generator_py/ublox_ubx_interfaces/_ublox_ubx_interfaces_s.ep.rosidl_typesupport_fastrtps_c.c.o[0m
[ 96%] [32m[1mLinking C shared library rosidl_generator_py/ublox_ubx_interfaces/ublox_ubx_interfaces_s__rosidl_typesupport_fastrtps_c.cpython-311-aarch64-linux-gnu.so[0m
[ 98%] [32m[1mLinking C shared library rosidl_generator_py/ublox_ubx_interfaces/ublox_ubx_interfaces_s__rosidl_typesupport_introspection_c.cpython-311-aarch64-linux-gnu.so[0m
[100%] [32m[1mLinking C shared library rosidl_generator_py/ublox_ubx_interfaces/ublox_ubx_interfaces_s__rosidl_typesupport_c.cpython-311-aarch64-linux-gnu.so[0m
[100%] Built target ublox_ubx_interfaces__rosidl_typesupport_fastrtps_c__pyext
[100%] Built target ublox_ubx_interfaces__rosidl_typesupport_introspection_c__pyext
[100%] Built target ublox_ubx_interfaces__rosidl_typesupport_c__pyext
-- Install configuration: ""
-- Execute custom install script
-- Symlinking: /home/pi/wow_ws/install/ublox_ubx_interfaces/share/ament_index/resource_index/rosidl_interfaces/ublox_ubx_interfaces
-- Symlinking: /home/pi/wow_ws/install/ublox_ubx_interfaces/share/ublox_ubx_interfaces/srv/HotStart.json
-- Symlinking: /home/pi/wow_ws/install/ublox_ubx_interfaces/share/ublox_ubx_interfaces/srv/WarmStart.json
-- Symlinking: /home/pi/wow_ws/install/ublox_ubx_interfaces/share/ublox_ubx_interfaces/srv/ColdStart.json
-- Symlinking: /home/pi/wow_ws/install/ublox_ubx_interfaces/share/ublox_ubx_interfaces/srv/ResetODO.json
-- Symlinking: /home/pi/wow_ws/install/ublox_ubx_interfaces/include/ublox_ubx_interfaces/ublox_ubx_interfaces/msg/rosidl_generator_c__visibility_control.h
-- Symlinking: /home/pi/wow_ws/install/ublox_ubx_interfaces/include/ublox_ubx_interfaces/ublox_ubx_interfaces/srv/cold_start.h
-- Symlinking: /home/pi/wow_ws/install/ublox_ubx_interfaces/include/ublox_ubx_interfaces/ublox_ubx_interfaces/srv/detail/cold_start__functions.h
-- Symlinking: /home/pi/wow_ws/install/ublox_ubx_interfaces/include/ublox_ubx_interfaces/ublox_ubx_interfaces/srv/detail/cold_start__struct.h
-- Symlinking: /home/pi/wow_ws/install/ublox_ubx_interfaces/include/ublox_ubx_interfaces/ublox_ubx_interfaces/srv/detail/cold_start__type_support.h
-- Symlinking: /home/pi/wow_ws/install/ublox_ubx_interfaces/include/ublox_ubx_interfaces/ublox_ubx_interfaces/srv/detail/hot_start__functions.h
-- Symlinking: /home/pi/wow_ws/install/ublox_ubx_interfaces/include/ublox_ubx_interfaces/ublox_ubx_interfaces/srv/detail/hot_start__struct.h
-- Symlinking: /home/pi/wow_ws/install/ublox_ubx_interfaces/include/ublox_ubx_interfaces/ublox_ubx_interfaces/srv/detail/hot_start__type_support.h
-- Symlinking: /home/pi/wow_ws/install/ublox_ubx_interfaces/include/ublox_ubx_interfaces/ublox_ubx_interfaces/srv/detail/reset_odo__functions.h
-- Symlinking: /home/pi/wow_ws/install/ublox_ubx_interfaces/include/ublox_ubx_interfaces/ublox_ubx_interfaces/srv/detail/reset_odo__struct.h
-- Symlinking: /home/pi/wow_ws/install/ublox_ubx_interfaces/include/ublox_ubx_interfaces/ublox_ubx_interfaces/srv/detail/reset_odo__type_support.h
-- Symlinking: /home/pi/wow_ws/install/ublox_ubx_interfaces/include/ublox_ubx_interfaces/ublox_ubx_interfaces/srv/detail/warm_start__functions.h
-- Symlinking: /home/pi/wow_ws/install/ublox_ubx_interfaces/include/ublox_ubx_interfaces/ublox_ubx_interfaces/srv/detail/warm_start__struct.h
-- Symlinking: /home/pi/wow_ws/install/ublox_ubx_interfaces/include/ublox_ubx_interfaces/ublox_ubx_interfaces/srv/detail/warm_start__type_support.h
-- Symlinking: /home/pi/wow_ws/install/ublox_ubx_interfaces/include/ublox_ubx_interfaces/ublox_ubx_interfaces/srv/hot_start.h
-- Symlinking: /home/pi/wow_ws/install/ublox_ubx_interfaces/include/ublox_ubx_interfaces/ublox_ubx_interfaces/srv/reset_odo.h
-- Symlinking: /home/pi/wow_ws/install/ublox_ubx_interfaces/include/ublox_ubx_interfaces/ublox_ubx_interfaces/srv/warm_start.h
-- Symlinking: /home/pi/wow_ws/install/ublox_ubx_interfaces/share/ublox_ubx_interfaces/environment/library_path.sh
-- Symlinking: /home/pi/wow_ws/install/ublox_ubx_interfaces/share/ublox_ubx_interfaces/environment/library_path.dsv
-- Symlinking: /home/pi/wow_ws/install/ublox_ubx_interfaces/include/ublox_ubx_interfaces/ublox_ubx_interfaces/msg/rosidl_typesupport_introspection_c__visibility_control.h
-- Symlinking: /home/pi/wow_ws/install/ublox_ubx_interfaces/include/ublox_ubx_interfaces/ublox_ubx_interfaces/srv/detail/cold_start__rosidl_typesupport_introspection_c.h
-- Symlinking: /home/pi/wow_ws/install/ublox_ubx_interfaces/include/ublox_ubx_interfaces/ublox_ubx_interfaces/srv/detail/hot_start__rosidl_typesupport_introspection_c.h
-- Symlinking: /home/pi/wow_ws/install/ublox_ubx_interfaces/include/ublox_ubx_interfaces/ublox_ubx_interfaces/srv/detail/reset_odo__rosidl_typesupport_introspection_c.h
-- Symlinking: /home/pi/wow_ws/install/ublox_ubx_interfaces/include/ublox_ubx_interfaces/ublox_ubx_interfaces/srv/detail/warm_start__rosidl_typesupport_introspection_c.h
-- Symlinking: /home/pi/wow_ws/install/ublox_ubx_interfaces/include/ublox_ubx_interfaces/ublox_ubx_interfaces/msg/rosidl_typesupport_fastrtps_c__visibility_control.h
-- Symlinking: /home/pi/wow_ws/install/ublox_ubx_interfaces/include/ublox_ubx_interfaces/ublox_ubx_interfaces/srv/detail/cold_start__rosidl_typesupport_fastrtps_c.h
-- Symlinking: /home/pi/wow_ws/install/ublox_ubx_interfaces/include/ublox_ubx_interfaces/ublox_ubx_interfaces/srv/detail/hot_start__rosidl_typesupport_fastrtps_c.h
-- Symlinking: /home/pi/wow_ws/install/ublox_ubx_interfaces/include/ublox_ubx_interfaces/ublox_ubx_interfaces/srv/detail/reset_odo__rosidl_typesupport_fastrtps_c.h
-- Symlinking: /home/pi/wow_ws/install/ublox_ubx_interfaces/include/ublox_ubx_interfaces/ublox_ubx_interfaces/srv/detail/warm_start__rosidl_typesupport_fastrtps_c.h
-- Symlinking: /home/pi/wow_ws/install/ublox_ubx_interfaces/include/ublox_ubx_interfaces/ublox_ubx_interfaces/srv/cold_start.hpp
-- Symlinking: /home/pi/wow_ws/install/ublox_ubx_interfaces/include/ublox_ubx_interfaces/ublox_ubx_interfaces/srv/detail/cold_start__builder.hpp
-- Symlinking: /home/pi/wow_ws/install/ublox_ubx_interfaces/include/ublox_ubx_interfaces/ublox_ubx_interfaces/srv/detail/cold_start__struct.hpp
-- Symlinking: /home/pi/wow_ws/install/ublox_ubx_interfaces/include/ublox_ubx_interfaces/ublox_ubx_interfaces/srv/detail/cold_start__traits.hpp
-- Symlinking: /home/pi/wow_ws/install/ublox_ubx_interfaces/include/ublox_ubx_interfaces/ublox_ubx_interfaces/srv/detail/hot_start__builder.hpp
-- Symlinking: /home/pi/wow_ws/install/ublox_ubx_interfaces/include/ublox_ubx_interfaces/ublox_ubx_interfaces/srv/detail/hot_start__struct.hpp
-- Symlinking: /home/pi/wow_ws/install/ublox_ubx_interfaces/include/ublox_ubx_interfaces/ublox_ubx_interfaces/srv/detail/hot_start__traits.hpp
-- Symlinking: /home/pi/wow_ws/install/ublox_ubx_interfaces/include/ublox_ubx_interfaces/ublox_ubx_interfaces/srv/detail/reset_odo__builder.hpp
-- Symlinking: /home/pi/wow_ws/install/ublox_ubx_interfaces/include/ublox_ubx_interfaces/ublox_ubx_interfaces/srv/detail/reset_odo__struct.hpp
-- Symlinking: /home/pi/wow_ws/install/ublox_ubx_interfaces/include/ublox_ubx_interfaces/ublox_ubx_interfaces/srv/detail/reset_odo__traits.hpp
-- Symlinking: /home/pi/wow_ws/install/ublox_ubx_interfaces/include/ublox_ubx_interfaces/ublox_ubx_interfaces/srv/detail/warm_start__builder.hpp
-- Symlinking: /home/pi/wow_ws/install/ublox_ubx_interfaces/include/ublox_ubx_interfaces/ublox_ubx_interfaces/srv/detail/warm_start__struct.hpp
-- Symlinking: /home/pi/wow_ws/install/ublox_ubx_interfaces/include/ublox_ubx_interfaces/ublox_ubx_interfaces/srv/detail/warm_start__traits.hpp
-- Symlinking: /home/pi/wow_ws/install/ublox_ubx_interfaces/include/ublox_ubx_interfaces/ublox_ubx_interfaces/srv/hot_start.hpp
-- Symlinking: /home/pi/wow_ws/install/ublox_ubx_interfaces/include/ublox_ubx_interfaces/ublox_ubx_interfaces/srv/reset_odo.hpp
-- Symlinking: /home/pi/wow_ws/install/ublox_ubx_interfaces/include/ublox_ubx_interfaces/ublox_ubx_interfaces/srv/warm_start.hpp
-- Symlinking: /home/pi/wow_ws/install/ublox_ubx_interfaces/include/ublox_ubx_interfaces/ublox_ubx_interfaces/srv/detail/cold_start__rosidl_typesupport_introspection_cpp.hpp
-- Symlinking: /home/pi/wow_ws/install/ublox_ubx_interfaces/include/ublox_ubx_interfaces/ublox_ubx_interfaces/srv/detail/hot_start__rosidl_typesupport_introspection_cpp.hpp
-- Symlinking: /home/pi/wow_ws/install/ublox_ubx_interfaces/include/ublox_ubx_interfaces/ublox_ubx_interfaces/srv/detail/reset_odo__rosidl_typesupport_introspection_cpp.hpp
-- Symlinking: /home/pi/wow_ws/install/ublox_ubx_interfaces/include/ublox_ubx_interfaces/ublox_ubx_interfaces/srv/detail/warm_start__rosidl_typesupport_introspection_cpp.hpp
-- Symlinking: /home/pi/wow_ws/install/ublox_ubx_interfaces/include/ublox_ubx_interfaces/ublox_ubx_interfaces/msg/rosidl_typesupport_fastrtps_cpp__visibility_control.h
-- Symlinking: /home/pi/wow_ws/install/ublox_ubx_interfaces/include/ublox_ubx_interfaces/ublox_ubx_interfaces/srv/detail/cold_start__rosidl_typesupport_fastrtps_cpp.hpp
-- Symlinking: /home/pi/wow_ws/install/ublox_ubx_interfaces/include/ublox_ubx_interfaces/ublox_ubx_interfaces/srv/detail/hot_start__rosidl_typesupport_fastrtps_cpp.hpp
-- Symlinking: /home/pi/wow_ws/install/ublox_ubx_interfaces/include/ublox_ubx_interfaces/ublox_ubx_interfaces/srv/detail/reset_odo__rosidl_typesupport_fastrtps_cpp.hpp
-- Symlinking: /home/pi/wow_ws/install/ublox_ubx_interfaces/include/ublox_ubx_interfaces/ublox_ubx_interfaces/srv/detail/warm_start__rosidl_typesupport_fastrtps_cpp.hpp
-- Symlinking: /home/pi/wow_ws/install/ublox_ubx_interfaces/share/ublox_ubx_interfaces/environment/pythonpath.sh
-- Symlinking: /home/pi/wow_ws/install/ublox_ubx_interfaces/share/ublox_ubx_interfaces/environment/pythonpath.dsv
-- Symlinking: /home/pi/wow_ws/install/ublox_ubx_interfaces/lib/python3.11/site-packages/ublox_ubx_interfaces-0.5.3-py3.11.egg-info/PKG-INFO
-- Symlinking: /home/pi/wow_ws/install/ublox_ubx_interfaces/lib/python3.11/site-packages/ublox_ubx_interfaces-0.5.3-py3.11.egg-info/SOURCES.txt
-- Symlinking: /home/pi/wow_ws/install/ublox_ubx_interfaces/lib/python3.11/site-packages/ublox_ubx_interfaces-0.5.3-py3.11.egg-info/dependency_links.txt
-- Symlinking: /home/pi/wow_ws/install/ublox_ubx_interfaces/lib/python3.11/site-packages/ublox_ubx_interfaces-0.5.3-py3.11.egg-info/top_level.txt
-- Symlinking: /home/pi/wow_ws/install/ublox_ubx_interfaces/lib/python3.11/site-packages/ublox_ubx_interfaces/__init__.py
-- Symlinking: /home/pi/wow_ws/install/ublox_ubx_interfaces/lib/python3.11/site-packages/ublox_ubx_interfaces/_ublox_ubx_interfaces_s.ep.rosidl_typesupport_c.c
-- Symlinking: /home/pi/wow_ws/install/ublox_ubx_interfaces/lib/python3.11/site-packages/ublox_ubx_interfaces/_ublox_ubx_interfaces_s.ep.rosidl_typesupport_fastrtps_c.c
-- Symlinking: /home/pi/wow_ws/install/ublox_ubx_interfaces/lib/python3.11/site-packages/ublox_ubx_interfaces/_ublox_ubx_interfaces_s.ep.rosidl_typesupport_introspection_c.c
-- Symlinking: /home/pi/wow_ws/install/ublox_ubx_interfaces/lib/python3.11/site-packages/ublox_ubx_interfaces/libublox_ubx_interfaces__rosidl_generator_py.so
-- Symlinking: /home/pi/wow_ws/install/ublox_ubx_interfaces/lib/python3.11/site-packages/ublox_ubx_interfaces/srv/__init__.py
-- Symlinking: /home/pi/wow_ws/install/ublox_ubx_interfaces/lib/python3.11/site-packages/ublox_ubx_interfaces/srv/_cold_start.py
-- Symlinking: /home/pi/wow_ws/install/ublox_ubx_interfaces/lib/python3.11/site-packages/ublox_ubx_interfaces/srv/_cold_start_s.c
-- Symlinking: /home/pi/wow_ws/install/ublox_ubx_interfaces/lib/python3.11/site-packages/ublox_ubx_interfaces/srv/_hot_start.py
-- Symlinking: /home/pi/wow_ws/install/ublox_ubx_interfaces/lib/python3.11/site-packages/ublox_ubx_interfaces/srv/_hot_start_s.c
-- Symlinking: /home/pi/wow_ws/install/ublox_ubx_interfaces/lib/python3.11/site-packages/ublox_ubx_interfaces/srv/_reset_odo.py
-- Symlinking: /home/pi/wow_ws/install/ublox_ubx_interfaces/lib/python3.11/site-packages/ublox_ubx_interfaces/srv/_reset_odo_s.c
-- Symlinking: /home/pi/wow_ws/install/ublox_ubx_interfaces/lib/python3.11/site-packages/ublox_ubx_interfaces/srv/_warm_start.py
-- Symlinking: /home/pi/wow_ws/install/ublox_ubx_interfaces/lib/python3.11/site-packages/ublox_ubx_interfaces/srv/_warm_start_s.c
-- Symlinking: /home/pi/wow_ws/install/ublox_ubx_interfaces/lib/python3.11/site-packages/ublox_ubx_interfaces/ublox_ubx_interfaces_s__rosidl_typesupport_c.cpython-311-aarch64-linux-gnu.so
-- Symlinking: /home/pi/wow_ws/install/ublox_ubx_interfaces/lib/python3.11/site-packages/ublox_ubx_interfaces/ublox_ubx_interfaces_s__rosidl_typesupport_fastrtps_c.cpython-311-aarch64-linux-gnu.so
-- Symlinking: /home/pi/wow_ws/install/ublox_ubx_interfaces/lib/python3.11/site-packages/ublox_ubx_interfaces/ublox_ubx_interfaces_s__rosidl_typesupport_introspection_c.cpython-311-aarch64-linux-gnu.so
-- Up-to-date symlink: /home/pi/wow_ws/install/ublox_ubx_interfaces/lib/python3.11/site-packages/ublox_ubx_interfaces/ublox_ubx_interfaces_s__rosidl_typesupport_introspection_c.cpython-311-aarch64-linux-gnu.so
-- Up-to-date symlink: /home/pi/wow_ws/install/ublox_ubx_interfaces/lib/python3.11/site-packages/ublox_ubx_interfaces/ublox_ubx_interfaces_s__rosidl_typesupport_fastrtps_c.cpython-311-aarch64-linux-gnu.so
-- Up-to-date symlink: /home/pi/wow_ws/install/ublox_ubx_interfaces/lib/python3.11/site-packages/ublox_ubx_interfaces/ublox_ubx_interfaces_s__rosidl_typesupport_c.cpython-311-aarch64-linux-gnu.so
-- Symlinking: /home/pi/wow_ws/install/ublox_ubx_interfaces/share/ublox_ubx_interfaces/srv/HotStart.idl
-- Symlinking: /home/pi/wow_ws/install/ublox_ubx_interfaces/share/ublox_ubx_interfaces/srv/WarmStart.idl
-- Symlinking: /home/pi/wow_ws/install/ublox_ubx_interfaces/share/ublox_ubx_interfaces/srv/ColdStart.idl
-- Symlinking: /home/pi/wow_ws/install/ublox_ubx_interfaces/share/ublox_ubx_interfaces/srv/ResetODO.idl
-- Symlinking: /home/pi/wow_ws/install/ublox_ubx_interfaces/share/ublox_ubx_interfaces/srv/HotStart.srv
-- Symlinking: /home/pi/wow_ws/install/ublox_ubx_interfaces/share/ublox_ubx_interfaces/srv/HotStart_Request.msg
-- Symlinking: /home/pi/wow_ws/install/ublox_ubx_interfaces/share/ublox_ubx_interfaces/srv/HotStart_Response.msg
-- Symlinking: /home/pi/wow_ws/install/ublox_ubx_interfaces/share/ublox_ubx_interfaces/srv/WarmStart.srv
-- Symlinking: /home/pi/wow_ws/install/ublox_ubx_interfaces/share/ublox_ubx_interfaces/srv/WarmStart_Request.msg
-- Symlinking: /home/pi/wow_ws/install/ublox_ubx_interfaces/share/ublox_ubx_interfaces/srv/WarmStart_Response.msg
-- Symlinking: /home/pi/wow_ws/install/ublox_ubx_interfaces/share/ublox_ubx_interfaces/srv/ColdStart.srv
-- Symlinking: /home/pi/wow_ws/install/ublox_ubx_interfaces/share/ublox_ubx_interfaces/srv/ColdStart_Request.msg
-- Symlinking: /home/pi/wow_ws/install/ublox_ubx_interfaces/share/ublox_ubx_interfaces/srv/ColdStart_Response.msg
-- Symlinking: /home/pi/wow_ws/install/ublox_ubx_interfaces/share/ublox_ubx_interfaces/srv/ResetODO.srv
-- Symlinking: /home/pi/wow_ws/install/ublox_ubx_interfaces/share/ublox_ubx_interfaces/srv/ResetODO_Request.msg
-- Symlinking: /home/pi/wow_ws/install/ublox_ubx_interfaces/share/ublox_ubx_interfaces/srv/ResetODO_Response.msg
-- Symlinking: /home/pi/wow_ws/install/ublox_ubx_interfaces/share/ament_index/resource_index/package_run_dependencies/ublox_ubx_interfaces
-- Symlinking: /home/pi/wow_ws/install/ublox_ubx_interfaces/share/ament_index/resource_index/parent_prefix_path/ublox_ubx_interfaces
-- Symlinking: /home/pi/wow_ws/install/ublox_ubx_interfaces/share/ublox_ubx_interfaces/environment/ament_prefix_path.sh
-- Symlinking: /home/pi/wow_ws/install/ublox_ubx_interfaces/share/ublox_ubx_interfaces/environment/ament_prefix_path.dsv
-- Symlinking: /home/pi/wow_ws/install/ublox_ubx_interfaces/share/ublox_ubx_interfaces/environment/path.sh
-- Symlinking: /home/pi/wow_ws/install/ublox_ubx_interfaces/share/ublox_ubx_interfaces/environment/path.dsv
-- Symlinking: /home/pi/wow_ws/install/ublox_ubx_interfaces/share/ublox_ubx_interfaces/local_setup.bash
-- Symlinking: /home/pi/wow_ws/install/ublox_ubx_interfaces/share/ublox_ubx_interfaces/local_setup.sh
-- Symlinking: /home/pi/wow_ws/install/ublox_ubx_interfaces/share/ublox_ubx_interfaces/local_setup.zsh
-- Symlinking: /home/pi/wow_ws/install/ublox_ubx_interfaces/share/ublox_ubx_interfaces/local_setup.dsv
-- Symlinking: /home/pi/wow_ws/install/ublox_ubx_interfaces/share/ublox_ubx_interfaces/package.dsv
-- Symlinking: /home/pi/wow_ws/install/ublox_ubx_interfaces/share/ament_index/resource_index/packages/ublox_ubx_interfaces
-- Symlinking: /home/pi/wow_ws/install/ublox_ubx_interfaces/share/ublox_ubx_interfaces/cmake/rosidl_cmake-extras.cmake
-- Symlinking: /home/pi/wow_ws/install/ublox_ubx_interfaces/share/ublox_ubx_interfaces/cmake/ament_cmake_export_dependencies-extras.cmake
-- Symlinking: /home/pi/wow_ws/install/ublox_ubx_interfaces/share/ublox_ubx_interfaces/cmake/ament_cmake_export_include_directories-extras.cmake
-- Symlinking: /home/pi/wow_ws/install/ublox_ubx_interfaces/share/ublox_ubx_interfaces/cmake/ament_cmake_export_libraries-extras.cmake
-- Symlinking: /home/pi/wow_ws/install/ublox_ubx_interfaces/share/ublox_ubx_interfaces/cmake/ament_cmake_export_targets-extras.cmake
-- Symlinking: /home/pi/wow_ws/install/ublox_ubx_interfaces/share/ublox_ubx_interfaces/cmake/rosidl_cmake_export_typesupport_targets-extras.cmake
-- Symlinking: /home/pi/wow_ws/install/ublox_ubx_interfaces/share/ublox_ubx_interfaces/cmake/rosidl_cmake_export_typesupport_libraries-extras.cmake
-- Symlinking: /home/pi/wow_ws/install/ublox_ubx_interfaces/share/ublox_ubx_interfaces/cmake/ublox_ubx_interfacesConfig.cmake
-- Symlinking: /home/pi/wow_ws/install/ublox_ubx_interfaces/share/ublox_ubx_interfaces/cmake/ublox_ubx_interfacesConfig-version.cmake
-- Symlinking: /home/pi/wow_ws/install/ublox_ubx_interfaces/share/ublox_ubx_interfaces/package.xml
-- Installing: /home/pi/wow_ws/install/ublox_ubx_interfaces/lib/libublox_ubx_interfaces__rosidl_generator_c.so
-- Set runtime path of "/home/pi/wow_ws/install/ublox_ubx_interfaces/lib/libublox_ubx_interfaces__rosidl_generator_c.so" to ""
-- Installing: /home/pi/wow_ws/install/ublox_ubx_interfaces/lib/libublox_ubx_interfaces__rosidl_typesupport_introspection_c.so
-- Set runtime path of "/home/pi/wow_ws/install/ublox_ubx_interfaces/lib/libublox_ubx_interfaces__rosidl_typesupport_introspection_c.so" to ""
-- Installing: /home/pi/wow_ws/install/ublox_ubx_interfaces/lib/libublox_ubx_interfaces__rosidl_typesupport_fastrtps_c.so
-- Set runtime path of "/home/pi/wow_ws/install/ublox_ubx_interfaces/lib/libublox_ubx_interfaces__rosidl_typesupport_fastrtps_c.so" to ""
-- Installing: /home/pi/wow_ws/install/ublox_ubx_interfaces/lib/libublox_ubx_interfaces__rosidl_typesupport_c.so
-- Set runtime path of "/home/pi/wow_ws/install/ublox_ubx_interfaces/lib/libublox_ubx_interfaces__rosidl_typesupport_c.so" to ""
-- Installing: /home/pi/wow_ws/install/ublox_ubx_interfaces/lib/libublox_ubx_interfaces__rosidl_typesupport_introspection_cpp.so
-- Set runtime path of "/home/pi/wow_ws/install/ublox_ubx_interfaces/lib/libublox_ubx_interfaces__rosidl_typesupport_introspection_cpp.so" to ""
-- Installing: /home/pi/wow_ws/install/ublox_ubx_interfaces/lib/libublox_ubx_interfaces__rosidl_typesupport_fastrtps_cpp.so
-- Set runtime path of "/home/pi/wow_ws/install/ublox_ubx_interfaces/lib/libublox_ubx_interfaces__rosidl_typesupport_fastrtps_cpp.so" to ""
-- Installing: /home/pi/wow_ws/install/ublox_ubx_interfaces/lib/libublox_ubx_interfaces__rosidl_typesupport_cpp.so
-- Set runtime path of "/home/pi/wow_ws/install/ublox_ubx_interfaces/lib/libublox_ubx_interfaces__rosidl_typesupport_cpp.so" to ""
Listing '/home/pi/wow_ws/install/ublox_ubx_interfaces/lib/python3.11/site-packages/ublox_ubx_interfaces'...
Compiling '/home/pi/wow_ws/install/ublox_ubx_interfaces/lib/python3.11/site-packages/ublox_ubx_interfaces/__init__.py'...
Listing '/home/pi/wow_ws/install/ublox_ubx_interfaces/lib/python3.11/site-packages/ublox_ubx_interfaces/srv'...
Compiling '/home/pi/wow_ws/install/ublox_ubx_interfaces/lib/python3.11/site-packages/ublox_ubx_interfaces/srv/__init__.py'...
Compiling '/home/pi/wow_ws/install/ublox_ubx_interfaces/lib/python3.11/site-packages/ublox_ubx_interfaces/srv/_cold_start.py'...
Compiling '/home/pi/wow_ws/install/ublox_ubx_interfaces/lib/python3.11/site-packages/ublox_ubx_interfaces/srv/_hot_start.py'...
Compiling '/home/pi/wow_ws/install/ublox_ubx_interfaces/lib/python3.11/site-packages/ublox_ubx_interfaces/srv/_reset_odo.py'...
Compiling '/home/pi/wow_ws/install/ublox_ubx_interfaces/lib/python3.11/site-packages/ublox_ubx_interfaces/srv/_warm_start.py'...
-- Installing: /home/pi/wow_ws/install/ublox_ubx_interfaces/lib/libublox_ubx_interfaces__rosidl_generator_py.so
-- Set runtime path of "/home/pi/wow_ws/install/ublox_ubx_interfaces/lib/libublox_ubx_interfaces__rosidl_generator_py.so" to ""
-- Installing: /home/pi/wow_ws/install/ublox_ubx_interfaces/share/ublox_ubx_interfaces/cmake/export_ublox_ubx_interfaces__rosidl_generator_cExport.cmake
-- Installing: /home/pi/wow_ws/install/ublox_ubx_interfaces/share/ublox_ubx_interfaces/cmake/export_ublox_ubx_interfaces__rosidl_generator_cExport-noconfig.cmake
-- Installing: /home/pi/wow_ws/install/ublox_ubx_interfaces/share/ublox_ubx_interfaces/cmake/ublox_ubx_interfaces__rosidl_typesupport_introspection_cExport.cmake
-- Installing: /home/pi/wow_ws/install/ublox_ubx_interfaces/share/ublox_ubx_interfaces/cmake/ublox_ubx_interfaces__rosidl_typesupport_introspection_cExport-noconfig.cmake
-- Installing: /home/pi/wow_ws/install/ublox_ubx_interfaces/share/ublox_ubx_interfaces/cmake/export_ublox_ubx_interfaces__rosidl_typesupport_fastrtps_cExport.cmake
-- Installing: /home/pi/wow_ws/install/ublox_ubx_interfaces/share/ublox_ubx_interfaces/cmake/export_ublox_ubx_interfaces__rosidl_typesupport_fastrtps_cExport-noconfig.cmake
-- Installing: /home/pi/wow_ws/install/ublox_ubx_interfaces/share/ublox_ubx_interfaces/cmake/ublox_ubx_interfaces__rosidl_typesupport_cExport.cmake
-- Installing: /home/pi/wow_ws/install/ublox_ubx_interfaces/share/ublox_ubx_interfaces/cmake/ublox_ubx_interfaces__rosidl_typesupport_cExport-noconfig.cmake
-- Installing: /home/pi/wow_ws/install/ublox_ubx_interfaces/share/ublox_ubx_interfaces/cmake/export_ublox_ubx_interfaces__rosidl_generator_cppExport.cmake
-- Installing: /home/pi/wow_ws/install/ublox_ubx_interfaces/share/ublox_ubx_interfaces/cmake/ublox_ubx_interfaces__rosidl_typesupport_introspection_cppExport.cmake
-- Installing: /home/pi/wow_ws/install/ublox_ubx_interfaces/share/ublox_ubx_interfaces/cmake/ublox_ubx_interfaces__rosidl_typesupport_introspection_cppExport-noconfig.cmake
-- Installing: /home/pi/wow_ws/install/ublox_ubx_interfaces/share/ublox_ubx_interfaces/cmake/export_ublox_ubx_interfaces__rosidl_typesupport_fastrtps_cppExport.cmake
-- Installing: /home/pi/wow_ws/install/ublox_ubx_interfaces/share/ublox_ubx_interfaces/cmake/export_ublox_ubx_interfaces__rosidl_typesupport_fastrtps_cppExport-noconfig.cmake
-- Installing: /home/pi/wow_ws/install/ublox_ubx_interfaces/share/ublox_ubx_interfaces/cmake/ublox_ubx_interfaces__rosidl_typesupport_cppExport.cmake
-- Installing: /home/pi/wow_ws/install/ublox_ubx_interfaces/share/ublox_ubx_interfaces/cmake/ublox_ubx_interfaces__rosidl_typesupport_cppExport-noconfig.cmake
-- Installing: /home/pi/wow_ws/install/ublox_ubx_interfaces/share/ublox_ubx_interfaces/cmake/export_ublox_ubx_interfaces__rosidl_generator_pyExport.cmake
-- Installing: /home/pi/wow_ws/install/ublox_ubx_interfaces/share/ublox_ubx_interfaces/cmake/export_ublox_ubx_interfaces__rosidl_generator_pyExport-noconfig.cmake
