[100%] Built target gpsd_client
-- Install configuration: ""
-- Execute custom install script
-- Up-to-date symlink: /home/pi/wow_ws/install/gpsd_client/lib/libgpsd_client.so
-- Up-to-date symlink: /home/pi/wow_ws/install/gpsd_client/share/gpsd_client//launch/gpsd_client-launch.py
-- Up-to-date symlink: /home/pi/wow_ws/install/gpsd_client/share/gpsd_client//config/gpsd_client.yaml
-- Up-to-date symlink: /home/pi/wow_ws/install/gpsd_client/share/gpsd_client/environment/library_path.sh
-- Up-to-date symlink: /home/pi/wow_ws/install/gpsd_client/share/gpsd_client/environment/library_path.dsv
-- Up-to-date symlink: /home/pi/wow_ws/install/gpsd_client/share/ament_index/resource_index/package_run_dependencies/gpsd_client
-- Up-to-date symlink: /home/pi/wow_ws/install/gpsd_client/share/ament_index/resource_index/parent_prefix_path/gpsd_client
-- Up-to-date symlink: /home/pi/wow_ws/install/gpsd_client/share/gpsd_client/environment/ament_prefix_path.sh
-- Up-to-date symlink: /home/pi/wow_ws/install/gpsd_client/share/gpsd_client/environment/ament_prefix_path.dsv
-- Up-to-date symlink: /home/pi/wow_ws/install/gpsd_client/share/gpsd_client/environment/path.sh
-- Up-to-date symlink: /home/pi/wow_ws/install/gpsd_client/share/gpsd_client/environment/path.dsv
-- Up-to-date symlink: /home/pi/wow_ws/install/gpsd_client/share/gpsd_client/local_setup.bash
-- Up-to-date symlink: /home/pi/wow_ws/install/gpsd_client/share/gpsd_client/local_setup.sh
-- Up-to-date symlink: /home/pi/wow_ws/install/gpsd_client/share/gpsd_client/local_setup.zsh
-- Up-to-date symlink: /home/pi/wow_ws/install/gpsd_client/share/gpsd_client/local_setup.dsv
-- Symlinking: /home/pi/wow_ws/install/gpsd_client/share/gpsd_client/package.dsv
-- Up-to-date symlink: /home/pi/wow_ws/install/gpsd_client/share/ament_index/resource_index/packages/gpsd_client
-- Up-to-date symlink: /home/pi/wow_ws/install/gpsd_client/share/ament_index/resource_index/rclcpp_components/gpsd_client
-- Up-to-date symlink: /home/pi/wow_ws/install/gpsd_client/share/gpsd_client/cmake/ament_cmake_export_dependencies-extras.cmake
-- Up-to-date symlink: /home/pi/wow_ws/install/gpsd_client/share/gpsd_client/cmake/ament_cmake_export_libraries-extras.cmake
-- Up-to-date symlink: /home/pi/wow_ws/install/gpsd_client/share/gpsd_client/cmake/gpsd_clientConfig.cmake
-- Up-to-date symlink: /home/pi/wow_ws/install/gpsd_client/share/gpsd_client/cmake/gpsd_clientConfig-version.cmake
-- Up-to-date symlink: /home/pi/wow_ws/install/gpsd_client/share/gpsd_client/package.xml
