-- The C compiler identification is GNU 12.2.0
-- The CXX compiler identification is GNU 12.2.0
-- Detecting C compiler ABI info
-- Detecting C compiler ABI info - done
-- Check for working C compiler: /usr/bin/cc - skipped
-- Detecting C compile features
-- Detecting C compile features - done
-- Detecting CXX compiler ABI info
-- Detecting CXX compiler ABI info - done
-- Check for working CXX compiler: /usr/bin/c++ - skipped
-- Detecting CXX compile features
-- Detecting CXX compile features - done
-- Found ament_cmake: 2.0.5 (/home/pi/ros2_iron/install/ament_cmake/share/ament_cmake/cmake)
-- Found Python3: /usr/bin/python3 (found version "3.11.2") found components: Interpreter 
-- Override CMake install command with custom implementation using symlinks instead of copying resources
-- Found nav_msgs: 5.0.0 (/home/pi/ros2_iron/install/nav_msgs/share/nav_msgs/cmake)
-- Found rosidl_generator_c: 4.0.1 (/home/pi/ros2_iron/install/rosidl_generator_c/share/rosidl_generator_c/cmake)
-- Found rosidl_generator_cpp: 4.0.1 (/home/pi/ros2_iron/install/rosidl_generator_cpp/share/rosidl_generator_cpp/cmake)
-- Using all available rosidl_typesupport_c: rosidl_typesupport_introspection_c;rosidl_typesupport_fastrtps_c
-- Using all available rosidl_typesupport_cpp: rosidl_typesupport_introspection_cpp;rosidl_typesupport_fastrtps_cpp
-- Found rclcpp: 21.0.6 (/home/pi/ros2_iron/install/rclcpp/share/rclcpp/cmake)
-- Found rmw_implementation_cmake: 7.1.0 (/home/pi/ros2_iron/install/rmw_implementation_cmake/share/rmw_implementation_cmake/cmake)
-- Found rmw_fastrtps_cpp: 7.1.3 (/home/pi/ros2_iron/install/rmw_fastrtps_cpp/share/rmw_fastrtps_cpp/cmake)
-- Found OpenSSL: /usr/lib/aarch64-linux-gnu/libcrypto.so (found version "3.0.11")  
-- Found FastRTPS: /home/pi/ros2_iron/install/fastrtps/include  
-- Using RMW implementation 'rmw_fastrtps_cpp' as default
-- Found rclcpp_components: 21.0.6 (/home/pi/ros2_iron/install/rclcpp_components/share/rclcpp_components/cmake)
-- Found sensor_msgs: 5.0.0 (/home/pi/ros2_iron/install/sensor_msgs/share/sensor_msgs/cmake)
-- Configuring done
-- Generating done
-- Build files have been written to: /home/pi/wow_ws/build/gps_tools
[  0%] Built target ament_cmake_python_symlink_gps_tools
[ 25%] [32mBuilding CXX object CMakeFiles/utm_odometry_to_navsatfix_component.dir/src/utm_odometry_to_navsatfix_component.cpp.o[0m
[ 50%] [32m[1mLinking CXX shared library libutm_odometry_to_navsatfix_component.so[0m
[ 50%] Built target utm_odometry_to_navsatfix_component
[ 75%] [32mBuilding CXX object CMakeFiles/utm_odometry_component.dir/src/utm_odometry_component.cpp.o[0m
running egg_info
creating gps_tools.egg-info
writing gps_tools.egg-info/PKG-INFO
writing dependency_links to gps_tools.egg-info/dependency_links.txt
writing top-level names to gps_tools.egg-info/top_level.txt
writing manifest file 'gps_tools.egg-info/SOURCES.txt'
reading manifest file 'gps_tools.egg-info/SOURCES.txt'
writing manifest file 'gps_tools.egg-info/SOURCES.txt'
[ 75%] Built target ament_cmake_python_build_gps_tools_egg
[100%] [32m[1mLinking CXX shared library libutm_odometry_component.so[0m
[100%] Built target utm_odometry_component
-- Install configuration: ""
-- Execute custom install script
-- Symlinking: /home/pi/wow_ws/install/gps_tools/share/gps_tools/environment/pythonpath.sh
-- Symlinking: /home/pi/wow_ws/install/gps_tools/share/gps_tools/environment/pythonpath.dsv
-- Symlinking: /home/pi/wow_ws/install/gps_tools/lib/python3.11/site-packages/gps_tools-2.0.4-py3.11.egg-info/PKG-INFO
-- Symlinking: /home/pi/wow_ws/install/gps_tools/lib/python3.11/site-packages/gps_tools-2.0.4-py3.11.egg-info/SOURCES.txt
-- Symlinking: /home/pi/wow_ws/install/gps_tools/lib/python3.11/site-packages/gps_tools-2.0.4-py3.11.egg-info/dependency_links.txt
-- Symlinking: /home/pi/wow_ws/install/gps_tools/lib/python3.11/site-packages/gps_tools-2.0.4-py3.11.egg-info/top_level.txt
-- Symlinking: /home/pi/wow_ws/install/gps_tools/lib/python3.11/site-packages/gps_tools/__init__.py
-- Symlinking: /home/pi/wow_ws/install/gps_tools/lib/python3.11/site-packages/gps_tools/gps_message_converter.py
-- Symlinking: /home/pi/wow_ws/install/gps_tools/lib/libutm_odometry_component.so
-- Symlinking: /home/pi/wow_ws/install/gps_tools/lib/libutm_odometry_to_navsatfix_component.so
-- Symlinking: /home/pi/wow_ws/install/gps_tools/include/gps_tools/conversions.h
-- Symlinking: /home/pi/wow_ws/install/gps_tools/bin/bag_converter
-- Symlinking: /home/pi/wow_ws/install/gps_tools/bin/fix_translator
-- Symlinking: /home/pi/wow_ws/install/gps_tools/share/gps_tools/environment/library_path.sh
-- Symlinking: /home/pi/wow_ws/install/gps_tools/share/gps_tools/environment/library_path.dsv
-- Symlinking: /home/pi/wow_ws/install/gps_tools/share/ament_index/resource_index/package_run_dependencies/gps_tools
-- Symlinking: /home/pi/wow_ws/install/gps_tools/share/ament_index/resource_index/parent_prefix_path/gps_tools
-- Symlinking: /home/pi/wow_ws/install/gps_tools/share/gps_tools/environment/ament_prefix_path.sh
-- Symlinking: /home/pi/wow_ws/install/gps_tools/share/gps_tools/environment/ament_prefix_path.dsv
-- Symlinking: /home/pi/wow_ws/install/gps_tools/share/gps_tools/environment/path.sh
-- Symlinking: /home/pi/wow_ws/install/gps_tools/share/gps_tools/environment/path.dsv
-- Symlinking: /home/pi/wow_ws/install/gps_tools/share/gps_tools/local_setup.bash
-- Symlinking: /home/pi/wow_ws/install/gps_tools/share/gps_tools/local_setup.sh
-- Symlinking: /home/pi/wow_ws/install/gps_tools/share/gps_tools/local_setup.zsh
-- Symlinking: /home/pi/wow_ws/install/gps_tools/share/gps_tools/local_setup.dsv
-- Symlinking: /home/pi/wow_ws/install/gps_tools/share/gps_tools/package.dsv
-- Symlinking: /home/pi/wow_ws/install/gps_tools/share/ament_index/resource_index/packages/gps_tools
-- Symlinking: /home/pi/wow_ws/install/gps_tools/share/ament_index/resource_index/rclcpp_components/gps_tools
-- Symlinking: /home/pi/wow_ws/install/gps_tools/share/gps_tools/cmake/ament_cmake_export_dependencies-extras.cmake
-- Symlinking: /home/pi/wow_ws/install/gps_tools/share/gps_tools/cmake/ament_cmake_export_include_directories-extras.cmake
-- Symlinking: /home/pi/wow_ws/install/gps_tools/share/gps_tools/cmake/ament_cmake_export_libraries-extras.cmake
-- Symlinking: /home/pi/wow_ws/install/gps_tools/share/gps_tools/cmake/gps_toolsConfig.cmake
-- Symlinking: /home/pi/wow_ws/install/gps_tools/share/gps_tools/cmake/gps_toolsConfig-version.cmake
-- Symlinking: /home/pi/wow_ws/install/gps_tools/share/gps_tools/package.xml
Listing '/home/pi/wow_ws/install/gps_tools/lib/python3.11/site-packages/gps_tools'...
Compiling '/home/pi/wow_ws/install/gps_tools/lib/python3.11/site-packages/gps_tools/__init__.py'...
Compiling '/home/pi/wow_ws/install/gps_tools/lib/python3.11/site-packages/gps_tools/gps_message_converter.py'...
