[2.762s] Invoking command in '/home/pi/wow_ws/build/bno055': PYTHONPATH=/home/pi/wow_ws/build/bno055/prefix_override:/home/pi/wow_ws/install/bno055/lib/python3.11/site-packages:${PYTHONPATH} /usr/bin/python3 setup.py develop --editable --build-directory /home/pi/wow_ws/build/bno055/build --no-deps install_data
[3.730s] running develop
[3.730s] /usr/lib/python3/dist-packages/setuptools/command/easy_install.py:146: EasyInstallDeprecationWarning: easy_install command is deprecated. Use build and pip and other standards-based tools.
[3.730s]   warnings.warn(
[3.809s] /usr/lib/python3/dist-packages/setuptools/command/install.py:34: SetuptoolsDeprecationWarning: setup.py install is deprecated. Use build and pip and other standards-based tools.
[3.809s]   warnings.warn(
[4.219s] running egg_info
[4.257s] writing bno055.egg-info/PKG-INFO
[4.257s] writing dependency_links to bno055.egg-info/dependency_links.txt
[4.258s] writing entry points to bno055.egg-info/entry_points.txt
[4.258s] writing requirements to bno055.egg-info/requires.txt
[4.259s] writing top-level names to bno055.egg-info/top_level.txt
[4.338s] reading manifest file 'bno055.egg-info/SOURCES.txt'
[4.339s] writing manifest file 'bno055.egg-info/SOURCES.txt'
[4.387s] running build_ext
[4.387s] Creating /home/pi/wow_ws/install/bno055/lib/python3.11/site-packages/bno055.egg-link (link to .)
[4.388s] Installing bno055 script to /home/pi/wow_ws/install/bno055/lib/bno055
[4.389s] 
[4.389s] Installed /home/pi/wow_ws/build/bno055
[4.389s] running install_data
[4.580s] Invoked command in '/home/pi/wow_ws/build/bno055' returned '0': PYTHONPATH=/home/pi/wow_ws/build/bno055/prefix_override:/home/pi/wow_ws/install/bno055/lib/python3.11/site-packages:${PYTHONPATH} /usr/bin/python3 setup.py develop --editable --build-directory /home/pi/wow_ws/build/bno055/build --no-deps install_data
