[6.430s] Invoking command in '/home/pi/wow_ws/build/bno055': PYTHONPATH=/home/pi/wow_ws/build/bno055/prefix_override:/home/pi/wow_ws/install/bno055/lib/python3.11/site-packages:${PYTHONPATH} /usr/bin/python3 setup.py develop --editable --build-directory /home/pi/wow_ws/build/bno055/build --no-deps install_data
[8.585s] running develop
[8.592s] /usr/lib/python3/dist-packages/setuptools/command/easy_install.py:146: EasyInstallDeprecationWarning: easy_install command is deprecated. Use build and pip and other standards-based tools.
[8.592s]   warnings.warn(
[8.827s] /usr/lib/python3/dist-packages/setuptools/command/install.py:34: SetuptoolsDeprecationWarning: setup.py install is deprecated. Use build and pip and other standards-based tools.
[8.836s]   warnings.warn(
[9.855s] running egg_info
[10.026s] writing bno055.egg-info/PKG-INFO
[10.033s] writing dependency_links to bno055.egg-info/dependency_links.txt
[10.035s] writing entry points to bno055.egg-info/entry_points.txt
[10.036s] writing requirements to bno055.egg-info/requires.txt
[10.037s] writing top-level names to bno055.egg-info/top_level.txt
[10.235s] reading manifest file 'bno055.egg-info/SOURCES.txt'
[10.237s] writing manifest file 'bno055.egg-info/SOURCES.txt'
[10.340s] running build_ext
[10.340s] Creating /home/pi/wow_ws/install/bno055/lib/python3.11/site-packages/bno055.egg-link (link to .)
[10.342s] Installing bno055 script to /home/pi/wow_ws/install/bno055/lib/bno055
[10.343s] 
[10.343s] Installed /home/pi/wow_ws/build/bno055
[10.348s] running install_data
[10.823s] Invoked command in '/home/pi/wow_ws/build/bno055' returned '0': PYTHONPATH=/home/pi/wow_ws/build/bno055/prefix_override:/home/pi/wow_ws/install/bno055/lib/python3.11/site-packages:${PYTHONPATH} /usr/bin/python3 setup.py develop --editable --build-directory /home/pi/wow_ws/build/bno055/build --no-deps install_data
