[3.210s] Invoking command in '/home/pi/wow_ws/build/ICM20948': PYTHONPATH=/home/pi/wow_ws/build/ICM20948/prefix_override:/home/pi/wow_ws/install/ICM20948/lib/python3.11/site-packages:${PYTHONPATH} /usr/bin/python3 setup.py develop --editable --build-directory /home/pi/wow_ws/build/ICM20948/build --no-deps install_data
[4.329s] running develop
[4.330s] /usr/lib/python3/dist-packages/setuptools/command/easy_install.py:146: EasyInstallDeprecationWarning: easy_install command is deprecated. Use build and pip and other standards-based tools.
[4.330s]   warnings.warn(
[4.423s] /usr/lib/python3/dist-packages/setuptools/command/install.py:34: SetuptoolsDeprecationWarning: setup.py install is deprecated. Use build and pip and other standards-based tools.
[4.423s]   warnings.warn(
[4.913s] running egg_info
[4.958s] writing ICM20948.egg-info/PKG-INFO
[4.959s] writing dependency_links to ICM20948.egg-info/dependency_links.txt
[4.959s] writing entry points to ICM20948.egg-info/entry_points.txt
[4.961s] writing requirements to ICM20948.egg-info/requires.txt
[4.962s] writing top-level names to ICM20948.egg-info/top_level.txt
[5.057s] reading manifest file 'ICM20948.egg-info/SOURCES.txt'
[5.059s] writing manifest file 'ICM20948.egg-info/SOURCES.txt'
[5.113s] running build_ext
[5.113s] Creating /home/pi/wow_ws/install/ICM20948/lib/python3.11/site-packages/ICM20948.egg-link (link to .)
[5.115s] Installing ICM_raw_data script to /home/pi/wow_ws/install/ICM20948/lib/ICM20948
[5.115s] 
[5.115s] Installed /home/pi/wow_ws/build/ICM20948
[5.115s] running install_data
[5.310s] Invoked command in '/home/pi/wow_ws/build/ICM20948' returned '0': PYTHONPATH=/home/pi/wow_ws/build/ICM20948/prefix_override:/home/pi/wow_ws/install/ICM20948/lib/python3.11/site-packages:${PYTHONPATH} /usr/bin/python3 setup.py develop --editable --build-directory /home/pi/wow_ws/build/ICM20948/build --no-deps install_data
