[4.406s] Invoking command in '/home/pi/wow_ws/build/bno055': PYTHONPATH=/home/pi/wow_ws/build/bno055/prefix_override:/home/pi/wow_ws/install/bno055/lib/python3.11/site-packages:${PYTHONPATH} /usr/bin/python3 setup.py develop --editable --build-directory /home/pi/wow_ws/build/bno055/build --no-deps install_data
[5.584s] running develop
[5.585s] /usr/lib/python3/dist-packages/setuptools/command/easy_install.py:146: EasyInstallDeprecationWarning: easy_install command is deprecated. Use build and pip and other standards-based tools.
[5.585s]   warnings.warn(
[5.684s] /usr/lib/python3/dist-packages/setuptools/command/install.py:34: SetuptoolsDeprecationWarning: setup.py install is deprecated. Use build and pip and other standards-based tools.
[5.684s]   warnings.warn(
[6.171s] running egg_info
[6.219s] writing bno055.egg-info/PKG-INFO
[6.219s] writing dependency_links to bno055.egg-info/dependency_links.txt
[6.221s] writing entry points to bno055.egg-info/entry_points.txt
[6.222s] writing requirements to bno055.egg-info/requires.txt
[6.223s] writing top-level names to bno055.egg-info/top_level.txt
[6.336s] reading manifest file 'bno055.egg-info/SOURCES.txt'
[6.337s] writing manifest file 'bno055.egg-info/SOURCES.txt'
[6.402s] running build_ext
[6.402s] Creating /home/pi/wow_ws/install/bno055/lib/python3.11/site-packages/bno055.egg-link (link to .)
[6.404s] Installing bno055 script to /home/pi/wow_ws/install/bno055/lib/bno055
[6.404s] 
[6.404s] Installed /home/pi/wow_ws/build/bno055
[6.404s] running install_data
[6.614s] Invoked command in '/home/pi/wow_ws/build/bno055' returned '0': PYTHONPATH=/home/pi/wow_ws/build/bno055/prefix_override:/home/pi/wow_ws/install/bno055/lib/python3.11/site-packages:${PYTHONPATH} /usr/bin/python3 setup.py develop --editable --build-directory /home/pi/wow_ws/build/bno055/build --no-deps install_data
