[3.646s] Invoking command in '/home/pi/wow_ws/build/bno055': PYTHONPATH=/home/pi/wow_ws/build/bno055/prefix_override:/home/pi/wow_ws/install/bno055/lib/python3.11/site-packages:${PYTHONPATH} /usr/bin/python3 setup.py develop --editable --build-directory /home/pi/wow_ws/build/bno055/build --no-deps install_data
[5.165s] running develop
[5.166s] /usr/lib/python3/dist-packages/setuptools/command/easy_install.py:146: EasyInstallDeprecationWarning: easy_install command is deprecated. Use build and pip and other standards-based tools.
[5.166s]   warnings.warn(
[5.283s] /usr/lib/python3/dist-packages/setuptools/command/install.py:34: SetuptoolsDeprecationWarning: setup.py install is deprecated. Use build and pip and other standards-based tools.
[5.284s]   warnings.warn(
[5.859s] running egg_info
[5.914s] writing bno055.egg-info/PKG-INFO
[5.915s] writing dependency_links to bno055.egg-info/dependency_links.txt
[5.919s] writing entry points to bno055.egg-info/entry_points.txt
[5.923s] writing requirements to bno055.egg-info/requires.txt
[5.929s] writing top-level names to bno055.egg-info/top_level.txt
[6.051s] reading manifest file 'bno055.egg-info/SOURCES.txt'
[6.053s] writing manifest file 'bno055.egg-info/SOURCES.txt'
[6.121s] running build_ext
[6.121s] Creating /home/pi/wow_ws/install/bno055/lib/python3.11/site-packages/bno055.egg-link (link to .)
[6.121s] Installing bno055 script to /home/pi/wow_ws/install/bno055/lib/bno055
[6.121s] 
[6.121s] Installed /home/pi/wow_ws/build/bno055
[6.121s] running install_data
[6.419s] Invoked command in '/home/pi/wow_ws/build/bno055' returned '0': PYTHONPATH=/home/pi/wow_ws/build/bno055/prefix_override:/home/pi/wow_ws/install/bno055/lib/python3.11/site-packages:${PYTHONPATH} /usr/bin/python3 setup.py develop --editable --build-directory /home/pi/wow_ws/build/bno055/build --no-deps install_data
