running develop
/usr/lib/python3/dist-packages/setuptools/command/easy_install.py:146: EasyInstallDeprecationWarning: easy_install command is deprecated. Use build and pip and other standards-based tools.
  warnings.warn(
/usr/lib/python3/dist-packages/setuptools/command/install.py:34: SetuptoolsDeprecationWarning: setup.py install is deprecated. Use build and pip and other standards-based tools.
  warnings.warn(
running egg_info
creating bno055.egg-info
writing bno055.egg-info/PKG-INFO
writing dependency_links to bno055.egg-info/dependency_links.txt
writing entry points to bno055.egg-info/entry_points.txt
writing requirements to bno055.egg-info/requires.txt
writing top-level names to bno055.egg-info/top_level.txt
writing manifest file 'bno055.egg-info/SOURCES.txt'
reading manifest file 'bno055.egg-info/SOURCES.txt'
writing manifest file 'bno055.egg-info/SOURCES.txt'
running build_ext
Creating /home/pi/wow_ws/install/bno055/lib/python3.11/site-packages/bno055.egg-link (link to .)
Installing bno055 script to /home/pi/wow_ws/install/bno055/lib/bno055

Installed /home/pi/wow_ws/build/bno055
running install_data
creating /home/pi/wow_ws/install/bno055/share/ament_index
creating /home/pi/wow_ws/install/bno055/share/ament_index/resource_index
creating /home/pi/wow_ws/install/bno055/share/ament_index/resource_index/packages
copying resource/bno055 -> /home/pi/wow_ws/install/bno055/share/ament_index/resource_index/packages
copying package.xml -> /home/pi/wow_ws/install/bno055/share/bno055
creating /home/pi/wow_ws/install/bno055/share/bno055/launch
copying launch/bno055.launch.py -> /home/pi/wow_ws/install/bno055/share/bno055/launch
creating /home/pi/wow_ws/install/bno055/share/bno055/config
copying bno055/params/bno055_params_i2c.yaml -> /home/pi/wow_ws/install/bno055/share/bno055/config
copying bno055/params/bno055_params_test.yaml -> /home/pi/wow_ws/install/bno055/share/bno055/config
copying bno055/params/bno055_params.yaml -> /home/pi/wow_ws/install/bno055/share/bno055/config
