[0.049s] Invoking command in '/home/pi/wow_ws/build/rtcm_msgs': CMAKE_PREFIX_PATH=${CMAKE_PREFIX_PATH}:/home/pi/wow_ws/install/ntrip_client:/home/pi/wow_ws/install/bno055:/home/pi/ros2_iron/install/rqt_bag_plugins:/home/pi/ros2_iron/install/rqt_bag:/home/pi/ros2_iron/install/rosbag2_examples_py:/home/pi/ros2_iron/install/launch_testing_examples:/home/pi/ros2_iron/install/ros2bag:/home/pi/ros2_iron/install/tracetools_test:/home/pi/ros2_iron/install/tracetools_launch:/home/pi/ros2_iron/install/topic_monitor:/home/pi/ros2_iron/install/tf2_tools:/home/pi/ros2_iron/install/examples_tf2_py:/home/pi/ros2_iron/install/tf2_ros_py:/home/pi/ros2_iron/install/examples_rclpy_pointcloud_publisher:/home/pi/ros2_iron/install/sensor_msgs_py:/home/pi/ros2_iron/install/quality_of_service_demo_py:/home/pi/ros2_iron/install/rqt_plot:/home/pi/ros2_iron/install/ros2doctor:/home/pi/ros2_iron/install/lifecycle_py:/home/pi/ros2_iron/install/examples_rclpy_minimal_subscriber:/home/pi/ros2_iron/install/examples_rclpy_minimal_service:/home/pi/ros2_iron/install/examples_rclpy_minimal_publisher:/home/pi/ros2_iron/install/examples_rclpy_minimal_client:/home/pi/ros2_iron/install/examples_rclpy_executors:/home/pi/ros2_iron/install/demo_nodes_py:/home/pi/ros2_iron/install/rqt:/home/pi/ros2_iron/install/ros2component:/home/pi/ros2_iron/install/sros2:/home/pi/ros2_iron/install/rqt_topic:/home/pi/ros2_iron/install/rqt_srv:/home/pi/ros2_iron/install/rqt_shell:/home/pi/ros2_iron/install/rqt_service_caller:/home/pi/ros2_iron/install/rqt_reconfigure:/home/pi/ros2_iron/install/rqt_py_console:/home/pi/ros2_iron/install/rqt_publisher:/home/pi/ros2_iron/install/rqt_action:/home/pi/ros2_iron/install/rqt_msg:/home/pi/ros2_iron/install/rqt_console:/home/pi/ros2_iron/install/rqt_graph:/home/pi/ros2_iron/install/rqt_gui_py:/home/pi/ros2_iron/install/rqt_gui:/home/pi/ros2_iron/install/ros2trace:/home/pi/ros2_iron/install/ros2topic:/home/pi/ros2_iron/install/ros2test:/home/pi/ros2_iron/install/ros2param:/home/pi/ros2_iron/install/ros2lifecycle:/home/pi/ros2_iron/install/ros2service:/home/pi/ros2_iron/install/ros2run:/home/pi/ros2_iron/install/ros2launch:/home/pi/ros2_iron/install/ros2pkg:/home/pi/ros2_iron/install/ros2node:/home/pi/ros2_iron/install/ros2multicast:/home/pi/ros2_iron/install/ros2interface:/home/pi/ros2_iron/install/ros2action:/home/pi/ros2_iron/install/ros2cli:/home/pi/ros2_iron/install/launch_testing_ros:/home/pi/ros2_iron/install/launch_ros:/home/pi/ros2_iron/install/examples_rclpy_minimal_action_server:/home/pi/ros2_iron/install/examples_rclpy_minimal_action_client:/home/pi/ros2_iron/install/examples_rclpy_guard_conditions:/home/pi/ros2_iron/install/action_tutorials_py:/home/pi/ros2_iron/install/ament_uncrustify:/home/pi/ros2_iron/install/tracetools_trace:/home/pi/ros2_iron/install/tracetools_read:/home/pi/ros2_iron/install/test_tracetools_launch:/home/pi/ros2_iron/install/test_ros2trace:/home/pi/ros2_iron/install/test_launch_ros:/home/pi/ros2_iron/install/rpyutils:/home/pi/ros2_iron/install/rosidl_runtime_py:/home/pi/ros2_iron/install/rosidl_pycommon:/home/pi/ros2_iron/install/rosidl_cli:/home/pi/ros2_iron/install/launch_pytest:/home/pi/ros2_iron/install/launch_testing:/home/pi/ros2_iron/install/launch_yaml:/home/pi/ros2_iron/install/launch_xml:/home/pi/ros2_iron/install/launch:/home/pi/ros2_iron/install/osrf_pycommon:/home/pi/ros2_iron/install/domain_coordinator:/home/pi/ros2_iron/install/ament_xmllint:/home/pi/ros2_iron/install/ament_pyflakes:/home/pi/ros2_iron/install/ament_pycodestyle:/home/pi/ros2_iron/install/ament_pep257:/home/pi/ros2_iron/install/ament_pclint:/home/pi/ros2_iron/install/ament_package:/home/pi/ros2_iron/install/ament_mypy:/home/pi/ros2_iron/install/ament_lint_cmake:/home/pi/ros2_iron/install/ament_flake8:/home/pi/ros2_iron/install/ament_copyright:/home/pi/ros2_iron/install/ament_lint:/home/pi/ros2_iron/install/ament_index_python:/home/pi/ros2_iron/install/ament_cpplint:/home/pi/ros2_iron/install/ament_cppcheck:/home/pi/ros2_iron/install/ament_clang_tidy:/home/pi/ros2_iron/install/ament_clang_format /usr/bin/cmake --build /home/pi/wow_ws/build/rtcm_msgs -- -j4 -l4
[0.271s] [  2%] Built target rtcm_msgs__rosidl_generator_type_description
[0.277s] [  2%] Built target ament_cmake_python_symlink_rtcm_msgs
[0.378s] [  5%] Built target rtcm_msgs__cpp
[0.396s] [ 20%] Built target rtcm_msgs__rosidl_generator_c
[0.521s] [ 29%] Built target rtcm_msgs__rosidl_typesupport_cpp
[0.550s] [ 47%] Built target rtcm_msgs__rosidl_typesupport_fastrtps_c
[0.551s] [ 47%] Built target rtcm_msgs__rosidl_typesupport_fastrtps_cpp
[0.661s] [ 55%] Built target rtcm_msgs__rosidl_typesupport_introspection_c
[0.673s] [ 64%] Built target rtcm_msgs__rosidl_typesupport_c
[0.710s] [ 73%] Built target rtcm_msgs__rosidl_typesupport_introspection_cpp
[0.827s] [ 73%] Built target rtcm_msgs
[0.924s] [ 76%] Built target rtcm_msgs__py
[1.023s] [ 82%] Built target rtcm_msgs__rosidl_generator_py
[1.195s] [ 88%] Built target rtcm_msgs__rosidl_typesupport_fastrtps_c__pyext
[1.196s] [ 94%] Built target rtcm_msgs__rosidl_typesupport_c__pyext
[1.196s] [100%] Built target rtcm_msgs__rosidl_typesupport_introspection_c__pyext
[1.657s] running egg_info
[1.707s] writing rtcm_msgs.egg-info/PKG-INFO
[1.708s] writing dependency_links to rtcm_msgs.egg-info/dependency_links.txt
[1.709s] writing top-level names to rtcm_msgs.egg-info/top_level.txt
[1.878s] reading manifest file 'rtcm_msgs.egg-info/SOURCES.txt'
[1.880s] writing manifest file 'rtcm_msgs.egg-info/SOURCES.txt'
[2.080s] [100%] Built target ament_cmake_python_build_rtcm_msgs_egg
[2.116s] Invoked command in '/home/pi/wow_ws/build/rtcm_msgs' returned '0': CMAKE_PREFIX_PATH=${CMAKE_PREFIX_PATH}:/home/pi/wow_ws/install/ntrip_client:/home/pi/wow_ws/install/bno055:/home/pi/ros2_iron/install/rqt_bag_plugins:/home/pi/ros2_iron/install/rqt_bag:/home/pi/ros2_iron/install/rosbag2_examples_py:/home/pi/ros2_iron/install/launch_testing_examples:/home/pi/ros2_iron/install/ros2bag:/home/pi/ros2_iron/install/tracetools_test:/home/pi/ros2_iron/install/tracetools_launch:/home/pi/ros2_iron/install/topic_monitor:/home/pi/ros2_iron/install/tf2_tools:/home/pi/ros2_iron/install/examples_tf2_py:/home/pi/ros2_iron/install/tf2_ros_py:/home/pi/ros2_iron/install/examples_rclpy_pointcloud_publisher:/home/pi/ros2_iron/install/sensor_msgs_py:/home/pi/ros2_iron/install/quality_of_service_demo_py:/home/pi/ros2_iron/install/rqt_plot:/home/pi/ros2_iron/install/ros2doctor:/home/pi/ros2_iron/install/lifecycle_py:/home/pi/ros2_iron/install/examples_rclpy_minimal_subscriber:/home/pi/ros2_iron/install/examples_rclpy_minimal_service:/home/pi/ros2_iron/install/examples_rclpy_minimal_publisher:/home/pi/ros2_iron/install/examples_rclpy_minimal_client:/home/pi/ros2_iron/install/examples_rclpy_executors:/home/pi/ros2_iron/install/demo_nodes_py:/home/pi/ros2_iron/install/rqt:/home/pi/ros2_iron/install/ros2component:/home/pi/ros2_iron/install/sros2:/home/pi/ros2_iron/install/rqt_topic:/home/pi/ros2_iron/install/rqt_srv:/home/pi/ros2_iron/install/rqt_shell:/home/pi/ros2_iron/install/rqt_service_caller:/home/pi/ros2_iron/install/rqt_reconfigure:/home/pi/ros2_iron/install/rqt_py_console:/home/pi/ros2_iron/install/rqt_publisher:/home/pi/ros2_iron/install/rqt_action:/home/pi/ros2_iron/install/rqt_msg:/home/pi/ros2_iron/install/rqt_console:/home/pi/ros2_iron/install/rqt_graph:/home/pi/ros2_iron/install/rqt_gui_py:/home/pi/ros2_iron/install/rqt_gui:/home/pi/ros2_iron/install/ros2trace:/home/pi/ros2_iron/install/ros2topic:/home/pi/ros2_iron/install/ros2test:/home/pi/ros2_iron/install/ros2param:/home/pi/ros2_iron/install/ros2lifecycle:/home/pi/ros2_iron/install/ros2service:/home/pi/ros2_iron/install/ros2run:/home/pi/ros2_iron/install/ros2launch:/home/pi/ros2_iron/install/ros2pkg:/home/pi/ros2_iron/install/ros2node:/home/pi/ros2_iron/install/ros2multicast:/home/pi/ros2_iron/install/ros2interface:/home/pi/ros2_iron/install/ros2action:/home/pi/ros2_iron/install/ros2cli:/home/pi/ros2_iron/install/launch_testing_ros:/home/pi/ros2_iron/install/launch_ros:/home/pi/ros2_iron/install/examples_rclpy_minimal_action_server:/home/pi/ros2_iron/install/examples_rclpy_minimal_action_client:/home/pi/ros2_iron/install/examples_rclpy_guard_conditions:/home/pi/ros2_iron/install/action_tutorials_py:/home/pi/ros2_iron/install/ament_uncrustify:/home/pi/ros2_iron/install/tracetools_trace:/home/pi/ros2_iron/install/tracetools_read:/home/pi/ros2_iron/install/test_tracetools_launch:/home/pi/ros2_iron/install/test_ros2trace:/home/pi/ros2_iron/install/test_launch_ros:/home/pi/ros2_iron/install/rpyutils:/home/pi/ros2_iron/install/rosidl_runtime_py:/home/pi/ros2_iron/install/rosidl_pycommon:/home/pi/ros2_iron/install/rosidl_cli:/home/pi/ros2_iron/install/launch_pytest:/home/pi/ros2_iron/install/launch_testing:/home/pi/ros2_iron/install/launch_yaml:/home/pi/ros2_iron/install/launch_xml:/home/pi/ros2_iron/install/launch:/home/pi/ros2_iron/install/osrf_pycommon:/home/pi/ros2_iron/install/domain_coordinator:/home/pi/ros2_iron/install/ament_xmllint:/home/pi/ros2_iron/install/ament_pyflakes:/home/pi/ros2_iron/install/ament_pycodestyle:/home/pi/ros2_iron/install/ament_pep257:/home/pi/ros2_iron/install/ament_pclint:/home/pi/ros2_iron/install/ament_package:/home/pi/ros2_iron/install/ament_mypy:/home/pi/ros2_iron/install/ament_lint_cmake:/home/pi/ros2_iron/install/ament_flake8:/home/pi/ros2_iron/install/ament_copyright:/home/pi/ros2_iron/install/ament_lint:/home/pi/ros2_iron/install/ament_index_python:/home/pi/ros2_iron/install/ament_cpplint:/home/pi/ros2_iron/install/ament_cppcheck:/home/pi/ros2_iron/install/ament_clang_tidy:/home/pi/ros2_iron/install/ament_clang_format /usr/bin/cmake --build /home/pi/wow_ws/build/rtcm_msgs -- -j4 -l4
[2.392s] Invoking command in '/home/pi/wow_ws/build/rtcm_msgs': CMAKE_PREFIX_PATH=${CMAKE_PREFIX_PATH}:/home/pi/wow_ws/install/ntrip_client:/home/pi/wow_ws/install/bno055:/home/pi/ros2_iron/install/rqt_bag_plugins:/home/pi/ros2_iron/install/rqt_bag:/home/pi/ros2_iron/install/rosbag2_examples_py:/home/pi/ros2_iron/install/launch_testing_examples:/home/pi/ros2_iron/install/ros2bag:/home/pi/ros2_iron/install/tracetools_test:/home/pi/ros2_iron/install/tracetools_launch:/home/pi/ros2_iron/install/topic_monitor:/home/pi/ros2_iron/install/tf2_tools:/home/pi/ros2_iron/install/examples_tf2_py:/home/pi/ros2_iron/install/tf2_ros_py:/home/pi/ros2_iron/install/examples_rclpy_pointcloud_publisher:/home/pi/ros2_iron/install/sensor_msgs_py:/home/pi/ros2_iron/install/quality_of_service_demo_py:/home/pi/ros2_iron/install/rqt_plot:/home/pi/ros2_iron/install/ros2doctor:/home/pi/ros2_iron/install/lifecycle_py:/home/pi/ros2_iron/install/examples_rclpy_minimal_subscriber:/home/pi/ros2_iron/install/examples_rclpy_minimal_service:/home/pi/ros2_iron/install/examples_rclpy_minimal_publisher:/home/pi/ros2_iron/install/examples_rclpy_minimal_client:/home/pi/ros2_iron/install/examples_rclpy_executors:/home/pi/ros2_iron/install/demo_nodes_py:/home/pi/ros2_iron/install/rqt:/home/pi/ros2_iron/install/ros2component:/home/pi/ros2_iron/install/sros2:/home/pi/ros2_iron/install/rqt_topic:/home/pi/ros2_iron/install/rqt_srv:/home/pi/ros2_iron/install/rqt_shell:/home/pi/ros2_iron/install/rqt_service_caller:/home/pi/ros2_iron/install/rqt_reconfigure:/home/pi/ros2_iron/install/rqt_py_console:/home/pi/ros2_iron/install/rqt_publisher:/home/pi/ros2_iron/install/rqt_action:/home/pi/ros2_iron/install/rqt_msg:/home/pi/ros2_iron/install/rqt_console:/home/pi/ros2_iron/install/rqt_graph:/home/pi/ros2_iron/install/rqt_gui_py:/home/pi/ros2_iron/install/rqt_gui:/home/pi/ros2_iron/install/ros2trace:/home/pi/ros2_iron/install/ros2topic:/home/pi/ros2_iron/install/ros2test:/home/pi/ros2_iron/install/ros2param:/home/pi/ros2_iron/install/ros2lifecycle:/home/pi/ros2_iron/install/ros2service:/home/pi/ros2_iron/install/ros2run:/home/pi/ros2_iron/install/ros2launch:/home/pi/ros2_iron/install/ros2pkg:/home/pi/ros2_iron/install/ros2node:/home/pi/ros2_iron/install/ros2multicast:/home/pi/ros2_iron/install/ros2interface:/home/pi/ros2_iron/install/ros2action:/home/pi/ros2_iron/install/ros2cli:/home/pi/ros2_iron/install/launch_testing_ros:/home/pi/ros2_iron/install/launch_ros:/home/pi/ros2_iron/install/examples_rclpy_minimal_action_server:/home/pi/ros2_iron/install/examples_rclpy_minimal_action_client:/home/pi/ros2_iron/install/examples_rclpy_guard_conditions:/home/pi/ros2_iron/install/action_tutorials_py:/home/pi/ros2_iron/install/ament_uncrustify:/home/pi/ros2_iron/install/tracetools_trace:/home/pi/ros2_iron/install/tracetools_read:/home/pi/ros2_iron/install/test_tracetools_launch:/home/pi/ros2_iron/install/test_ros2trace:/home/pi/ros2_iron/install/test_launch_ros:/home/pi/ros2_iron/install/rpyutils:/home/pi/ros2_iron/install/rosidl_runtime_py:/home/pi/ros2_iron/install/rosidl_pycommon:/home/pi/ros2_iron/install/rosidl_cli:/home/pi/ros2_iron/install/launch_pytest:/home/pi/ros2_iron/install/launch_testing:/home/pi/ros2_iron/install/launch_yaml:/home/pi/ros2_iron/install/launch_xml:/home/pi/ros2_iron/install/launch:/home/pi/ros2_iron/install/osrf_pycommon:/home/pi/ros2_iron/install/domain_coordinator:/home/pi/ros2_iron/install/ament_xmllint:/home/pi/ros2_iron/install/ament_pyflakes:/home/pi/ros2_iron/install/ament_pycodestyle:/home/pi/ros2_iron/install/ament_pep257:/home/pi/ros2_iron/install/ament_pclint:/home/pi/ros2_iron/install/ament_package:/home/pi/ros2_iron/install/ament_mypy:/home/pi/ros2_iron/install/ament_lint_cmake:/home/pi/ros2_iron/install/ament_flake8:/home/pi/ros2_iron/install/ament_copyright:/home/pi/ros2_iron/install/ament_lint:/home/pi/ros2_iron/install/ament_index_python:/home/pi/ros2_iron/install/ament_cpplint:/home/pi/ros2_iron/install/ament_cppcheck:/home/pi/ros2_iron/install/ament_clang_tidy:/home/pi/ros2_iron/install/ament_clang_format /usr/bin/cmake --install /home/pi/wow_ws/build/rtcm_msgs
[2.424s] -- Install configuration: ""
[2.425s] -- Execute custom install script
[2.425s] -- Up-to-date symlink: /home/pi/wow_ws/install/rtcm_msgs/share/ament_index/resource_index/rosidl_interfaces/rtcm_msgs
[2.426s] -- Up-to-date symlink: /home/pi/wow_ws/install/rtcm_msgs/share/rtcm_msgs/msg/Message.json
[2.428s] -- Up-to-date symlink: /home/pi/wow_ws/install/rtcm_msgs/include/rtcm_msgs/rtcm_msgs/msg/detail/message__functions.h
[2.428s] -- Up-to-date symlink: /home/pi/wow_ws/install/rtcm_msgs/include/rtcm_msgs/rtcm_msgs/msg/detail/message__struct.h
[2.429s] -- Up-to-date symlink: /home/pi/wow_ws/install/rtcm_msgs/include/rtcm_msgs/rtcm_msgs/msg/detail/message__type_support.h
[2.429s] -- Up-to-date symlink: /home/pi/wow_ws/install/rtcm_msgs/include/rtcm_msgs/rtcm_msgs/msg/message.h
[2.430s] -- Up-to-date symlink: /home/pi/wow_ws/install/rtcm_msgs/include/rtcm_msgs/rtcm_msgs/msg/rosidl_generator_c__visibility_control.h
[2.430s] -- Up-to-date symlink: /home/pi/wow_ws/install/rtcm_msgs/share/rtcm_msgs/environment/library_path.sh
[2.431s] -- Up-to-date symlink: /home/pi/wow_ws/install/rtcm_msgs/share/rtcm_msgs/environment/library_path.dsv
[2.432s] -- Up-to-date symlink: /home/pi/wow_ws/install/rtcm_msgs/include/rtcm_msgs/rtcm_msgs/msg/detail/message__rosidl_typesupport_fastrtps_c.h
[2.433s] -- Up-to-date symlink: /home/pi/wow_ws/install/rtcm_msgs/include/rtcm_msgs/rtcm_msgs/msg/rosidl_typesupport_fastrtps_c__visibility_control.h
[2.433s] -- Up-to-date symlink: /home/pi/wow_ws/install/rtcm_msgs/include/rtcm_msgs/rtcm_msgs/msg/detail/message__builder.hpp
[2.433s] -- Up-to-date symlink: /home/pi/wow_ws/install/rtcm_msgs/include/rtcm_msgs/rtcm_msgs/msg/detail/message__struct.hpp
[2.434s] -- Up-to-date symlink: /home/pi/wow_ws/install/rtcm_msgs/include/rtcm_msgs/rtcm_msgs/msg/detail/message__traits.hpp
[2.434s] -- Up-to-date symlink: /home/pi/wow_ws/install/rtcm_msgs/include/rtcm_msgs/rtcm_msgs/msg/message.hpp
[2.435s] -- Up-to-date symlink: /home/pi/wow_ws/install/rtcm_msgs/include/rtcm_msgs/rtcm_msgs/msg/detail/message__rosidl_typesupport_fastrtps_cpp.hpp
[2.436s] -- Up-to-date symlink: /home/pi/wow_ws/install/rtcm_msgs/include/rtcm_msgs/rtcm_msgs/msg/rosidl_typesupport_fastrtps_cpp__visibility_control.h
[2.436s] -- Up-to-date symlink: /home/pi/wow_ws/install/rtcm_msgs/include/rtcm_msgs/rtcm_msgs/msg/detail/message__rosidl_typesupport_introspection_c.h
[2.436s] -- Up-to-date symlink: /home/pi/wow_ws/install/rtcm_msgs/include/rtcm_msgs/rtcm_msgs/msg/rosidl_typesupport_introspection_c__visibility_control.h
[2.437s] -- Up-to-date symlink: /home/pi/wow_ws/install/rtcm_msgs/include/rtcm_msgs/rtcm_msgs/msg/detail/message__rosidl_typesupport_introspection_cpp.hpp
[2.438s] -- Up-to-date symlink: /home/pi/wow_ws/install/rtcm_msgs/share/rtcm_msgs/environment/pythonpath.sh
[2.438s] -- Up-to-date symlink: /home/pi/wow_ws/install/rtcm_msgs/share/rtcm_msgs/environment/pythonpath.dsv
[2.438s] -- Up-to-date symlink: /home/pi/wow_ws/install/rtcm_msgs/lib/python3.11/site-packages/rtcm_msgs-1.1.6-py3.11.egg-info/PKG-INFO
[2.440s] -- Up-to-date symlink: /home/pi/wow_ws/install/rtcm_msgs/lib/python3.11/site-packages/rtcm_msgs-1.1.6-py3.11.egg-info/SOURCES.txt
[2.441s] -- Up-to-date symlink: /home/pi/wow_ws/install/rtcm_msgs/lib/python3.11/site-packages/rtcm_msgs-1.1.6-py3.11.egg-info/dependency_links.txt
[2.441s] -- Up-to-date symlink: /home/pi/wow_ws/install/rtcm_msgs/lib/python3.11/site-packages/rtcm_msgs-1.1.6-py3.11.egg-info/top_level.txt
[2.442s] -- Up-to-date symlink: /home/pi/wow_ws/install/rtcm_msgs/lib/python3.11/site-packages/rtcm_msgs/__init__.py
[2.443s] -- Up-to-date symlink: /home/pi/wow_ws/install/rtcm_msgs/lib/python3.11/site-packages/rtcm_msgs/_rtcm_msgs_s.ep.rosidl_typesupport_c.c
[2.443s] -- Up-to-date symlink: /home/pi/wow_ws/install/rtcm_msgs/lib/python3.11/site-packages/rtcm_msgs/_rtcm_msgs_s.ep.rosidl_typesupport_fastrtps_c.c
[2.444s] -- Up-to-date symlink: /home/pi/wow_ws/install/rtcm_msgs/lib/python3.11/site-packages/rtcm_msgs/_rtcm_msgs_s.ep.rosidl_typesupport_introspection_c.c
[2.444s] -- Up-to-date symlink: /home/pi/wow_ws/install/rtcm_msgs/lib/python3.11/site-packages/rtcm_msgs/librtcm_msgs__rosidl_generator_py.so
[2.444s] -- Up-to-date symlink: /home/pi/wow_ws/install/rtcm_msgs/lib/python3.11/site-packages/rtcm_msgs/msg/__init__.py
[2.444s] -- Up-to-date symlink: /home/pi/wow_ws/install/rtcm_msgs/lib/python3.11/site-packages/rtcm_msgs/msg/_message.py
[2.445s] -- Up-to-date symlink: /home/pi/wow_ws/install/rtcm_msgs/lib/python3.11/site-packages/rtcm_msgs/msg/_message_s.c
[2.445s] -- Up-to-date symlink: /home/pi/wow_ws/install/rtcm_msgs/lib/python3.11/site-packages/rtcm_msgs/rtcm_msgs_s__rosidl_typesupport_c.cpython-311-aarch64-linux-gnu.so
[2.446s] -- Up-to-date symlink: /home/pi/wow_ws/install/rtcm_msgs/lib/python3.11/site-packages/rtcm_msgs/rtcm_msgs_s__rosidl_typesupport_fastrtps_c.cpython-311-aarch64-linux-gnu.so
[2.446s] -- Up-to-date symlink: /home/pi/wow_ws/install/rtcm_msgs/lib/python3.11/site-packages/rtcm_msgs/rtcm_msgs_s__rosidl_typesupport_introspection_c.cpython-311-aarch64-linux-gnu.so
[2.447s] -- Up-to-date symlink: /home/pi/wow_ws/install/rtcm_msgs/lib/python3.11/site-packages/rtcm_msgs/rtcm_msgs_s__rosidl_typesupport_introspection_c.cpython-311-aarch64-linux-gnu.so
[2.447s] -- Up-to-date symlink: /home/pi/wow_ws/install/rtcm_msgs/lib/python3.11/site-packages/rtcm_msgs/rtcm_msgs_s__rosidl_typesupport_fastrtps_c.cpython-311-aarch64-linux-gnu.so
[2.448s] -- Up-to-date symlink: /home/pi/wow_ws/install/rtcm_msgs/lib/python3.11/site-packages/rtcm_msgs/rtcm_msgs_s__rosidl_typesupport_c.cpython-311-aarch64-linux-gnu.so
[2.448s] -- Up-to-date symlink: /home/pi/wow_ws/install/rtcm_msgs/share/rtcm_msgs/msg/Message.idl
[2.448s] -- Up-to-date symlink: /home/pi/wow_ws/install/rtcm_msgs/share/rtcm_msgs/msg/Message.msg
[2.449s] -- Up-to-date symlink: /home/pi/wow_ws/install/rtcm_msgs/share/ament_index/resource_index/package_run_dependencies/rtcm_msgs
[2.450s] -- Up-to-date symlink: /home/pi/wow_ws/install/rtcm_msgs/share/ament_index/resource_index/parent_prefix_path/rtcm_msgs
[2.450s] -- Up-to-date symlink: /home/pi/wow_ws/install/rtcm_msgs/share/rtcm_msgs/environment/ament_prefix_path.sh
[2.450s] -- Up-to-date symlink: /home/pi/wow_ws/install/rtcm_msgs/share/rtcm_msgs/environment/ament_prefix_path.dsv
[2.451s] -- Up-to-date symlink: /home/pi/wow_ws/install/rtcm_msgs/share/rtcm_msgs/environment/path.sh
[2.451s] -- Up-to-date symlink: /home/pi/wow_ws/install/rtcm_msgs/share/rtcm_msgs/environment/path.dsv
[2.452s] -- Up-to-date symlink: /home/pi/wow_ws/install/rtcm_msgs/share/rtcm_msgs/local_setup.bash
[2.452s] -- Up-to-date symlink: /home/pi/wow_ws/install/rtcm_msgs/share/rtcm_msgs/local_setup.sh
[2.452s] -- Up-to-date symlink: /home/pi/wow_ws/install/rtcm_msgs/share/rtcm_msgs/local_setup.zsh
[2.453s] -- Up-to-date symlink: /home/pi/wow_ws/install/rtcm_msgs/share/rtcm_msgs/local_setup.dsv
[2.453s] -- Symlinking: /home/pi/wow_ws/install/rtcm_msgs/share/rtcm_msgs/package.dsv
[2.489s] -- Up-to-date symlink: /home/pi/wow_ws/install/rtcm_msgs/share/ament_index/resource_index/packages/rtcm_msgs
[2.489s] -- Up-to-date symlink: /home/pi/wow_ws/install/rtcm_msgs/share/rtcm_msgs/cmake/rosidl_cmake-extras.cmake
[2.489s] -- Up-to-date symlink: /home/pi/wow_ws/install/rtcm_msgs/share/rtcm_msgs/cmake/ament_cmake_export_dependencies-extras.cmake
[2.490s] -- Up-to-date symlink: /home/pi/wow_ws/install/rtcm_msgs/share/rtcm_msgs/cmake/ament_cmake_export_include_directories-extras.cmake
[2.490s] -- Up-to-date symlink: /home/pi/wow_ws/install/rtcm_msgs/share/rtcm_msgs/cmake/ament_cmake_export_libraries-extras.cmake
[2.490s] -- Up-to-date symlink: /home/pi/wow_ws/install/rtcm_msgs/share/rtcm_msgs/cmake/ament_cmake_export_targets-extras.cmake
[2.492s] -- Up-to-date symlink: /home/pi/wow_ws/install/rtcm_msgs/share/rtcm_msgs/cmake/rosidl_cmake_export_typesupport_targets-extras.cmake
[2.492s] -- Up-to-date symlink: /home/pi/wow_ws/install/rtcm_msgs/share/rtcm_msgs/cmake/rosidl_cmake_export_typesupport_libraries-extras.cmake
[2.493s] -- Up-to-date symlink: /home/pi/wow_ws/install/rtcm_msgs/share/rtcm_msgs/cmake/rtcm_msgsConfig.cmake
[2.493s] -- Up-to-date symlink: /home/pi/wow_ws/install/rtcm_msgs/share/rtcm_msgs/cmake/rtcm_msgsConfig-version.cmake
[2.494s] -- Up-to-date symlink: /home/pi/wow_ws/install/rtcm_msgs/share/rtcm_msgs/package.xml
[2.494s] -- Up-to-date: /home/pi/wow_ws/install/rtcm_msgs/lib/librtcm_msgs__rosidl_generator_c.so
[2.495s] -- Up-to-date: /home/pi/wow_ws/install/rtcm_msgs/lib/librtcm_msgs__rosidl_typesupport_fastrtps_c.so
[2.495s] -- Up-to-date: /home/pi/wow_ws/install/rtcm_msgs/lib/librtcm_msgs__rosidl_typesupport_fastrtps_cpp.so
[2.496s] -- Up-to-date: /home/pi/wow_ws/install/rtcm_msgs/lib/librtcm_msgs__rosidl_typesupport_introspection_c.so
[2.496s] -- Up-to-date: /home/pi/wow_ws/install/rtcm_msgs/lib/librtcm_msgs__rosidl_typesupport_c.so
[2.497s] -- Up-to-date: /home/pi/wow_ws/install/rtcm_msgs/lib/librtcm_msgs__rosidl_typesupport_introspection_cpp.so
[2.498s] -- Up-to-date: /home/pi/wow_ws/install/rtcm_msgs/lib/librtcm_msgs__rosidl_typesupport_cpp.so
[2.731s] Listing '/home/pi/wow_ws/install/rtcm_msgs/lib/python3.11/site-packages/rtcm_msgs'...
[2.731s] Listing '/home/pi/wow_ws/install/rtcm_msgs/lib/python3.11/site-packages/rtcm_msgs/msg'...
[2.752s] -- Up-to-date: /home/pi/wow_ws/install/rtcm_msgs/lib/librtcm_msgs__rosidl_generator_py.so
[2.752s] -- Up-to-date: /home/pi/wow_ws/install/rtcm_msgs/share/rtcm_msgs/cmake/export_rtcm_msgs__rosidl_generator_cExport.cmake
[2.752s] -- Up-to-date: /home/pi/wow_ws/install/rtcm_msgs/share/rtcm_msgs/cmake/export_rtcm_msgs__rosidl_generator_cExport-noconfig.cmake
[2.752s] -- Up-to-date: /home/pi/wow_ws/install/rtcm_msgs/share/rtcm_msgs/cmake/export_rtcm_msgs__rosidl_typesupport_fastrtps_cExport.cmake
[2.752s] -- Up-to-date: /home/pi/wow_ws/install/rtcm_msgs/share/rtcm_msgs/cmake/export_rtcm_msgs__rosidl_typesupport_fastrtps_cExport-noconfig.cmake
[2.752s] -- Up-to-date: /home/pi/wow_ws/install/rtcm_msgs/share/rtcm_msgs/cmake/export_rtcm_msgs__rosidl_generator_cppExport.cmake
[2.752s] -- Up-to-date: /home/pi/wow_ws/install/rtcm_msgs/share/rtcm_msgs/cmake/export_rtcm_msgs__rosidl_typesupport_fastrtps_cppExport.cmake
[2.752s] -- Up-to-date: /home/pi/wow_ws/install/rtcm_msgs/share/rtcm_msgs/cmake/export_rtcm_msgs__rosidl_typesupport_fastrtps_cppExport-noconfig.cmake
[2.752s] -- Up-to-date: /home/pi/wow_ws/install/rtcm_msgs/share/rtcm_msgs/cmake/rtcm_msgs__rosidl_typesupport_introspection_cExport.cmake
[2.752s] -- Up-to-date: /home/pi/wow_ws/install/rtcm_msgs/share/rtcm_msgs/cmake/rtcm_msgs__rosidl_typesupport_introspection_cExport-noconfig.cmake
[2.752s] -- Up-to-date: /home/pi/wow_ws/install/rtcm_msgs/share/rtcm_msgs/cmake/rtcm_msgs__rosidl_typesupport_cExport.cmake
[2.752s] -- Up-to-date: /home/pi/wow_ws/install/rtcm_msgs/share/rtcm_msgs/cmake/rtcm_msgs__rosidl_typesupport_cExport-noconfig.cmake
[2.752s] -- Up-to-date: /home/pi/wow_ws/install/rtcm_msgs/share/rtcm_msgs/cmake/rtcm_msgs__rosidl_typesupport_introspection_cppExport.cmake
[2.753s] -- Up-to-date: /home/pi/wow_ws/install/rtcm_msgs/share/rtcm_msgs/cmake/rtcm_msgs__rosidl_typesupport_introspection_cppExport-noconfig.cmake
[2.753s] -- Up-to-date: /home/pi/wow_ws/install/rtcm_msgs/share/rtcm_msgs/cmake/rtcm_msgs__rosidl_typesupport_cppExport.cmake
[2.755s] -- Up-to-date: /home/pi/wow_ws/install/rtcm_msgs/share/rtcm_msgs/cmake/rtcm_msgs__rosidl_typesupport_cppExport-noconfig.cmake
[2.755s] -- Up-to-date: /home/pi/wow_ws/install/rtcm_msgs/share/rtcm_msgs/cmake/export_rtcm_msgs__rosidl_generator_pyExport.cmake
[2.755s] -- Up-to-date: /home/pi/wow_ws/install/rtcm_msgs/share/rtcm_msgs/cmake/export_rtcm_msgs__rosidl_generator_pyExport-noconfig.cmake
[2.769s] Invoked command in '/home/pi/wow_ws/build/rtcm_msgs' returned '0': CMAKE_PREFIX_PATH=${CMAKE_PREFIX_PATH}:/home/pi/wow_ws/install/ntrip_client:/home/pi/wow_ws/install/bno055:/home/pi/ros2_iron/install/rqt_bag_plugins:/home/pi/ros2_iron/install/rqt_bag:/home/pi/ros2_iron/install/rosbag2_examples_py:/home/pi/ros2_iron/install/launch_testing_examples:/home/pi/ros2_iron/install/ros2bag:/home/pi/ros2_iron/install/tracetools_test:/home/pi/ros2_iron/install/tracetools_launch:/home/pi/ros2_iron/install/topic_monitor:/home/pi/ros2_iron/install/tf2_tools:/home/pi/ros2_iron/install/examples_tf2_py:/home/pi/ros2_iron/install/tf2_ros_py:/home/pi/ros2_iron/install/examples_rclpy_pointcloud_publisher:/home/pi/ros2_iron/install/sensor_msgs_py:/home/pi/ros2_iron/install/quality_of_service_demo_py:/home/pi/ros2_iron/install/rqt_plot:/home/pi/ros2_iron/install/ros2doctor:/home/pi/ros2_iron/install/lifecycle_py:/home/pi/ros2_iron/install/examples_rclpy_minimal_subscriber:/home/pi/ros2_iron/install/examples_rclpy_minimal_service:/home/pi/ros2_iron/install/examples_rclpy_minimal_publisher:/home/pi/ros2_iron/install/examples_rclpy_minimal_client:/home/pi/ros2_iron/install/examples_rclpy_executors:/home/pi/ros2_iron/install/demo_nodes_py:/home/pi/ros2_iron/install/rqt:/home/pi/ros2_iron/install/ros2component:/home/pi/ros2_iron/install/sros2:/home/pi/ros2_iron/install/rqt_topic:/home/pi/ros2_iron/install/rqt_srv:/home/pi/ros2_iron/install/rqt_shell:/home/pi/ros2_iron/install/rqt_service_caller:/home/pi/ros2_iron/install/rqt_reconfigure:/home/pi/ros2_iron/install/rqt_py_console:/home/pi/ros2_iron/install/rqt_publisher:/home/pi/ros2_iron/install/rqt_action:/home/pi/ros2_iron/install/rqt_msg:/home/pi/ros2_iron/install/rqt_console:/home/pi/ros2_iron/install/rqt_graph:/home/pi/ros2_iron/install/rqt_gui_py:/home/pi/ros2_iron/install/rqt_gui:/home/pi/ros2_iron/install/ros2trace:/home/pi/ros2_iron/install/ros2topic:/home/pi/ros2_iron/install/ros2test:/home/pi/ros2_iron/install/ros2param:/home/pi/ros2_iron/install/ros2lifecycle:/home/pi/ros2_iron/install/ros2service:/home/pi/ros2_iron/install/ros2run:/home/pi/ros2_iron/install/ros2launch:/home/pi/ros2_iron/install/ros2pkg:/home/pi/ros2_iron/install/ros2node:/home/pi/ros2_iron/install/ros2multicast:/home/pi/ros2_iron/install/ros2interface:/home/pi/ros2_iron/install/ros2action:/home/pi/ros2_iron/install/ros2cli:/home/pi/ros2_iron/install/launch_testing_ros:/home/pi/ros2_iron/install/launch_ros:/home/pi/ros2_iron/install/examples_rclpy_minimal_action_server:/home/pi/ros2_iron/install/examples_rclpy_minimal_action_client:/home/pi/ros2_iron/install/examples_rclpy_guard_conditions:/home/pi/ros2_iron/install/action_tutorials_py:/home/pi/ros2_iron/install/ament_uncrustify:/home/pi/ros2_iron/install/tracetools_trace:/home/pi/ros2_iron/install/tracetools_read:/home/pi/ros2_iron/install/test_tracetools_launch:/home/pi/ros2_iron/install/test_ros2trace:/home/pi/ros2_iron/install/test_launch_ros:/home/pi/ros2_iron/install/rpyutils:/home/pi/ros2_iron/install/rosidl_runtime_py:/home/pi/ros2_iron/install/rosidl_pycommon:/home/pi/ros2_iron/install/rosidl_cli:/home/pi/ros2_iron/install/launch_pytest:/home/pi/ros2_iron/install/launch_testing:/home/pi/ros2_iron/install/launch_yaml:/home/pi/ros2_iron/install/launch_xml:/home/pi/ros2_iron/install/launch:/home/pi/ros2_iron/install/osrf_pycommon:/home/pi/ros2_iron/install/domain_coordinator:/home/pi/ros2_iron/install/ament_xmllint:/home/pi/ros2_iron/install/ament_pyflakes:/home/pi/ros2_iron/install/ament_pycodestyle:/home/pi/ros2_iron/install/ament_pep257:/home/pi/ros2_iron/install/ament_pclint:/home/pi/ros2_iron/install/ament_package:/home/pi/ros2_iron/install/ament_mypy:/home/pi/ros2_iron/install/ament_lint_cmake:/home/pi/ros2_iron/install/ament_flake8:/home/pi/ros2_iron/install/ament_copyright:/home/pi/ros2_iron/install/ament_lint:/home/pi/ros2_iron/install/ament_index_python:/home/pi/ros2_iron/install/ament_cpplint:/home/pi/ros2_iron/install/ament_cppcheck:/home/pi/ros2_iron/install/ament_clang_tidy:/home/pi/ros2_iron/install/ament_clang_format /usr/bin/cmake --install /home/pi/wow_ws/build/rtcm_msgs
