[2.790s] Invoking command in '/home/pi/wow_ws/build/bno055': PYTHONPATH=/home/pi/wow_ws/build/bno055/prefix_override:/home/pi/wow_ws/install/bno055/lib/python3.11/site-packages:${PYTHONPATH} /usr/bin/python3 setup.py develop --editable --build-directory /home/pi/wow_ws/build/bno055/build --no-deps install_data
[3.780s] running develop
[3.780s] /usr/lib/python3/dist-packages/setuptools/command/easy_install.py:146: EasyInstallDeprecationWarning: easy_install command is deprecated. Use build and pip and other standards-based tools.
[3.780s]   warnings.warn(
[3.861s] /usr/lib/python3/dist-packages/setuptools/command/install.py:34: SetuptoolsDeprecationWarning: setup.py install is deprecated. Use build and pip and other standards-based tools.
[3.861s]   warnings.warn(
[4.270s] running egg_info
[4.307s] writing bno055.egg-info/PKG-INFO
[4.307s] writing dependency_links to bno055.egg-info/dependency_links.txt
[4.309s] writing entry points to bno055.egg-info/entry_points.txt
[4.313s] writing requirements to bno055.egg-info/requires.txt
[4.314s] writing top-level names to bno055.egg-info/top_level.txt
[4.393s] reading manifest file 'bno055.egg-info/SOURCES.txt'
[4.396s] writing manifest file 'bno055.egg-info/SOURCES.txt'
[4.441s] running build_ext
[4.441s] Creating /home/pi/wow_ws/install/bno055/lib/python3.11/site-packages/bno055.egg-link (link to .)
[4.442s] Installing bno055 script to /home/pi/wow_ws/install/bno055/lib/bno055
[4.442s] 
[4.442s] Installed /home/pi/wow_ws/build/bno055
[4.442s] running install_data
[4.627s] Invoked command in '/home/pi/wow_ws/build/bno055' returned '0': PYTHONPATH=/home/pi/wow_ws/build/bno055/prefix_override:/home/pi/wow_ws/install/bno055/lib/python3.11/site-packages:${PYTHONPATH} /usr/bin/python3 setup.py develop --editable --build-directory /home/pi/wow_ws/build/bno055/build --no-deps install_data
