-- The CXX compiler identification is GNU 12.2.0
-- Detecting CXX compiler ABI info
-- Detecting CXX compiler ABI info - done
-- Check for working CXX compiler: /usr/bin/c++ - skipped
-- Detecting CXX compile features
-- Detecting CXX compile features - done
-- Found OpenSSL: /usr/lib/aarch64-linux-gnu/libcrypto.so (found version "3.0.11")  
-- Performing Test CMAKE_HAVE_LIBC_PTHREAD
-- Performing Test CMAKE_HAVE_LIBC_PTHREAD - Success
-- Found Threads: TRUE  
-- Found ZLIB: /usr/lib/aarch64-linux-gnu/libz.so (found version "1.2.13") 
-- Using standalone ASIO
-- ROS_VERSION: 2
-- ROS_DISTRO: iron
-- ROS_ROOT: 
-- Building with ament_cmake
-- Found ament_cmake: 2.0.5 (/home/pi/ros2_iron/install/ament_cmake/share/ament_cmake/cmake)
-- Found Python3: /usr/bin/python3 (found version "3.11.2") found components: Interpreter 
-- Override CMake install command with custom implementation using symlinks instead of copying resources
-- Found rosgraph_msgs: 1.6.0 (/home/pi/ros2_iron/install/rosgraph_msgs/share/rosgraph_msgs/cmake)
-- Found rosidl_generator_c: 4.0.1 (/home/pi/ros2_iron/install/rosidl_generator_c/share/rosidl_generator_c/cmake)
-- Found rosidl_generator_cpp: 4.0.1 (/home/pi/ros2_iron/install/rosidl_generator_cpp/share/rosidl_generator_cpp/cmake)
-- Using all available rosidl_typesupport_c: rosidl_typesupport_introspection_c;rosidl_typesupport_fastrtps_c
-- Using all available rosidl_typesupport_cpp: rosidl_typesupport_introspection_cpp;rosidl_typesupport_fastrtps_cpp
-- Found rclcpp: 21.0.6 (/home/pi/ros2_iron/install/rclcpp/share/rclcpp/cmake)
-- Found rmw_implementation_cmake: 7.1.0 (/home/pi/ros2_iron/install/rmw_implementation_cmake/share/rmw_implementation_cmake/cmake)
-- Found rmw_fastrtps_cpp: 7.1.3 (/home/pi/ros2_iron/install/rmw_fastrtps_cpp/share/rmw_fastrtps_cpp/cmake)
-- Found FastRTPS: /home/pi/ros2_iron/install/fastrtps/include  
-- Using RMW implementation 'rmw_fastrtps_cpp' as default
-- Found rclcpp_components: 21.0.6 (/home/pi/ros2_iron/install/rclcpp_components/share/rclcpp_components/cmake)
-- Found resource_retriever: 3.2.2 (/home/pi/ros2_iron/install/resource_retriever/share/resource_retriever/cmake)
-- library: /usr/lib/aarch64-linux-gnu/libcurl.so
-- Building tests with ament_cmake
-- Found ament_cmake_gtest: 2.0.5 (/home/pi/ros2_iron/install/ament_cmake_gtest/share/ament_cmake_gtest/cmake)
-- Found ament_lint_auto: 0.14.3 (/home/pi/ros2_iron/install/ament_lint_auto/share/ament_lint_auto/cmake)
-- Found gtest sources under '/home/pi/ros2_iron/install/gtest_vendor/src/gtest_vendor': C++ tests using 'Google Test' will be built
-- The C compiler identification is GNU 12.2.0
-- Detecting C compiler ABI info
-- Detecting C compiler ABI info - done
-- Check for working C compiler: /usr/bin/cc - skipped
-- Detecting C compile features
-- Detecting C compile features - done
-- Configuring done
-- Generating done
-- Build files have been written to: /home/pi/wow_ws/build/foxglove_bridge
[  3%] [32mBuilding CXX object CMakeFiles/foxglove_bridge_base.dir/foxglove_bridge_base/src/base64.cpp.o[0m
[  7%] [32mBuilding CXX object CMakeFiles/foxglove_bridge_base.dir/foxglove_bridge_base/src/foxglove_bridge.cpp.o[0m
[ 10%] [32mBuilding CXX object CMakeFiles/foxglove_bridge_base.dir/foxglove_bridge_base/src/parameter.cpp.o[0m
[ 14%] [32mBuilding CXX object CMakeFiles/foxglove_bridge_base.dir/foxglove_bridge_base/src/serialization.cpp.o[0m
[ 17%] [32mBuilding CXX object CMakeFiles/foxglove_bridge_base.dir/foxglove_bridge_base/src/server_factory.cpp.o[0m
[ 21%] [32mBuilding CXX object CMakeFiles/foxglove_bridge_base.dir/foxglove_bridge_base/src/test/test_client.cpp.o[0m
[ 25%] [32mBuilding CXX object CMakeFiles/foxglove_bridge_base.dir/foxglove_bridge_base/src/version.cpp.o[0m
[ 28%] [32m[1mLinking CXX shared library libfoxglove_bridge_base.so[0m
[ 28%] Built target foxglove_bridge_base
[ 32%] [32mBuilding CXX object gtest/CMakeFiles/gtest.dir/src/gtest-all.cc.o[0m
[ 35%] [32m[1mLinking CXX static library libgtest.a[0m
[ 35%] Built target gtest
[ 39%] [32mBuilding CXX object gtest/CMakeFiles/gtest_main.dir/src/gtest_main.cc.o[0m
[ 42%] [32mBuilding CXX object CMakeFiles/foxglove_bridge_component.dir/ros2_foxglove_bridge/src/message_definition_cache.cpp.o[0m
[ 46%] [32mBuilding CXX object CMakeFiles/foxglove_bridge_component.dir/ros2_foxglove_bridge/src/param_utils.cpp.o[0m
[ 50%] [32m[1mLinking CXX static library libgtest_main.a[0m
[ 50%] Built target gtest_main
[ 53%] [32mBuilding CXX object CMakeFiles/foxglove_bridge_component.dir/ros2_foxglove_bridge/src/parameter_interface.cpp.o[0m
[ 57%] [32mBuilding CXX object CMakeFiles/foxglove_bridge_component.dir/ros2_foxglove_bridge/src/ros2_foxglove_bridge.cpp.o[0m
[ 60%] [32mBuilding CXX object CMakeFiles/version_test.dir/foxglove_bridge_base/tests/version_test.cpp.o[0m
[ 64%] [32mBuilding CXX object CMakeFiles/foxglove_bridge.dir/ros2_foxglove_bridge/src/ros2_foxglove_bridge_node.cpp.o[0m
[ 67%] [32m[1mLinking CXX executable version_test[0m
[ 67%] Built target version_test
[ 71%] [32m[1mLinking CXX executable foxglove_bridge[0m
[ 71%] Built target foxglove_bridge
[ 75%] [32mBuilding CXX object CMakeFiles/base64_test.dir/foxglove_bridge_base/tests/base64_test.cpp.o[0m
[ 78%] [32mBuilding CXX object CMakeFiles/serialization_test.dir/foxglove_bridge_base/tests/serialization_test.cpp.o[0m
[ 82%] [32m[1mLinking CXX executable base64_test[0m
[ 82%] Built target base64_test
[ 85%] [32m[1mLinking CXX executable serialization_test[0m
[ 85%] Built target serialization_test
[ 89%] [32mBuilding CXX object CMakeFiles/foxglove_bridge_component.dir/ros2_foxglove_bridge/src/generic_client.cpp.o[0m
[ 92%] [32m[1mLinking CXX shared library libfoxglove_bridge_component.so[0m
[ 92%] Built target foxglove_bridge_component
[ 96%] [32mBuilding CXX object CMakeFiles/smoke_test.dir/ros2_foxglove_bridge/tests/smoke_test.cpp.o[0m
[100%] [32m[1mLinking CXX executable smoke_test[0m
[100%] Built target smoke_test
-- Install configuration: "RelWithDebInfo"
-- Execute custom install script
-- Symlinking: /home/pi/wow_ws/install/foxglove_bridge/include/foxglove_bridge//ros2_foxglove_bridge.hpp
-- Symlinking: /home/pi/wow_ws/install/foxglove_bridge/lib/foxglove_bridge/foxglove_bridge
-- Symlinking: /home/pi/wow_ws/install/foxglove_bridge/lib/libfoxglove_bridge_base.so
-- Symlinking: /home/pi/wow_ws/install/foxglove_bridge/lib/libfoxglove_bridge_component.so
-- Symlinking: /home/pi/wow_ws/install/foxglove_bridge/share/foxglove_bridge//launch/foxglove_bridge_launch.xml
-- Symlinking: /home/pi/wow_ws/install/foxglove_bridge/include/foxglove_bridge//utils.hpp
-- Symlinking: /home/pi/wow_ws/install/foxglove_bridge/share/foxglove_bridge/environment/library_path.sh
-- Symlinking: /home/pi/wow_ws/install/foxglove_bridge/share/foxglove_bridge/environment/library_path.dsv
-- Symlinking: /home/pi/wow_ws/install/foxglove_bridge/share/ament_index/resource_index/package_run_dependencies/foxglove_bridge
-- Symlinking: /home/pi/wow_ws/install/foxglove_bridge/share/ament_index/resource_index/parent_prefix_path/foxglove_bridge
-- Symlinking: /home/pi/wow_ws/install/foxglove_bridge/share/foxglove_bridge/environment/ament_prefix_path.sh
-- Symlinking: /home/pi/wow_ws/install/foxglove_bridge/share/foxglove_bridge/environment/ament_prefix_path.dsv
-- Symlinking: /home/pi/wow_ws/install/foxglove_bridge/share/foxglove_bridge/environment/path.sh
-- Symlinking: /home/pi/wow_ws/install/foxglove_bridge/share/foxglove_bridge/environment/path.dsv
-- Symlinking: /home/pi/wow_ws/install/foxglove_bridge/share/foxglove_bridge/local_setup.bash
-- Symlinking: /home/pi/wow_ws/install/foxglove_bridge/share/foxglove_bridge/local_setup.sh
-- Symlinking: /home/pi/wow_ws/install/foxglove_bridge/share/foxglove_bridge/local_setup.zsh
-- Symlinking: /home/pi/wow_ws/install/foxglove_bridge/share/foxglove_bridge/local_setup.dsv
-- Symlinking: /home/pi/wow_ws/install/foxglove_bridge/share/foxglove_bridge/package.dsv
-- Symlinking: /home/pi/wow_ws/install/foxglove_bridge/share/ament_index/resource_index/packages/foxglove_bridge
-- Symlinking: /home/pi/wow_ws/install/foxglove_bridge/share/ament_index/resource_index/rclcpp_components/foxglove_bridge
-- Symlinking: /home/pi/wow_ws/install/foxglove_bridge/share/foxglove_bridge/cmake/ament_cmake_export_libraries-extras.cmake
-- Symlinking: /home/pi/wow_ws/install/foxglove_bridge/share/foxglove_bridge/cmake/foxglove_bridgeConfig.cmake
-- Symlinking: /home/pi/wow_ws/install/foxglove_bridge/share/foxglove_bridge/cmake/foxglove_bridgeConfig-version.cmake
-- Symlinking: /home/pi/wow_ws/install/foxglove_bridge/share/foxglove_bridge/package.xml
