[3.391s] Invoking command in '/home/pi/wow_ws/build/ICM20948': PYTHONPATH=/home/pi/wow_ws/build/ICM20948/prefix_override:/home/pi/wow_ws/install/ICM20948/lib/python3.11/site-packages:${PYTHONPATH} /usr/bin/python3 setup.py develop --editable --build-directory /home/pi/wow_ws/build/ICM20948/build --no-deps install_data
[4.881s] running develop
[4.882s] /usr/lib/python3/dist-packages/setuptools/command/easy_install.py:146: EasyInstallDeprecationWarning: easy_install command is deprecated. Use build and pip and other standards-based tools.
[4.882s]   warnings.warn(
[5.006s] /usr/lib/python3/dist-packages/setuptools/command/install.py:34: SetuptoolsDeprecationWarning: setup.py install is deprecated. Use build and pip and other standards-based tools.
[5.006s]   warnings.warn(
[5.473s] running egg_info
[5.509s] writing ICM20948.egg-info/PKG-INFO
[5.509s] writing dependency_links to ICM20948.egg-info/dependency_links.txt
[5.510s] writing entry points to ICM20948.egg-info/entry_points.txt
[5.511s] writing requirements to ICM20948.egg-info/requires.txt
[5.513s] writing top-level names to ICM20948.egg-info/top_level.txt
[5.593s] reading manifest file 'ICM20948.egg-info/SOURCES.txt'
[5.593s] writing manifest file 'ICM20948.egg-info/SOURCES.txt'
[5.642s] running build_ext
[5.642s] Creating /home/pi/wow_ws/install/ICM20948/lib/python3.11/site-packages/ICM20948.egg-link (link to .)
[5.643s] Installing ICM_raw_data script to /home/pi/wow_ws/install/ICM20948/lib/ICM20948
[5.643s] 
[5.643s] Installed /home/pi/wow_ws/build/ICM20948
[5.643s] running install_data
[6.126s] Invoked command in '/home/pi/wow_ws/build/ICM20948' returned '0': PYTHONPATH=/home/pi/wow_ws/build/ICM20948/prefix_override:/home/pi/wow_ws/install/ICM20948/lib/python3.11/site-packages:${PYTHONPATH} /usr/bin/python3 setup.py develop --editable --build-directory /home/pi/wow_ws/build/ICM20948/build --no-deps install_data
