[3.561s] Invoking command in '/home/pi/wow_ws/build/ICM20948': PYTHONPATH=/home/pi/wow_ws/build/ICM20948/prefix_override:/home/pi/wow_ws/install/ICM20948/lib/python3.11/site-packages:${PYTHONPATH} /usr/bin/python3 setup.py develop --editable --build-directory /home/pi/wow_ws/build/ICM20948/build --no-deps install_data
[5.161s] running develop
[5.168s] /usr/lib/python3/dist-packages/setuptools/command/easy_install.py:146: EasyInstallDeprecationWarning: easy_install command is deprecated. Use build and pip and other standards-based tools.
[5.168s]   warnings.warn(
[5.283s] /usr/lib/python3/dist-packages/setuptools/command/install.py:34: SetuptoolsDeprecationWarning: setup.py install is deprecated. Use build and pip and other standards-based tools.
[5.283s]   warnings.warn(
[6.067s] running egg_info
[6.138s] writing ICM20948.egg-info/PKG-INFO
[6.138s] writing dependency_links to ICM20948.egg-info/dependency_links.txt
[6.138s] writing entry points to ICM20948.egg-info/entry_points.txt
[6.139s] writing requirements to ICM20948.egg-info/requires.txt
[6.141s] writing top-level names to ICM20948.egg-info/top_level.txt
[6.363s] reading manifest file 'ICM20948.egg-info/SOURCES.txt'
[6.364s] writing manifest file 'ICM20948.egg-info/SOURCES.txt'
[6.483s] running build_ext
[6.483s] Creating /home/pi/wow_ws/install/ICM20948/lib/python3.11/site-packages/ICM20948.egg-link (link to .)
[6.486s] Installing ICM_raw_data script to /home/pi/wow_ws/install/ICM20948/lib/ICM20948
[6.486s] 
[6.486s] Installed /home/pi/wow_ws/build/ICM20948
[6.486s] running install_data
[6.740s] Invoked command in '/home/pi/wow_ws/build/ICM20948' returned '0': PYTHONPATH=/home/pi/wow_ws/build/ICM20948/prefix_override:/home/pi/wow_ws/install/ICM20948/lib/python3.11/site-packages:${PYTHONPATH} /usr/bin/python3 setup.py develop --editable --build-directory /home/pi/wow_ws/build/ICM20948/build --no-deps install_data
