[  2%] Built target rtcm_msgs__rosidl_generator_type_description
[  2%] Built target ament_cmake_python_symlink_rtcm_msgs
[ 17%] Built target rtcm_msgs__rosidl_generator_c
[ 20%] Built target rtcm_msgs__cpp
[ 29%] Built target rtcm_msgs__rosidl_typesupport_introspection_c
[ 38%] Built target rtcm_msgs__rosidl_typesupport_c
[ 47%] Built target rtcm_msgs__rosidl_typesupport_fastrtps_c
[ 55%] Built target rtcm_msgs__rosidl_typesupport_introspection_cpp
[ 64%] Built target rtcm_msgs__rosidl_typesupport_cpp
[ 73%] Built target rtcm_msgs__rosidl_typesupport_fastrtps_cpp
[ 73%] Built target rtcm_msgs
[ 76%] Built target rtcm_msgs__py
[ 82%] Built target rtcm_msgs__rosidl_generator_py
[ 88%] Built target rtcm_msgs__rosidl_typesupport_fastrtps_c__pyext
[ 94%] Built target rtcm_msgs__rosidl_typesupport_introspection_c__pyext
[100%] Built target rtcm_msgs__rosidl_typesupport_c__pyext
running egg_info
writing rtcm_msgs.egg-info/PKG-INFO
writing dependency_links to rtcm_msgs.egg-info/dependency_links.txt
writing top-level names to rtcm_msgs.egg-info/top_level.txt
reading manifest file 'rtcm_msgs.egg-info/SOURCES.txt'
writing manifest file 'rtcm_msgs.egg-info/SOURCES.txt'
[100%] Built target ament_cmake_python_build_rtcm_msgs_egg
-- Install configuration: ""
-- Execute custom install script
-- Up-to-date symlink: /home/pi/wow_ws/install/rtcm_msgs/share/ament_index/resource_index/rosidl_interfaces/rtcm_msgs
-- Up-to-date symlink: /home/pi/wow_ws/install/rtcm_msgs/share/rtcm_msgs/msg/Message.json
-- Up-to-date symlink: /home/pi/wow_ws/install/rtcm_msgs/include/rtcm_msgs/rtcm_msgs/msg/detail/message__functions.h
-- Up-to-date symlink: /home/pi/wow_ws/install/rtcm_msgs/include/rtcm_msgs/rtcm_msgs/msg/detail/message__struct.h
-- Up-to-date symlink: /home/pi/wow_ws/install/rtcm_msgs/include/rtcm_msgs/rtcm_msgs/msg/detail/message__type_support.h
-- Up-to-date symlink: /home/pi/wow_ws/install/rtcm_msgs/include/rtcm_msgs/rtcm_msgs/msg/message.h
-- Up-to-date symlink: /home/pi/wow_ws/install/rtcm_msgs/include/rtcm_msgs/rtcm_msgs/msg/rosidl_generator_c__visibility_control.h
-- Up-to-date symlink: /home/pi/wow_ws/install/rtcm_msgs/share/rtcm_msgs/environment/library_path.sh
-- Up-to-date symlink: /home/pi/wow_ws/install/rtcm_msgs/share/rtcm_msgs/environment/library_path.dsv
-- Up-to-date symlink: /home/pi/wow_ws/install/rtcm_msgs/include/rtcm_msgs/rtcm_msgs/msg/detail/message__rosidl_typesupport_fastrtps_c.h
-- Up-to-date symlink: /home/pi/wow_ws/install/rtcm_msgs/include/rtcm_msgs/rtcm_msgs/msg/rosidl_typesupport_fastrtps_c__visibility_control.h
-- Up-to-date symlink: /home/pi/wow_ws/install/rtcm_msgs/include/rtcm_msgs/rtcm_msgs/msg/detail/message__builder.hpp
-- Up-to-date symlink: /home/pi/wow_ws/install/rtcm_msgs/include/rtcm_msgs/rtcm_msgs/msg/detail/message__struct.hpp
-- Up-to-date symlink: /home/pi/wow_ws/install/rtcm_msgs/include/rtcm_msgs/rtcm_msgs/msg/detail/message__traits.hpp
-- Up-to-date symlink: /home/pi/wow_ws/install/rtcm_msgs/include/rtcm_msgs/rtcm_msgs/msg/message.hpp
-- Up-to-date symlink: /home/pi/wow_ws/install/rtcm_msgs/include/rtcm_msgs/rtcm_msgs/msg/detail/message__rosidl_typesupport_fastrtps_cpp.hpp
-- Up-to-date symlink: /home/pi/wow_ws/install/rtcm_msgs/include/rtcm_msgs/rtcm_msgs/msg/rosidl_typesupport_fastrtps_cpp__visibility_control.h
-- Up-to-date symlink: /home/pi/wow_ws/install/rtcm_msgs/include/rtcm_msgs/rtcm_msgs/msg/detail/message__rosidl_typesupport_introspection_c.h
-- Up-to-date symlink: /home/pi/wow_ws/install/rtcm_msgs/include/rtcm_msgs/rtcm_msgs/msg/rosidl_typesupport_introspection_c__visibility_control.h
-- Up-to-date symlink: /home/pi/wow_ws/install/rtcm_msgs/include/rtcm_msgs/rtcm_msgs/msg/detail/message__rosidl_typesupport_introspection_cpp.hpp
-- Up-to-date symlink: /home/pi/wow_ws/install/rtcm_msgs/share/rtcm_msgs/environment/pythonpath.sh
-- Up-to-date symlink: /home/pi/wow_ws/install/rtcm_msgs/share/rtcm_msgs/environment/pythonpath.dsv
-- Up-to-date symlink: /home/pi/wow_ws/install/rtcm_msgs/lib/python3.11/site-packages/rtcm_msgs-1.1.6-py3.11.egg-info/PKG-INFO
-- Up-to-date symlink: /home/pi/wow_ws/install/rtcm_msgs/lib/python3.11/site-packages/rtcm_msgs-1.1.6-py3.11.egg-info/SOURCES.txt
-- Up-to-date symlink: /home/pi/wow_ws/install/rtcm_msgs/lib/python3.11/site-packages/rtcm_msgs-1.1.6-py3.11.egg-info/dependency_links.txt
-- Up-to-date symlink: /home/pi/wow_ws/install/rtcm_msgs/lib/python3.11/site-packages/rtcm_msgs-1.1.6-py3.11.egg-info/top_level.txt
-- Up-to-date symlink: /home/pi/wow_ws/install/rtcm_msgs/lib/python3.11/site-packages/rtcm_msgs/__init__.py
-- Up-to-date symlink: /home/pi/wow_ws/install/rtcm_msgs/lib/python3.11/site-packages/rtcm_msgs/_rtcm_msgs_s.ep.rosidl_typesupport_c.c
-- Up-to-date symlink: /home/pi/wow_ws/install/rtcm_msgs/lib/python3.11/site-packages/rtcm_msgs/_rtcm_msgs_s.ep.rosidl_typesupport_fastrtps_c.c
-- Up-to-date symlink: /home/pi/wow_ws/install/rtcm_msgs/lib/python3.11/site-packages/rtcm_msgs/_rtcm_msgs_s.ep.rosidl_typesupport_introspection_c.c
-- Up-to-date symlink: /home/pi/wow_ws/install/rtcm_msgs/lib/python3.11/site-packages/rtcm_msgs/librtcm_msgs__rosidl_generator_py.so
-- Up-to-date symlink: /home/pi/wow_ws/install/rtcm_msgs/lib/python3.11/site-packages/rtcm_msgs/msg/__init__.py
-- Up-to-date symlink: /home/pi/wow_ws/install/rtcm_msgs/lib/python3.11/site-packages/rtcm_msgs/msg/_message.py
-- Up-to-date symlink: /home/pi/wow_ws/install/rtcm_msgs/lib/python3.11/site-packages/rtcm_msgs/msg/_message_s.c
-- Up-to-date symlink: /home/pi/wow_ws/install/rtcm_msgs/lib/python3.11/site-packages/rtcm_msgs/rtcm_msgs_s__rosidl_typesupport_c.cpython-311-aarch64-linux-gnu.so
-- Up-to-date symlink: /home/pi/wow_ws/install/rtcm_msgs/lib/python3.11/site-packages/rtcm_msgs/rtcm_msgs_s__rosidl_typesupport_fastrtps_c.cpython-311-aarch64-linux-gnu.so
-- Up-to-date symlink: /home/pi/wow_ws/install/rtcm_msgs/lib/python3.11/site-packages/rtcm_msgs/rtcm_msgs_s__rosidl_typesupport_introspection_c.cpython-311-aarch64-linux-gnu.so
-- Up-to-date symlink: /home/pi/wow_ws/install/rtcm_msgs/lib/python3.11/site-packages/rtcm_msgs/rtcm_msgs_s__rosidl_typesupport_introspection_c.cpython-311-aarch64-linux-gnu.so
-- Up-to-date symlink: /home/pi/wow_ws/install/rtcm_msgs/lib/python3.11/site-packages/rtcm_msgs/rtcm_msgs_s__rosidl_typesupport_fastrtps_c.cpython-311-aarch64-linux-gnu.so
-- Up-to-date symlink: /home/pi/wow_ws/install/rtcm_msgs/lib/python3.11/site-packages/rtcm_msgs/rtcm_msgs_s__rosidl_typesupport_c.cpython-311-aarch64-linux-gnu.so
-- Up-to-date symlink: /home/pi/wow_ws/install/rtcm_msgs/share/rtcm_msgs/msg/Message.idl
-- Up-to-date symlink: /home/pi/wow_ws/install/rtcm_msgs/share/rtcm_msgs/msg/Message.msg
-- Up-to-date symlink: /home/pi/wow_ws/install/rtcm_msgs/share/ament_index/resource_index/package_run_dependencies/rtcm_msgs
-- Up-to-date symlink: /home/pi/wow_ws/install/rtcm_msgs/share/ament_index/resource_index/parent_prefix_path/rtcm_msgs
-- Up-to-date symlink: /home/pi/wow_ws/install/rtcm_msgs/share/rtcm_msgs/environment/ament_prefix_path.sh
-- Up-to-date symlink: /home/pi/wow_ws/install/rtcm_msgs/share/rtcm_msgs/environment/ament_prefix_path.dsv
-- Up-to-date symlink: /home/pi/wow_ws/install/rtcm_msgs/share/rtcm_msgs/environment/path.sh
-- Up-to-date symlink: /home/pi/wow_ws/install/rtcm_msgs/share/rtcm_msgs/environment/path.dsv
-- Up-to-date symlink: /home/pi/wow_ws/install/rtcm_msgs/share/rtcm_msgs/local_setup.bash
-- Up-to-date symlink: /home/pi/wow_ws/install/rtcm_msgs/share/rtcm_msgs/local_setup.sh
-- Up-to-date symlink: /home/pi/wow_ws/install/rtcm_msgs/share/rtcm_msgs/local_setup.zsh
-- Up-to-date symlink: /home/pi/wow_ws/install/rtcm_msgs/share/rtcm_msgs/local_setup.dsv
-- Symlinking: /home/pi/wow_ws/install/rtcm_msgs/share/rtcm_msgs/package.dsv
-- Up-to-date symlink: /home/pi/wow_ws/install/rtcm_msgs/share/ament_index/resource_index/packages/rtcm_msgs
-- Up-to-date symlink: /home/pi/wow_ws/install/rtcm_msgs/share/rtcm_msgs/cmake/rosidl_cmake-extras.cmake
-- Up-to-date symlink: /home/pi/wow_ws/install/rtcm_msgs/share/rtcm_msgs/cmake/ament_cmake_export_dependencies-extras.cmake
-- Up-to-date symlink: /home/pi/wow_ws/install/rtcm_msgs/share/rtcm_msgs/cmake/ament_cmake_export_include_directories-extras.cmake
-- Up-to-date symlink: /home/pi/wow_ws/install/rtcm_msgs/share/rtcm_msgs/cmake/ament_cmake_export_libraries-extras.cmake
-- Up-to-date symlink: /home/pi/wow_ws/install/rtcm_msgs/share/rtcm_msgs/cmake/ament_cmake_export_targets-extras.cmake
-- Up-to-date symlink: /home/pi/wow_ws/install/rtcm_msgs/share/rtcm_msgs/cmake/rosidl_cmake_export_typesupport_targets-extras.cmake
-- Up-to-date symlink: /home/pi/wow_ws/install/rtcm_msgs/share/rtcm_msgs/cmake/rosidl_cmake_export_typesupport_libraries-extras.cmake
-- Up-to-date symlink: /home/pi/wow_ws/install/rtcm_msgs/share/rtcm_msgs/cmake/rtcm_msgsConfig.cmake
-- Up-to-date symlink: /home/pi/wow_ws/install/rtcm_msgs/share/rtcm_msgs/cmake/rtcm_msgsConfig-version.cmake
-- Up-to-date symlink: /home/pi/wow_ws/install/rtcm_msgs/share/rtcm_msgs/package.xml
-- Up-to-date: /home/pi/wow_ws/install/rtcm_msgs/lib/librtcm_msgs__rosidl_generator_c.so
-- Up-to-date: /home/pi/wow_ws/install/rtcm_msgs/lib/librtcm_msgs__rosidl_typesupport_fastrtps_c.so
-- Up-to-date: /home/pi/wow_ws/install/rtcm_msgs/lib/librtcm_msgs__rosidl_typesupport_fastrtps_cpp.so
-- Up-to-date: /home/pi/wow_ws/install/rtcm_msgs/lib/librtcm_msgs__rosidl_typesupport_introspection_c.so
-- Up-to-date: /home/pi/wow_ws/install/rtcm_msgs/lib/librtcm_msgs__rosidl_typesupport_c.so
-- Up-to-date: /home/pi/wow_ws/install/rtcm_msgs/lib/librtcm_msgs__rosidl_typesupport_introspection_cpp.so
-- Up-to-date: /home/pi/wow_ws/install/rtcm_msgs/lib/librtcm_msgs__rosidl_typesupport_cpp.so
Listing '/home/pi/wow_ws/install/rtcm_msgs/lib/python3.11/site-packages/rtcm_msgs'...
Listing '/home/pi/wow_ws/install/rtcm_msgs/lib/python3.11/site-packages/rtcm_msgs/msg'...
-- Up-to-date: /home/pi/wow_ws/install/rtcm_msgs/lib/librtcm_msgs__rosidl_generator_py.so
-- Up-to-date: /home/pi/wow_ws/install/rtcm_msgs/share/rtcm_msgs/cmake/export_rtcm_msgs__rosidl_generator_cExport.cmake
-- Up-to-date: /home/pi/wow_ws/install/rtcm_msgs/share/rtcm_msgs/cmake/export_rtcm_msgs__rosidl_generator_cExport-noconfig.cmake
-- Up-to-date: /home/pi/wow_ws/install/rtcm_msgs/share/rtcm_msgs/cmake/export_rtcm_msgs__rosidl_typesupport_fastrtps_cExport.cmake
-- Up-to-date: /home/pi/wow_ws/install/rtcm_msgs/share/rtcm_msgs/cmake/export_rtcm_msgs__rosidl_typesupport_fastrtps_cExport-noconfig.cmake
-- Up-to-date: /home/pi/wow_ws/install/rtcm_msgs/share/rtcm_msgs/cmake/export_rtcm_msgs__rosidl_generator_cppExport.cmake
-- Up-to-date: /home/pi/wow_ws/install/rtcm_msgs/share/rtcm_msgs/cmake/export_rtcm_msgs__rosidl_typesupport_fastrtps_cppExport.cmake
-- Up-to-date: /home/pi/wow_ws/install/rtcm_msgs/share/rtcm_msgs/cmake/export_rtcm_msgs__rosidl_typesupport_fastrtps_cppExport-noconfig.cmake
-- Up-to-date: /home/pi/wow_ws/install/rtcm_msgs/share/rtcm_msgs/cmake/rtcm_msgs__rosidl_typesupport_introspection_cExport.cmake
-- Up-to-date: /home/pi/wow_ws/install/rtcm_msgs/share/rtcm_msgs/cmake/rtcm_msgs__rosidl_typesupport_introspection_cExport-noconfig.cmake
-- Up-to-date: /home/pi/wow_ws/install/rtcm_msgs/share/rtcm_msgs/cmake/rtcm_msgs__rosidl_typesupport_cExport.cmake
-- Up-to-date: /home/pi/wow_ws/install/rtcm_msgs/share/rtcm_msgs/cmake/rtcm_msgs__rosidl_typesupport_cExport-noconfig.cmake
-- Up-to-date: /home/pi/wow_ws/install/rtcm_msgs/share/rtcm_msgs/cmake/rtcm_msgs__rosidl_typesupport_introspection_cppExport.cmake
-- Up-to-date: /home/pi/wow_ws/install/rtcm_msgs/share/rtcm_msgs/cmake/rtcm_msgs__rosidl_typesupport_introspection_cppExport-noconfig.cmake
-- Up-to-date: /home/pi/wow_ws/install/rtcm_msgs/share/rtcm_msgs/cmake/rtcm_msgs__rosidl_typesupport_cppExport.cmake
-- Up-to-date: /home/pi/wow_ws/install/rtcm_msgs/share/rtcm_msgs/cmake/rtcm_msgs__rosidl_typesupport_cppExport-noconfig.cmake
-- Up-to-date: /home/pi/wow_ws/install/rtcm_msgs/share/rtcm_msgs/cmake/export_rtcm_msgs__rosidl_generator_pyExport.cmake
-- Up-to-date: /home/pi/wow_ws/install/rtcm_msgs/share/rtcm_msgs/cmake/export_rtcm_msgs__rosidl_generator_pyExport-noconfig.cmake
