[  1%] Built target ublox_ubx_interfaces__rosidl_generator_type_description
[  1%] Built target ament_cmake_python_symlink_ublox_ubx_interfaces
[  3%] Built target ublox_ubx_interfaces__cpp
[ 25%] Built target ublox_ubx_interfaces__rosidl_generator_c
[ 34%] Built target ublox_ubx_interfaces__rosidl_typesupport_cpp
[ 43%] Built target ublox_ubx_interfaces__rosidl_typesupport_fastrtps_cpp
[ 53%] Built target ublox_ubx_interfaces__rosidl_typesupport_introspection_cpp
[ 62%] Built target ublox_ubx_interfaces__rosidl_typesupport_introspection_c
[ 71%] Built target ublox_ubx_interfaces__rosidl_typesupport_fastrtps_c
[ 81%] Built target ublox_ubx_interfaces__rosidl_typesupport_c
[ 81%] Built target ublox_ubx_interfaces
[ 82%] Built target ublox_ubx_interfaces__py
[ 90%] Built target ublox_ubx_interfaces__rosidl_generator_py
[100%] Built target ublox_ubx_interfaces__rosidl_typesupport_introspection_c__pyext
[100%] Built target ublox_ubx_interfaces__rosidl_typesupport_c__pyext
[100%] Built target ublox_ubx_interfaces__rosidl_typesupport_fastrtps_c__pyext
running egg_info
writing ublox_ubx_interfaces.egg-info/PKG-INFO
writing dependency_links to ublox_ubx_interfaces.egg-info/dependency_links.txt
writing top-level names to ublox_ubx_interfaces.egg-info/top_level.txt
reading manifest file 'ublox_ubx_interfaces.egg-info/SOURCES.txt'
writing manifest file 'ublox_ubx_interfaces.egg-info/SOURCES.txt'
[100%] Built target ament_cmake_python_build_ublox_ubx_interfaces_egg
-- Install configuration: ""
-- Execute custom install script
-- Up-to-date symlink: /home/pi/wow_ws/install/ublox_ubx_interfaces/share/ament_index/resource_index/rosidl_interfaces/ublox_ubx_interfaces
-- Up-to-date symlink: /home/pi/wow_ws/install/ublox_ubx_interfaces/share/ublox_ubx_interfaces/srv/HotStart.json
-- Up-to-date symlink: /home/pi/wow_ws/install/ublox_ubx_interfaces/share/ublox_ubx_interfaces/srv/WarmStart.json
-- Up-to-date symlink: /home/pi/wow_ws/install/ublox_ubx_interfaces/share/ublox_ubx_interfaces/srv/ColdStart.json
-- Up-to-date symlink: /home/pi/wow_ws/install/ublox_ubx_interfaces/share/ublox_ubx_interfaces/srv/ResetODO.json
-- Up-to-date symlink: /home/pi/wow_ws/install/ublox_ubx_interfaces/include/ublox_ubx_interfaces/ublox_ubx_interfaces/msg/rosidl_generator_c__visibility_control.h
-- Up-to-date symlink: /home/pi/wow_ws/install/ublox_ubx_interfaces/include/ublox_ubx_interfaces/ublox_ubx_interfaces/srv/cold_start.h
-- Up-to-date symlink: /home/pi/wow_ws/install/ublox_ubx_interfaces/include/ublox_ubx_interfaces/ublox_ubx_interfaces/srv/detail/cold_start__functions.h
-- Up-to-date symlink: /home/pi/wow_ws/install/ublox_ubx_interfaces/include/ublox_ubx_interfaces/ublox_ubx_interfaces/srv/detail/cold_start__struct.h
-- Up-to-date symlink: /home/pi/wow_ws/install/ublox_ubx_interfaces/include/ublox_ubx_interfaces/ublox_ubx_interfaces/srv/detail/cold_start__type_support.h
-- Up-to-date symlink: /home/pi/wow_ws/install/ublox_ubx_interfaces/include/ublox_ubx_interfaces/ublox_ubx_interfaces/srv/detail/hot_start__functions.h
-- Up-to-date symlink: /home/pi/wow_ws/install/ublox_ubx_interfaces/include/ublox_ubx_interfaces/ublox_ubx_interfaces/srv/detail/hot_start__struct.h
-- Up-to-date symlink: /home/pi/wow_ws/install/ublox_ubx_interfaces/include/ublox_ubx_interfaces/ublox_ubx_interfaces/srv/detail/hot_start__type_support.h
-- Up-to-date symlink: /home/pi/wow_ws/install/ublox_ubx_interfaces/include/ublox_ubx_interfaces/ublox_ubx_interfaces/srv/detail/reset_odo__functions.h
-- Up-to-date symlink: /home/pi/wow_ws/install/ublox_ubx_interfaces/include/ublox_ubx_interfaces/ublox_ubx_interfaces/srv/detail/reset_odo__struct.h
-- Up-to-date symlink: /home/pi/wow_ws/install/ublox_ubx_interfaces/include/ublox_ubx_interfaces/ublox_ubx_interfaces/srv/detail/reset_odo__type_support.h
-- Up-to-date symlink: /home/pi/wow_ws/install/ublox_ubx_interfaces/include/ublox_ubx_interfaces/ublox_ubx_interfaces/srv/detail/warm_start__functions.h
-- Up-to-date symlink: /home/pi/wow_ws/install/ublox_ubx_interfaces/include/ublox_ubx_interfaces/ublox_ubx_interfaces/srv/detail/warm_start__struct.h
-- Up-to-date symlink: /home/pi/wow_ws/install/ublox_ubx_interfaces/include/ublox_ubx_interfaces/ublox_ubx_interfaces/srv/detail/warm_start__type_support.h
-- Up-to-date symlink: /home/pi/wow_ws/install/ublox_ubx_interfaces/include/ublox_ubx_interfaces/ublox_ubx_interfaces/srv/hot_start.h
-- Up-to-date symlink: /home/pi/wow_ws/install/ublox_ubx_interfaces/include/ublox_ubx_interfaces/ublox_ubx_interfaces/srv/reset_odo.h
-- Up-to-date symlink: /home/pi/wow_ws/install/ublox_ubx_interfaces/include/ublox_ubx_interfaces/ublox_ubx_interfaces/srv/warm_start.h
-- Up-to-date symlink: /home/pi/wow_ws/install/ublox_ubx_interfaces/share/ublox_ubx_interfaces/environment/library_path.sh
-- Up-to-date symlink: /home/pi/wow_ws/install/ublox_ubx_interfaces/share/ublox_ubx_interfaces/environment/library_path.dsv
-- Up-to-date symlink: /home/pi/wow_ws/install/ublox_ubx_interfaces/include/ublox_ubx_interfaces/ublox_ubx_interfaces/msg/rosidl_typesupport_introspection_c__visibility_control.h
-- Up-to-date symlink: /home/pi/wow_ws/install/ublox_ubx_interfaces/include/ublox_ubx_interfaces/ublox_ubx_interfaces/srv/detail/cold_start__rosidl_typesupport_introspection_c.h
-- Up-to-date symlink: /home/pi/wow_ws/install/ublox_ubx_interfaces/include/ublox_ubx_interfaces/ublox_ubx_interfaces/srv/detail/hot_start__rosidl_typesupport_introspection_c.h
-- Up-to-date symlink: /home/pi/wow_ws/install/ublox_ubx_interfaces/include/ublox_ubx_interfaces/ublox_ubx_interfaces/srv/detail/reset_odo__rosidl_typesupport_introspection_c.h
-- Up-to-date symlink: /home/pi/wow_ws/install/ublox_ubx_interfaces/include/ublox_ubx_interfaces/ublox_ubx_interfaces/srv/detail/warm_start__rosidl_typesupport_introspection_c.h
-- Up-to-date symlink: /home/pi/wow_ws/install/ublox_ubx_interfaces/include/ublox_ubx_interfaces/ublox_ubx_interfaces/msg/rosidl_typesupport_fastrtps_c__visibility_control.h
-- Up-to-date symlink: /home/pi/wow_ws/install/ublox_ubx_interfaces/include/ublox_ubx_interfaces/ublox_ubx_interfaces/srv/detail/cold_start__rosidl_typesupport_fastrtps_c.h
-- Up-to-date symlink: /home/pi/wow_ws/install/ublox_ubx_interfaces/include/ublox_ubx_interfaces/ublox_ubx_interfaces/srv/detail/hot_start__rosidl_typesupport_fastrtps_c.h
-- Up-to-date symlink: /home/pi/wow_ws/install/ublox_ubx_interfaces/include/ublox_ubx_interfaces/ublox_ubx_interfaces/srv/detail/reset_odo__rosidl_typesupport_fastrtps_c.h
-- Up-to-date symlink: /home/pi/wow_ws/install/ublox_ubx_interfaces/include/ublox_ubx_interfaces/ublox_ubx_interfaces/srv/detail/warm_start__rosidl_typesupport_fastrtps_c.h
-- Up-to-date symlink: /home/pi/wow_ws/install/ublox_ubx_interfaces/include/ublox_ubx_interfaces/ublox_ubx_interfaces/srv/cold_start.hpp
-- Up-to-date symlink: /home/pi/wow_ws/install/ublox_ubx_interfaces/include/ublox_ubx_interfaces/ublox_ubx_interfaces/srv/detail/cold_start__builder.hpp
-- Up-to-date symlink: /home/pi/wow_ws/install/ublox_ubx_interfaces/include/ublox_ubx_interfaces/ublox_ubx_interfaces/srv/detail/cold_start__struct.hpp
-- Up-to-date symlink: /home/pi/wow_ws/install/ublox_ubx_interfaces/include/ublox_ubx_interfaces/ublox_ubx_interfaces/srv/detail/cold_start__traits.hpp
-- Up-to-date symlink: /home/pi/wow_ws/install/ublox_ubx_interfaces/include/ublox_ubx_interfaces/ublox_ubx_interfaces/srv/detail/hot_start__builder.hpp
-- Up-to-date symlink: /home/pi/wow_ws/install/ublox_ubx_interfaces/include/ublox_ubx_interfaces/ublox_ubx_interfaces/srv/detail/hot_start__struct.hpp
-- Up-to-date symlink: /home/pi/wow_ws/install/ublox_ubx_interfaces/include/ublox_ubx_interfaces/ublox_ubx_interfaces/srv/detail/hot_start__traits.hpp
-- Up-to-date symlink: /home/pi/wow_ws/install/ublox_ubx_interfaces/include/ublox_ubx_interfaces/ublox_ubx_interfaces/srv/detail/reset_odo__builder.hpp
-- Up-to-date symlink: /home/pi/wow_ws/install/ublox_ubx_interfaces/include/ublox_ubx_interfaces/ublox_ubx_interfaces/srv/detail/reset_odo__struct.hpp
-- Up-to-date symlink: /home/pi/wow_ws/install/ublox_ubx_interfaces/include/ublox_ubx_interfaces/ublox_ubx_interfaces/srv/detail/reset_odo__traits.hpp
-- Up-to-date symlink: /home/pi/wow_ws/install/ublox_ubx_interfaces/include/ublox_ubx_interfaces/ublox_ubx_interfaces/srv/detail/warm_start__builder.hpp
-- Up-to-date symlink: /home/pi/wow_ws/install/ublox_ubx_interfaces/include/ublox_ubx_interfaces/ublox_ubx_interfaces/srv/detail/warm_start__struct.hpp
-- Up-to-date symlink: /home/pi/wow_ws/install/ublox_ubx_interfaces/include/ublox_ubx_interfaces/ublox_ubx_interfaces/srv/detail/warm_start__traits.hpp
-- Up-to-date symlink: /home/pi/wow_ws/install/ublox_ubx_interfaces/include/ublox_ubx_interfaces/ublox_ubx_interfaces/srv/hot_start.hpp
-- Up-to-date symlink: /home/pi/wow_ws/install/ublox_ubx_interfaces/include/ublox_ubx_interfaces/ublox_ubx_interfaces/srv/reset_odo.hpp
-- Up-to-date symlink: /home/pi/wow_ws/install/ublox_ubx_interfaces/include/ublox_ubx_interfaces/ublox_ubx_interfaces/srv/warm_start.hpp
-- Up-to-date symlink: /home/pi/wow_ws/install/ublox_ubx_interfaces/include/ublox_ubx_interfaces/ublox_ubx_interfaces/srv/detail/cold_start__rosidl_typesupport_introspection_cpp.hpp
-- Up-to-date symlink: /home/pi/wow_ws/install/ublox_ubx_interfaces/include/ublox_ubx_interfaces/ublox_ubx_interfaces/srv/detail/hot_start__rosidl_typesupport_introspection_cpp.hpp
-- Up-to-date symlink: /home/pi/wow_ws/install/ublox_ubx_interfaces/include/ublox_ubx_interfaces/ublox_ubx_interfaces/srv/detail/reset_odo__rosidl_typesupport_introspection_cpp.hpp
-- Up-to-date symlink: /home/pi/wow_ws/install/ublox_ubx_interfaces/include/ublox_ubx_interfaces/ublox_ubx_interfaces/srv/detail/warm_start__rosidl_typesupport_introspection_cpp.hpp
-- Up-to-date symlink: /home/pi/wow_ws/install/ublox_ubx_interfaces/include/ublox_ubx_interfaces/ublox_ubx_interfaces/msg/rosidl_typesupport_fastrtps_cpp__visibility_control.h
-- Up-to-date symlink: /home/pi/wow_ws/install/ublox_ubx_interfaces/include/ublox_ubx_interfaces/ublox_ubx_interfaces/srv/detail/cold_start__rosidl_typesupport_fastrtps_cpp.hpp
-- Up-to-date symlink: /home/pi/wow_ws/install/ublox_ubx_interfaces/include/ublox_ubx_interfaces/ublox_ubx_interfaces/srv/detail/hot_start__rosidl_typesupport_fastrtps_cpp.hpp
-- Up-to-date symlink: /home/pi/wow_ws/install/ublox_ubx_interfaces/include/ublox_ubx_interfaces/ublox_ubx_interfaces/srv/detail/reset_odo__rosidl_typesupport_fastrtps_cpp.hpp
-- Up-to-date symlink: /home/pi/wow_ws/install/ublox_ubx_interfaces/include/ublox_ubx_interfaces/ublox_ubx_interfaces/srv/detail/warm_start__rosidl_typesupport_fastrtps_cpp.hpp
-- Up-to-date symlink: /home/pi/wow_ws/install/ublox_ubx_interfaces/share/ublox_ubx_interfaces/environment/pythonpath.sh
-- Up-to-date symlink: /home/pi/wow_ws/install/ublox_ubx_interfaces/share/ublox_ubx_interfaces/environment/pythonpath.dsv
-- Up-to-date symlink: /home/pi/wow_ws/install/ublox_ubx_interfaces/lib/python3.11/site-packages/ublox_ubx_interfaces-0.5.3-py3.11.egg-info/PKG-INFO
-- Up-to-date symlink: /home/pi/wow_ws/install/ublox_ubx_interfaces/lib/python3.11/site-packages/ublox_ubx_interfaces-0.5.3-py3.11.egg-info/SOURCES.txt
-- Up-to-date symlink: /home/pi/wow_ws/install/ublox_ubx_interfaces/lib/python3.11/site-packages/ublox_ubx_interfaces-0.5.3-py3.11.egg-info/dependency_links.txt
-- Up-to-date symlink: /home/pi/wow_ws/install/ublox_ubx_interfaces/lib/python3.11/site-packages/ublox_ubx_interfaces-0.5.3-py3.11.egg-info/top_level.txt
-- Up-to-date symlink: /home/pi/wow_ws/install/ublox_ubx_interfaces/lib/python3.11/site-packages/ublox_ubx_interfaces/__init__.py
-- Up-to-date symlink: /home/pi/wow_ws/install/ublox_ubx_interfaces/lib/python3.11/site-packages/ublox_ubx_interfaces/_ublox_ubx_interfaces_s.ep.rosidl_typesupport_c.c
-- Up-to-date symlink: /home/pi/wow_ws/install/ublox_ubx_interfaces/lib/python3.11/site-packages/ublox_ubx_interfaces/_ublox_ubx_interfaces_s.ep.rosidl_typesupport_fastrtps_c.c
-- Up-to-date symlink: /home/pi/wow_ws/install/ublox_ubx_interfaces/lib/python3.11/site-packages/ublox_ubx_interfaces/_ublox_ubx_interfaces_s.ep.rosidl_typesupport_introspection_c.c
-- Up-to-date symlink: /home/pi/wow_ws/install/ublox_ubx_interfaces/lib/python3.11/site-packages/ublox_ubx_interfaces/libublox_ubx_interfaces__rosidl_generator_py.so
-- Up-to-date symlink: /home/pi/wow_ws/install/ublox_ubx_interfaces/lib/python3.11/site-packages/ublox_ubx_interfaces/srv/__init__.py
-- Up-to-date symlink: /home/pi/wow_ws/install/ublox_ubx_interfaces/lib/python3.11/site-packages/ublox_ubx_interfaces/srv/_cold_start.py
-- Up-to-date symlink: /home/pi/wow_ws/install/ublox_ubx_interfaces/lib/python3.11/site-packages/ublox_ubx_interfaces/srv/_cold_start_s.c
-- Up-to-date symlink: /home/pi/wow_ws/install/ublox_ubx_interfaces/lib/python3.11/site-packages/ublox_ubx_interfaces/srv/_hot_start.py
-- Up-to-date symlink: /home/pi/wow_ws/install/ublox_ubx_interfaces/lib/python3.11/site-packages/ublox_ubx_interfaces/srv/_hot_start_s.c
-- Up-to-date symlink: /home/pi/wow_ws/install/ublox_ubx_interfaces/lib/python3.11/site-packages/ublox_ubx_interfaces/srv/_reset_odo.py
-- Up-to-date symlink: /home/pi/wow_ws/install/ublox_ubx_interfaces/lib/python3.11/site-packages/ublox_ubx_interfaces/srv/_reset_odo_s.c
-- Up-to-date symlink: /home/pi/wow_ws/install/ublox_ubx_interfaces/lib/python3.11/site-packages/ublox_ubx_interfaces/srv/_warm_start.py
-- Up-to-date symlink: /home/pi/wow_ws/install/ublox_ubx_interfaces/lib/python3.11/site-packages/ublox_ubx_interfaces/srv/_warm_start_s.c
-- Up-to-date symlink: /home/pi/wow_ws/install/ublox_ubx_interfaces/lib/python3.11/site-packages/ublox_ubx_interfaces/ublox_ubx_interfaces_s__rosidl_typesupport_c.cpython-311-aarch64-linux-gnu.so
-- Up-to-date symlink: /home/pi/wow_ws/install/ublox_ubx_interfaces/lib/python3.11/site-packages/ublox_ubx_interfaces/ublox_ubx_interfaces_s__rosidl_typesupport_fastrtps_c.cpython-311-aarch64-linux-gnu.so
-- Up-to-date symlink: /home/pi/wow_ws/install/ublox_ubx_interfaces/lib/python3.11/site-packages/ublox_ubx_interfaces/ublox_ubx_interfaces_s__rosidl_typesupport_introspection_c.cpython-311-aarch64-linux-gnu.so
-- Up-to-date symlink: /home/pi/wow_ws/install/ublox_ubx_interfaces/lib/python3.11/site-packages/ublox_ubx_interfaces/ublox_ubx_interfaces_s__rosidl_typesupport_introspection_c.cpython-311-aarch64-linux-gnu.so
-- Up-to-date symlink: /home/pi/wow_ws/install/ublox_ubx_interfaces/lib/python3.11/site-packages/ublox_ubx_interfaces/ublox_ubx_interfaces_s__rosidl_typesupport_fastrtps_c.cpython-311-aarch64-linux-gnu.so
-- Up-to-date symlink: /home/pi/wow_ws/install/ublox_ubx_interfaces/lib/python3.11/site-packages/ublox_ubx_interfaces/ublox_ubx_interfaces_s__rosidl_typesupport_c.cpython-311-aarch64-linux-gnu.so
-- Up-to-date symlink: /home/pi/wow_ws/install/ublox_ubx_interfaces/share/ublox_ubx_interfaces/srv/HotStart.idl
-- Up-to-date symlink: /home/pi/wow_ws/install/ublox_ubx_interfaces/share/ublox_ubx_interfaces/srv/WarmStart.idl
-- Up-to-date symlink: /home/pi/wow_ws/install/ublox_ubx_interfaces/share/ublox_ubx_interfaces/srv/ColdStart.idl
-- Up-to-date symlink: /home/pi/wow_ws/install/ublox_ubx_interfaces/share/ublox_ubx_interfaces/srv/ResetODO.idl
-- Up-to-date symlink: /home/pi/wow_ws/install/ublox_ubx_interfaces/share/ublox_ubx_interfaces/srv/HotStart.srv
-- Up-to-date symlink: /home/pi/wow_ws/install/ublox_ubx_interfaces/share/ublox_ubx_interfaces/srv/HotStart_Request.msg
-- Up-to-date symlink: /home/pi/wow_ws/install/ublox_ubx_interfaces/share/ublox_ubx_interfaces/srv/HotStart_Response.msg
-- Up-to-date symlink: /home/pi/wow_ws/install/ublox_ubx_interfaces/share/ublox_ubx_interfaces/srv/WarmStart.srv
-- Up-to-date symlink: /home/pi/wow_ws/install/ublox_ubx_interfaces/share/ublox_ubx_interfaces/srv/WarmStart_Request.msg
-- Up-to-date symlink: /home/pi/wow_ws/install/ublox_ubx_interfaces/share/ublox_ubx_interfaces/srv/WarmStart_Response.msg
-- Up-to-date symlink: /home/pi/wow_ws/install/ublox_ubx_interfaces/share/ublox_ubx_interfaces/srv/ColdStart.srv
-- Up-to-date symlink: /home/pi/wow_ws/install/ublox_ubx_interfaces/share/ublox_ubx_interfaces/srv/ColdStart_Request.msg
-- Up-to-date symlink: /home/pi/wow_ws/install/ublox_ubx_interfaces/share/ublox_ubx_interfaces/srv/ColdStart_Response.msg
-- Up-to-date symlink: /home/pi/wow_ws/install/ublox_ubx_interfaces/share/ublox_ubx_interfaces/srv/ResetODO.srv
-- Up-to-date symlink: /home/pi/wow_ws/install/ublox_ubx_interfaces/share/ublox_ubx_interfaces/srv/ResetODO_Request.msg
-- Up-to-date symlink: /home/pi/wow_ws/install/ublox_ubx_interfaces/share/ublox_ubx_interfaces/srv/ResetODO_Response.msg
-- Up-to-date symlink: /home/pi/wow_ws/install/ublox_ubx_interfaces/share/ament_index/resource_index/package_run_dependencies/ublox_ubx_interfaces
-- Up-to-date symlink: /home/pi/wow_ws/install/ublox_ubx_interfaces/share/ament_index/resource_index/parent_prefix_path/ublox_ubx_interfaces
-- Up-to-date symlink: /home/pi/wow_ws/install/ublox_ubx_interfaces/share/ublox_ubx_interfaces/environment/ament_prefix_path.sh
-- Up-to-date symlink: /home/pi/wow_ws/install/ublox_ubx_interfaces/share/ublox_ubx_interfaces/environment/ament_prefix_path.dsv
-- Up-to-date symlink: /home/pi/wow_ws/install/ublox_ubx_interfaces/share/ublox_ubx_interfaces/environment/path.sh
-- Up-to-date symlink: /home/pi/wow_ws/install/ublox_ubx_interfaces/share/ublox_ubx_interfaces/environment/path.dsv
-- Up-to-date symlink: /home/pi/wow_ws/install/ublox_ubx_interfaces/share/ublox_ubx_interfaces/local_setup.bash
-- Up-to-date symlink: /home/pi/wow_ws/install/ublox_ubx_interfaces/share/ublox_ubx_interfaces/local_setup.sh
-- Up-to-date symlink: /home/pi/wow_ws/install/ublox_ubx_interfaces/share/ublox_ubx_interfaces/local_setup.zsh
-- Up-to-date symlink: /home/pi/wow_ws/install/ublox_ubx_interfaces/share/ublox_ubx_interfaces/local_setup.dsv
-- Symlinking: /home/pi/wow_ws/install/ublox_ubx_interfaces/share/ublox_ubx_interfaces/package.dsv
-- Up-to-date symlink: /home/pi/wow_ws/install/ublox_ubx_interfaces/share/ament_index/resource_index/packages/ublox_ubx_interfaces
-- Up-to-date symlink: /home/pi/wow_ws/install/ublox_ubx_interfaces/share/ublox_ubx_interfaces/cmake/rosidl_cmake-extras.cmake
-- Up-to-date symlink: /home/pi/wow_ws/install/ublox_ubx_interfaces/share/ublox_ubx_interfaces/cmake/ament_cmake_export_dependencies-extras.cmake
-- Up-to-date symlink: /home/pi/wow_ws/install/ublox_ubx_interfaces/share/ublox_ubx_interfaces/cmake/ament_cmake_export_include_directories-extras.cmake
-- Up-to-date symlink: /home/pi/wow_ws/install/ublox_ubx_interfaces/share/ublox_ubx_interfaces/cmake/ament_cmake_export_libraries-extras.cmake
-- Up-to-date symlink: /home/pi/wow_ws/install/ublox_ubx_interfaces/share/ublox_ubx_interfaces/cmake/ament_cmake_export_targets-extras.cmake
-- Up-to-date symlink: /home/pi/wow_ws/install/ublox_ubx_interfaces/share/ublox_ubx_interfaces/cmake/rosidl_cmake_export_typesupport_targets-extras.cmake
-- Up-to-date symlink: /home/pi/wow_ws/install/ublox_ubx_interfaces/share/ublox_ubx_interfaces/cmake/rosidl_cmake_export_typesupport_libraries-extras.cmake
-- Up-to-date symlink: /home/pi/wow_ws/install/ublox_ubx_interfaces/share/ublox_ubx_interfaces/cmake/ublox_ubx_interfacesConfig.cmake
-- Up-to-date symlink: /home/pi/wow_ws/install/ublox_ubx_interfaces/share/ublox_ubx_interfaces/cmake/ublox_ubx_interfacesConfig-version.cmake
-- Up-to-date symlink: /home/pi/wow_ws/install/ublox_ubx_interfaces/share/ublox_ubx_interfaces/package.xml
-- Up-to-date: /home/pi/wow_ws/install/ublox_ubx_interfaces/lib/libublox_ubx_interfaces__rosidl_generator_c.so
-- Up-to-date: /home/pi/wow_ws/install/ublox_ubx_interfaces/lib/libublox_ubx_interfaces__rosidl_typesupport_introspection_c.so
-- Up-to-date: /home/pi/wow_ws/install/ublox_ubx_interfaces/lib/libublox_ubx_interfaces__rosidl_typesupport_fastrtps_c.so
-- Up-to-date: /home/pi/wow_ws/install/ublox_ubx_interfaces/lib/libublox_ubx_interfaces__rosidl_typesupport_c.so
-- Up-to-date: /home/pi/wow_ws/install/ublox_ubx_interfaces/lib/libublox_ubx_interfaces__rosidl_typesupport_introspection_cpp.so
-- Up-to-date: /home/pi/wow_ws/install/ublox_ubx_interfaces/lib/libublox_ubx_interfaces__rosidl_typesupport_fastrtps_cpp.so
-- Up-to-date: /home/pi/wow_ws/install/ublox_ubx_interfaces/lib/libublox_ubx_interfaces__rosidl_typesupport_cpp.so
Listing '/home/pi/wow_ws/install/ublox_ubx_interfaces/lib/python3.11/site-packages/ublox_ubx_interfaces'...
Listing '/home/pi/wow_ws/install/ublox_ubx_interfaces/lib/python3.11/site-packages/ublox_ubx_interfaces/srv'...
-- Up-to-date: /home/pi/wow_ws/install/ublox_ubx_interfaces/lib/libublox_ubx_interfaces__rosidl_generator_py.so
-- Up-to-date: /home/pi/wow_ws/install/ublox_ubx_interfaces/share/ublox_ubx_interfaces/cmake/export_ublox_ubx_interfaces__rosidl_generator_cExport.cmake
-- Up-to-date: /home/pi/wow_ws/install/ublox_ubx_interfaces/share/ublox_ubx_interfaces/cmake/export_ublox_ubx_interfaces__rosidl_generator_cExport-noconfig.cmake
-- Up-to-date: /home/pi/wow_ws/install/ublox_ubx_interfaces/share/ublox_ubx_interfaces/cmake/ublox_ubx_interfaces__rosidl_typesupport_introspection_cExport.cmake
-- Up-to-date: /home/pi/wow_ws/install/ublox_ubx_interfaces/share/ublox_ubx_interfaces/cmake/ublox_ubx_interfaces__rosidl_typesupport_introspection_cExport-noconfig.cmake
-- Up-to-date: /home/pi/wow_ws/install/ublox_ubx_interfaces/share/ublox_ubx_interfaces/cmake/export_ublox_ubx_interfaces__rosidl_typesupport_fastrtps_cExport.cmake
-- Up-to-date: /home/pi/wow_ws/install/ublox_ubx_interfaces/share/ublox_ubx_interfaces/cmake/export_ublox_ubx_interfaces__rosidl_typesupport_fastrtps_cExport-noconfig.cmake
-- Up-to-date: /home/pi/wow_ws/install/ublox_ubx_interfaces/share/ublox_ubx_interfaces/cmake/ublox_ubx_interfaces__rosidl_typesupport_cExport.cmake
-- Up-to-date: /home/pi/wow_ws/install/ublox_ubx_interfaces/share/ublox_ubx_interfaces/cmake/ublox_ubx_interfaces__rosidl_typesupport_cExport-noconfig.cmake
-- Up-to-date: /home/pi/wow_ws/install/ublox_ubx_interfaces/share/ublox_ubx_interfaces/cmake/export_ublox_ubx_interfaces__rosidl_generator_cppExport.cmake
-- Up-to-date: /home/pi/wow_ws/install/ublox_ubx_interfaces/share/ublox_ubx_interfaces/cmake/ublox_ubx_interfaces__rosidl_typesupport_introspection_cppExport.cmake
-- Up-to-date: /home/pi/wow_ws/install/ublox_ubx_interfaces/share/ublox_ubx_interfaces/cmake/ublox_ubx_interfaces__rosidl_typesupport_introspection_cppExport-noconfig.cmake
-- Up-to-date: /home/pi/wow_ws/install/ublox_ubx_interfaces/share/ublox_ubx_interfaces/cmake/export_ublox_ubx_interfaces__rosidl_typesupport_fastrtps_cppExport.cmake
-- Up-to-date: /home/pi/wow_ws/install/ublox_ubx_interfaces/share/ublox_ubx_interfaces/cmake/export_ublox_ubx_interfaces__rosidl_typesupport_fastrtps_cppExport-noconfig.cmake
-- Up-to-date: /home/pi/wow_ws/install/ublox_ubx_interfaces/share/ublox_ubx_interfaces/cmake/ublox_ubx_interfaces__rosidl_typesupport_cppExport.cmake
-- Up-to-date: /home/pi/wow_ws/install/ublox_ubx_interfaces/share/ublox_ubx_interfaces/cmake/ublox_ubx_interfaces__rosidl_typesupport_cppExport-noconfig.cmake
-- Up-to-date: /home/pi/wow_ws/install/ublox_ubx_interfaces/share/ublox_ubx_interfaces/cmake/export_ublox_ubx_interfaces__rosidl_generator_pyExport.cmake
-- Up-to-date: /home/pi/wow_ws/install/ublox_ubx_interfaces/share/ublox_ubx_interfaces/cmake/export_ublox_ubx_interfaces__rosidl_generator_pyExport-noconfig.cmake
