[  3%] [32mBuilding CXX object CMakeFiles/foxglove_bridge_base.dir/foxglove_bridge_base/src/base64.cpp.o[0m
[  7%] [32mBuilding CXX object CMakeFiles/foxglove_bridge_base.dir/foxglove_bridge_base/src/parameter.cpp.o[0m
[ 10%] [32mBuilding CXX object CMakeFiles/foxglove_bridge_base.dir/foxglove_bridge_base/src/serialization.cpp.o[0m
[ 14%] [32mBuilding CXX object CMakeFiles/foxglove_bridge_base.dir/foxglove_bridge_base/src/server_factory.cpp.o[0m
[ 17%] [32mBuilding CXX object CMakeFiles/foxglove_bridge_base.dir/foxglove_bridge_base/src/test/test_client.cpp.o[0m
[ 21%] [32m[1mLinking CXX shared library libfoxglove_bridge_base.so[0m
[ 28%] Built target foxglove_bridge_base
[ 32%] [32mBuilding CXX object gtest/CMakeFiles/gtest.dir/src/gtest-all.cc.o[0m
[ 35%] [32mBuilding CXX object gtest/CMakeFiles/gtest_main.dir/src/gtest_main.cc.o[0m
[ 39%] [32mBuilding CXX object CMakeFiles/foxglove_bridge.dir/ros2_foxglove_bridge/src/ros2_foxglove_bridge_node.cpp.o[0m
[ 42%] [32mBuilding CXX object CMakeFiles/foxglove_bridge_component.dir/ros2_foxglove_bridge/src/message_definition_cache.cpp.o[0m
[ 46%] [32m[1mLinking CXX static library libgtest_main.a[0m
[ 46%] Built target gtest_main
[ 50%] [32mBuilding CXX object CMakeFiles/foxglove_bridge_component.dir/ros2_foxglove_bridge/src/param_utils.cpp.o[0m
[ 53%] [32m[1mLinking CXX executable foxglove_bridge[0m
[ 53%] Built target foxglove_bridge
[ 57%] [32mBuilding CXX object CMakeFiles/foxglove_bridge_component.dir/ros2_foxglove_bridge/src/ros2_foxglove_bridge.cpp.o[0m
[ 60%] [32mBuilding CXX object CMakeFiles/foxglove_bridge_component.dir/ros2_foxglove_bridge/src/parameter_interface.cpp.o[0m
[ 64%] [32mBuilding CXX object CMakeFiles/foxglove_bridge_component.dir/ros2_foxglove_bridge/src/generic_client.cpp.o[0m
[ 67%] [32m[1mLinking CXX static library libgtest.a[0m
[ 67%] Built target gtest
[ 71%] [32mBuilding CXX object CMakeFiles/version_test.dir/foxglove_bridge_base/tests/version_test.cpp.o[0m
[ 75%] [32mBuilding CXX object CMakeFiles/serialization_test.dir/foxglove_bridge_base/tests/serialization_test.cpp.o[0m
[ 78%] [32m[1mLinking CXX executable version_test[0m
[ 78%] Built target version_test
[ 82%] [32mBuilding CXX object CMakeFiles/base64_test.dir/foxglove_bridge_base/tests/base64_test.cpp.o[0m
[ 85%] [32m[1mLinking CXX executable base64_test[0m
[ 85%] Built target base64_test
[ 89%] [32mBuilding CXX object CMakeFiles/smoke_test.dir/ros2_foxglove_bridge/tests/smoke_test.cpp.o[0m
[ 92%] [32m[1mLinking CXX executable serialization_test[0m
[ 92%] Built target serialization_test
[ 96%] [32m[1mLinking CXX shared library libfoxglove_bridge_component.so[0m
[ 96%] Built target foxglove_bridge_component
[100%] [32m[1mLinking CXX executable smoke_test[0m
[100%] Built target smoke_test
