[4.551s] Invoking command in '/home/pi/wow_ws/build/bno055': PYTHONPATH=/home/pi/wow_ws/build/bno055/prefix_override:/home/pi/wow_ws/install/bno055/lib/python3.11/site-packages:${PYTHONPATH} /usr/bin/python3 setup.py develop --editable --build-directory /home/pi/wow_ws/build/bno055/build --no-deps install_data
[5.687s] running develop
[5.688s] /usr/lib/python3/dist-packages/setuptools/command/easy_install.py:146: EasyInstallDeprecationWarning: easy_install command is deprecated. Use build and pip and other standards-based tools.
[5.688s]   warnings.warn(
[5.783s] /usr/lib/python3/dist-packages/setuptools/command/install.py:34: SetuptoolsDeprecationWarning: setup.py install is deprecated. Use build and pip and other standards-based tools.
[5.783s]   warnings.warn(
[6.258s] running egg_info
[6.298s] writing bno055.egg-info/PKG-INFO
[6.299s] writing dependency_links to bno055.egg-info/dependency_links.txt
[6.300s] writing entry points to bno055.egg-info/entry_points.txt
[6.301s] writing requirements to bno055.egg-info/requires.txt
[6.303s] writing top-level names to bno055.egg-info/top_level.txt
[6.403s] reading manifest file 'bno055.egg-info/SOURCES.txt'
[6.403s] writing manifest file 'bno055.egg-info/SOURCES.txt'
[6.457s] running build_ext
[6.459s] Creating /home/pi/wow_ws/install/bno055/lib/python3.11/site-packages/bno055.egg-link (link to .)
[6.459s] Installing bno055 script to /home/pi/wow_ws/install/bno055/lib/bno055
[6.460s] 
[6.460s] Installed /home/pi/wow_ws/build/bno055
[6.460s] running install_data
[6.684s] Invoked command in '/home/pi/wow_ws/build/bno055' returned '0': PYTHONPATH=/home/pi/wow_ws/build/bno055/prefix_override:/home/pi/wow_ws/install/bno055/lib/python3.11/site-packages:${PYTHONPATH} /usr/bin/python3 setup.py develop --editable --build-directory /home/pi/wow_ws/build/bno055/build --no-deps install_data
