[3.667s] Invoking command in '/home/pi/wow_ws/build/ICM20948': PYTHONPATH=/home/pi/wow_ws/build/ICM20948/prefix_override:/home/pi/wow_ws/install/ICM20948/lib/python3.11/site-packages:${PYTHONPATH} /usr/bin/python3 setup.py develop --editable --build-directory /home/pi/wow_ws/build/ICM20948/build --no-deps install_data
[4.959s] running develop
[4.960s] /usr/lib/python3/dist-packages/setuptools/command/easy_install.py:146: EasyInstallDeprecationWarning: easy_install command is deprecated. Use build and pip and other standards-based tools.
[4.961s]   warnings.warn(
[5.065s] /usr/lib/python3/dist-packages/setuptools/command/install.py:34: SetuptoolsDeprecationWarning: setup.py install is deprecated. Use build and pip and other standards-based tools.
[5.065s]   warnings.warn(
[5.662s] running egg_info
[5.716s] writing ICM20948.egg-info/PKG-INFO
[5.717s] writing dependency_links to ICM20948.egg-info/dependency_links.txt
[5.718s] writing entry points to ICM20948.egg-info/entry_points.txt
[5.720s] writing requirements to ICM20948.egg-info/requires.txt
[5.722s] writing top-level names to ICM20948.egg-info/top_level.txt
[5.829s] reading manifest file 'ICM20948.egg-info/SOURCES.txt'
[5.830s] writing manifest file 'ICM20948.egg-info/SOURCES.txt'
[5.896s] running build_ext
[5.896s] Creating /home/pi/wow_ws/install/ICM20948/lib/python3.11/site-packages/ICM20948.egg-link (link to .)
[5.896s] Installing ICM_raw_data script to /home/pi/wow_ws/install/ICM20948/lib/ICM20948
[5.896s] 
[5.896s] Installed /home/pi/wow_ws/build/ICM20948
[5.897s] running install_data
[6.109s] Invoked command in '/home/pi/wow_ws/build/ICM20948' returned '0': PYTHONPATH=/home/pi/wow_ws/build/ICM20948/prefix_override:/home/pi/wow_ws/install/ICM20948/lib/python3.11/site-packages:${PYTHONPATH} /usr/bin/python3 setup.py develop --editable --build-directory /home/pi/wow_ws/build/ICM20948/build --no-deps install_data
