running egg_info
creating ../../build/ICM20948/ICM20948.egg-info
writing ../../build/ICM20948/ICM20948.egg-info/PKG-INFO
writing dependency_links to ../../build/ICM20948/ICM20948.egg-info/dependency_links.txt
writing requirements to ../../build/ICM20948/ICM20948.egg-info/requires.txt
writing top-level names to ../../build/ICM20948/ICM20948.egg-info/top_level.txt
writing manifest file '../../build/ICM20948/ICM20948.egg-info/SOURCES.txt'
reading manifest file '../../build/ICM20948/ICM20948.egg-info/SOURCES.txt'
writing manifest file '../../build/ICM20948/ICM20948.egg-info/SOURCES.txt'
running build
running build_py
creating /home/pi/wow_ws/build/ICM20948/build
creating /home/pi/wow_ws/build/ICM20948/build/lib
creating /home/pi/wow_ws/build/ICM20948/build/lib/ICM20948
copying ICM20948/__init__.py -> /home/pi/wow_ws/build/ICM20948/build/lib/ICM20948
running install
/usr/lib/python3/dist-packages/setuptools/command/install.py:34: SetuptoolsDeprecationWarning: setup.py install is deprecated. Use build and pip and other standards-based tools.
  warnings.warn(
running install_lib
creating /home/pi/wow_ws/install/ICM20948/lib/python3.11/site-packages/ICM20948
copying /home/pi/wow_ws/build/ICM20948/build/lib/ICM20948/__init__.py -> /home/pi/wow_ws/install/ICM20948/lib/python3.11/site-packages/ICM20948
byte-compiling /home/pi/wow_ws/install/ICM20948/lib/python3.11/site-packages/ICM20948/__init__.py to __init__.cpython-311.pyc
running install_data
creating /home/pi/wow_ws/install/ICM20948/share/ament_index
creating /home/pi/wow_ws/install/ICM20948/share/ament_index/resource_index
creating /home/pi/wow_ws/install/ICM20948/share/ament_index/resource_index/packages
copying resource/ICM20948 -> /home/pi/wow_ws/install/ICM20948/share/ament_index/resource_index/packages
copying package.xml -> /home/pi/wow_ws/install/ICM20948/share/ICM20948
running install_egg_info
Copying ../../build/ICM20948/ICM20948.egg-info to /home/pi/wow_ws/install/ICM20948/lib/python3.11/site-packages/ICM20948-0.0.0-py3.11.egg-info
running install_scripts
writing list of installed files to '/home/pi/wow_ws/build/ICM20948/install.log'
