[2.497s] Invoking command in '/home/pi/wow_ws/src/ICM20948': PYTHONPATH=/home/pi/wow_ws/build/ICM20948/prefix_override:/home/pi/wow_ws/install/ICM20948/lib/python3.11/site-packages:${PYTHONPATH} /usr/bin/python3 setup.py egg_info --egg-base ../../build/ICM20948 build --build-base /home/pi/wow_ws/build/ICM20948/build install --record /home/pi/wow_ws/build/ICM20948/install.log --single-version-externally-managed
[3.365s] running egg_info
[3.365s] creating ../../build/ICM20948/ICM20948.egg-info
[3.401s] writing ../../build/ICM20948/ICM20948.egg-info/PKG-INFO
[3.401s] writing dependency_links to ../../build/ICM20948/ICM20948.egg-info/dependency_links.txt
[3.401s] writing requirements to ../../build/ICM20948/ICM20948.egg-info/requires.txt
[3.401s] writing top-level names to ../../build/ICM20948/ICM20948.egg-info/top_level.txt
[3.401s] writing manifest file '../../build/ICM20948/ICM20948.egg-info/SOURCES.txt'
[3.474s] reading manifest file '../../build/ICM20948/ICM20948.egg-info/SOURCES.txt'
[3.475s] writing manifest file '../../build/ICM20948/ICM20948.egg-info/SOURCES.txt'
[3.475s] running build
[3.475s] running build_py
[3.475s] creating /home/pi/wow_ws/build/ICM20948/build
[3.475s] creating /home/pi/wow_ws/build/ICM20948/build/lib
[3.475s] creating /home/pi/wow_ws/build/ICM20948/build/lib/ICM20948
[3.475s] copying ICM20948/__init__.py -> /home/pi/wow_ws/build/ICM20948/build/lib/ICM20948
[3.475s] running install
[3.476s] /usr/lib/python3/dist-packages/setuptools/command/install.py:34: SetuptoolsDeprecationWarning: setup.py install is deprecated. Use build and pip and other standards-based tools.
[3.476s]   warnings.warn(
[3.486s] running install_lib
[3.523s] creating /home/pi/wow_ws/install/ICM20948/lib/python3.11/site-packages/ICM20948
[3.523s] copying /home/pi/wow_ws/build/ICM20948/build/lib/ICM20948/__init__.py -> /home/pi/wow_ws/install/ICM20948/lib/python3.11/site-packages/ICM20948
[3.526s] byte-compiling /home/pi/wow_ws/install/ICM20948/lib/python3.11/site-packages/ICM20948/__init__.py to __init__.cpython-311.pyc
[3.527s] running install_data
[3.612s] creating /home/pi/wow_ws/install/ICM20948/share/ament_index
[3.612s] creating /home/pi/wow_ws/install/ICM20948/share/ament_index/resource_index
[3.612s] creating /home/pi/wow_ws/install/ICM20948/share/ament_index/resource_index/packages
[3.612s] copying resource/ICM20948 -> /home/pi/wow_ws/install/ICM20948/share/ament_index/resource_index/packages
[3.612s] copying package.xml -> /home/pi/wow_ws/install/ICM20948/share/ICM20948
[3.612s] running install_egg_info
[3.651s] Copying ../../build/ICM20948/ICM20948.egg-info to /home/pi/wow_ws/install/ICM20948/lib/python3.11/site-packages/ICM20948-0.0.0-py3.11.egg-info
[3.652s] running install_scripts
[3.801s] writing list of installed files to '/home/pi/wow_ws/build/ICM20948/install.log'
[3.942s] Invoked command in '/home/pi/wow_ws/src/ICM20948' returned '0': PYTHONPATH=/home/pi/wow_ws/build/ICM20948/prefix_override:/home/pi/wow_ws/install/ICM20948/lib/python3.11/site-packages:${PYTHONPATH} /usr/bin/python3 setup.py egg_info --egg-base ../../build/ICM20948 build --build-base /home/pi/wow_ws/build/ICM20948/build install --record /home/pi/wow_ws/build/ICM20948/install.log --single-version-externally-managed
