[5.299s] Invoking command in '/home/pi/wow_ws/build/bno055': PYTHONPATH=/home/pi/wow_ws/build/bno055/prefix_override:/home/pi/wow_ws/install/bno055/lib/python3.11/site-packages:${PYTHONPATH} /usr/bin/python3 setup.py develop --editable --build-directory /home/pi/wow_ws/build/bno055/build --no-deps install_data
[7.890s] running develop
[7.891s] /usr/lib/python3/dist-packages/setuptools/command/easy_install.py:146: EasyInstallDeprecationWarning: easy_install command is deprecated. Use build and pip and other standards-based tools.
[7.891s]   warnings.warn(
[8.069s] /usr/lib/python3/dist-packages/setuptools/command/install.py:34: SetuptoolsDeprecationWarning: setup.py install is deprecated. Use build and pip and other standards-based tools.
[8.069s]   warnings.warn(
[9.191s] running egg_info
[9.272s] writing bno055.egg-info/PKG-INFO
[9.272s] writing dependency_links to bno055.egg-info/dependency_links.txt
[9.272s] writing entry points to bno055.egg-info/entry_points.txt
[9.273s] writing requirements to bno055.egg-info/requires.txt
[9.274s] writing top-level names to bno055.egg-info/top_level.txt
[9.529s] reading manifest file 'bno055.egg-info/SOURCES.txt'
[9.529s] writing manifest file 'bno055.egg-info/SOURCES.txt'
[9.688s] running build_ext
[9.688s] Creating /home/pi/wow_ws/install/bno055/lib/python3.11/site-packages/bno055.egg-link (link to .)
[9.690s] Installing bno055 script to /home/pi/wow_ws/install/bno055/lib/bno055
[9.691s] 
[9.691s] Installed /home/pi/wow_ws/build/bno055
[9.691s] running install_data
[10.086s] Invoked command in '/home/pi/wow_ws/build/bno055' returned '0': PYTHONPATH=/home/pi/wow_ws/build/bno055/prefix_override:/home/pi/wow_ws/install/bno055/lib/python3.11/site-packages:${PYTHONPATH} /usr/bin/python3 setup.py develop --editable --build-directory /home/pi/wow_ws/build/bno055/build --no-deps install_data
