[0.043s] Invoking command in '/home/pi/wow_ws/build/icm_20948': CMAKE_PREFIX_PATH=${CMAKE_PREFIX_PATH}:/home/pi/wow_ws/install/ntrip_client:/home/pi/wow_ws/install/bno055:/home/pi/ros2_iron/install/rqt_bag_plugins:/home/pi/ros2_iron/install/rqt_bag:/home/pi/ros2_iron/install/rosbag2_examples_py:/home/pi/ros2_iron/install/launch_testing_examples:/home/pi/ros2_iron/install/ros2bag:/home/pi/ros2_iron/install/tracetools_test:/home/pi/ros2_iron/install/tracetools_launch:/home/pi/ros2_iron/install/topic_monitor:/home/pi/ros2_iron/install/tf2_tools:/home/pi/ros2_iron/install/examples_tf2_py:/home/pi/ros2_iron/install/tf2_ros_py:/home/pi/ros2_iron/install/examples_rclpy_pointcloud_publisher:/home/pi/ros2_iron/install/sensor_msgs_py:/home/pi/ros2_iron/install/quality_of_service_demo_py:/home/pi/ros2_iron/install/rqt_plot:/home/pi/ros2_iron/install/ros2doctor:/home/pi/ros2_iron/install/lifecycle_py:/home/pi/ros2_iron/install/examples_rclpy_minimal_subscriber:/home/pi/ros2_iron/install/examples_rclpy_minimal_service:/home/pi/ros2_iron/install/examples_rclpy_minimal_publisher:/home/pi/ros2_iron/install/examples_rclpy_minimal_client:/home/pi/ros2_iron/install/examples_rclpy_executors:/home/pi/ros2_iron/install/demo_nodes_py:/home/pi/ros2_iron/install/rqt:/home/pi/ros2_iron/install/ros2component:/home/pi/ros2_iron/install/sros2:/home/pi/ros2_iron/install/rqt_topic:/home/pi/ros2_iron/install/rqt_srv:/home/pi/ros2_iron/install/rqt_shell:/home/pi/ros2_iron/install/rqt_service_caller:/home/pi/ros2_iron/install/rqt_reconfigure:/home/pi/ros2_iron/install/rqt_py_console:/home/pi/ros2_iron/install/rqt_publisher:/home/pi/ros2_iron/install/rqt_action:/home/pi/ros2_iron/install/rqt_msg:/home/pi/ros2_iron/install/rqt_console:/home/pi/ros2_iron/install/rqt_graph:/home/pi/ros2_iron/install/rqt_gui_py:/home/pi/ros2_iron/install/rqt_gui:/home/pi/ros2_iron/install/ros2trace:/home/pi/ros2_iron/install/ros2topic:/home/pi/ros2_iron/install/ros2test:/home/pi/ros2_iron/install/ros2param:/home/pi/ros2_iron/install/ros2lifecycle:/home/pi/ros2_iron/install/ros2service:/home/pi/ros2_iron/install/ros2run:/home/pi/ros2_iron/install/ros2launch:/home/pi/ros2_iron/install/ros2pkg:/home/pi/ros2_iron/install/ros2node:/home/pi/ros2_iron/install/ros2multicast:/home/pi/ros2_iron/install/ros2interface:/home/pi/ros2_iron/install/ros2action:/home/pi/ros2_iron/install/ros2cli:/home/pi/ros2_iron/install/launch_testing_ros:/home/pi/ros2_iron/install/launch_ros:/home/pi/ros2_iron/install/examples_rclpy_minimal_action_server:/home/pi/ros2_iron/install/examples_rclpy_minimal_action_client:/home/pi/ros2_iron/install/examples_rclpy_guard_conditions:/home/pi/ros2_iron/install/action_tutorials_py:/home/pi/ros2_iron/install/ament_uncrustify:/home/pi/ros2_iron/install/tracetools_trace:/home/pi/ros2_iron/install/tracetools_read:/home/pi/ros2_iron/install/test_tracetools_launch:/home/pi/ros2_iron/install/test_ros2trace:/home/pi/ros2_iron/install/test_launch_ros:/home/pi/ros2_iron/install/rpyutils:/home/pi/ros2_iron/install/rosidl_runtime_py:/home/pi/ros2_iron/install/rosidl_pycommon:/home/pi/ros2_iron/install/rosidl_cli:/home/pi/ros2_iron/install/launch_pytest:/home/pi/ros2_iron/install/launch_testing:/home/pi/ros2_iron/install/launch_yaml:/home/pi/ros2_iron/install/launch_xml:/home/pi/ros2_iron/install/launch:/home/pi/ros2_iron/install/osrf_pycommon:/home/pi/ros2_iron/install/domain_coordinator:/home/pi/ros2_iron/install/ament_xmllint:/home/pi/ros2_iron/install/ament_pyflakes:/home/pi/ros2_iron/install/ament_pycodestyle:/home/pi/ros2_iron/install/ament_pep257:/home/pi/ros2_iron/install/ament_pclint:/home/pi/ros2_iron/install/ament_package:/home/pi/ros2_iron/install/ament_mypy:/home/pi/ros2_iron/install/ament_lint_cmake:/home/pi/ros2_iron/install/ament_flake8:/home/pi/ros2_iron/install/ament_copyright:/home/pi/ros2_iron/install/ament_lint:/home/pi/ros2_iron/install/ament_index_python:/home/pi/ros2_iron/install/ament_cpplint:/home/pi/ros2_iron/install/ament_cppcheck:/home/pi/ros2_iron/install/ament_clang_tidy:/home/pi/ros2_iron/install/ament_clang_format /usr/bin/cmake /home/pi/wow_ws/src/icm_20948 -DAMENT_CMAKE_SYMLINK_INSTALL=1 -DCMAKE_INSTALL_PREFIX=/home/pi/wow_ws/install/icm_20948
[0.083s] -- Found ament_cmake: 2.0.5 (/home/pi/ros2_iron/install/ament_cmake/share/ament_cmake/cmake)
[0.571s] -- Override CMake install command with custom implementation using symlinks instead of copying resources
[0.582s] -- Found rclcpp: 21.0.6 (/home/pi/ros2_iron/install/rclcpp/share/rclcpp/cmake)
[0.647s] -- Found rosidl_generator_c: 4.0.1 (/home/pi/ros2_iron/install/rosidl_generator_c/share/rosidl_generator_c/cmake)
[0.663s] -- Found rosidl_generator_cpp: 4.0.1 (/home/pi/ros2_iron/install/rosidl_generator_cpp/share/rosidl_generator_cpp/cmake)
[0.736s] -- Using all available rosidl_typesupport_c: rosidl_typesupport_introspection_c;rosidl_typesupport_fastrtps_c
[0.817s] -- Using all available rosidl_typesupport_cpp: rosidl_typesupport_introspection_cpp;rosidl_typesupport_fastrtps_cpp
[1.175s] -- Found rmw_implementation_cmake: 7.1.0 (/home/pi/ros2_iron/install/rmw_implementation_cmake/share/rmw_implementation_cmake/cmake)
[1.225s] -- Found rmw_fastrtps_cpp: 7.1.3 (/home/pi/ros2_iron/install/rmw_fastrtps_cpp/share/rmw_fastrtps_cpp/cmake)
[1.498s] -- Using RMW implementation 'rmw_fastrtps_cpp' as default
[1.830s] -- Found sensor_msgs: 5.0.0 (/home/pi/ros2_iron/install/sensor_msgs/share/sensor_msgs/cmake)
[2.257s] [31mCMake Error at CMakeLists.txt:16 (find_package):
[2.257s]   By not providing "Findserial.cmake" in CMAKE_MODULE_PATH this project has
[2.257s]   asked CMake to find a package configuration file provided by "serial", but
[2.257s]   CMake did not find one.
[2.257s] 
[2.257s]   Could not find a package configuration file provided by "serial" with any
[2.257s]   of the following names:
[2.257s] 
[2.257s]     serialConfig.cmake
[2.258s]     serial-config.cmake
[2.258s] 
[2.258s]   Add the installation prefix of "serial" to CMAKE_PREFIX_PATH or set
[2.258s]   "serial_DIR" to a directory containing one of the above files.  If "serial"
[2.258s]   provides a separate development package or SDK, be sure it has been
[2.258s]   installed.
[2.258s] 
[2.258s] [0m
[2.258s] -- Configuring incomplete, errors occurred!
[2.258s] See also "/home/pi/wow_ws/build/icm_20948/CMakeFiles/CMakeOutput.log".
