-- Found ament_cmake: 2.0.5 (/home/pi/ros2_iron/install/ament_cmake/share/ament_cmake/cmake)
-- Override CMake install command with custom implementation using symlinks instead of copying resources
-- Found diagnostic_msgs: 5.0.0 (/home/pi/ros2_iron/install/diagnostic_msgs/share/diagnostic_msgs/cmake)
-- Found rosidl_generator_c: 4.0.1 (/home/pi/ros2_iron/install/rosidl_generator_c/share/rosidl_generator_c/cmake)
-- Found rosidl_generator_cpp: 4.0.1 (/home/pi/ros2_iron/install/rosidl_generator_cpp/share/rosidl_generator_cpp/cmake)
-- Using all available rosidl_typesupport_c: rosidl_typesupport_introspection_c;rosidl_typesupport_fastrtps_c
-- Using all available rosidl_typesupport_cpp: rosidl_typesupport_introspection_cpp;rosidl_typesupport_fastrtps_cpp
-- Found rclcpp: 21.0.6 (/home/pi/ros2_iron/install/rclcpp/share/rclcpp/cmake)
-- Found rmw_implementation_cmake: 7.1.0 (/home/pi/ros2_iron/install/rmw_implementation_cmake/share/rmw_implementation_cmake/cmake)
-- Found rmw_fastrtps_cpp: 7.1.3 (/home/pi/ros2_iron/install/rmw_fastrtps_cpp/share/rmw_fastrtps_cpp/cmake)
-- Using RMW implementation 'rmw_fastrtps_cpp' as default
-- Found rclpy: 4.1.5 (/home/pi/ros2_iron/install/rclpy/share/rclpy/cmake)
-- Found ament_lint_auto: 0.14.3 (/home/pi/ros2_iron/install/ament_lint_auto/share/ament_lint_auto/cmake)
-- Found gtest sources under '/home/pi/ros2_iron/install/gtest_vendor/src/gtest_vendor': C++ tests using 'Google Test' will be built
-- Added test 'cppcheck' to perform static code analysis on C / C++ code
-- Configured cppcheck include dirs: $<BUILD_INTERFACE:/home/pi/wow_ws/src/diagnostics/diagnostic_updater/include>
-- Configured cppcheck exclude dirs and/or files: 
-- Added test 'cpplint' to check C / C++ code against the Google style
-- Configured cpplint exclude dirs and/or files: 
-- Added test 'lint_cmake' to check CMake code style
-- Added test 'pep257' to check Python code against some of the docstring style conventions in PEP 257
-- Added test 'uncrustify' to check C / C++ code style
-- Configured uncrustify additional arguments: 
-- Added test 'xmllint' to check XML markup files
-- Configuring done
-- Generating done
-- Build files have been written to: /home/pi/wow_ws/build/diagnostic_updater
[ 16%] Built target gtest
[ 33%] Built target gtest_main
[ 50%] Built target example
[ 50%] Built target ament_cmake_python_symlink_diagnostic_updater
[ 66%] Built target status_msg_test
[ 83%] Built target diagnostic_updater_test
[100%] Built target diagnostic_status_wrapper_test
running egg_info
writing diagnostic_updater.egg-info/PKG-INFO
writing dependency_links to diagnostic_updater.egg-info/dependency_links.txt
writing top-level names to diagnostic_updater.egg-info/top_level.txt
reading manifest file 'diagnostic_updater.egg-info/SOURCES.txt'
writing manifest file 'diagnostic_updater.egg-info/SOURCES.txt'
[100%] Built target ament_cmake_python_build_diagnostic_updater_egg
-- Install configuration: ""
-- Execute custom install script
-- Up-to-date symlink: /home/pi/wow_ws/install/diagnostic_updater/share/diagnostic_updater/environment/pythonpath.sh
-- Up-to-date symlink: /home/pi/wow_ws/install/diagnostic_updater/share/diagnostic_updater/environment/pythonpath.dsv
-- Up-to-date symlink: /home/pi/wow_ws/install/diagnostic_updater/lib/python3.11/site-packages/diagnostic_updater-3.2.0-py3.11.egg-info/PKG-INFO
-- Up-to-date symlink: /home/pi/wow_ws/install/diagnostic_updater/lib/python3.11/site-packages/diagnostic_updater-3.2.0-py3.11.egg-info/SOURCES.txt
-- Up-to-date symlink: /home/pi/wow_ws/install/diagnostic_updater/lib/python3.11/site-packages/diagnostic_updater-3.2.0-py3.11.egg-info/dependency_links.txt
-- Up-to-date symlink: /home/pi/wow_ws/install/diagnostic_updater/lib/python3.11/site-packages/diagnostic_updater-3.2.0-py3.11.egg-info/top_level.txt
-- Up-to-date symlink: /home/pi/wow_ws/install/diagnostic_updater/lib/python3.11/site-packages/diagnostic_updater/__init__.py
-- Up-to-date symlink: /home/pi/wow_ws/install/diagnostic_updater/lib/python3.11/site-packages/diagnostic_updater/_diagnostic_status_wrapper.py
-- Up-to-date symlink: /home/pi/wow_ws/install/diagnostic_updater/lib/python3.11/site-packages/diagnostic_updater/_diagnostic_updater.py
-- Up-to-date symlink: /home/pi/wow_ws/install/diagnostic_updater/lib/python3.11/site-packages/diagnostic_updater/_publisher.py
-- Up-to-date symlink: /home/pi/wow_ws/install/diagnostic_updater/lib/python3.11/site-packages/diagnostic_updater/_update_functions.py
-- Up-to-date symlink: /home/pi/wow_ws/install/diagnostic_updater/lib/python3.11/site-packages/diagnostic_updater/example.py
-- Up-to-date symlink: /home/pi/wow_ws/install/diagnostic_updater/lib/diagnostic_updater/example.py
-- Up-to-date symlink: /home/pi/wow_ws/install/diagnostic_updater/lib/diagnostic_updater/example
-- Up-to-date symlink: /home/pi/wow_ws/install/diagnostic_updater/include/diagnostic_updater/diagnostic_status_wrapper.hpp
-- Up-to-date symlink: /home/pi/wow_ws/install/diagnostic_updater/include/diagnostic_updater/diagnostic_updater.hpp
-- Up-to-date symlink: /home/pi/wow_ws/install/diagnostic_updater/include/diagnostic_updater/publisher.hpp
-- Up-to-date symlink: /home/pi/wow_ws/install/diagnostic_updater/include/diagnostic_updater/update_functions.hpp
-- Up-to-date symlink: /home/pi/wow_ws/install/diagnostic_updater/share/diagnostic_updater/environment/library_path.sh
-- Up-to-date symlink: /home/pi/wow_ws/install/diagnostic_updater/share/diagnostic_updater/environment/library_path.dsv
-- Up-to-date symlink: /home/pi/wow_ws/install/diagnostic_updater/share/ament_index/resource_index/package_run_dependencies/diagnostic_updater
-- Up-to-date symlink: /home/pi/wow_ws/install/diagnostic_updater/share/ament_index/resource_index/parent_prefix_path/diagnostic_updater
-- Up-to-date symlink: /home/pi/wow_ws/install/diagnostic_updater/share/diagnostic_updater/environment/ament_prefix_path.sh
-- Up-to-date symlink: /home/pi/wow_ws/install/diagnostic_updater/share/diagnostic_updater/environment/ament_prefix_path.dsv
-- Up-to-date symlink: /home/pi/wow_ws/install/diagnostic_updater/share/diagnostic_updater/environment/path.sh
-- Up-to-date symlink: /home/pi/wow_ws/install/diagnostic_updater/share/diagnostic_updater/environment/path.dsv
-- Up-to-date symlink: /home/pi/wow_ws/install/diagnostic_updater/share/diagnostic_updater/local_setup.bash
-- Up-to-date symlink: /home/pi/wow_ws/install/diagnostic_updater/share/diagnostic_updater/local_setup.sh
-- Up-to-date symlink: /home/pi/wow_ws/install/diagnostic_updater/share/diagnostic_updater/local_setup.zsh
-- Up-to-date symlink: /home/pi/wow_ws/install/diagnostic_updater/share/diagnostic_updater/local_setup.dsv
-- Symlinking: /home/pi/wow_ws/install/diagnostic_updater/share/diagnostic_updater/package.dsv
-- Up-to-date symlink: /home/pi/wow_ws/install/diagnostic_updater/share/ament_index/resource_index/packages/diagnostic_updater
-- Up-to-date symlink: /home/pi/wow_ws/install/diagnostic_updater/share/diagnostic_updater/cmake/ament_cmake_export_targets-extras.cmake
-- Up-to-date symlink: /home/pi/wow_ws/install/diagnostic_updater/share/diagnostic_updater/cmake/ament_cmake_export_include_directories-extras.cmake
-- Up-to-date symlink: /home/pi/wow_ws/install/diagnostic_updater/share/diagnostic_updater/cmake/ament_cmake_export_dependencies-extras.cmake
-- Up-to-date symlink: /home/pi/wow_ws/install/diagnostic_updater/share/diagnostic_updater/cmake/diagnostic_updaterConfig.cmake
-- Up-to-date symlink: /home/pi/wow_ws/install/diagnostic_updater/share/diagnostic_updater/cmake/diagnostic_updaterConfig-version.cmake
-- Up-to-date symlink: /home/pi/wow_ws/install/diagnostic_updater/share/diagnostic_updater/package.xml
Listing '/home/pi/wow_ws/install/diagnostic_updater/lib/python3.11/site-packages/diagnostic_updater'...
-- Up-to-date: /home/pi/wow_ws/install/diagnostic_updater/share/diagnostic_updater/cmake/diagnostic_updaterTargetsExport.cmake
