[3.576s] Invoking command in '/home/pi/wow_ws/build/bno055': PYTHONPATH=/home/pi/wow_ws/build/bno055/prefix_override:/home/pi/wow_ws/install/bno055/lib/python3.11/site-packages:${PYTHONPATH} /usr/bin/python3 setup.py develop --editable --build-directory /home/pi/wow_ws/build/bno055/build --no-deps install_data
[5.052s] running develop
[5.053s] /usr/lib/python3/dist-packages/setuptools/command/easy_install.py:146: EasyInstallDeprecationWarning: easy_install command is deprecated. Use build and pip and other standards-based tools.
[5.053s]   warnings.warn(
[5.168s] /usr/lib/python3/dist-packages/setuptools/command/install.py:34: SetuptoolsDeprecationWarning: setup.py install is deprecated. Use build and pip and other standards-based tools.
[5.168s]   warnings.warn(
[5.759s] running egg_info
[5.806s] writing bno055.egg-info/PKG-INFO
[5.807s] writing dependency_links to bno055.egg-info/dependency_links.txt
[5.808s] writing entry points to bno055.egg-info/entry_points.txt
[5.809s] writing requirements to bno055.egg-info/requires.txt
[5.811s] writing top-level names to bno055.egg-info/top_level.txt
[5.929s] reading manifest file 'bno055.egg-info/SOURCES.txt'
[5.931s] writing manifest file 'bno055.egg-info/SOURCES.txt'
[6.002s] running build_ext
[6.002s] Creating /home/pi/wow_ws/install/bno055/lib/python3.11/site-packages/bno055.egg-link (link to .)
[6.003s] Installing bno055 script to /home/pi/wow_ws/install/bno055/lib/bno055
[6.004s] 
[6.004s] Installed /home/pi/wow_ws/build/bno055
[6.004s] running install_data
[6.263s] Invoked command in '/home/pi/wow_ws/build/bno055' returned '0': PYTHONPATH=/home/pi/wow_ws/build/bno055/prefix_override:/home/pi/wow_ws/install/bno055/lib/python3.11/site-packages:${PYTHONPATH} /usr/bin/python3 setup.py develop --editable --build-directory /home/pi/wow_ws/build/bno055/build --no-deps install_data
