[3.969s] Invoking command in '/home/pi/wow_ws/build/ICM20948': PYTHONPATH=/home/pi/wow_ws/build/ICM20948/prefix_override:/home/pi/wow_ws/install/ICM20948/lib/python3.11/site-packages:${PYTHONPATH} /usr/bin/python3 setup.py develop --editable --build-directory /home/pi/wow_ws/build/ICM20948/build --no-deps install_data
[5.369s] running develop
[5.371s] /usr/lib/python3/dist-packages/setuptools/command/easy_install.py:146: EasyInstallDeprecationWarning: easy_install command is deprecated. Use build and pip and other standards-based tools.
[5.371s]   warnings.warn(
[5.512s] /usr/lib/python3/dist-packages/setuptools/command/install.py:34: SetuptoolsDeprecationWarning: setup.py install is deprecated. Use build and pip and other standards-based tools.
[5.512s]   warnings.warn(
[6.145s] running egg_info
[6.199s] writing ICM20948.egg-info/PKG-INFO
[6.203s] writing dependency_links to ICM20948.egg-info/dependency_links.txt
[6.203s] writing entry points to ICM20948.egg-info/entry_points.txt
[6.203s] writing requirements to ICM20948.egg-info/requires.txt
[6.204s] writing top-level names to ICM20948.egg-info/top_level.txt
[6.316s] reading manifest file 'ICM20948.egg-info/SOURCES.txt'
[6.318s] writing manifest file 'ICM20948.egg-info/SOURCES.txt'
[6.385s] running build_ext
[6.386s] Creating /home/pi/wow_ws/install/ICM20948/lib/python3.11/site-packages/ICM20948.egg-link (link to .)
[6.386s] Installing ICM_raw_data script to /home/pi/wow_ws/install/ICM20948/lib/ICM20948
[6.386s] 
[6.386s] Installed /home/pi/wow_ws/build/ICM20948
[6.386s] running install_data
[6.636s] Invoked command in '/home/pi/wow_ws/build/ICM20948' returned '0': PYTHONPATH=/home/pi/wow_ws/build/ICM20948/prefix_override:/home/pi/wow_ws/install/ICM20948/lib/python3.11/site-packages:${PYTHONPATH} /usr/bin/python3 setup.py develop --editable --build-directory /home/pi/wow_ws/build/ICM20948/build --no-deps install_data
