-- The C compiler identification is GNU 12.2.0
-- The CXX compiler identification is GNU 12.2.0
-- Detecting C compiler ABI info
-- Detecting C compiler ABI info - done
-- Check for working C compiler: /usr/bin/cc - skipped
-- Detecting C compile features
-- Detecting C compile features - done
-- Detecting CXX compiler ABI info
-- Detecting CXX compiler ABI info - done
-- Check for working CXX compiler: /usr/bin/c++ - skipped
-- Detecting CXX compile features
-- Detecting CXX compile features - done
-- Found ament_cmake: 2.0.5 (/home/pi/ros2_iron/install/ament_cmake/share/ament_cmake/cmake)
-- Found Python3: /usr/bin/python3 (found version "3.11.2") found components: Interpreter 
-- Override CMake install command with custom implementation using symlinks instead of copying resources
-- Found rosidl_default_generators: 1.5.0 (/home/pi/ros2_iron/install/rosidl_default_generators/share/rosidl_default_generators/cmake)
-- Using all available rosidl_typesupport_c: rosidl_typesupport_introspection_c;rosidl_typesupport_fastrtps_c
-- Using all available rosidl_typesupport_cpp: rosidl_typesupport_introspection_cpp;rosidl_typesupport_fastrtps_cpp
-- Found rosidl_adapter: 4.0.1 (/home/pi/ros2_iron/install/rosidl_adapter/share/rosidl_adapter/cmake)
-- Found std_msgs: 5.0.0 (/home/pi/ros2_iron/install/std_msgs/share/std_msgs/cmake)
-- Found ament_cmake_ros: 0.11.2 (/home/pi/ros2_iron/install/ament_cmake_ros/share/ament_cmake_ros/cmake)
-- Using all available rosidl_typesupport_c: rosidl_typesupport_introspection_c;rosidl_typesupport_fastrtps_c
-- Using all available rosidl_typesupport_cpp: rosidl_typesupport_introspection_cpp;rosidl_typesupport_fastrtps_cpp
-- Found PythonInterp: /usr/bin/python3 (found suitable version "3.11.2", minimum required is "3.6") 
-- Found python_cmake_module: 0.10.2 (/home/pi/ros2_iron/install/python_cmake_module/share/python_cmake_module/cmake)
-- Found PythonLibs: /usr/lib/aarch64-linux-gnu/libpython3.11.so (found suitable version "3.11.2", minimum required is "3.5") 
-- Using PYTHON_EXECUTABLE: /usr/bin/python3
-- Using PYTHON_INCLUDE_DIRS: /usr/include/python3.11
-- Using PYTHON_LIBRARIES: /usr/lib/aarch64-linux-gnu/libpython3.11.so
-- Found PythonExtra: .so  
-- Configuring done
-- Generating done
-- Build files have been written to: /home/pi/wow_ws/build/gps_msgs
[  2%] [34m[1mGenerating type hashes for ROS interfaces[0m
[  2%] Built target ament_cmake_python_symlink_gps_msgs
running egg_info
creating gps_msgs.egg-info
writing gps_msgs.egg-info/PKG-INFO
writing dependency_links to gps_msgs.egg-info/dependency_links.txt
writing top-level names to gps_msgs.egg-info/top_level.txt
writing manifest file 'gps_msgs.egg-info/SOURCES.txt'
reading manifest file 'gps_msgs.egg-info/SOURCES.txt'
writing manifest file 'gps_msgs.egg-info/SOURCES.txt'
[  2%] Built target gps_msgs__rosidl_generator_type_description
[  4%] [34m[1mGenerating C code for ROS interfaces[0m
[  6%] [34m[1mGenerating C++ code for ROS interfaces[0m
[  6%] Built target ament_cmake_python_build_gps_msgs_egg
[  6%] Built target gps_msgs__cpp
[  9%] [32mBuilding C object CMakeFiles/gps_msgs__rosidl_generator_c.dir/rosidl_generator_c/gps_msgs/msg/detail/gps_fix__type_support.c.o[0m
[ 11%] [32mBuilding C object CMakeFiles/gps_msgs__rosidl_generator_c.dir/rosidl_generator_c/gps_msgs/msg/detail/gps_fix__functions.c.o[0m
[ 13%] [32mBuilding C object CMakeFiles/gps_msgs__rosidl_generator_c.dir/rosidl_generator_c/gps_msgs/msg/detail/gps_status__description.c.o[0m
[ 15%] [32mBuilding C object CMakeFiles/gps_msgs__rosidl_generator_c.dir/rosidl_generator_c/gps_msgs/msg/detail/gps_fix__description.c.o[0m
[ 18%] [32mBuilding C object CMakeFiles/gps_msgs__rosidl_generator_c.dir/rosidl_generator_c/gps_msgs/msg/detail/gps_status__functions.c.o[0m
[ 20%] [32mBuilding C object CMakeFiles/gps_msgs__rosidl_generator_c.dir/rosidl_generator_c/gps_msgs/msg/detail/gps_status__type_support.c.o[0m
[ 22%] [32m[1mLinking C shared library libgps_msgs__rosidl_generator_c.so[0m
[ 22%] Built target gps_msgs__rosidl_generator_c
[ 25%] [34m[1mGenerating C++ introspection for ROS interfaces[0m
[ 27%] [34m[1mGenerating C++ type support for eProsima Fast-RTPS[0m
[ 29%] [34m[1mGenerating C introspection for ROS interfaces[0m
[ 31%] [34m[1mGenerating C++ type support dispatch for ROS interfaces[0m
[ 34%] [32mBuilding C object CMakeFiles/gps_msgs__rosidl_typesupport_introspection_c.dir/rosidl_typesupport_introspection_c/gps_msgs/msg/detail/gps_fix__type_support.c.o[0m
[ 36%] [32mBuilding CXX object CMakeFiles/gps_msgs__rosidl_typesupport_cpp.dir/rosidl_typesupport_cpp/gps_msgs/msg/gps_fix__type_support.cpp.o[0m
[ 38%] [32mBuilding CXX object CMakeFiles/gps_msgs__rosidl_typesupport_fastrtps_cpp.dir/rosidl_typesupport_fastrtps_cpp/gps_msgs/msg/detail/dds_fastrtps/gps_fix__type_support.cpp.o[0m
[ 40%] [32mBuilding C object CMakeFiles/gps_msgs__rosidl_typesupport_introspection_c.dir/rosidl_typesupport_introspection_c/gps_msgs/msg/detail/gps_status__type_support.c.o[0m
[ 43%] [32mBuilding CXX object CMakeFiles/gps_msgs__rosidl_typesupport_introspection_cpp.dir/rosidl_typesupport_introspection_cpp/gps_msgs/msg/detail/gps_fix__type_support.cpp.o[0m
[ 45%] [32m[1mLinking C shared library libgps_msgs__rosidl_typesupport_introspection_c.so[0m
[ 45%] Built target gps_msgs__rosidl_typesupport_introspection_c
[ 47%] [32mBuilding CXX object CMakeFiles/gps_msgs__rosidl_typesupport_introspection_cpp.dir/rosidl_typesupport_introspection_cpp/gps_msgs/msg/detail/gps_status__type_support.cpp.o[0m
[ 50%] [32mBuilding CXX object CMakeFiles/gps_msgs__rosidl_typesupport_cpp.dir/rosidl_typesupport_cpp/gps_msgs/msg/gps_status__type_support.cpp.o[0m
[ 52%] [32mBuilding CXX object CMakeFiles/gps_msgs__rosidl_typesupport_fastrtps_cpp.dir/rosidl_typesupport_fastrtps_cpp/gps_msgs/msg/detail/dds_fastrtps/gps_status__type_support.cpp.o[0m
[ 54%] [34m[1mGenerating C type support for eProsima Fast-RTPS[0m
[ 56%] [32m[1mLinking CXX shared library libgps_msgs__rosidl_typesupport_introspection_cpp.so[0m
[ 59%] [32m[1mLinking CXX shared library libgps_msgs__rosidl_typesupport_cpp.so[0m
[ 59%] Built target gps_msgs__rosidl_typesupport_cpp
[ 61%] [34m[1mGenerating C type support dispatch for ROS interfaces[0m
[ 61%] Built target gps_msgs__rosidl_typesupport_introspection_cpp
[ 63%] [32m[1mLinking CXX shared library libgps_msgs__rosidl_typesupport_fastrtps_cpp.so[0m
[ 63%] Built target gps_msgs__rosidl_typesupport_fastrtps_cpp
[ 65%] [32mBuilding CXX object CMakeFiles/gps_msgs__rosidl_typesupport_fastrtps_c.dir/rosidl_typesupport_fastrtps_c/gps_msgs/msg/detail/gps_status__type_support_c.cpp.o[0m
[ 68%] [32mBuilding CXX object CMakeFiles/gps_msgs__rosidl_typesupport_fastrtps_c.dir/rosidl_typesupport_fastrtps_c/gps_msgs/msg/detail/gps_fix__type_support_c.cpp.o[0m
[ 70%] [32mBuilding CXX object CMakeFiles/gps_msgs__rosidl_typesupport_c.dir/rosidl_typesupport_c/gps_msgs/msg/gps_fix__type_support.cpp.o[0m
[ 72%] [32mBuilding CXX object CMakeFiles/gps_msgs__rosidl_typesupport_c.dir/rosidl_typesupport_c/gps_msgs/msg/gps_status__type_support.cpp.o[0m
[ 75%] [32m[1mLinking CXX shared library libgps_msgs__rosidl_typesupport_c.so[0m
[ 75%] Built target gps_msgs__rosidl_typesupport_c
[ 77%] [32m[1mLinking CXX shared library libgps_msgs__rosidl_typesupport_fastrtps_c.so[0m
[ 77%] Built target gps_msgs__rosidl_typesupport_fastrtps_c
[ 77%] Built target gps_msgs
[ 79%] [34m[1mGenerating Python code for ROS interfaces[0m
[ 79%] Built target gps_msgs__py
[ 84%] [32mBuilding C object CMakeFiles/gps_msgs__rosidl_generator_py.dir/rosidl_generator_py/gps_msgs/msg/_gps_status_s.c.o[0m
[ 84%] [32mBuilding C object CMakeFiles/gps_msgs__rosidl_generator_py.dir/rosidl_generator_py/gps_msgs/msg/_gps_fix_s.c.o[0m
[ 86%] [32m[1mLinking C shared library rosidl_generator_py/gps_msgs/libgps_msgs__rosidl_generator_py.so[0m
[ 86%] Built target gps_msgs__rosidl_generator_py
[ 88%] [32mBuilding C object CMakeFiles/gps_msgs__rosidl_typesupport_fastrtps_c__pyext.dir/rosidl_generator_py/gps_msgs/_gps_msgs_s.ep.rosidl_typesupport_fastrtps_c.c.o[0m
[ 90%] [32mBuilding C object CMakeFiles/gps_msgs__rosidl_typesupport_introspection_c__pyext.dir/rosidl_generator_py/gps_msgs/_gps_msgs_s.ep.rosidl_typesupport_introspection_c.c.o[0m
[ 93%] [32mBuilding C object CMakeFiles/gps_msgs__rosidl_typesupport_c__pyext.dir/rosidl_generator_py/gps_msgs/_gps_msgs_s.ep.rosidl_typesupport_c.c.o[0m
[ 95%] [32m[1mLinking C shared library rosidl_generator_py/gps_msgs/gps_msgs_s__rosidl_typesupport_fastrtps_c.cpython-311-aarch64-linux-gnu.so[0m
[ 97%] [32m[1mLinking C shared library rosidl_generator_py/gps_msgs/gps_msgs_s__rosidl_typesupport_introspection_c.cpython-311-aarch64-linux-gnu.so[0m
[100%] [32m[1mLinking C shared library rosidl_generator_py/gps_msgs/gps_msgs_s__rosidl_typesupport_c.cpython-311-aarch64-linux-gnu.so[0m
[100%] Built target gps_msgs__rosidl_typesupport_fastrtps_c__pyext
[100%] Built target gps_msgs__rosidl_typesupport_c__pyext
[100%] Built target gps_msgs__rosidl_typesupport_introspection_c__pyext
-- Install configuration: ""
-- Execute custom install script
-- Symlinking: /home/pi/wow_ws/install/gps_msgs/share/ament_index/resource_index/rosidl_interfaces/gps_msgs
-- Symlinking: /home/pi/wow_ws/install/gps_msgs/share/gps_msgs/msg/GPSFix.json
-- Symlinking: /home/pi/wow_ws/install/gps_msgs/share/gps_msgs/msg/GPSStatus.json
-- Symlinking: /home/pi/wow_ws/install/gps_msgs/include/gps_msgs/gps_msgs/msg/detail/gps_fix__functions.h
-- Symlinking: /home/pi/wow_ws/install/gps_msgs/include/gps_msgs/gps_msgs/msg/detail/gps_fix__struct.h
-- Symlinking: /home/pi/wow_ws/install/gps_msgs/include/gps_msgs/gps_msgs/msg/detail/gps_fix__type_support.h
-- Symlinking: /home/pi/wow_ws/install/gps_msgs/include/gps_msgs/gps_msgs/msg/detail/gps_status__functions.h
-- Symlinking: /home/pi/wow_ws/install/gps_msgs/include/gps_msgs/gps_msgs/msg/detail/gps_status__struct.h
-- Symlinking: /home/pi/wow_ws/install/gps_msgs/include/gps_msgs/gps_msgs/msg/detail/gps_status__type_support.h
-- Symlinking: /home/pi/wow_ws/install/gps_msgs/include/gps_msgs/gps_msgs/msg/gps_fix.h
-- Symlinking: /home/pi/wow_ws/install/gps_msgs/include/gps_msgs/gps_msgs/msg/gps_status.h
-- Symlinking: /home/pi/wow_ws/install/gps_msgs/include/gps_msgs/gps_msgs/msg/rosidl_generator_c__visibility_control.h
-- Symlinking: /home/pi/wow_ws/install/gps_msgs/share/gps_msgs/environment/library_path.sh
-- Symlinking: /home/pi/wow_ws/install/gps_msgs/share/gps_msgs/environment/library_path.dsv
-- Symlinking: /home/pi/wow_ws/install/gps_msgs/include/gps_msgs/gps_msgs/msg/detail/gps_fix__rosidl_typesupport_introspection_c.h
-- Symlinking: /home/pi/wow_ws/install/gps_msgs/include/gps_msgs/gps_msgs/msg/detail/gps_status__rosidl_typesupport_introspection_c.h
-- Symlinking: /home/pi/wow_ws/install/gps_msgs/include/gps_msgs/gps_msgs/msg/rosidl_typesupport_introspection_c__visibility_control.h
-- Symlinking: /home/pi/wow_ws/install/gps_msgs/include/gps_msgs/gps_msgs/msg/detail/gps_fix__rosidl_typesupport_fastrtps_c.h
-- Symlinking: /home/pi/wow_ws/install/gps_msgs/include/gps_msgs/gps_msgs/msg/detail/gps_status__rosidl_typesupport_fastrtps_c.h
-- Symlinking: /home/pi/wow_ws/install/gps_msgs/include/gps_msgs/gps_msgs/msg/rosidl_typesupport_fastrtps_c__visibility_control.h
-- Symlinking: /home/pi/wow_ws/install/gps_msgs/include/gps_msgs/gps_msgs/msg/detail/gps_fix__builder.hpp
-- Symlinking: /home/pi/wow_ws/install/gps_msgs/include/gps_msgs/gps_msgs/msg/detail/gps_fix__struct.hpp
-- Symlinking: /home/pi/wow_ws/install/gps_msgs/include/gps_msgs/gps_msgs/msg/detail/gps_fix__traits.hpp
-- Symlinking: /home/pi/wow_ws/install/gps_msgs/include/gps_msgs/gps_msgs/msg/detail/gps_status__builder.hpp
-- Symlinking: /home/pi/wow_ws/install/gps_msgs/include/gps_msgs/gps_msgs/msg/detail/gps_status__struct.hpp
-- Symlinking: /home/pi/wow_ws/install/gps_msgs/include/gps_msgs/gps_msgs/msg/detail/gps_status__traits.hpp
-- Symlinking: /home/pi/wow_ws/install/gps_msgs/include/gps_msgs/gps_msgs/msg/gps_fix.hpp
-- Symlinking: /home/pi/wow_ws/install/gps_msgs/include/gps_msgs/gps_msgs/msg/gps_status.hpp
-- Symlinking: /home/pi/wow_ws/install/gps_msgs/include/gps_msgs/gps_msgs/msg/detail/gps_fix__rosidl_typesupport_introspection_cpp.hpp
-- Symlinking: /home/pi/wow_ws/install/gps_msgs/include/gps_msgs/gps_msgs/msg/detail/gps_status__rosidl_typesupport_introspection_cpp.hpp
-- Symlinking: /home/pi/wow_ws/install/gps_msgs/include/gps_msgs/gps_msgs/msg/detail/gps_fix__rosidl_typesupport_fastrtps_cpp.hpp
-- Symlinking: /home/pi/wow_ws/install/gps_msgs/include/gps_msgs/gps_msgs/msg/detail/gps_status__rosidl_typesupport_fastrtps_cpp.hpp
-- Symlinking: /home/pi/wow_ws/install/gps_msgs/include/gps_msgs/gps_msgs/msg/rosidl_typesupport_fastrtps_cpp__visibility_control.h
-- Symlinking: /home/pi/wow_ws/install/gps_msgs/share/gps_msgs/environment/pythonpath.sh
-- Symlinking: /home/pi/wow_ws/install/gps_msgs/share/gps_msgs/environment/pythonpath.dsv
-- Symlinking: /home/pi/wow_ws/install/gps_msgs/lib/python3.11/site-packages/gps_msgs-2.0.4-py3.11.egg-info/PKG-INFO
-- Symlinking: /home/pi/wow_ws/install/gps_msgs/lib/python3.11/site-packages/gps_msgs-2.0.4-py3.11.egg-info/SOURCES.txt
-- Symlinking: /home/pi/wow_ws/install/gps_msgs/lib/python3.11/site-packages/gps_msgs-2.0.4-py3.11.egg-info/dependency_links.txt
-- Symlinking: /home/pi/wow_ws/install/gps_msgs/lib/python3.11/site-packages/gps_msgs-2.0.4-py3.11.egg-info/top_level.txt
-- Symlinking: /home/pi/wow_ws/install/gps_msgs/lib/python3.11/site-packages/gps_msgs/__init__.py
-- Symlinking: /home/pi/wow_ws/install/gps_msgs/lib/python3.11/site-packages/gps_msgs/_gps_msgs_s.ep.rosidl_typesupport_c.c
-- Symlinking: /home/pi/wow_ws/install/gps_msgs/lib/python3.11/site-packages/gps_msgs/_gps_msgs_s.ep.rosidl_typesupport_fastrtps_c.c
-- Symlinking: /home/pi/wow_ws/install/gps_msgs/lib/python3.11/site-packages/gps_msgs/_gps_msgs_s.ep.rosidl_typesupport_introspection_c.c
-- Symlinking: /home/pi/wow_ws/install/gps_msgs/lib/python3.11/site-packages/gps_msgs/gps_msgs_s__rosidl_typesupport_c.cpython-311-aarch64-linux-gnu.so
-- Symlinking: /home/pi/wow_ws/install/gps_msgs/lib/python3.11/site-packages/gps_msgs/gps_msgs_s__rosidl_typesupport_fastrtps_c.cpython-311-aarch64-linux-gnu.so
-- Symlinking: /home/pi/wow_ws/install/gps_msgs/lib/python3.11/site-packages/gps_msgs/gps_msgs_s__rosidl_typesupport_introspection_c.cpython-311-aarch64-linux-gnu.so
-- Symlinking: /home/pi/wow_ws/install/gps_msgs/lib/python3.11/site-packages/gps_msgs/libgps_msgs__rosidl_generator_py.so
-- Symlinking: /home/pi/wow_ws/install/gps_msgs/lib/python3.11/site-packages/gps_msgs/msg/__init__.py
-- Symlinking: /home/pi/wow_ws/install/gps_msgs/lib/python3.11/site-packages/gps_msgs/msg/_gps_fix.py
-- Symlinking: /home/pi/wow_ws/install/gps_msgs/lib/python3.11/site-packages/gps_msgs/msg/_gps_fix_s.c
-- Symlinking: /home/pi/wow_ws/install/gps_msgs/lib/python3.11/site-packages/gps_msgs/msg/_gps_status.py
-- Symlinking: /home/pi/wow_ws/install/gps_msgs/lib/python3.11/site-packages/gps_msgs/msg/_gps_status_s.c
-- Up-to-date symlink: /home/pi/wow_ws/install/gps_msgs/lib/python3.11/site-packages/gps_msgs/gps_msgs_s__rosidl_typesupport_introspection_c.cpython-311-aarch64-linux-gnu.so
-- Up-to-date symlink: /home/pi/wow_ws/install/gps_msgs/lib/python3.11/site-packages/gps_msgs/gps_msgs_s__rosidl_typesupport_fastrtps_c.cpython-311-aarch64-linux-gnu.so
-- Up-to-date symlink: /home/pi/wow_ws/install/gps_msgs/lib/python3.11/site-packages/gps_msgs/gps_msgs_s__rosidl_typesupport_c.cpython-311-aarch64-linux-gnu.so
-- Symlinking: /home/pi/wow_ws/install/gps_msgs/share/gps_msgs/msg/GPSFix.idl
-- Symlinking: /home/pi/wow_ws/install/gps_msgs/share/gps_msgs/msg/GPSStatus.idl
-- Symlinking: /home/pi/wow_ws/install/gps_msgs/share/gps_msgs/msg/GPSFix.msg
-- Symlinking: /home/pi/wow_ws/install/gps_msgs/share/gps_msgs/msg/GPSStatus.msg
-- Symlinking: /home/pi/wow_ws/install/gps_msgs/share/ament_index/resource_index/package_run_dependencies/gps_msgs
-- Symlinking: /home/pi/wow_ws/install/gps_msgs/share/ament_index/resource_index/parent_prefix_path/gps_msgs
-- Symlinking: /home/pi/wow_ws/install/gps_msgs/share/gps_msgs/environment/ament_prefix_path.sh
-- Symlinking: /home/pi/wow_ws/install/gps_msgs/share/gps_msgs/environment/ament_prefix_path.dsv
-- Symlinking: /home/pi/wow_ws/install/gps_msgs/share/gps_msgs/environment/path.sh
-- Symlinking: /home/pi/wow_ws/install/gps_msgs/share/gps_msgs/environment/path.dsv
-- Symlinking: /home/pi/wow_ws/install/gps_msgs/share/gps_msgs/local_setup.bash
-- Symlinking: /home/pi/wow_ws/install/gps_msgs/share/gps_msgs/local_setup.sh
-- Symlinking: /home/pi/wow_ws/install/gps_msgs/share/gps_msgs/local_setup.zsh
-- Symlinking: /home/pi/wow_ws/install/gps_msgs/share/gps_msgs/local_setup.dsv
-- Symlinking: /home/pi/wow_ws/install/gps_msgs/share/gps_msgs/package.dsv
-- Symlinking: /home/pi/wow_ws/install/gps_msgs/share/ament_index/resource_index/packages/gps_msgs
-- Symlinking: /home/pi/wow_ws/install/gps_msgs/share/gps_msgs/cmake/rosidl_cmake-extras.cmake
-- Symlinking: /home/pi/wow_ws/install/gps_msgs/share/gps_msgs/cmake/ament_cmake_export_dependencies-extras.cmake
-- Symlinking: /home/pi/wow_ws/install/gps_msgs/share/gps_msgs/cmake/ament_cmake_export_include_directories-extras.cmake
-- Symlinking: /home/pi/wow_ws/install/gps_msgs/share/gps_msgs/cmake/ament_cmake_export_libraries-extras.cmake
-- Symlinking: /home/pi/wow_ws/install/gps_msgs/share/gps_msgs/cmake/ament_cmake_export_targets-extras.cmake
-- Symlinking: /home/pi/wow_ws/install/gps_msgs/share/gps_msgs/cmake/rosidl_cmake_export_typesupport_targets-extras.cmake
-- Symlinking: /home/pi/wow_ws/install/gps_msgs/share/gps_msgs/cmake/rosidl_cmake_export_typesupport_libraries-extras.cmake
-- Symlinking: /home/pi/wow_ws/install/gps_msgs/share/gps_msgs/cmake/gps_msgsConfig.cmake
-- Symlinking: /home/pi/wow_ws/install/gps_msgs/share/gps_msgs/cmake/gps_msgsConfig-version.cmake
-- Symlinking: /home/pi/wow_ws/install/gps_msgs/share/gps_msgs/package.xml
-- Symlinking: /home/pi/wow_ws/install/gps_msgs/share/gps_msgs/ros1_ros2_mapping.yaml
-- Installing: /home/pi/wow_ws/install/gps_msgs/lib/libgps_msgs__rosidl_generator_c.so
-- Set runtime path of "/home/pi/wow_ws/install/gps_msgs/lib/libgps_msgs__rosidl_generator_c.so" to ""
-- Installing: /home/pi/wow_ws/install/gps_msgs/lib/libgps_msgs__rosidl_typesupport_introspection_c.so
-- Set runtime path of "/home/pi/wow_ws/install/gps_msgs/lib/libgps_msgs__rosidl_typesupport_introspection_c.so" to ""
-- Installing: /home/pi/wow_ws/install/gps_msgs/lib/libgps_msgs__rosidl_typesupport_fastrtps_c.so
-- Set runtime path of "/home/pi/wow_ws/install/gps_msgs/lib/libgps_msgs__rosidl_typesupport_fastrtps_c.so" to ""
-- Installing: /home/pi/wow_ws/install/gps_msgs/lib/libgps_msgs__rosidl_typesupport_c.so
-- Set runtime path of "/home/pi/wow_ws/install/gps_msgs/lib/libgps_msgs__rosidl_typesupport_c.so" to ""
-- Installing: /home/pi/wow_ws/install/gps_msgs/lib/libgps_msgs__rosidl_typesupport_introspection_cpp.so
-- Set runtime path of "/home/pi/wow_ws/install/gps_msgs/lib/libgps_msgs__rosidl_typesupport_introspection_cpp.so" to ""
-- Installing: /home/pi/wow_ws/install/gps_msgs/lib/libgps_msgs__rosidl_typesupport_fastrtps_cpp.so
-- Set runtime path of "/home/pi/wow_ws/install/gps_msgs/lib/libgps_msgs__rosidl_typesupport_fastrtps_cpp.so" to ""
-- Installing: /home/pi/wow_ws/install/gps_msgs/lib/libgps_msgs__rosidl_typesupport_cpp.so
-- Set runtime path of "/home/pi/wow_ws/install/gps_msgs/lib/libgps_msgs__rosidl_typesupport_cpp.so" to ""
Listing '/home/pi/wow_ws/install/gps_msgs/lib/python3.11/site-packages/gps_msgs'...
Compiling '/home/pi/wow_ws/install/gps_msgs/lib/python3.11/site-packages/gps_msgs/__init__.py'...
Listing '/home/pi/wow_ws/install/gps_msgs/lib/python3.11/site-packages/gps_msgs/msg'...
Compiling '/home/pi/wow_ws/install/gps_msgs/lib/python3.11/site-packages/gps_msgs/msg/__init__.py'...
Compiling '/home/pi/wow_ws/install/gps_msgs/lib/python3.11/site-packages/gps_msgs/msg/_gps_fix.py'...
Compiling '/home/pi/wow_ws/install/gps_msgs/lib/python3.11/site-packages/gps_msgs/msg/_gps_status.py'...
-- Installing: /home/pi/wow_ws/install/gps_msgs/lib/libgps_msgs__rosidl_generator_py.so
-- Set runtime path of "/home/pi/wow_ws/install/gps_msgs/lib/libgps_msgs__rosidl_generator_py.so" to ""
-- Installing: /home/pi/wow_ws/install/gps_msgs/share/gps_msgs/cmake/export_gps_msgs__rosidl_generator_cExport.cmake
-- Installing: /home/pi/wow_ws/install/gps_msgs/share/gps_msgs/cmake/export_gps_msgs__rosidl_generator_cExport-noconfig.cmake
-- Installing: /home/pi/wow_ws/install/gps_msgs/share/gps_msgs/cmake/gps_msgs__rosidl_typesupport_introspection_cExport.cmake
-- Installing: /home/pi/wow_ws/install/gps_msgs/share/gps_msgs/cmake/gps_msgs__rosidl_typesupport_introspection_cExport-noconfig.cmake
-- Installing: /home/pi/wow_ws/install/gps_msgs/share/gps_msgs/cmake/export_gps_msgs__rosidl_typesupport_fastrtps_cExport.cmake
-- Installing: /home/pi/wow_ws/install/gps_msgs/share/gps_msgs/cmake/export_gps_msgs__rosidl_typesupport_fastrtps_cExport-noconfig.cmake
-- Installing: /home/pi/wow_ws/install/gps_msgs/share/gps_msgs/cmake/gps_msgs__rosidl_typesupport_cExport.cmake
-- Installing: /home/pi/wow_ws/install/gps_msgs/share/gps_msgs/cmake/gps_msgs__rosidl_typesupport_cExport-noconfig.cmake
-- Installing: /home/pi/wow_ws/install/gps_msgs/share/gps_msgs/cmake/export_gps_msgs__rosidl_generator_cppExport.cmake
-- Installing: /home/pi/wow_ws/install/gps_msgs/share/gps_msgs/cmake/gps_msgs__rosidl_typesupport_introspection_cppExport.cmake
-- Installing: /home/pi/wow_ws/install/gps_msgs/share/gps_msgs/cmake/gps_msgs__rosidl_typesupport_introspection_cppExport-noconfig.cmake
-- Installing: /home/pi/wow_ws/install/gps_msgs/share/gps_msgs/cmake/export_gps_msgs__rosidl_typesupport_fastrtps_cppExport.cmake
-- Installing: /home/pi/wow_ws/install/gps_msgs/share/gps_msgs/cmake/export_gps_msgs__rosidl_typesupport_fastrtps_cppExport-noconfig.cmake
-- Installing: /home/pi/wow_ws/install/gps_msgs/share/gps_msgs/cmake/gps_msgs__rosidl_typesupport_cppExport.cmake
-- Installing: /home/pi/wow_ws/install/gps_msgs/share/gps_msgs/cmake/gps_msgs__rosidl_typesupport_cppExport-noconfig.cmake
-- Installing: /home/pi/wow_ws/install/gps_msgs/share/gps_msgs/cmake/export_gps_msgs__rosidl_generator_pyExport.cmake
-- Installing: /home/pi/wow_ws/install/gps_msgs/share/gps_msgs/cmake/export_gps_msgs__rosidl_generator_pyExport-noconfig.cmake
