-- The C compiler identification is GNU 12.2.0
-- The CXX compiler identification is GNU 12.2.0
-- Detecting C compiler ABI info
-- Detecting C compiler ABI info - done
-- Check for working C compiler: /usr/bin/cc - skipped
-- Detecting C compile features
-- Detecting C compile features - done
-- Detecting CXX compiler ABI info
-- Detecting CXX compiler ABI info - done
-- Check for working CXX compiler: /usr/bin/c++ - skipped
-- Detecting CXX compile features
-- Detecting CXX compile features - done
-- Found ament_cmake: 2.0.5 (/home/pi/ros2_iron/install/ament_cmake/share/ament_cmake/cmake)
-- Found Python3: /usr/bin/python3 (found version "3.11.2") found components: Interpreter 
-- Override CMake install command with custom implementation using symlinks instead of copying resources
-- Found geometry_msgs: 5.0.0 (/home/pi/ros2_iron/install/geometry_msgs/share/geometry_msgs/cmake)
-- Found rosidl_generator_c: 4.0.1 (/home/pi/ros2_iron/install/rosidl_generator_c/share/rosidl_generator_c/cmake)
-- Found rosidl_generator_cpp: 4.0.1 (/home/pi/ros2_iron/install/rosidl_generator_cpp/share/rosidl_generator_cpp/cmake)
-- Using all available rosidl_typesupport_c: rosidl_typesupport_introspection_c;rosidl_typesupport_fastrtps_c
-- Using all available rosidl_typesupport_cpp: rosidl_typesupport_introspection_cpp;rosidl_typesupport_fastrtps_cpp
-- Found rclcpp: 21.0.6 (/home/pi/ros2_iron/install/rclcpp/share/rclcpp/cmake)
-- Found rmw_implementation_cmake: 7.1.0 (/home/pi/ros2_iron/install/rmw_implementation_cmake/share/rmw_implementation_cmake/cmake)
-- Found rmw_fastrtps_cpp: 7.1.3 (/home/pi/ros2_iron/install/rmw_fastrtps_cpp/share/rmw_fastrtps_cpp/cmake)
-- Found OpenSSL: /usr/lib/aarch64-linux-gnu/libcrypto.so (found version "3.0.11")  
-- Found FastRTPS: /home/pi/ros2_iron/install/fastrtps/include  
-- Using RMW implementation 'rmw_fastrtps_cpp' as default
-- Found rclcpp_components: 21.0.6 (/home/pi/ros2_iron/install/rclcpp_components/share/rclcpp_components/cmake)
-- Found sensor_msgs: 5.0.0 (/home/pi/ros2_iron/install/sensor_msgs/share/sensor_msgs/cmake)
-- Found SPNAV: /usr/lib/libspnav.so  
-- Found ament_lint_auto: 0.14.3 (/home/pi/ros2_iron/install/ament_lint_auto/share/ament_lint_auto/cmake)
-- Added test 'cppcheck' to perform static code analysis on C / C++ code
-- Configured cppcheck include dirs: $<BUILD_INTERFACE:/home/pi/wow_ws/src/joystick_drivers/spacenav/include>
-- Configured cppcheck exclude dirs and/or files: 
-- Added test 'cpplint' to check C / C++ code against the Google style
-- Configured cpplint exclude dirs and/or files: 
-- Added test 'flake8' to check Python code syntax and style conventions
-- Configured 'flake8' exclude dirs and/or files: 
-- Added test 'lint_cmake' to check CMake code style
-- Added test 'pep257' to check Python code against some of the docstring style conventions in PEP 257
-- Added test 'uncrustify' to check C / C++ code style
-- Configured uncrustify additional arguments: 
-- Added test 'xmllint' to check XML markup files
-- Configuring done
-- Generating done
-- Build files have been written to: /home/pi/wow_ws/build/spacenav
[ 25%] [32mBuilding CXX object CMakeFiles/spacenav.dir/src/spacenav.cpp.o[0m
[ 50%] [32m[1mLinking CXX shared library libspacenav.so[0m
[ 50%] Built target spacenav
[ 75%] [32mBuilding CXX object CMakeFiles/spacenav_node.dir/rclcpp_components/node_main_spacenav_node.cpp.o[0m
[100%] [32m[1mLinking CXX executable spacenav_node[0m
[100%] Built target spacenav_node
-- Install configuration: ""
-- Execute custom install script
-- Symlinking: /home/pi/wow_ws/install/spacenav/lib/spacenav/spacenav_node
-- Symlinking: /home/pi/wow_ws/install/spacenav/include/spacenav/spacenav/spacenav.hpp
-- Symlinking: /home/pi/wow_ws/install/spacenav/share/spacenav//launch/classic-launch.py
-- Symlinking: /home/pi/wow_ws/install/spacenav/share/spacenav//launch/no_deadband-launch.py
-- Symlinking: /home/pi/wow_ws/install/spacenav/share/spacenav//launch/static_deadband-launch.py
-- Symlinking: /home/pi/wow_ws/install/spacenav/share/ament_index/resource_index/package_run_dependencies/spacenav
-- Symlinking: /home/pi/wow_ws/install/spacenav/share/ament_index/resource_index/parent_prefix_path/spacenav
-- Symlinking: /home/pi/wow_ws/install/spacenav/share/spacenav/environment/ament_prefix_path.sh
-- Symlinking: /home/pi/wow_ws/install/spacenav/share/spacenav/environment/ament_prefix_path.dsv
-- Symlinking: /home/pi/wow_ws/install/spacenav/share/spacenav/environment/path.sh
-- Symlinking: /home/pi/wow_ws/install/spacenav/share/spacenav/environment/path.dsv
-- Symlinking: /home/pi/wow_ws/install/spacenav/share/spacenav/local_setup.bash
-- Symlinking: /home/pi/wow_ws/install/spacenav/share/spacenav/local_setup.sh
-- Symlinking: /home/pi/wow_ws/install/spacenav/share/spacenav/local_setup.zsh
-- Symlinking: /home/pi/wow_ws/install/spacenav/share/spacenav/local_setup.dsv
-- Symlinking: /home/pi/wow_ws/install/spacenav/share/spacenav/package.dsv
-- Symlinking: /home/pi/wow_ws/install/spacenav/share/ament_index/resource_index/packages/spacenav
-- Symlinking: /home/pi/wow_ws/install/spacenav/share/ament_index/resource_index/rclcpp_components/spacenav
-- Symlinking: /home/pi/wow_ws/install/spacenav/share/spacenav/cmake/ament_cmake_export_targets-extras.cmake
-- Symlinking: /home/pi/wow_ws/install/spacenav/share/spacenav/cmake/spacenavConfig.cmake
-- Symlinking: /home/pi/wow_ws/install/spacenav/share/spacenav/cmake/spacenavConfig-version.cmake
-- Symlinking: /home/pi/wow_ws/install/spacenav/share/spacenav/package.xml
-- Installing: /home/pi/wow_ws/install/spacenav/lib/libspacenav.so
-- Set runtime path of "/home/pi/wow_ws/install/spacenav/lib/libspacenav.so" to ""
-- Installing: /home/pi/wow_ws/install/spacenav/share/spacenav/cmake/export_spacenavExport.cmake
-- Installing: /home/pi/wow_ws/install/spacenav/share/spacenav/cmake/export_spacenavExport-noconfig.cmake
