[4.253s] Invoking command in '/home/pi/wow_ws/build/bno055': PYTHONPATH=/home/pi/wow_ws/build/bno055/prefix_override:/home/pi/wow_ws/install/bno055/lib/python3.11/site-packages:${PYTHONPATH} /usr/bin/python3 setup.py develop --editable --build-directory /home/pi/wow_ws/build/bno055/build --no-deps install_data
[6.029s] running develop
[6.029s] /usr/lib/python3/dist-packages/setuptools/command/easy_install.py:146: EasyInstallDeprecationWarning: easy_install command is deprecated. Use build and pip and other standards-based tools.
[6.030s]   warnings.warn(
[6.149s] /usr/lib/python3/dist-packages/setuptools/command/install.py:34: SetuptoolsDeprecationWarning: setup.py install is deprecated. Use build and pip and other standards-based tools.
[6.149s]   warnings.warn(
[6.806s] running egg_info
[6.864s] writing bno055.egg-info/PKG-INFO
[6.868s] writing dependency_links to bno055.egg-info/dependency_links.txt
[6.869s] writing entry points to bno055.egg-info/entry_points.txt
[6.870s] writing requirements to bno055.egg-info/requires.txt
[6.870s] writing top-level names to bno055.egg-info/top_level.txt
[7.010s] reading manifest file 'bno055.egg-info/SOURCES.txt'
[7.014s] writing manifest file 'bno055.egg-info/SOURCES.txt'
[7.150s] running build_ext
[7.150s] Creating /home/pi/wow_ws/install/bno055/lib/python3.11/site-packages/bno055.egg-link (link to .)
[7.157s] Installing bno055 script to /home/pi/wow_ws/install/bno055/lib/bno055
[7.157s] 
[7.157s] Installed /home/pi/wow_ws/build/bno055
[7.157s] running install_data
[7.465s] Invoked command in '/home/pi/wow_ws/build/bno055' returned '0': PYTHONPATH=/home/pi/wow_ws/build/bno055/prefix_override:/home/pi/wow_ws/install/bno055/lib/python3.11/site-packages:${PYTHONPATH} /usr/bin/python3 setup.py develop --editable --build-directory /home/pi/wow_ws/build/bno055/build --no-deps install_data
