[  0%] Built target ament_cmake_python_symlink_diagnostic_updater
[  8%] [32mBuilding CXX object gtest/CMakeFiles/gtest.dir/src/gtest-all.cc.o[0m
[ 16%] [32mBuilding CXX object gtest/CMakeFiles/gtest_main.dir/src/gtest_main.cc.o[0m
[ 25%] [32mBuilding CXX object CMakeFiles/example.dir/src/example.cpp.o[0m
running egg_info
writing diagnostic_updater.egg-info/PKG-INFO
writing dependency_links to diagnostic_updater.egg-info/dependency_links.txt
writing top-level names to diagnostic_updater.egg-info/top_level.txt
reading manifest file 'diagnostic_updater.egg-info/SOURCES.txt'
writing manifest file 'diagnostic_updater.egg-info/SOURCES.txt'
[ 33%] [32m[1mLinking CXX static library libgtest_main.a[0m
[ 33%] Built target ament_cmake_python_build_diagnostic_updater_egg
[ 33%] Built target gtest_main
[ 41%] [32m[1mLinking CXX static library libgtest.a[0m
[ 41%] Built target gtest
[ 50%] [32m[1mLinking CXX executable example[0m
[ 50%] Built target example
[ 58%] [32mBuilding CXX object CMakeFiles/status_msg_test.dir/test/status_msg_test.cpp.o[0m
[ 66%] [32m[1mLinking CXX executable status_msg_test[0m
[ 66%] Built target status_msg_test
[ 75%] [32mBuilding CXX object CMakeFiles/diagnostic_status_wrapper_test.dir/test/diagnostic_status_wrapper_test.cpp.o[0m
[ 83%] [32m[1mLinking CXX executable diagnostic_status_wrapper_test[0m
[ 83%] Built target diagnostic_status_wrapper_test
[ 91%] [32mBuilding CXX object CMakeFiles/diagnostic_updater_test.dir/test/diagnostic_updater_test.cpp.o[0m
[100%] [32m[1mLinking CXX executable diagnostic_updater_test[0m
[100%] Built target diagnostic_updater_test
-- Install configuration: ""
-- Execute custom install script
-- Up-to-date symlink: /home/pi/wow_ws/install/diagnostic_updater/share/diagnostic_updater/environment/pythonpath.sh
-- Up-to-date symlink: /home/pi/wow_ws/install/diagnostic_updater/share/diagnostic_updater/environment/pythonpath.dsv
-- Up-to-date symlink: /home/pi/wow_ws/install/diagnostic_updater/lib/python3.11/site-packages/diagnostic_updater-3.2.0-py3.11.egg-info/PKG-INFO
-- Up-to-date symlink: /home/pi/wow_ws/install/diagnostic_updater/lib/python3.11/site-packages/diagnostic_updater-3.2.0-py3.11.egg-info/SOURCES.txt
-- Up-to-date symlink: /home/pi/wow_ws/install/diagnostic_updater/lib/python3.11/site-packages/diagnostic_updater-3.2.0-py3.11.egg-info/dependency_links.txt
-- Up-to-date symlink: /home/pi/wow_ws/install/diagnostic_updater/lib/python3.11/site-packages/diagnostic_updater-3.2.0-py3.11.egg-info/top_level.txt
-- Up-to-date symlink: /home/pi/wow_ws/install/diagnostic_updater/lib/python3.11/site-packages/diagnostic_updater/__init__.py
-- Up-to-date symlink: /home/pi/wow_ws/install/diagnostic_updater/lib/python3.11/site-packages/diagnostic_updater/_diagnostic_status_wrapper.py
-- Up-to-date symlink: /home/pi/wow_ws/install/diagnostic_updater/lib/python3.11/site-packages/diagnostic_updater/_diagnostic_updater.py
-- Up-to-date symlink: /home/pi/wow_ws/install/diagnostic_updater/lib/python3.11/site-packages/diagnostic_updater/_publisher.py
-- Up-to-date symlink: /home/pi/wow_ws/install/diagnostic_updater/lib/python3.11/site-packages/diagnostic_updater/_update_functions.py
-- Up-to-date symlink: /home/pi/wow_ws/install/diagnostic_updater/lib/python3.11/site-packages/diagnostic_updater/example.py
-- Up-to-date symlink: /home/pi/wow_ws/install/diagnostic_updater/lib/diagnostic_updater/example.py
-- Up-to-date symlink: /home/pi/wow_ws/install/diagnostic_updater/lib/diagnostic_updater/example
-- Up-to-date symlink: /home/pi/wow_ws/install/diagnostic_updater/include/diagnostic_updater/diagnostic_status_wrapper.hpp
-- Up-to-date symlink: /home/pi/wow_ws/install/diagnostic_updater/include/diagnostic_updater/diagnostic_updater.hpp
-- Up-to-date symlink: /home/pi/wow_ws/install/diagnostic_updater/include/diagnostic_updater/publisher.hpp
-- Up-to-date symlink: /home/pi/wow_ws/install/diagnostic_updater/include/diagnostic_updater/update_functions.hpp
-- Up-to-date symlink: /home/pi/wow_ws/install/diagnostic_updater/share/diagnostic_updater/environment/library_path.sh
-- Up-to-date symlink: /home/pi/wow_ws/install/diagnostic_updater/share/diagnostic_updater/environment/library_path.dsv
-- Up-to-date symlink: /home/pi/wow_ws/install/diagnostic_updater/share/ament_index/resource_index/package_run_dependencies/diagnostic_updater
-- Up-to-date symlink: /home/pi/wow_ws/install/diagnostic_updater/share/ament_index/resource_index/parent_prefix_path/diagnostic_updater
-- Up-to-date symlink: /home/pi/wow_ws/install/diagnostic_updater/share/diagnostic_updater/environment/ament_prefix_path.sh
-- Up-to-date symlink: /home/pi/wow_ws/install/diagnostic_updater/share/diagnostic_updater/environment/ament_prefix_path.dsv
-- Up-to-date symlink: /home/pi/wow_ws/install/diagnostic_updater/share/diagnostic_updater/environment/path.sh
-- Up-to-date symlink: /home/pi/wow_ws/install/diagnostic_updater/share/diagnostic_updater/environment/path.dsv
-- Up-to-date symlink: /home/pi/wow_ws/install/diagnostic_updater/share/diagnostic_updater/local_setup.bash
-- Up-to-date symlink: /home/pi/wow_ws/install/diagnostic_updater/share/diagnostic_updater/local_setup.sh
-- Up-to-date symlink: /home/pi/wow_ws/install/diagnostic_updater/share/diagnostic_updater/local_setup.zsh
-- Up-to-date symlink: /home/pi/wow_ws/install/diagnostic_updater/share/diagnostic_updater/local_setup.dsv
-- Symlinking: /home/pi/wow_ws/install/diagnostic_updater/share/diagnostic_updater/package.dsv
-- Up-to-date symlink: /home/pi/wow_ws/install/diagnostic_updater/share/ament_index/resource_index/packages/diagnostic_updater
-- Up-to-date symlink: /home/pi/wow_ws/install/diagnostic_updater/share/diagnostic_updater/cmake/ament_cmake_export_targets-extras.cmake
-- Up-to-date symlink: /home/pi/wow_ws/install/diagnostic_updater/share/diagnostic_updater/cmake/ament_cmake_export_include_directories-extras.cmake
-- Up-to-date symlink: /home/pi/wow_ws/install/diagnostic_updater/share/diagnostic_updater/cmake/ament_cmake_export_dependencies-extras.cmake
-- Up-to-date symlink: /home/pi/wow_ws/install/diagnostic_updater/share/diagnostic_updater/cmake/diagnostic_updaterConfig.cmake
-- Up-to-date symlink: /home/pi/wow_ws/install/diagnostic_updater/share/diagnostic_updater/cmake/diagnostic_updaterConfig-version.cmake
-- Up-to-date symlink: /home/pi/wow_ws/install/diagnostic_updater/share/diagnostic_updater/package.xml
Listing '/home/pi/wow_ws/install/diagnostic_updater/lib/python3.11/site-packages/diagnostic_updater'...
-- Up-to-date: /home/pi/wow_ws/install/diagnostic_updater/share/diagnostic_updater/cmake/diagnostic_updaterTargetsExport.cmake
