running egg_info
writing ../../build/ICM20948/ICM20948.egg-info/PKG-INFO
writing dependency_links to ../../build/ICM20948/ICM20948.egg-info/dependency_links.txt
writing entry points to ../../build/ICM20948/ICM20948.egg-info/entry_points.txt
writing requirements to ../../build/ICM20948/ICM20948.egg-info/requires.txt
writing top-level names to ../../build/ICM20948/ICM20948.egg-info/top_level.txt
reading manifest file '../../build/ICM20948/ICM20948.egg-info/SOURCES.txt'
adding license file 'LICENSE'
writing manifest file '../../build/ICM20948/ICM20948.egg-info/SOURCES.txt'
running build
running build_py
copying ICM20948/ICM_raw_data.py -> /home/pi/wow_ws/build/ICM20948/build/lib/ICM20948
running install
/usr/lib/python3/dist-packages/setuptools/command/install.py:34: SetuptoolsDeprecationWarning: setup.py install is deprecated. Use build and pip and other standards-based tools.
  warnings.warn(
running install_lib
copying /home/pi/wow_ws/build/ICM20948/build/lib/ICM20948/ICM_raw_data.py -> /home/pi/wow_ws/install/ICM20948/lib/python3.11/site-packages/ICM20948
byte-compiling /home/pi/wow_ws/install/ICM20948/lib/python3.11/site-packages/ICM20948/ICM_raw_data.py to ICM_raw_data.cpython-311.pyc
running install_data
running install_egg_info
removing '/home/pi/wow_ws/install/ICM20948/lib/python3.11/site-packages/ICM20948-0.0.0-py3.11.egg-info' (and everything under it)
Copying ../../build/ICM20948/ICM20948.egg-info to /home/pi/wow_ws/install/ICM20948/lib/python3.11/site-packages/ICM20948-0.0.0-py3.11.egg-info
running install_scripts
Installing ICM_raw_data script to /home/pi/wow_ws/install/ICM20948/lib/ICM20948
writing list of installed files to '/home/pi/wow_ws/build/ICM20948/install.log'
