[0.000000] (-) TimerEvent: {}
[0.000480] (-) JobUnselected: {'identifier': 'ICM20948'}
[0.000654] (-) JobUnselected: {'identifier': 'bno055'}
[0.000677] (-) JobUnselected: {'identifier': 'diagnostic_aggregator'}
[0.000696] (-) JobUnselected: {'identifier': 'diagnostic_common_diagnostics'}
[0.000712] (-) JobUnselected: {'identifier': 'diagnostic_updater'}
[0.000728] (-) JobUnselected: {'identifier': 'diagnostics'}
[0.000747] (-) JobUnselected: {'identifier': 'foxglove_bridge'}
[0.000789] (-) JobUnselected: {'identifier': 'geodesy'}
[0.000806] (-) JobUnselected: {'identifier': 'geographic_info'}
[0.000818] (-) JobUnselected: {'identifier': 'geographic_msgs'}
[0.000831] (-) JobUnselected: {'identifier': 'imu_complementary_filter'}
[0.000844] (-) JobUnselected: {'identifier': 'imu_filter_madgwick'}
[0.000856] (-) JobUnselected: {'identifier': 'imu_tools'}
[0.000867] (-) JobUnselected: {'identifier': 'joy'}
[0.000879] (-) JobUnselected: {'identifier': 'joy_linux'}
[0.000891] (-) JobUnselected: {'identifier': 'nmea_msgs'}
[0.000903] (-) JobUnselected: {'identifier': 'ntrip_client'}
[0.000915] (-) JobUnselected: {'identifier': 'ntrip_client_node'}
[0.000927] (-) JobUnselected: {'identifier': 'robot_localization'}
[0.000939] (-) JobUnselected: {'identifier': 'rtcm_msgs'}
[0.000951] (-) JobUnselected: {'identifier': 'rviz_imu_plugin'}
[0.000963] (-) JobUnselected: {'identifier': 'sdl2_vendor'}
[0.000975] (-) JobUnselected: {'identifier': 'self_test'}
[0.000986] (-) JobUnselected: {'identifier': 'spacenav'}
[0.001015] (-) JobUnselected: {'identifier': 'ublox'}
[0.001027] (-) JobUnselected: {'identifier': 'ublox_dgnss'}
[0.001039] (-) JobUnselected: {'identifier': 'ublox_dgnss_node'}
[0.001051] (-) JobUnselected: {'identifier': 'ublox_gps'}
[0.001063] (-) JobUnselected: {'identifier': 'ublox_msgs'}
[0.001075] (-) JobUnselected: {'identifier': 'ublox_nav_sat_fix_hp_node'}
[0.001087] (-) JobUnselected: {'identifier': 'ublox_serialization'}
[0.001098] (-) JobUnselected: {'identifier': 'ublox_ubx_interfaces'}
[0.001110] (-) JobUnselected: {'identifier': 'ublox_ubx_msgs'}
[0.001123] (-) EventReactorShutdown: {}
