[3.671s] Invoking command in '/home/pi/wow_ws/build/ICM20948': PYTHONPATH=/home/pi/wow_ws/build/ICM20948/prefix_override:/home/pi/wow_ws/install/ICM20948/lib/python3.11/site-packages:${PYTHONPATH} /usr/bin/python3 setup.py develop --editable --build-directory /home/pi/wow_ws/build/ICM20948/build --no-deps install_data
[4.942s] running develop
[4.946s] /usr/lib/python3/dist-packages/setuptools/command/easy_install.py:146: EasyInstallDeprecationWarning: easy_install command is deprecated. Use build and pip and other standards-based tools.
[4.946s]   warnings.warn(
[5.046s] /usr/lib/python3/dist-packages/setuptools/command/install.py:34: SetuptoolsDeprecationWarning: setup.py install is deprecated. Use build and pip and other standards-based tools.
[5.046s]   warnings.warn(
[5.647s] running egg_info
[5.697s] writing ICM20948.egg-info/PKG-INFO
[5.698s] writing dependency_links to ICM20948.egg-info/dependency_links.txt
[5.699s] writing entry points to ICM20948.egg-info/entry_points.txt
[5.699s] writing requirements to ICM20948.egg-info/requires.txt
[5.700s] writing top-level names to ICM20948.egg-info/top_level.txt
[5.808s] reading manifest file 'ICM20948.egg-info/SOURCES.txt'
[5.814s] writing manifest file 'ICM20948.egg-info/SOURCES.txt'
[5.873s] running build_ext
[5.874s] Creating /home/pi/wow_ws/install/ICM20948/lib/python3.11/site-packages/ICM20948.egg-link (link to .)
[5.876s] Installing ICM_raw_data script to /home/pi/wow_ws/install/ICM20948/lib/ICM20948
[5.876s] 
[5.876s] Installed /home/pi/wow_ws/build/ICM20948
[5.877s] running install_data
[6.114s] Invoked command in '/home/pi/wow_ws/build/ICM20948' returned '0': PYTHONPATH=/home/pi/wow_ws/build/ICM20948/prefix_override:/home/pi/wow_ws/install/ICM20948/lib/python3.11/site-packages:${PYTHONPATH} /usr/bin/python3 setup.py develop --editable --build-directory /home/pi/wow_ws/build/ICM20948/build --no-deps install_data
