[5.080s] Invoking command in '/home/pi/wow_ws/build/bno055': PYTHONPATH=/home/pi/wow_ws/build/bno055/prefix_override:/home/pi/wow_ws/install/bno055/lib/python3.11/site-packages:${PYTHONPATH} /usr/bin/python3 setup.py develop --editable --build-directory /home/pi/wow_ws/build/bno055/build --no-deps install_data
[6.266s] /usr/lib/python3/dist-packages/setuptools/command/easy_install.py:146: EasyInstallDeprecationWarning: easy_install command is deprecated. Use build and pip and other standards-based tools.
[6.266s]   warnings.warn(
[6.267s] running develop
[6.360s] /usr/lib/python3/dist-packages/setuptools/command/install.py:34: SetuptoolsDeprecationWarning: setup.py install is deprecated. Use build and pip and other standards-based tools.
[6.360s]   warnings.warn(
[6.864s] running egg_info
[6.905s] writing bno055.egg-info/PKG-INFO
[6.906s] writing dependency_links to bno055.egg-info/dependency_links.txt
[6.908s] writing entry points to bno055.egg-info/entry_points.txt
[6.909s] writing requirements to bno055.egg-info/requires.txt
[6.914s] writing top-level names to bno055.egg-info/top_level.txt
[7.005s] reading manifest file 'bno055.egg-info/SOURCES.txt'
[7.007s] writing manifest file 'bno055.egg-info/SOURCES.txt'
[7.062s] running build_ext
[7.062s] Creating /home/pi/wow_ws/install/bno055/lib/python3.11/site-packages/bno055.egg-link (link to .)
[7.065s] Installing bno055 script to /home/pi/wow_ws/install/bno055/lib/bno055
[7.065s] 
[7.065s] Installed /home/pi/wow_ws/build/bno055
[7.065s] running install_data
[7.301s] Invoked command in '/home/pi/wow_ws/build/bno055' returned '0': PYTHONPATH=/home/pi/wow_ws/build/bno055/prefix_override:/home/pi/wow_ws/install/bno055/lib/python3.11/site-packages:${PYTHONPATH} /usr/bin/python3 setup.py develop --editable --build-directory /home/pi/wow_ws/build/bno055/build --no-deps install_data
