[0.089s] Invoking command in '/home/pi/wow_ws/build/nmea_msgs': CMAKE_PREFIX_PATH=${CMAKE_PREFIX_PATH}:/home/pi/wow_ws/install/bno055:/home/pi/ros2_iron/install/rqt_bag_plugins:/home/pi/ros2_iron/install/rqt_bag:/home/pi/ros2_iron/install/rosbag2_examples_py:/home/pi/ros2_iron/install/launch_testing_examples:/home/pi/ros2_iron/install/ros2bag:/home/pi/ros2_iron/install/tracetools_test:/home/pi/ros2_iron/install/tracetools_launch:/home/pi/ros2_iron/install/topic_monitor:/home/pi/ros2_iron/install/tf2_tools:/home/pi/ros2_iron/install/examples_tf2_py:/home/pi/ros2_iron/install/tf2_ros_py:/home/pi/ros2_iron/install/examples_rclpy_pointcloud_publisher:/home/pi/ros2_iron/install/sensor_msgs_py:/home/pi/ros2_iron/install/quality_of_service_demo_py:/home/pi/ros2_iron/install/rqt_plot:/home/pi/ros2_iron/install/ros2doctor:/home/pi/ros2_iron/install/lifecycle_py:/home/pi/ros2_iron/install/examples_rclpy_minimal_subscriber:/home/pi/ros2_iron/install/examples_rclpy_minimal_service:/home/pi/ros2_iron/install/examples_rclpy_minimal_publisher:/home/pi/ros2_iron/install/examples_rclpy_minimal_client:/home/pi/ros2_iron/install/examples_rclpy_executors:/home/pi/ros2_iron/install/demo_nodes_py:/home/pi/ros2_iron/install/rqt:/home/pi/ros2_iron/install/ros2component:/home/pi/ros2_iron/install/sros2:/home/pi/ros2_iron/install/rqt_topic:/home/pi/ros2_iron/install/rqt_srv:/home/pi/ros2_iron/install/rqt_shell:/home/pi/ros2_iron/install/rqt_service_caller:/home/pi/ros2_iron/install/rqt_reconfigure:/home/pi/ros2_iron/install/rqt_py_console:/home/pi/ros2_iron/install/rqt_publisher:/home/pi/ros2_iron/install/rqt_action:/home/pi/ros2_iron/install/rqt_msg:/home/pi/ros2_iron/install/rqt_console:/home/pi/ros2_iron/install/rqt_graph:/home/pi/ros2_iron/install/rqt_gui_py:/home/pi/ros2_iron/install/rqt_gui:/home/pi/ros2_iron/install/ros2trace:/home/pi/ros2_iron/install/ros2topic:/home/pi/ros2_iron/install/ros2test:/home/pi/ros2_iron/install/ros2param:/home/pi/ros2_iron/install/ros2lifecycle:/home/pi/ros2_iron/install/ros2service:/home/pi/ros2_iron/install/ros2run:/home/pi/ros2_iron/install/ros2launch:/home/pi/ros2_iron/install/ros2pkg:/home/pi/ros2_iron/install/ros2node:/home/pi/ros2_iron/install/ros2multicast:/home/pi/ros2_iron/install/ros2interface:/home/pi/ros2_iron/install/ros2action:/home/pi/ros2_iron/install/ros2cli:/home/pi/ros2_iron/install/launch_testing_ros:/home/pi/ros2_iron/install/launch_ros:/home/pi/ros2_iron/install/examples_rclpy_minimal_action_server:/home/pi/ros2_iron/install/examples_rclpy_minimal_action_client:/home/pi/ros2_iron/install/examples_rclpy_guard_conditions:/home/pi/ros2_iron/install/action_tutorials_py:/home/pi/ros2_iron/install/ament_uncrustify:/home/pi/ros2_iron/install/tracetools_trace:/home/pi/ros2_iron/install/tracetools_read:/home/pi/ros2_iron/install/test_tracetools_launch:/home/pi/ros2_iron/install/test_ros2trace:/home/pi/ros2_iron/install/test_launch_ros:/home/pi/ros2_iron/install/rpyutils:/home/pi/ros2_iron/install/rosidl_runtime_py:/home/pi/ros2_iron/install/rosidl_pycommon:/home/pi/ros2_iron/install/rosidl_cli:/home/pi/ros2_iron/install/launch_pytest:/home/pi/ros2_iron/install/launch_testing:/home/pi/ros2_iron/install/launch_yaml:/home/pi/ros2_iron/install/launch_xml:/home/pi/ros2_iron/install/launch:/home/pi/ros2_iron/install/osrf_pycommon:/home/pi/ros2_iron/install/domain_coordinator:/home/pi/ros2_iron/install/ament_xmllint:/home/pi/ros2_iron/install/ament_pyflakes:/home/pi/ros2_iron/install/ament_pycodestyle:/home/pi/ros2_iron/install/ament_pep257:/home/pi/ros2_iron/install/ament_pclint:/home/pi/ros2_iron/install/ament_package:/home/pi/ros2_iron/install/ament_mypy:/home/pi/ros2_iron/install/ament_lint_cmake:/home/pi/ros2_iron/install/ament_flake8:/home/pi/ros2_iron/install/ament_copyright:/home/pi/ros2_iron/install/ament_lint:/home/pi/ros2_iron/install/ament_index_python:/home/pi/ros2_iron/install/ament_cpplint:/home/pi/ros2_iron/install/ament_cppcheck:/home/pi/ros2_iron/install/ament_clang_tidy:/home/pi/ros2_iron/install/ament_clang_format /usr/bin/cmake --build /home/pi/wow_ws/build/nmea_msgs -- -j4 -l4
[0.715s] [  1%] Built target nmea_msgs__rosidl_generator_type_description
[0.775s] [  1%] Built target ament_cmake_python_symlink_nmea_msgs
[0.869s] [  1%] Built target nmea_msgs__cpp
[0.990s] [ 27%] Built target nmea_msgs__rosidl_generator_c
[1.242s] [ 37%] Built target nmea_msgs__rosidl_typesupport_fastrtps_c
[1.282s] [ 46%] Built target nmea_msgs__rosidl_typesupport_cpp
[1.296s] [ 56%] Built target nmea_msgs__rosidl_typesupport_introspection_c
[1.474s] [ 66%] Built target nmea_msgs__rosidl_typesupport_c
[1.506s] [ 76%] Built target nmea_msgs__rosidl_typesupport_introspection_cpp
[1.526s] [ 85%] Built target nmea_msgs__rosidl_typesupport_fastrtps_cpp
[1.649s] [ 85%] Built target nmea_msgs
[1.814s] [ 86%] Built target nmea_msgs__py
[2.011s] [ 94%] Built target nmea_msgs__rosidl_generator_py
[2.240s] [ 96%] Built target nmea_msgs__rosidl_typesupport_introspection_c__pyext
[2.241s] [ 98%] Built target nmea_msgs__rosidl_typesupport_fastrtps_c__pyext
[2.256s] [100%] Built target nmea_msgs__rosidl_typesupport_c__pyext
[2.819s] running egg_info
[2.951s] writing nmea_msgs.egg-info/PKG-INFO
[2.952s] writing dependency_links to nmea_msgs.egg-info/dependency_links.txt
[2.958s] writing top-level names to nmea_msgs.egg-info/top_level.txt
[3.210s] reading manifest file 'nmea_msgs.egg-info/SOURCES.txt'
[3.210s] writing manifest file 'nmea_msgs.egg-info/SOURCES.txt'
[3.516s] [100%] Built target ament_cmake_python_build_nmea_msgs_egg
[3.550s] Invoked command in '/home/pi/wow_ws/build/nmea_msgs' returned '0': CMAKE_PREFIX_PATH=${CMAKE_PREFIX_PATH}:/home/pi/wow_ws/install/bno055:/home/pi/ros2_iron/install/rqt_bag_plugins:/home/pi/ros2_iron/install/rqt_bag:/home/pi/ros2_iron/install/rosbag2_examples_py:/home/pi/ros2_iron/install/launch_testing_examples:/home/pi/ros2_iron/install/ros2bag:/home/pi/ros2_iron/install/tracetools_test:/home/pi/ros2_iron/install/tracetools_launch:/home/pi/ros2_iron/install/topic_monitor:/home/pi/ros2_iron/install/tf2_tools:/home/pi/ros2_iron/install/examples_tf2_py:/home/pi/ros2_iron/install/tf2_ros_py:/home/pi/ros2_iron/install/examples_rclpy_pointcloud_publisher:/home/pi/ros2_iron/install/sensor_msgs_py:/home/pi/ros2_iron/install/quality_of_service_demo_py:/home/pi/ros2_iron/install/rqt_plot:/home/pi/ros2_iron/install/ros2doctor:/home/pi/ros2_iron/install/lifecycle_py:/home/pi/ros2_iron/install/examples_rclpy_minimal_subscriber:/home/pi/ros2_iron/install/examples_rclpy_minimal_service:/home/pi/ros2_iron/install/examples_rclpy_minimal_publisher:/home/pi/ros2_iron/install/examples_rclpy_minimal_client:/home/pi/ros2_iron/install/examples_rclpy_executors:/home/pi/ros2_iron/install/demo_nodes_py:/home/pi/ros2_iron/install/rqt:/home/pi/ros2_iron/install/ros2component:/home/pi/ros2_iron/install/sros2:/home/pi/ros2_iron/install/rqt_topic:/home/pi/ros2_iron/install/rqt_srv:/home/pi/ros2_iron/install/rqt_shell:/home/pi/ros2_iron/install/rqt_service_caller:/home/pi/ros2_iron/install/rqt_reconfigure:/home/pi/ros2_iron/install/rqt_py_console:/home/pi/ros2_iron/install/rqt_publisher:/home/pi/ros2_iron/install/rqt_action:/home/pi/ros2_iron/install/rqt_msg:/home/pi/ros2_iron/install/rqt_console:/home/pi/ros2_iron/install/rqt_graph:/home/pi/ros2_iron/install/rqt_gui_py:/home/pi/ros2_iron/install/rqt_gui:/home/pi/ros2_iron/install/ros2trace:/home/pi/ros2_iron/install/ros2topic:/home/pi/ros2_iron/install/ros2test:/home/pi/ros2_iron/install/ros2param:/home/pi/ros2_iron/install/ros2lifecycle:/home/pi/ros2_iron/install/ros2service:/home/pi/ros2_iron/install/ros2run:/home/pi/ros2_iron/install/ros2launch:/home/pi/ros2_iron/install/ros2pkg:/home/pi/ros2_iron/install/ros2node:/home/pi/ros2_iron/install/ros2multicast:/home/pi/ros2_iron/install/ros2interface:/home/pi/ros2_iron/install/ros2action:/home/pi/ros2_iron/install/ros2cli:/home/pi/ros2_iron/install/launch_testing_ros:/home/pi/ros2_iron/install/launch_ros:/home/pi/ros2_iron/install/examples_rclpy_minimal_action_server:/home/pi/ros2_iron/install/examples_rclpy_minimal_action_client:/home/pi/ros2_iron/install/examples_rclpy_guard_conditions:/home/pi/ros2_iron/install/action_tutorials_py:/home/pi/ros2_iron/install/ament_uncrustify:/home/pi/ros2_iron/install/tracetools_trace:/home/pi/ros2_iron/install/tracetools_read:/home/pi/ros2_iron/install/test_tracetools_launch:/home/pi/ros2_iron/install/test_ros2trace:/home/pi/ros2_iron/install/test_launch_ros:/home/pi/ros2_iron/install/rpyutils:/home/pi/ros2_iron/install/rosidl_runtime_py:/home/pi/ros2_iron/install/rosidl_pycommon:/home/pi/ros2_iron/install/rosidl_cli:/home/pi/ros2_iron/install/launch_pytest:/home/pi/ros2_iron/install/launch_testing:/home/pi/ros2_iron/install/launch_yaml:/home/pi/ros2_iron/install/launch_xml:/home/pi/ros2_iron/install/launch:/home/pi/ros2_iron/install/osrf_pycommon:/home/pi/ros2_iron/install/domain_coordinator:/home/pi/ros2_iron/install/ament_xmllint:/home/pi/ros2_iron/install/ament_pyflakes:/home/pi/ros2_iron/install/ament_pycodestyle:/home/pi/ros2_iron/install/ament_pep257:/home/pi/ros2_iron/install/ament_pclint:/home/pi/ros2_iron/install/ament_package:/home/pi/ros2_iron/install/ament_mypy:/home/pi/ros2_iron/install/ament_lint_cmake:/home/pi/ros2_iron/install/ament_flake8:/home/pi/ros2_iron/install/ament_copyright:/home/pi/ros2_iron/install/ament_lint:/home/pi/ros2_iron/install/ament_index_python:/home/pi/ros2_iron/install/ament_cpplint:/home/pi/ros2_iron/install/ament_cppcheck:/home/pi/ros2_iron/install/ament_clang_tidy:/home/pi/ros2_iron/install/ament_clang_format /usr/bin/cmake --build /home/pi/wow_ws/build/nmea_msgs -- -j4 -l4
[4.755s] Invoking command in '/home/pi/wow_ws/build/nmea_msgs': CMAKE_PREFIX_PATH=${CMAKE_PREFIX_PATH}:/home/pi/wow_ws/install/bno055:/home/pi/ros2_iron/install/rqt_bag_plugins:/home/pi/ros2_iron/install/rqt_bag:/home/pi/ros2_iron/install/rosbag2_examples_py:/home/pi/ros2_iron/install/launch_testing_examples:/home/pi/ros2_iron/install/ros2bag:/home/pi/ros2_iron/install/tracetools_test:/home/pi/ros2_iron/install/tracetools_launch:/home/pi/ros2_iron/install/topic_monitor:/home/pi/ros2_iron/install/tf2_tools:/home/pi/ros2_iron/install/examples_tf2_py:/home/pi/ros2_iron/install/tf2_ros_py:/home/pi/ros2_iron/install/examples_rclpy_pointcloud_publisher:/home/pi/ros2_iron/install/sensor_msgs_py:/home/pi/ros2_iron/install/quality_of_service_demo_py:/home/pi/ros2_iron/install/rqt_plot:/home/pi/ros2_iron/install/ros2doctor:/home/pi/ros2_iron/install/lifecycle_py:/home/pi/ros2_iron/install/examples_rclpy_minimal_subscriber:/home/pi/ros2_iron/install/examples_rclpy_minimal_service:/home/pi/ros2_iron/install/examples_rclpy_minimal_publisher:/home/pi/ros2_iron/install/examples_rclpy_minimal_client:/home/pi/ros2_iron/install/examples_rclpy_executors:/home/pi/ros2_iron/install/demo_nodes_py:/home/pi/ros2_iron/install/rqt:/home/pi/ros2_iron/install/ros2component:/home/pi/ros2_iron/install/sros2:/home/pi/ros2_iron/install/rqt_topic:/home/pi/ros2_iron/install/rqt_srv:/home/pi/ros2_iron/install/rqt_shell:/home/pi/ros2_iron/install/rqt_service_caller:/home/pi/ros2_iron/install/rqt_reconfigure:/home/pi/ros2_iron/install/rqt_py_console:/home/pi/ros2_iron/install/rqt_publisher:/home/pi/ros2_iron/install/rqt_action:/home/pi/ros2_iron/install/rqt_msg:/home/pi/ros2_iron/install/rqt_console:/home/pi/ros2_iron/install/rqt_graph:/home/pi/ros2_iron/install/rqt_gui_py:/home/pi/ros2_iron/install/rqt_gui:/home/pi/ros2_iron/install/ros2trace:/home/pi/ros2_iron/install/ros2topic:/home/pi/ros2_iron/install/ros2test:/home/pi/ros2_iron/install/ros2param:/home/pi/ros2_iron/install/ros2lifecycle:/home/pi/ros2_iron/install/ros2service:/home/pi/ros2_iron/install/ros2run:/home/pi/ros2_iron/install/ros2launch:/home/pi/ros2_iron/install/ros2pkg:/home/pi/ros2_iron/install/ros2node:/home/pi/ros2_iron/install/ros2multicast:/home/pi/ros2_iron/install/ros2interface:/home/pi/ros2_iron/install/ros2action:/home/pi/ros2_iron/install/ros2cli:/home/pi/ros2_iron/install/launch_testing_ros:/home/pi/ros2_iron/install/launch_ros:/home/pi/ros2_iron/install/examples_rclpy_minimal_action_server:/home/pi/ros2_iron/install/examples_rclpy_minimal_action_client:/home/pi/ros2_iron/install/examples_rclpy_guard_conditions:/home/pi/ros2_iron/install/action_tutorials_py:/home/pi/ros2_iron/install/ament_uncrustify:/home/pi/ros2_iron/install/tracetools_trace:/home/pi/ros2_iron/install/tracetools_read:/home/pi/ros2_iron/install/test_tracetools_launch:/home/pi/ros2_iron/install/test_ros2trace:/home/pi/ros2_iron/install/test_launch_ros:/home/pi/ros2_iron/install/rpyutils:/home/pi/ros2_iron/install/rosidl_runtime_py:/home/pi/ros2_iron/install/rosidl_pycommon:/home/pi/ros2_iron/install/rosidl_cli:/home/pi/ros2_iron/install/launch_pytest:/home/pi/ros2_iron/install/launch_testing:/home/pi/ros2_iron/install/launch_yaml:/home/pi/ros2_iron/install/launch_xml:/home/pi/ros2_iron/install/launch:/home/pi/ros2_iron/install/osrf_pycommon:/home/pi/ros2_iron/install/domain_coordinator:/home/pi/ros2_iron/install/ament_xmllint:/home/pi/ros2_iron/install/ament_pyflakes:/home/pi/ros2_iron/install/ament_pycodestyle:/home/pi/ros2_iron/install/ament_pep257:/home/pi/ros2_iron/install/ament_pclint:/home/pi/ros2_iron/install/ament_package:/home/pi/ros2_iron/install/ament_mypy:/home/pi/ros2_iron/install/ament_lint_cmake:/home/pi/ros2_iron/install/ament_flake8:/home/pi/ros2_iron/install/ament_copyright:/home/pi/ros2_iron/install/ament_lint:/home/pi/ros2_iron/install/ament_index_python:/home/pi/ros2_iron/install/ament_cpplint:/home/pi/ros2_iron/install/ament_cppcheck:/home/pi/ros2_iron/install/ament_clang_tidy:/home/pi/ros2_iron/install/ament_clang_format /usr/bin/cmake --install /home/pi/wow_ws/build/nmea_msgs
[4.790s] -- Install configuration: ""
[4.797s] -- Execute custom install script
[4.800s] -- Up-to-date symlink: /home/pi/wow_ws/install/nmea_msgs/share/ament_index/resource_index/rosidl_interfaces/nmea_msgs
[4.801s] -- Up-to-date symlink: /home/pi/wow_ws/install/nmea_msgs/share/nmea_msgs/msg/Sentence.json
[4.802s] -- Up-to-date symlink: /home/pi/wow_ws/install/nmea_msgs/share/nmea_msgs/msg/Gpgga.json
[4.802s] -- Up-to-date symlink: /home/pi/wow_ws/install/nmea_msgs/share/nmea_msgs/msg/Gpgsa.json
[4.809s] -- Up-to-date symlink: /home/pi/wow_ws/install/nmea_msgs/share/nmea_msgs/msg/Gpgst.json
[4.809s] -- Up-to-date symlink: /home/pi/wow_ws/install/nmea_msgs/share/nmea_msgs/msg/Gpgsv.json
[4.816s] -- Up-to-date symlink: /home/pi/wow_ws/install/nmea_msgs/share/nmea_msgs/msg/GpgsvSatellite.json
[4.819s] -- Up-to-date symlink: /home/pi/wow_ws/install/nmea_msgs/share/nmea_msgs/msg/Gprmc.json
[4.831s] -- Up-to-date symlink: /home/pi/wow_ws/install/nmea_msgs/share/nmea_msgs/msg/Gpvtg.json
[4.831s] -- Up-to-date symlink: /home/pi/wow_ws/install/nmea_msgs/share/nmea_msgs/msg/Gpzda.json
[4.834s] -- Up-to-date symlink: /home/pi/wow_ws/install/nmea_msgs/include/nmea_msgs/nmea_msgs/msg/detail/gpgga__functions.h
[4.835s] -- Up-to-date symlink: /home/pi/wow_ws/install/nmea_msgs/include/nmea_msgs/nmea_msgs/msg/detail/gpgga__struct.h
[4.839s] -- Up-to-date symlink: /home/pi/wow_ws/install/nmea_msgs/include/nmea_msgs/nmea_msgs/msg/detail/gpgga__type_support.h
[4.839s] -- Up-to-date symlink: /home/pi/wow_ws/install/nmea_msgs/include/nmea_msgs/nmea_msgs/msg/detail/gpgsa__functions.h
[4.840s] -- Up-to-date symlink: /home/pi/wow_ws/install/nmea_msgs/include/nmea_msgs/nmea_msgs/msg/detail/gpgsa__struct.h
[4.840s] -- Up-to-date symlink: /home/pi/wow_ws/install/nmea_msgs/include/nmea_msgs/nmea_msgs/msg/detail/gpgsa__type_support.h
[4.841s] -- Up-to-date symlink: /home/pi/wow_ws/install/nmea_msgs/include/nmea_msgs/nmea_msgs/msg/detail/gpgst__functions.h
[4.841s] -- Up-to-date symlink: /home/pi/wow_ws/install/nmea_msgs/include/nmea_msgs/nmea_msgs/msg/detail/gpgst__struct.h
[4.846s] -- Up-to-date symlink: /home/pi/wow_ws/install/nmea_msgs/include/nmea_msgs/nmea_msgs/msg/detail/gpgst__type_support.h
[4.846s] -- Up-to-date symlink: /home/pi/wow_ws/install/nmea_msgs/include/nmea_msgs/nmea_msgs/msg/detail/gpgsv__functions.h
[4.846s] -- Up-to-date symlink: /home/pi/wow_ws/install/nmea_msgs/include/nmea_msgs/nmea_msgs/msg/detail/gpgsv__struct.h
[4.846s] -- Up-to-date symlink: /home/pi/wow_ws/install/nmea_msgs/include/nmea_msgs/nmea_msgs/msg/detail/gpgsv__type_support.h
[4.846s] -- Up-to-date symlink: /home/pi/wow_ws/install/nmea_msgs/include/nmea_msgs/nmea_msgs/msg/detail/gpgsv_satellite__functions.h
[4.850s] -- Up-to-date symlink: /home/pi/wow_ws/install/nmea_msgs/include/nmea_msgs/nmea_msgs/msg/detail/gpgsv_satellite__struct.h
[4.851s] -- Up-to-date symlink: /home/pi/wow_ws/install/nmea_msgs/include/nmea_msgs/nmea_msgs/msg/detail/gpgsv_satellite__type_support.h
[4.851s] -- Up-to-date symlink: /home/pi/wow_ws/install/nmea_msgs/include/nmea_msgs/nmea_msgs/msg/detail/gprmc__functions.h
[4.851s] -- Up-to-date symlink: /home/pi/wow_ws/install/nmea_msgs/include/nmea_msgs/nmea_msgs/msg/detail/gprmc__struct.h
[4.851s] -- Up-to-date symlink: /home/pi/wow_ws/install/nmea_msgs/include/nmea_msgs/nmea_msgs/msg/detail/gprmc__type_support.h
[4.851s] -- Up-to-date symlink: /home/pi/wow_ws/install/nmea_msgs/include/nmea_msgs/nmea_msgs/msg/detail/gpvtg__functions.h
[4.851s] -- Up-to-date symlink: /home/pi/wow_ws/install/nmea_msgs/include/nmea_msgs/nmea_msgs/msg/detail/gpvtg__struct.h
[4.851s] -- Up-to-date symlink: /home/pi/wow_ws/install/nmea_msgs/include/nmea_msgs/nmea_msgs/msg/detail/gpvtg__type_support.h
[4.851s] -- Up-to-date symlink: /home/pi/wow_ws/install/nmea_msgs/include/nmea_msgs/nmea_msgs/msg/detail/gpzda__functions.h
[4.851s] -- Up-to-date symlink: /home/pi/wow_ws/install/nmea_msgs/include/nmea_msgs/nmea_msgs/msg/detail/gpzda__struct.h
[4.851s] -- Up-to-date symlink: /home/pi/wow_ws/install/nmea_msgs/include/nmea_msgs/nmea_msgs/msg/detail/gpzda__type_support.h
[4.852s] -- Up-to-date symlink: /home/pi/wow_ws/install/nmea_msgs/include/nmea_msgs/nmea_msgs/msg/detail/sentence__functions.h
[4.852s] -- Up-to-date symlink: /home/pi/wow_ws/install/nmea_msgs/include/nmea_msgs/nmea_msgs/msg/detail/sentence__struct.h
[4.854s] -- Up-to-date symlink: /home/pi/wow_ws/install/nmea_msgs/include/nmea_msgs/nmea_msgs/msg/detail/sentence__type_support.h
[4.855s] -- Up-to-date symlink: /home/pi/wow_ws/install/nmea_msgs/include/nmea_msgs/nmea_msgs/msg/gpgga.h
[4.855s] -- Up-to-date symlink: /home/pi/wow_ws/install/nmea_msgs/include/nmea_msgs/nmea_msgs/msg/gpgsa.h
[4.855s] -- Up-to-date symlink: /home/pi/wow_ws/install/nmea_msgs/include/nmea_msgs/nmea_msgs/msg/gpgst.h
[4.856s] -- Up-to-date symlink: /home/pi/wow_ws/install/nmea_msgs/include/nmea_msgs/nmea_msgs/msg/gpgsv.h
[4.858s] -- Up-to-date symlink: /home/pi/wow_ws/install/nmea_msgs/include/nmea_msgs/nmea_msgs/msg/gpgsv_satellite.h
[4.858s] -- Up-to-date symlink: /home/pi/wow_ws/install/nmea_msgs/include/nmea_msgs/nmea_msgs/msg/gprmc.h
[4.864s] -- Up-to-date symlink: /home/pi/wow_ws/install/nmea_msgs/include/nmea_msgs/nmea_msgs/msg/gpvtg.h
[4.864s] -- Up-to-date symlink: /home/pi/wow_ws/install/nmea_msgs/include/nmea_msgs/nmea_msgs/msg/gpzda.h
[4.864s] -- Up-to-date symlink: /home/pi/wow_ws/install/nmea_msgs/include/nmea_msgs/nmea_msgs/msg/rosidl_generator_c__visibility_control.h
[4.864s] -- Up-to-date symlink: /home/pi/wow_ws/install/nmea_msgs/include/nmea_msgs/nmea_msgs/msg/sentence.h
[4.864s] -- Up-to-date symlink: /home/pi/wow_ws/install/nmea_msgs/share/nmea_msgs/environment/library_path.sh
[4.865s] -- Up-to-date symlink: /home/pi/wow_ws/install/nmea_msgs/share/nmea_msgs/environment/library_path.dsv
[4.865s] -- Up-to-date symlink: /home/pi/wow_ws/install/nmea_msgs/include/nmea_msgs/nmea_msgs/msg/detail/gpgga__rosidl_typesupport_introspection_c.h
[4.866s] -- Up-to-date symlink: /home/pi/wow_ws/install/nmea_msgs/include/nmea_msgs/nmea_msgs/msg/detail/gpgsa__rosidl_typesupport_introspection_c.h
[4.868s] -- Up-to-date symlink: /home/pi/wow_ws/install/nmea_msgs/include/nmea_msgs/nmea_msgs/msg/detail/gpgst__rosidl_typesupport_introspection_c.h
[4.868s] -- Up-to-date symlink: /home/pi/wow_ws/install/nmea_msgs/include/nmea_msgs/nmea_msgs/msg/detail/gpgsv__rosidl_typesupport_introspection_c.h
[4.869s] -- Up-to-date symlink: /home/pi/wow_ws/install/nmea_msgs/include/nmea_msgs/nmea_msgs/msg/detail/gpgsv_satellite__rosidl_typesupport_introspection_c.h
[4.869s] -- Up-to-date symlink: /home/pi/wow_ws/install/nmea_msgs/include/nmea_msgs/nmea_msgs/msg/detail/gprmc__rosidl_typesupport_introspection_c.h
[4.870s] -- Up-to-date symlink: /home/pi/wow_ws/install/nmea_msgs/include/nmea_msgs/nmea_msgs/msg/detail/gpvtg__rosidl_typesupport_introspection_c.h
[4.872s] -- Up-to-date symlink: /home/pi/wow_ws/install/nmea_msgs/include/nmea_msgs/nmea_msgs/msg/detail/gpzda__rosidl_typesupport_introspection_c.h
[4.872s] -- Up-to-date symlink: /home/pi/wow_ws/install/nmea_msgs/include/nmea_msgs/nmea_msgs/msg/detail/sentence__rosidl_typesupport_introspection_c.h
[4.872s] -- Up-to-date symlink: /home/pi/wow_ws/install/nmea_msgs/include/nmea_msgs/nmea_msgs/msg/rosidl_typesupport_introspection_c__visibility_control.h
[4.873s] -- Up-to-date symlink: /home/pi/wow_ws/install/nmea_msgs/include/nmea_msgs/nmea_msgs/msg/detail/gpgga__rosidl_typesupport_fastrtps_c.h
[4.874s] -- Up-to-date symlink: /home/pi/wow_ws/install/nmea_msgs/include/nmea_msgs/nmea_msgs/msg/detail/gpgsa__rosidl_typesupport_fastrtps_c.h
[4.874s] -- Up-to-date symlink: /home/pi/wow_ws/install/nmea_msgs/include/nmea_msgs/nmea_msgs/msg/detail/gpgst__rosidl_typesupport_fastrtps_c.h
[4.875s] -- Up-to-date symlink: /home/pi/wow_ws/install/nmea_msgs/include/nmea_msgs/nmea_msgs/msg/detail/gpgsv__rosidl_typesupport_fastrtps_c.h
[4.879s] -- Up-to-date symlink: /home/pi/wow_ws/install/nmea_msgs/include/nmea_msgs/nmea_msgs/msg/detail/gpgsv_satellite__rosidl_typesupport_fastrtps_c.h
[4.879s] -- Up-to-date symlink: /home/pi/wow_ws/install/nmea_msgs/include/nmea_msgs/nmea_msgs/msg/detail/gprmc__rosidl_typesupport_fastrtps_c.h
[4.880s] -- Up-to-date symlink: /home/pi/wow_ws/install/nmea_msgs/include/nmea_msgs/nmea_msgs/msg/detail/gpvtg__rosidl_typesupport_fastrtps_c.h
[4.880s] -- Up-to-date symlink: /home/pi/wow_ws/install/nmea_msgs/include/nmea_msgs/nmea_msgs/msg/detail/gpzda__rosidl_typesupport_fastrtps_c.h
[4.880s] -- Up-to-date symlink: /home/pi/wow_ws/install/nmea_msgs/include/nmea_msgs/nmea_msgs/msg/detail/sentence__rosidl_typesupport_fastrtps_c.h
[4.880s] -- Up-to-date symlink: /home/pi/wow_ws/install/nmea_msgs/include/nmea_msgs/nmea_msgs/msg/rosidl_typesupport_fastrtps_c__visibility_control.h
[4.880s] -- Up-to-date symlink: /home/pi/wow_ws/install/nmea_msgs/include/nmea_msgs/nmea_msgs/msg/detail/gpgga__builder.hpp
[4.881s] -- Up-to-date symlink: /home/pi/wow_ws/install/nmea_msgs/include/nmea_msgs/nmea_msgs/msg/detail/gpgga__struct.hpp
[4.883s] -- Up-to-date symlink: /home/pi/wow_ws/install/nmea_msgs/include/nmea_msgs/nmea_msgs/msg/detail/gpgga__traits.hpp
[4.884s] -- Up-to-date symlink: /home/pi/wow_ws/install/nmea_msgs/include/nmea_msgs/nmea_msgs/msg/detail/gpgsa__builder.hpp
[4.885s] -- Up-to-date symlink: /home/pi/wow_ws/install/nmea_msgs/include/nmea_msgs/nmea_msgs/msg/detail/gpgsa__struct.hpp
[4.887s] -- Up-to-date symlink: /home/pi/wow_ws/install/nmea_msgs/include/nmea_msgs/nmea_msgs/msg/detail/gpgsa__traits.hpp
[4.887s] -- Up-to-date symlink: /home/pi/wow_ws/install/nmea_msgs/include/nmea_msgs/nmea_msgs/msg/detail/gpgst__builder.hpp
[4.890s] -- Up-to-date symlink: /home/pi/wow_ws/install/nmea_msgs/include/nmea_msgs/nmea_msgs/msg/detail/gpgst__struct.hpp
[4.890s] -- Up-to-date symlink: /home/pi/wow_ws/install/nmea_msgs/include/nmea_msgs/nmea_msgs/msg/detail/gpgst__traits.hpp
[4.890s] -- Up-to-date symlink: /home/pi/wow_ws/install/nmea_msgs/include/nmea_msgs/nmea_msgs/msg/detail/gpgsv__builder.hpp
[4.890s] -- Up-to-date symlink: /home/pi/wow_ws/install/nmea_msgs/include/nmea_msgs/nmea_msgs/msg/detail/gpgsv__struct.hpp
[4.890s] -- Up-to-date symlink: /home/pi/wow_ws/install/nmea_msgs/include/nmea_msgs/nmea_msgs/msg/detail/gpgsv__traits.hpp
[4.890s] -- Up-to-date symlink: /home/pi/wow_ws/install/nmea_msgs/include/nmea_msgs/nmea_msgs/msg/detail/gpgsv_satellite__builder.hpp
[4.891s] -- Up-to-date symlink: /home/pi/wow_ws/install/nmea_msgs/include/nmea_msgs/nmea_msgs/msg/detail/gpgsv_satellite__struct.hpp
[4.891s] -- Up-to-date symlink: /home/pi/wow_ws/install/nmea_msgs/include/nmea_msgs/nmea_msgs/msg/detail/gpgsv_satellite__traits.hpp
[4.891s] -- Up-to-date symlink: /home/pi/wow_ws/install/nmea_msgs/include/nmea_msgs/nmea_msgs/msg/detail/gprmc__builder.hpp
[4.898s] -- Up-to-date symlink: /home/pi/wow_ws/install/nmea_msgs/include/nmea_msgs/nmea_msgs/msg/detail/gprmc__struct.hpp
[4.899s] -- Up-to-date symlink: /home/pi/wow_ws/install/nmea_msgs/include/nmea_msgs/nmea_msgs/msg/detail/gprmc__traits.hpp
[4.899s] -- Up-to-date symlink: /home/pi/wow_ws/install/nmea_msgs/include/nmea_msgs/nmea_msgs/msg/detail/gpvtg__builder.hpp
[4.900s] -- Up-to-date symlink: /home/pi/wow_ws/install/nmea_msgs/include/nmea_msgs/nmea_msgs/msg/detail/gpvtg__struct.hpp
[4.900s] -- Up-to-date symlink: /home/pi/wow_ws/install/nmea_msgs/include/nmea_msgs/nmea_msgs/msg/detail/gpvtg__traits.hpp
[4.907s] -- Up-to-date symlink: /home/pi/wow_ws/install/nmea_msgs/include/nmea_msgs/nmea_msgs/msg/detail/gpzda__builder.hpp
[4.908s] -- Up-to-date symlink: /home/pi/wow_ws/install/nmea_msgs/include/nmea_msgs/nmea_msgs/msg/detail/gpzda__struct.hpp
[4.914s] -- Up-to-date symlink: /home/pi/wow_ws/install/nmea_msgs/include/nmea_msgs/nmea_msgs/msg/detail/gpzda__traits.hpp
[4.916s] -- Up-to-date symlink: /home/pi/wow_ws/install/nmea_msgs/include/nmea_msgs/nmea_msgs/msg/detail/sentence__builder.hpp
[4.916s] -- Up-to-date symlink: /home/pi/wow_ws/install/nmea_msgs/include/nmea_msgs/nmea_msgs/msg/detail/sentence__struct.hpp
[4.916s] -- Up-to-date symlink: /home/pi/wow_ws/install/nmea_msgs/include/nmea_msgs/nmea_msgs/msg/detail/sentence__traits.hpp
[4.916s] -- Up-to-date symlink: /home/pi/wow_ws/install/nmea_msgs/include/nmea_msgs/nmea_msgs/msg/gpgga.hpp
[4.916s] -- Up-to-date symlink: /home/pi/wow_ws/install/nmea_msgs/include/nmea_msgs/nmea_msgs/msg/gpgsa.hpp
[4.916s] -- Up-to-date symlink: /home/pi/wow_ws/install/nmea_msgs/include/nmea_msgs/nmea_msgs/msg/gpgst.hpp
[4.917s] -- Up-to-date symlink: /home/pi/wow_ws/install/nmea_msgs/include/nmea_msgs/nmea_msgs/msg/gpgsv.hpp
[4.919s] -- Up-to-date symlink: /home/pi/wow_ws/install/nmea_msgs/include/nmea_msgs/nmea_msgs/msg/gpgsv_satellite.hpp
[4.919s] -- Up-to-date symlink: /home/pi/wow_ws/install/nmea_msgs/include/nmea_msgs/nmea_msgs/msg/gprmc.hpp
[4.920s] -- Up-to-date symlink: /home/pi/wow_ws/install/nmea_msgs/include/nmea_msgs/nmea_msgs/msg/gpvtg.hpp
[4.920s] -- Up-to-date symlink: /home/pi/wow_ws/install/nmea_msgs/include/nmea_msgs/nmea_msgs/msg/gpzda.hpp
[4.921s] -- Up-to-date symlink: /home/pi/wow_ws/install/nmea_msgs/include/nmea_msgs/nmea_msgs/msg/sentence.hpp
[4.925s] -- Up-to-date symlink: /home/pi/wow_ws/install/nmea_msgs/include/nmea_msgs/nmea_msgs/msg/detail/gpgga__rosidl_typesupport_introspection_cpp.hpp
[4.926s] -- Up-to-date symlink: /home/pi/wow_ws/install/nmea_msgs/include/nmea_msgs/nmea_msgs/msg/detail/gpgsa__rosidl_typesupport_introspection_cpp.hpp
[4.927s] -- Up-to-date symlink: /home/pi/wow_ws/install/nmea_msgs/include/nmea_msgs/nmea_msgs/msg/detail/gpgst__rosidl_typesupport_introspection_cpp.hpp
[4.927s] -- Up-to-date symlink: /home/pi/wow_ws/install/nmea_msgs/include/nmea_msgs/nmea_msgs/msg/detail/gpgsv__rosidl_typesupport_introspection_cpp.hpp
[4.928s] -- Up-to-date symlink: /home/pi/wow_ws/install/nmea_msgs/include/nmea_msgs/nmea_msgs/msg/detail/gpgsv_satellite__rosidl_typesupport_introspection_cpp.hpp
[4.928s] -- Up-to-date symlink: /home/pi/wow_ws/install/nmea_msgs/include/nmea_msgs/nmea_msgs/msg/detail/gprmc__rosidl_typesupport_introspection_cpp.hpp
[4.929s] -- Up-to-date symlink: /home/pi/wow_ws/install/nmea_msgs/include/nmea_msgs/nmea_msgs/msg/detail/gpvtg__rosidl_typesupport_introspection_cpp.hpp
[4.931s] -- Up-to-date symlink: /home/pi/wow_ws/install/nmea_msgs/include/nmea_msgs/nmea_msgs/msg/detail/gpzda__rosidl_typesupport_introspection_cpp.hpp
[4.931s] -- Up-to-date symlink: /home/pi/wow_ws/install/nmea_msgs/include/nmea_msgs/nmea_msgs/msg/detail/sentence__rosidl_typesupport_introspection_cpp.hpp
[4.939s] -- Up-to-date symlink: /home/pi/wow_ws/install/nmea_msgs/include/nmea_msgs/nmea_msgs/msg/detail/gpgga__rosidl_typesupport_fastrtps_cpp.hpp
[4.941s] -- Up-to-date symlink: /home/pi/wow_ws/install/nmea_msgs/include/nmea_msgs/nmea_msgs/msg/detail/gpgsa__rosidl_typesupport_fastrtps_cpp.hpp
[4.941s] -- Up-to-date symlink: /home/pi/wow_ws/install/nmea_msgs/include/nmea_msgs/nmea_msgs/msg/detail/gpgst__rosidl_typesupport_fastrtps_cpp.hpp
[4.942s] -- Up-to-date symlink: /home/pi/wow_ws/install/nmea_msgs/include/nmea_msgs/nmea_msgs/msg/detail/gpgsv__rosidl_typesupport_fastrtps_cpp.hpp
[4.943s] -- Up-to-date symlink: /home/pi/wow_ws/install/nmea_msgs/include/nmea_msgs/nmea_msgs/msg/detail/gpgsv_satellite__rosidl_typesupport_fastrtps_cpp.hpp
[4.943s] -- Up-to-date symlink: /home/pi/wow_ws/install/nmea_msgs/include/nmea_msgs/nmea_msgs/msg/detail/gprmc__rosidl_typesupport_fastrtps_cpp.hpp
[4.943s] -- Up-to-date symlink: /home/pi/wow_ws/install/nmea_msgs/include/nmea_msgs/nmea_msgs/msg/detail/gpvtg__rosidl_typesupport_fastrtps_cpp.hpp
[4.945s] -- Up-to-date symlink: /home/pi/wow_ws/install/nmea_msgs/include/nmea_msgs/nmea_msgs/msg/detail/gpzda__rosidl_typesupport_fastrtps_cpp.hpp
[4.946s] -- Up-to-date symlink: /home/pi/wow_ws/install/nmea_msgs/include/nmea_msgs/nmea_msgs/msg/detail/sentence__rosidl_typesupport_fastrtps_cpp.hpp
[4.947s] -- Up-to-date symlink: /home/pi/wow_ws/install/nmea_msgs/include/nmea_msgs/nmea_msgs/msg/rosidl_typesupport_fastrtps_cpp__visibility_control.h
[4.947s] -- Up-to-date symlink: /home/pi/wow_ws/install/nmea_msgs/share/nmea_msgs/environment/pythonpath.sh
[4.948s] -- Up-to-date symlink: /home/pi/wow_ws/install/nmea_msgs/share/nmea_msgs/environment/pythonpath.dsv
[4.954s] -- Up-to-date symlink: /home/pi/wow_ws/install/nmea_msgs/lib/python3.11/site-packages/nmea_msgs-2.1.0-py3.11.egg-info/PKG-INFO
[4.954s] -- Up-to-date symlink: /home/pi/wow_ws/install/nmea_msgs/lib/python3.11/site-packages/nmea_msgs-2.1.0-py3.11.egg-info/SOURCES.txt
[4.955s] -- Up-to-date symlink: /home/pi/wow_ws/install/nmea_msgs/lib/python3.11/site-packages/nmea_msgs-2.1.0-py3.11.egg-info/dependency_links.txt
[4.955s] -- Up-to-date symlink: /home/pi/wow_ws/install/nmea_msgs/lib/python3.11/site-packages/nmea_msgs-2.1.0-py3.11.egg-info/top_level.txt
[4.955s] -- Up-to-date symlink: /home/pi/wow_ws/install/nmea_msgs/lib/python3.11/site-packages/nmea_msgs/__init__.py
[4.956s] -- Up-to-date symlink: /home/pi/wow_ws/install/nmea_msgs/lib/python3.11/site-packages/nmea_msgs/_nmea_msgs_s.ep.rosidl_typesupport_c.c
[4.956s] -- Up-to-date symlink: /home/pi/wow_ws/install/nmea_msgs/lib/python3.11/site-packages/nmea_msgs/_nmea_msgs_s.ep.rosidl_typesupport_fastrtps_c.c
[4.957s] -- Up-to-date symlink: /home/pi/wow_ws/install/nmea_msgs/lib/python3.11/site-packages/nmea_msgs/_nmea_msgs_s.ep.rosidl_typesupport_introspection_c.c
[4.957s] -- Up-to-date symlink: /home/pi/wow_ws/install/nmea_msgs/lib/python3.11/site-packages/nmea_msgs/libnmea_msgs__rosidl_generator_py.so
[4.958s] -- Up-to-date symlink: /home/pi/wow_ws/install/nmea_msgs/lib/python3.11/site-packages/nmea_msgs/msg/__init__.py
[4.959s] -- Up-to-date symlink: /home/pi/wow_ws/install/nmea_msgs/lib/python3.11/site-packages/nmea_msgs/msg/_gpgga.py
[4.959s] -- Up-to-date symlink: /home/pi/wow_ws/install/nmea_msgs/lib/python3.11/site-packages/nmea_msgs/msg/_gpgga_s.c
[4.960s] -- Up-to-date symlink: /home/pi/wow_ws/install/nmea_msgs/lib/python3.11/site-packages/nmea_msgs/msg/_gpgsa.py
[4.961s] -- Up-to-date symlink: /home/pi/wow_ws/install/nmea_msgs/lib/python3.11/site-packages/nmea_msgs/msg/_gpgsa_s.c
[4.962s] -- Up-to-date symlink: /home/pi/wow_ws/install/nmea_msgs/lib/python3.11/site-packages/nmea_msgs/msg/_gpgst.py
[4.962s] -- Up-to-date symlink: /home/pi/wow_ws/install/nmea_msgs/lib/python3.11/site-packages/nmea_msgs/msg/_gpgst_s.c
[4.962s] -- Up-to-date symlink: /home/pi/wow_ws/install/nmea_msgs/lib/python3.11/site-packages/nmea_msgs/msg/_gpgsv.py
[4.963s] -- Up-to-date symlink: /home/pi/wow_ws/install/nmea_msgs/lib/python3.11/site-packages/nmea_msgs/msg/_gpgsv_s.c
[4.964s] -- Up-to-date symlink: /home/pi/wow_ws/install/nmea_msgs/lib/python3.11/site-packages/nmea_msgs/msg/_gpgsv_satellite.py
[4.964s] -- Up-to-date symlink: /home/pi/wow_ws/install/nmea_msgs/lib/python3.11/site-packages/nmea_msgs/msg/_gpgsv_satellite_s.c
[4.965s] -- Up-to-date symlink: /home/pi/wow_ws/install/nmea_msgs/lib/python3.11/site-packages/nmea_msgs/msg/_gprmc.py
[4.965s] -- Up-to-date symlink: /home/pi/wow_ws/install/nmea_msgs/lib/python3.11/site-packages/nmea_msgs/msg/_gprmc_s.c
[4.965s] -- Up-to-date symlink: /home/pi/wow_ws/install/nmea_msgs/lib/python3.11/site-packages/nmea_msgs/msg/_gpvtg.py
[4.966s] -- Up-to-date symlink: /home/pi/wow_ws/install/nmea_msgs/lib/python3.11/site-packages/nmea_msgs/msg/_gpvtg_s.c
[4.966s] -- Up-to-date symlink: /home/pi/wow_ws/install/nmea_msgs/lib/python3.11/site-packages/nmea_msgs/msg/_gpzda.py
[4.967s] -- Up-to-date symlink: /home/pi/wow_ws/install/nmea_msgs/lib/python3.11/site-packages/nmea_msgs/msg/_gpzda_s.c
[4.967s] -- Up-to-date symlink: /home/pi/wow_ws/install/nmea_msgs/lib/python3.11/site-packages/nmea_msgs/msg/_sentence.py
[4.968s] -- Up-to-date symlink: /home/pi/wow_ws/install/nmea_msgs/lib/python3.11/site-packages/nmea_msgs/msg/_sentence_s.c
[4.968s] -- Up-to-date symlink: /home/pi/wow_ws/install/nmea_msgs/lib/python3.11/site-packages/nmea_msgs/nmea_msgs_s__rosidl_typesupport_c.cpython-311-aarch64-linux-gnu.so
[4.969s] -- Up-to-date symlink: /home/pi/wow_ws/install/nmea_msgs/lib/python3.11/site-packages/nmea_msgs/nmea_msgs_s__rosidl_typesupport_fastrtps_c.cpython-311-aarch64-linux-gnu.so
[4.970s] -- Up-to-date symlink: /home/pi/wow_ws/install/nmea_msgs/lib/python3.11/site-packages/nmea_msgs/nmea_msgs_s__rosidl_typesupport_introspection_c.cpython-311-aarch64-linux-gnu.so
[4.971s] -- Up-to-date symlink: /home/pi/wow_ws/install/nmea_msgs/lib/python3.11/site-packages/nmea_msgs/nmea_msgs_s__rosidl_typesupport_introspection_c.cpython-311-aarch64-linux-gnu.so
[4.971s] -- Up-to-date symlink: /home/pi/wow_ws/install/nmea_msgs/lib/python3.11/site-packages/nmea_msgs/nmea_msgs_s__rosidl_typesupport_fastrtps_c.cpython-311-aarch64-linux-gnu.so
[4.972s] -- Up-to-date symlink: /home/pi/wow_ws/install/nmea_msgs/lib/python3.11/site-packages/nmea_msgs/nmea_msgs_s__rosidl_typesupport_c.cpython-311-aarch64-linux-gnu.so
[4.973s] -- Up-to-date symlink: /home/pi/wow_ws/install/nmea_msgs/share/nmea_msgs/msg/Sentence.idl
[4.974s] -- Up-to-date symlink: /home/pi/wow_ws/install/nmea_msgs/share/nmea_msgs/msg/Gpgga.idl
[4.974s] -- Up-to-date symlink: /home/pi/wow_ws/install/nmea_msgs/share/nmea_msgs/msg/Gpgsa.idl
[4.975s] -- Up-to-date symlink: /home/pi/wow_ws/install/nmea_msgs/share/nmea_msgs/msg/Gpgst.idl
[4.976s] -- Up-to-date symlink: /home/pi/wow_ws/install/nmea_msgs/share/nmea_msgs/msg/Gpgsv.idl
[4.976s] -- Up-to-date symlink: /home/pi/wow_ws/install/nmea_msgs/share/nmea_msgs/msg/GpgsvSatellite.idl
[4.977s] -- Up-to-date symlink: /home/pi/wow_ws/install/nmea_msgs/share/nmea_msgs/msg/Gprmc.idl
[4.977s] -- Up-to-date symlink: /home/pi/wow_ws/install/nmea_msgs/share/nmea_msgs/msg/Gpvtg.idl
[4.978s] -- Up-to-date symlink: /home/pi/wow_ws/install/nmea_msgs/share/nmea_msgs/msg/Gpzda.idl
[4.978s] -- Up-to-date symlink: /home/pi/wow_ws/install/nmea_msgs/share/nmea_msgs/msg/Sentence.msg
[4.979s] -- Up-to-date symlink: /home/pi/wow_ws/install/nmea_msgs/share/nmea_msgs/msg/Gpgga.msg
[4.979s] -- Up-to-date symlink: /home/pi/wow_ws/install/nmea_msgs/share/nmea_msgs/msg/Gpgsa.msg
[4.980s] -- Up-to-date symlink: /home/pi/wow_ws/install/nmea_msgs/share/nmea_msgs/msg/Gpgst.msg
[4.981s] -- Up-to-date symlink: /home/pi/wow_ws/install/nmea_msgs/share/nmea_msgs/msg/Gpgsv.msg
[4.981s] -- Up-to-date symlink: /home/pi/wow_ws/install/nmea_msgs/share/nmea_msgs/msg/GpgsvSatellite.msg
[4.981s] -- Up-to-date symlink: /home/pi/wow_ws/install/nmea_msgs/share/nmea_msgs/msg/Gprmc.msg
[4.982s] -- Up-to-date symlink: /home/pi/wow_ws/install/nmea_msgs/share/nmea_msgs/msg/Gpvtg.msg
[4.982s] -- Up-to-date symlink: /home/pi/wow_ws/install/nmea_msgs/share/nmea_msgs/msg/Gpzda.msg
[4.993s] -- Up-to-date symlink: /home/pi/wow_ws/install/nmea_msgs/share/ament_index/resource_index/package_run_dependencies/nmea_msgs
[4.993s] -- Up-to-date symlink: /home/pi/wow_ws/install/nmea_msgs/share/ament_index/resource_index/parent_prefix_path/nmea_msgs
[4.993s] -- Up-to-date symlink: /home/pi/wow_ws/install/nmea_msgs/share/nmea_msgs/environment/ament_prefix_path.sh
[4.993s] -- Up-to-date symlink: /home/pi/wow_ws/install/nmea_msgs/share/nmea_msgs/environment/ament_prefix_path.dsv
[4.993s] -- Up-to-date symlink: /home/pi/wow_ws/install/nmea_msgs/share/nmea_msgs/environment/path.sh
[4.993s] -- Up-to-date symlink: /home/pi/wow_ws/install/nmea_msgs/share/nmea_msgs/environment/path.dsv
[4.993s] -- Up-to-date symlink: /home/pi/wow_ws/install/nmea_msgs/share/nmea_msgs/local_setup.bash
[4.994s] -- Up-to-date symlink: /home/pi/wow_ws/install/nmea_msgs/share/nmea_msgs/local_setup.sh
[4.994s] -- Up-to-date symlink: /home/pi/wow_ws/install/nmea_msgs/share/nmea_msgs/local_setup.zsh
[4.994s] -- Up-to-date symlink: /home/pi/wow_ws/install/nmea_msgs/share/nmea_msgs/local_setup.dsv
[4.994s] -- Symlinking: /home/pi/wow_ws/install/nmea_msgs/share/nmea_msgs/package.dsv
[5.021s] -- Up-to-date symlink: /home/pi/wow_ws/install/nmea_msgs/share/ament_index/resource_index/packages/nmea_msgs
[5.021s] -- Up-to-date symlink: /home/pi/wow_ws/install/nmea_msgs/share/nmea_msgs/cmake/rosidl_cmake-extras.cmake
[5.021s] -- Up-to-date symlink: /home/pi/wow_ws/install/nmea_msgs/share/nmea_msgs/cmake/ament_cmake_export_dependencies-extras.cmake
[5.021s] -- Up-to-date symlink: /home/pi/wow_ws/install/nmea_msgs/share/nmea_msgs/cmake/ament_cmake_export_include_directories-extras.cmake
[5.021s] -- Up-to-date symlink: /home/pi/wow_ws/install/nmea_msgs/share/nmea_msgs/cmake/ament_cmake_export_libraries-extras.cmake
[5.022s] -- Up-to-date symlink: /home/pi/wow_ws/install/nmea_msgs/share/nmea_msgs/cmake/ament_cmake_export_targets-extras.cmake
[5.023s] -- Up-to-date symlink: /home/pi/wow_ws/install/nmea_msgs/share/nmea_msgs/cmake/rosidl_cmake_export_typesupport_targets-extras.cmake
[5.023s] -- Up-to-date symlink: /home/pi/wow_ws/install/nmea_msgs/share/nmea_msgs/cmake/rosidl_cmake_export_typesupport_libraries-extras.cmake
[5.024s] -- Up-to-date symlink: /home/pi/wow_ws/install/nmea_msgs/share/nmea_msgs/cmake/nmea_msgsConfig.cmake
[5.024s] -- Up-to-date symlink: /home/pi/wow_ws/install/nmea_msgs/share/nmea_msgs/cmake/nmea_msgsConfig-version.cmake
[5.024s] -- Up-to-date symlink: /home/pi/wow_ws/install/nmea_msgs/share/nmea_msgs/package.xml
[5.025s] -- Up-to-date: /home/pi/wow_ws/install/nmea_msgs/lib/libnmea_msgs__rosidl_generator_c.so
[5.027s] -- Up-to-date: /home/pi/wow_ws/install/nmea_msgs/lib/libnmea_msgs__rosidl_typesupport_introspection_c.so
[5.030s] -- Up-to-date: /home/pi/wow_ws/install/nmea_msgs/lib/libnmea_msgs__rosidl_typesupport_fastrtps_c.so
[5.032s] -- Up-to-date: /home/pi/wow_ws/install/nmea_msgs/lib/libnmea_msgs__rosidl_typesupport_c.so
[5.032s] -- Up-to-date: /home/pi/wow_ws/install/nmea_msgs/lib/libnmea_msgs__rosidl_typesupport_introspection_cpp.so
[5.033s] -- Up-to-date: /home/pi/wow_ws/install/nmea_msgs/lib/libnmea_msgs__rosidl_typesupport_fastrtps_cpp.so
[5.033s] -- Up-to-date: /home/pi/wow_ws/install/nmea_msgs/lib/libnmea_msgs__rosidl_typesupport_cpp.so
[5.259s] Listing '/home/pi/wow_ws/install/nmea_msgs/lib/python3.11/site-packages/nmea_msgs'...
[5.259s] Listing '/home/pi/wow_ws/install/nmea_msgs/lib/python3.11/site-packages/nmea_msgs/msg'...
[5.285s] -- Up-to-date: /home/pi/wow_ws/install/nmea_msgs/lib/libnmea_msgs__rosidl_generator_py.so
[5.301s] -- Up-to-date: /home/pi/wow_ws/install/nmea_msgs/share/nmea_msgs/cmake/export_nmea_msgs__rosidl_generator_cExport.cmake
[5.302s] -- Up-to-date: /home/pi/wow_ws/install/nmea_msgs/share/nmea_msgs/cmake/export_nmea_msgs__rosidl_generator_cExport-noconfig.cmake
[5.307s] -- Up-to-date: /home/pi/wow_ws/install/nmea_msgs/share/nmea_msgs/cmake/nmea_msgs__rosidl_typesupport_introspection_cExport.cmake
[5.307s] -- Up-to-date: /home/pi/wow_ws/install/nmea_msgs/share/nmea_msgs/cmake/nmea_msgs__rosidl_typesupport_introspection_cExport-noconfig.cmake
[5.307s] -- Up-to-date: /home/pi/wow_ws/install/nmea_msgs/share/nmea_msgs/cmake/export_nmea_msgs__rosidl_typesupport_fastrtps_cExport.cmake
[5.307s] -- Up-to-date: /home/pi/wow_ws/install/nmea_msgs/share/nmea_msgs/cmake/export_nmea_msgs__rosidl_typesupport_fastrtps_cExport-noconfig.cmake
[5.308s] -- Up-to-date: /home/pi/wow_ws/install/nmea_msgs/share/nmea_msgs/cmake/nmea_msgs__rosidl_typesupport_cExport.cmake
[5.308s] -- Up-to-date: /home/pi/wow_ws/install/nmea_msgs/share/nmea_msgs/cmake/nmea_msgs__rosidl_typesupport_cExport-noconfig.cmake
[5.309s] -- Up-to-date: /home/pi/wow_ws/install/nmea_msgs/share/nmea_msgs/cmake/export_nmea_msgs__rosidl_generator_cppExport.cmake
[5.311s] -- Up-to-date: /home/pi/wow_ws/install/nmea_msgs/share/nmea_msgs/cmake/nmea_msgs__rosidl_typesupport_introspection_cppExport.cmake
[5.311s] -- Up-to-date: /home/pi/wow_ws/install/nmea_msgs/share/nmea_msgs/cmake/nmea_msgs__rosidl_typesupport_introspection_cppExport-noconfig.cmake
[5.312s] -- Up-to-date: /home/pi/wow_ws/install/nmea_msgs/share/nmea_msgs/cmake/export_nmea_msgs__rosidl_typesupport_fastrtps_cppExport.cmake
[5.312s] -- Up-to-date: /home/pi/wow_ws/install/nmea_msgs/share/nmea_msgs/cmake/export_nmea_msgs__rosidl_typesupport_fastrtps_cppExport-noconfig.cmake
[5.315s] -- Up-to-date: /home/pi/wow_ws/install/nmea_msgs/share/nmea_msgs/cmake/nmea_msgs__rosidl_typesupport_cppExport.cmake
[5.315s] -- Up-to-date: /home/pi/wow_ws/install/nmea_msgs/share/nmea_msgs/cmake/nmea_msgs__rosidl_typesupport_cppExport-noconfig.cmake
[5.316s] -- Up-to-date: /home/pi/wow_ws/install/nmea_msgs/share/nmea_msgs/cmake/export_nmea_msgs__rosidl_generator_pyExport.cmake
[5.316s] -- Up-to-date: /home/pi/wow_ws/install/nmea_msgs/share/nmea_msgs/cmake/export_nmea_msgs__rosidl_generator_pyExport-noconfig.cmake
[5.322s] Invoked command in '/home/pi/wow_ws/build/nmea_msgs' returned '0': CMAKE_PREFIX_PATH=${CMAKE_PREFIX_PATH}:/home/pi/wow_ws/install/bno055:/home/pi/ros2_iron/install/rqt_bag_plugins:/home/pi/ros2_iron/install/rqt_bag:/home/pi/ros2_iron/install/rosbag2_examples_py:/home/pi/ros2_iron/install/launch_testing_examples:/home/pi/ros2_iron/install/ros2bag:/home/pi/ros2_iron/install/tracetools_test:/home/pi/ros2_iron/install/tracetools_launch:/home/pi/ros2_iron/install/topic_monitor:/home/pi/ros2_iron/install/tf2_tools:/home/pi/ros2_iron/install/examples_tf2_py:/home/pi/ros2_iron/install/tf2_ros_py:/home/pi/ros2_iron/install/examples_rclpy_pointcloud_publisher:/home/pi/ros2_iron/install/sensor_msgs_py:/home/pi/ros2_iron/install/quality_of_service_demo_py:/home/pi/ros2_iron/install/rqt_plot:/home/pi/ros2_iron/install/ros2doctor:/home/pi/ros2_iron/install/lifecycle_py:/home/pi/ros2_iron/install/examples_rclpy_minimal_subscriber:/home/pi/ros2_iron/install/examples_rclpy_minimal_service:/home/pi/ros2_iron/install/examples_rclpy_minimal_publisher:/home/pi/ros2_iron/install/examples_rclpy_minimal_client:/home/pi/ros2_iron/install/examples_rclpy_executors:/home/pi/ros2_iron/install/demo_nodes_py:/home/pi/ros2_iron/install/rqt:/home/pi/ros2_iron/install/ros2component:/home/pi/ros2_iron/install/sros2:/home/pi/ros2_iron/install/rqt_topic:/home/pi/ros2_iron/install/rqt_srv:/home/pi/ros2_iron/install/rqt_shell:/home/pi/ros2_iron/install/rqt_service_caller:/home/pi/ros2_iron/install/rqt_reconfigure:/home/pi/ros2_iron/install/rqt_py_console:/home/pi/ros2_iron/install/rqt_publisher:/home/pi/ros2_iron/install/rqt_action:/home/pi/ros2_iron/install/rqt_msg:/home/pi/ros2_iron/install/rqt_console:/home/pi/ros2_iron/install/rqt_graph:/home/pi/ros2_iron/install/rqt_gui_py:/home/pi/ros2_iron/install/rqt_gui:/home/pi/ros2_iron/install/ros2trace:/home/pi/ros2_iron/install/ros2topic:/home/pi/ros2_iron/install/ros2test:/home/pi/ros2_iron/install/ros2param:/home/pi/ros2_iron/install/ros2lifecycle:/home/pi/ros2_iron/install/ros2service:/home/pi/ros2_iron/install/ros2run:/home/pi/ros2_iron/install/ros2launch:/home/pi/ros2_iron/install/ros2pkg:/home/pi/ros2_iron/install/ros2node:/home/pi/ros2_iron/install/ros2multicast:/home/pi/ros2_iron/install/ros2interface:/home/pi/ros2_iron/install/ros2action:/home/pi/ros2_iron/install/ros2cli:/home/pi/ros2_iron/install/launch_testing_ros:/home/pi/ros2_iron/install/launch_ros:/home/pi/ros2_iron/install/examples_rclpy_minimal_action_server:/home/pi/ros2_iron/install/examples_rclpy_minimal_action_client:/home/pi/ros2_iron/install/examples_rclpy_guard_conditions:/home/pi/ros2_iron/install/action_tutorials_py:/home/pi/ros2_iron/install/ament_uncrustify:/home/pi/ros2_iron/install/tracetools_trace:/home/pi/ros2_iron/install/tracetools_read:/home/pi/ros2_iron/install/test_tracetools_launch:/home/pi/ros2_iron/install/test_ros2trace:/home/pi/ros2_iron/install/test_launch_ros:/home/pi/ros2_iron/install/rpyutils:/home/pi/ros2_iron/install/rosidl_runtime_py:/home/pi/ros2_iron/install/rosidl_pycommon:/home/pi/ros2_iron/install/rosidl_cli:/home/pi/ros2_iron/install/launch_pytest:/home/pi/ros2_iron/install/launch_testing:/home/pi/ros2_iron/install/launch_yaml:/home/pi/ros2_iron/install/launch_xml:/home/pi/ros2_iron/install/launch:/home/pi/ros2_iron/install/osrf_pycommon:/home/pi/ros2_iron/install/domain_coordinator:/home/pi/ros2_iron/install/ament_xmllint:/home/pi/ros2_iron/install/ament_pyflakes:/home/pi/ros2_iron/install/ament_pycodestyle:/home/pi/ros2_iron/install/ament_pep257:/home/pi/ros2_iron/install/ament_pclint:/home/pi/ros2_iron/install/ament_package:/home/pi/ros2_iron/install/ament_mypy:/home/pi/ros2_iron/install/ament_lint_cmake:/home/pi/ros2_iron/install/ament_flake8:/home/pi/ros2_iron/install/ament_copyright:/home/pi/ros2_iron/install/ament_lint:/home/pi/ros2_iron/install/ament_index_python:/home/pi/ros2_iron/install/ament_cpplint:/home/pi/ros2_iron/install/ament_cppcheck:/home/pi/ros2_iron/install/ament_clang_tidy:/home/pi/ros2_iron/install/ament_clang_format /usr/bin/cmake --install /home/pi/wow_ws/build/nmea_msgs
