[2.870s] Invoking command in '/home/pi/wow_ws/build/bno055': PS1=\[\e]0;\u@\h: \w\a\]${debian_chroot:+($debian_chroot)}\[\033[01;32m\]\u@\h\[\033[00m\]:\[\033[01;34m\]\w \$\[\033[00m\] PYTHONPATH=/home/pi/wow_ws/build/bno055/prefix_override:/home/pi/wow_ws/install/bno055/lib/python3.11/site-packages:${PYTHONPATH} /usr/bin/python3 setup.py develop --editable --build-directory /home/pi/wow_ws/build/bno055/build --no-deps install_data
[3.795s] running develop
[3.797s] /usr/lib/python3/dist-packages/setuptools/command/easy_install.py:146: EasyInstallDeprecationWarning: easy_install command is deprecated. Use build and pip and other standards-based tools.
[3.797s]   warnings.warn(
[3.876s] /usr/lib/python3/dist-packages/setuptools/command/install.py:34: SetuptoolsDeprecationWarning: setup.py install is deprecated. Use build and pip and other standards-based tools.
[3.876s]   warnings.warn(
[4.298s] running egg_info
[4.335s] writing bno055.egg-info/PKG-INFO
[4.335s] writing dependency_links to bno055.egg-info/dependency_links.txt
[4.336s] writing entry points to bno055.egg-info/entry_points.txt
[4.337s] writing requirements to bno055.egg-info/requires.txt
[4.338s] writing top-level names to bno055.egg-info/top_level.txt
[4.413s] reading manifest file 'bno055.egg-info/SOURCES.txt'
[4.414s] writing manifest file 'bno055.egg-info/SOURCES.txt'
[4.459s] running build_ext
[4.459s] Creating /home/pi/wow_ws/install/bno055/lib/python3.11/site-packages/bno055.egg-link (link to .)
[4.459s] Installing bno055 script to /home/pi/wow_ws/install/bno055/lib/bno055
[4.460s] 
[4.460s] Installed /home/pi/wow_ws/build/bno055
[4.460s] running install_data
[4.460s] copying launch/bno055.launch.py -> /home/pi/wow_ws/install/bno055/share/bno055/launch
[4.461s] copying bno055/params/bno055_params_i2c_29.yaml -> /home/pi/wow_ws/install/bno055/share/bno055/config
[4.627s] Invoked command in '/home/pi/wow_ws/build/bno055' returned '0': PS1=\[\e]0;\u@\h: \w\a\]${debian_chroot:+($debian_chroot)}\[\033[01;32m\]\u@\h\[\033[00m\]:\[\033[01;34m\]\w \$\[\033[00m\] PYTHONPATH=/home/pi/wow_ws/build/bno055/prefix_override:/home/pi/wow_ws/install/bno055/lib/python3.11/site-packages:${PYTHONPATH} /usr/bin/python3 setup.py develop --editable --build-directory /home/pi/wow_ws/build/bno055/build --no-deps install_data
