[2.837s] Invoking command in '/home/pi/wow_ws/build/ICM20948': PYTHONPATH=/home/pi/wow_ws/build/ICM20948/prefix_override:/home/pi/wow_ws/install/ICM20948/lib/python3.11/site-packages:${PYTHONPATH} /usr/bin/python3 setup.py develop --editable --build-directory /home/pi/wow_ws/build/ICM20948/build --no-deps install_data
[3.819s] running develop
[3.819s] /usr/lib/python3/dist-packages/setuptools/command/easy_install.py:146: EasyInstallDeprecationWarning: easy_install command is deprecated. Use build and pip and other standards-based tools.
[3.820s]   warnings.warn(
[3.903s] /usr/lib/python3/dist-packages/setuptools/command/install.py:34: SetuptoolsDeprecationWarning: setup.py install is deprecated. Use build and pip and other standards-based tools.
[3.903s]   warnings.warn(
[4.317s] running egg_info
[4.356s] writing ICM20948.egg-info/PKG-INFO
[4.398s] writing dependency_links to ICM20948.egg-info/dependency_links.txt
[4.398s] writing entry points to ICM20948.egg-info/entry_points.txt
[4.399s] writing requirements to ICM20948.egg-info/requires.txt
[4.400s] writing top-level names to ICM20948.egg-info/top_level.txt
[4.481s] reading manifest file 'ICM20948.egg-info/SOURCES.txt'
[4.482s] writing manifest file 'ICM20948.egg-info/SOURCES.txt'
[4.529s] running build_ext
[4.529s] Creating /home/pi/wow_ws/install/ICM20948/lib/python3.11/site-packages/ICM20948.egg-link (link to .)
[4.530s] Installing ICM_raw_data script to /home/pi/wow_ws/install/ICM20948/lib/ICM20948
[4.531s] 
[4.531s] Installed /home/pi/wow_ws/build/ICM20948
[4.531s] running install_data
[4.704s] Invoked command in '/home/pi/wow_ws/build/ICM20948' returned '0': PYTHONPATH=/home/pi/wow_ws/build/ICM20948/prefix_override:/home/pi/wow_ws/install/ICM20948/lib/python3.11/site-packages:${PYTHONPATH} /usr/bin/python3 setup.py develop --editable --build-directory /home/pi/wow_ws/build/ICM20948/build --no-deps install_data
