-- Found ament_cmake_ros: 0.11.2 (/home/pi/ros2_iron/install/ament_cmake_ros/share/ament_cmake_ros/cmake)
-- Override CMake install command with custom implementation using symlinks instead of copying resources
-- Found rosidl_default_generators: 1.5.0 (/home/pi/ros2_iron/install/rosidl_default_generators/share/rosidl_default_generators/cmake)
-- Using all available rosidl_typesupport_c: rosidl_typesupport_introspection_c;rosidl_typesupport_fastrtps_c
-- Using all available rosidl_typesupport_cpp: rosidl_typesupport_introspection_cpp;rosidl_typesupport_fastrtps_cpp
-- Found rosidl_adapter: 4.0.1 (/home/pi/ros2_iron/install/rosidl_adapter/share/rosidl_adapter/cmake)
-- Found sensor_msgs: 5.0.0 (/home/pi/ros2_iron/install/sensor_msgs/share/sensor_msgs/cmake)
-- Found ublox_serialization: 2.3.0 (/home/pi/wow_ws/install/ublox_serialization/share/ublox_serialization/cmake)
-- Using all available rosidl_typesupport_c: rosidl_typesupport_introspection_c;rosidl_typesupport_fastrtps_c
-- Using all available rosidl_typesupport_cpp: rosidl_typesupport_introspection_cpp;rosidl_typesupport_fastrtps_cpp
-- Found python_cmake_module: 0.10.2 (/home/pi/ros2_iron/install/python_cmake_module/share/python_cmake_module/cmake)
-- Using PYTHON_EXECUTABLE: /usr/bin/python3
-- Using PYTHON_INCLUDE_DIRS: /usr/include/python3.11
-- Using PYTHON_LIBRARIES: /usr/lib/aarch64-linux-gnu/libpython3.11.so
-- Configuring done
-- Generating done
-- Build files have been written to: /home/pi/wow_ws/build/ublox_msgs
[  0%] Built target ublox_msgs__rosidl_generator_type_description
[  0%] Built target ament_cmake_python_symlink_ublox_msgs
[  0%] Built target ublox_msgs__cpp
[ 29%] Built target ublox_msgs__rosidl_generator_c
[ 39%] Built target ublox_msgs__rosidl_typesupport_introspection_c
[ 49%] Built target ublox_msgs__rosidl_typesupport_cpp
[ 59%] Built target ublox_msgs__rosidl_typesupport_fastrtps_c
[ 69%] Built target ublox_msgs__rosidl_typesupport_c
[ 70%] Built target ublox_msgs_lib
[ 80%] Built target ublox_msgs__rosidl_typesupport_introspection_cpp
[ 90%] Built target ublox_msgs__rosidl_typesupport_fastrtps_cpp
[ 90%] Built target ublox_msgs
[ 90%] Built target ublox_msgs__py
running egg_info
writing ublox_msgs.egg-info/PKG-INFO
writing dependency_links to ublox_msgs.egg-info/dependency_links.txt
writing top-level names to ublox_msgs.egg-info/top_level.txt
[100%] Built target ublox_msgs__rosidl_generator_py
[100%] Built target ublox_msgs__rosidl_typesupport_c__pyext
[100%] Built target ublox_msgs__rosidl_typesupport_introspection_c__pyext
[100%] Built target ublox_msgs__rosidl_typesupport_fastrtps_c__pyext
reading manifest file 'ublox_msgs.egg-info/SOURCES.txt'
writing manifest file 'ublox_msgs.egg-info/SOURCES.txt'
[100%] Built target ament_cmake_python_build_ublox_msgs_egg
