[3.898s] Invoking command in '/home/pi/wow_ws/build/bno055': PYTHONPATH=/home/pi/wow_ws/build/bno055/prefix_override:/home/pi/wow_ws/install/bno055/lib/python3.11/site-packages:${PYTHONPATH} /usr/bin/python3 setup.py develop --editable --build-directory /home/pi/wow_ws/build/bno055/build --no-deps install_data
[5.344s] running develop
[5.345s] /usr/lib/python3/dist-packages/setuptools/command/easy_install.py:146: EasyInstallDeprecationWarning: easy_install command is deprecated. Use build and pip and other standards-based tools.
[5.345s]   warnings.warn(
[5.451s] /usr/lib/python3/dist-packages/setuptools/command/install.py:34: SetuptoolsDeprecationWarning: setup.py install is deprecated. Use build and pip and other standards-based tools.
[5.452s]   warnings.warn(
[6.058s] running egg_info
[6.105s] writing bno055.egg-info/PKG-INFO
[6.106s] writing dependency_links to bno055.egg-info/dependency_links.txt
[6.111s] writing entry points to bno055.egg-info/entry_points.txt
[6.117s] writing requirements to bno055.egg-info/requires.txt
[6.117s] writing top-level names to bno055.egg-info/top_level.txt
[6.225s] reading manifest file 'bno055.egg-info/SOURCES.txt'
[6.228s] writing manifest file 'bno055.egg-info/SOURCES.txt'
[6.289s] running build_ext
[6.289s] Creating /home/pi/wow_ws/install/bno055/lib/python3.11/site-packages/bno055.egg-link (link to .)
[6.289s] Installing bno055 script to /home/pi/wow_ws/install/bno055/lib/bno055
[6.290s] 
[6.290s] Installed /home/pi/wow_ws/build/bno055
[6.290s] running install_data
[6.535s] Invoked command in '/home/pi/wow_ws/build/bno055' returned '0': PYTHONPATH=/home/pi/wow_ws/build/bno055/prefix_override:/home/pi/wow_ws/install/bno055/lib/python3.11/site-packages:${PYTHONPATH} /usr/bin/python3 setup.py develop --editable --build-directory /home/pi/wow_ws/build/bno055/build --no-deps install_data
