[2.525s] Invoking command in '/home/pi/wow_ws/src/ICM20948': PYTHONPATH=/home/pi/wow_ws/build/ICM20948/prefix_override:/home/pi/wow_ws/install/ICM20948/lib/python3.11/site-packages:${PYTHONPATH} /usr/bin/python3 setup.py egg_info --egg-base ../../build/ICM20948 build --build-base /home/pi/wow_ws/build/ICM20948/build install --record /home/pi/wow_ws/build/ICM20948/install.log --single-version-externally-managed
[3.403s] running egg_info
[3.438s] writing ../../build/ICM20948/ICM20948.egg-info/PKG-INFO
[3.439s] writing dependency_links to ../../build/ICM20948/ICM20948.egg-info/dependency_links.txt
[3.440s] writing entry points to ../../build/ICM20948/ICM20948.egg-info/entry_points.txt
[3.441s] writing requirements to ../../build/ICM20948/ICM20948.egg-info/requires.txt
[3.442s] writing top-level names to ../../build/ICM20948/ICM20948.egg-info/top_level.txt
[3.514s] reading manifest file '../../build/ICM20948/ICM20948.egg-info/SOURCES.txt'
[3.514s] adding license file 'LICENSE'
[3.515s] writing manifest file '../../build/ICM20948/ICM20948.egg-info/SOURCES.txt'
[3.515s] running build
[3.515s] running build_py
[3.515s] copying ICM20948/ICM_raw_data.py -> /home/pi/wow_ws/build/ICM20948/build/lib/ICM20948
[3.516s] running install
[3.516s] /usr/lib/python3/dist-packages/setuptools/command/install.py:34: SetuptoolsDeprecationWarning: setup.py install is deprecated. Use build and pip and other standards-based tools.
[3.516s]   warnings.warn(
[3.526s] running install_lib
[3.562s] copying /home/pi/wow_ws/build/ICM20948/build/lib/ICM20948/ICM_raw_data.py -> /home/pi/wow_ws/install/ICM20948/lib/python3.11/site-packages/ICM20948
[3.566s] byte-compiling /home/pi/wow_ws/install/ICM20948/lib/python3.11/site-packages/ICM20948/ICM_raw_data.py to ICM_raw_data.cpython-311.pyc
[3.567s] running install_data
[3.603s] running install_egg_info
[3.697s] removing '/home/pi/wow_ws/install/ICM20948/lib/python3.11/site-packages/ICM20948-0.0.0-py3.11.egg-info' (and everything under it)
[3.697s] Copying ../../build/ICM20948/ICM20948.egg-info to /home/pi/wow_ws/install/ICM20948/lib/python3.11/site-packages/ICM20948-0.0.0-py3.11.egg-info
[3.698s] running install_scripts
[3.846s] Installing ICM_raw_data script to /home/pi/wow_ws/install/ICM20948/lib/ICM20948
[3.847s] writing list of installed files to '/home/pi/wow_ws/build/ICM20948/install.log'
[3.986s] Invoked command in '/home/pi/wow_ws/src/ICM20948' returned '0': PYTHONPATH=/home/pi/wow_ws/build/ICM20948/prefix_override:/home/pi/wow_ws/install/ICM20948/lib/python3.11/site-packages:${PYTHONPATH} /usr/bin/python3 setup.py egg_info --egg-base ../../build/ICM20948 build --build-base /home/pi/wow_ws/build/ICM20948/build install --record /home/pi/wow_ws/build/ICM20948/install.log --single-version-externally-managed
