[  2%] Built target gps_msgs__rosidl_generator_type_description
[  2%] Built target ament_cmake_python_symlink_gps_msgs
[  4%] Built target gps_msgs__cpp
[ 22%] Built target gps_msgs__rosidl_generator_c
[ 31%] Built target gps_msgs__rosidl_typesupport_cpp
[ 40%] Built target gps_msgs__rosidl_typesupport_fastrtps_cpp
[ 50%] Built target gps_msgs__rosidl_typesupport_introspection_cpp
[ 59%] Built target gps_msgs__rosidl_typesupport_c
[ 68%] Built target gps_msgs__rosidl_typesupport_introspection_c
[ 77%] Built target gps_msgs__rosidl_typesupport_fastrtps_c
[ 77%] Built target gps_msgs
[ 79%] Built target gps_msgs__py
[ 86%] Built target gps_msgs__rosidl_generator_py
[ 95%] Built target gps_msgs__rosidl_typesupport_fastrtps_c__pyext
[ 90%] Built target gps_msgs__rosidl_typesupport_introspection_c__pyext
[100%] Built target gps_msgs__rosidl_typesupport_c__pyext
running egg_info
writing gps_msgs.egg-info/PKG-INFO
writing dependency_links to gps_msgs.egg-info/dependency_links.txt
writing top-level names to gps_msgs.egg-info/top_level.txt
reading manifest file 'gps_msgs.egg-info/SOURCES.txt'
writing manifest file 'gps_msgs.egg-info/SOURCES.txt'
[100%] Built target ament_cmake_python_build_gps_msgs_egg
-- Install configuration: ""
-- Execute custom install script
-- Up-to-date symlink: /home/pi/wow_ws/install/gps_msgs/share/ament_index/resource_index/rosidl_interfaces/gps_msgs
-- Up-to-date symlink: /home/pi/wow_ws/install/gps_msgs/share/gps_msgs/msg/GPSFix.json
-- Up-to-date symlink: /home/pi/wow_ws/install/gps_msgs/share/gps_msgs/msg/GPSStatus.json
-- Up-to-date symlink: /home/pi/wow_ws/install/gps_msgs/include/gps_msgs/gps_msgs/msg/detail/gps_fix__functions.h
-- Up-to-date symlink: /home/pi/wow_ws/install/gps_msgs/include/gps_msgs/gps_msgs/msg/detail/gps_fix__struct.h
-- Up-to-date symlink: /home/pi/wow_ws/install/gps_msgs/include/gps_msgs/gps_msgs/msg/detail/gps_fix__type_support.h
-- Up-to-date symlink: /home/pi/wow_ws/install/gps_msgs/include/gps_msgs/gps_msgs/msg/detail/gps_status__functions.h
-- Up-to-date symlink: /home/pi/wow_ws/install/gps_msgs/include/gps_msgs/gps_msgs/msg/detail/gps_status__struct.h
-- Up-to-date symlink: /home/pi/wow_ws/install/gps_msgs/include/gps_msgs/gps_msgs/msg/detail/gps_status__type_support.h
-- Up-to-date symlink: /home/pi/wow_ws/install/gps_msgs/include/gps_msgs/gps_msgs/msg/gps_fix.h
-- Up-to-date symlink: /home/pi/wow_ws/install/gps_msgs/include/gps_msgs/gps_msgs/msg/gps_status.h
-- Up-to-date symlink: /home/pi/wow_ws/install/gps_msgs/include/gps_msgs/gps_msgs/msg/rosidl_generator_c__visibility_control.h
-- Up-to-date symlink: /home/pi/wow_ws/install/gps_msgs/share/gps_msgs/environment/library_path.sh
-- Up-to-date symlink: /home/pi/wow_ws/install/gps_msgs/share/gps_msgs/environment/library_path.dsv
-- Up-to-date symlink: /home/pi/wow_ws/install/gps_msgs/include/gps_msgs/gps_msgs/msg/detail/gps_fix__rosidl_typesupport_introspection_c.h
-- Up-to-date symlink: /home/pi/wow_ws/install/gps_msgs/include/gps_msgs/gps_msgs/msg/detail/gps_status__rosidl_typesupport_introspection_c.h
-- Up-to-date symlink: /home/pi/wow_ws/install/gps_msgs/include/gps_msgs/gps_msgs/msg/rosidl_typesupport_introspection_c__visibility_control.h
-- Up-to-date symlink: /home/pi/wow_ws/install/gps_msgs/include/gps_msgs/gps_msgs/msg/detail/gps_fix__rosidl_typesupport_fastrtps_c.h
-- Up-to-date symlink: /home/pi/wow_ws/install/gps_msgs/include/gps_msgs/gps_msgs/msg/detail/gps_status__rosidl_typesupport_fastrtps_c.h
-- Up-to-date symlink: /home/pi/wow_ws/install/gps_msgs/include/gps_msgs/gps_msgs/msg/rosidl_typesupport_fastrtps_c__visibility_control.h
-- Up-to-date symlink: /home/pi/wow_ws/install/gps_msgs/include/gps_msgs/gps_msgs/msg/detail/gps_fix__builder.hpp
-- Up-to-date symlink: /home/pi/wow_ws/install/gps_msgs/include/gps_msgs/gps_msgs/msg/detail/gps_fix__struct.hpp
-- Up-to-date symlink: /home/pi/wow_ws/install/gps_msgs/include/gps_msgs/gps_msgs/msg/detail/gps_fix__traits.hpp
-- Up-to-date symlink: /home/pi/wow_ws/install/gps_msgs/include/gps_msgs/gps_msgs/msg/detail/gps_status__builder.hpp
-- Up-to-date symlink: /home/pi/wow_ws/install/gps_msgs/include/gps_msgs/gps_msgs/msg/detail/gps_status__struct.hpp
-- Up-to-date symlink: /home/pi/wow_ws/install/gps_msgs/include/gps_msgs/gps_msgs/msg/detail/gps_status__traits.hpp
-- Up-to-date symlink: /home/pi/wow_ws/install/gps_msgs/include/gps_msgs/gps_msgs/msg/gps_fix.hpp
-- Up-to-date symlink: /home/pi/wow_ws/install/gps_msgs/include/gps_msgs/gps_msgs/msg/gps_status.hpp
-- Up-to-date symlink: /home/pi/wow_ws/install/gps_msgs/include/gps_msgs/gps_msgs/msg/detail/gps_fix__rosidl_typesupport_introspection_cpp.hpp
-- Up-to-date symlink: /home/pi/wow_ws/install/gps_msgs/include/gps_msgs/gps_msgs/msg/detail/gps_status__rosidl_typesupport_introspection_cpp.hpp
-- Up-to-date symlink: /home/pi/wow_ws/install/gps_msgs/include/gps_msgs/gps_msgs/msg/detail/gps_fix__rosidl_typesupport_fastrtps_cpp.hpp
-- Up-to-date symlink: /home/pi/wow_ws/install/gps_msgs/include/gps_msgs/gps_msgs/msg/detail/gps_status__rosidl_typesupport_fastrtps_cpp.hpp
-- Up-to-date symlink: /home/pi/wow_ws/install/gps_msgs/include/gps_msgs/gps_msgs/msg/rosidl_typesupport_fastrtps_cpp__visibility_control.h
-- Up-to-date symlink: /home/pi/wow_ws/install/gps_msgs/share/gps_msgs/environment/pythonpath.sh
-- Up-to-date symlink: /home/pi/wow_ws/install/gps_msgs/share/gps_msgs/environment/pythonpath.dsv
-- Up-to-date symlink: /home/pi/wow_ws/install/gps_msgs/lib/python3.11/site-packages/gps_msgs-2.0.4-py3.11.egg-info/PKG-INFO
-- Up-to-date symlink: /home/pi/wow_ws/install/gps_msgs/lib/python3.11/site-packages/gps_msgs-2.0.4-py3.11.egg-info/SOURCES.txt
-- Up-to-date symlink: /home/pi/wow_ws/install/gps_msgs/lib/python3.11/site-packages/gps_msgs-2.0.4-py3.11.egg-info/dependency_links.txt
-- Up-to-date symlink: /home/pi/wow_ws/install/gps_msgs/lib/python3.11/site-packages/gps_msgs-2.0.4-py3.11.egg-info/top_level.txt
-- Up-to-date symlink: /home/pi/wow_ws/install/gps_msgs/lib/python3.11/site-packages/gps_msgs/__init__.py
-- Up-to-date symlink: /home/pi/wow_ws/install/gps_msgs/lib/python3.11/site-packages/gps_msgs/_gps_msgs_s.ep.rosidl_typesupport_c.c
-- Up-to-date symlink: /home/pi/wow_ws/install/gps_msgs/lib/python3.11/site-packages/gps_msgs/_gps_msgs_s.ep.rosidl_typesupport_fastrtps_c.c
-- Up-to-date symlink: /home/pi/wow_ws/install/gps_msgs/lib/python3.11/site-packages/gps_msgs/_gps_msgs_s.ep.rosidl_typesupport_introspection_c.c
-- Up-to-date symlink: /home/pi/wow_ws/install/gps_msgs/lib/python3.11/site-packages/gps_msgs/gps_msgs_s__rosidl_typesupport_c.cpython-311-aarch64-linux-gnu.so
-- Up-to-date symlink: /home/pi/wow_ws/install/gps_msgs/lib/python3.11/site-packages/gps_msgs/gps_msgs_s__rosidl_typesupport_fastrtps_c.cpython-311-aarch64-linux-gnu.so
-- Up-to-date symlink: /home/pi/wow_ws/install/gps_msgs/lib/python3.11/site-packages/gps_msgs/gps_msgs_s__rosidl_typesupport_introspection_c.cpython-311-aarch64-linux-gnu.so
-- Up-to-date symlink: /home/pi/wow_ws/install/gps_msgs/lib/python3.11/site-packages/gps_msgs/libgps_msgs__rosidl_generator_py.so
-- Up-to-date symlink: /home/pi/wow_ws/install/gps_msgs/lib/python3.11/site-packages/gps_msgs/msg/__init__.py
-- Up-to-date symlink: /home/pi/wow_ws/install/gps_msgs/lib/python3.11/site-packages/gps_msgs/msg/_gps_fix.py
-- Up-to-date symlink: /home/pi/wow_ws/install/gps_msgs/lib/python3.11/site-packages/gps_msgs/msg/_gps_fix_s.c
-- Up-to-date symlink: /home/pi/wow_ws/install/gps_msgs/lib/python3.11/site-packages/gps_msgs/msg/_gps_status.py
-- Up-to-date symlink: /home/pi/wow_ws/install/gps_msgs/lib/python3.11/site-packages/gps_msgs/msg/_gps_status_s.c
-- Up-to-date symlink: /home/pi/wow_ws/install/gps_msgs/lib/python3.11/site-packages/gps_msgs/gps_msgs_s__rosidl_typesupport_introspection_c.cpython-311-aarch64-linux-gnu.so
-- Up-to-date symlink: /home/pi/wow_ws/install/gps_msgs/lib/python3.11/site-packages/gps_msgs/gps_msgs_s__rosidl_typesupport_fastrtps_c.cpython-311-aarch64-linux-gnu.so
-- Up-to-date symlink: /home/pi/wow_ws/install/gps_msgs/lib/python3.11/site-packages/gps_msgs/gps_msgs_s__rosidl_typesupport_c.cpython-311-aarch64-linux-gnu.so
-- Up-to-date symlink: /home/pi/wow_ws/install/gps_msgs/share/gps_msgs/msg/GPSFix.idl
-- Up-to-date symlink: /home/pi/wow_ws/install/gps_msgs/share/gps_msgs/msg/GPSStatus.idl
-- Up-to-date symlink: /home/pi/wow_ws/install/gps_msgs/share/gps_msgs/msg/GPSFix.msg
-- Up-to-date symlink: /home/pi/wow_ws/install/gps_msgs/share/gps_msgs/msg/GPSStatus.msg
-- Up-to-date symlink: /home/pi/wow_ws/install/gps_msgs/share/ament_index/resource_index/package_run_dependencies/gps_msgs
-- Up-to-date symlink: /home/pi/wow_ws/install/gps_msgs/share/ament_index/resource_index/parent_prefix_path/gps_msgs
-- Up-to-date symlink: /home/pi/wow_ws/install/gps_msgs/share/gps_msgs/environment/ament_prefix_path.sh
-- Up-to-date symlink: /home/pi/wow_ws/install/gps_msgs/share/gps_msgs/environment/ament_prefix_path.dsv
-- Up-to-date symlink: /home/pi/wow_ws/install/gps_msgs/share/gps_msgs/environment/path.sh
-- Up-to-date symlink: /home/pi/wow_ws/install/gps_msgs/share/gps_msgs/environment/path.dsv
-- Up-to-date symlink: /home/pi/wow_ws/install/gps_msgs/share/gps_msgs/local_setup.bash
-- Up-to-date symlink: /home/pi/wow_ws/install/gps_msgs/share/gps_msgs/local_setup.sh
-- Up-to-date symlink: /home/pi/wow_ws/install/gps_msgs/share/gps_msgs/local_setup.zsh
-- Up-to-date symlink: /home/pi/wow_ws/install/gps_msgs/share/gps_msgs/local_setup.dsv
-- Symlinking: /home/pi/wow_ws/install/gps_msgs/share/gps_msgs/package.dsv
-- Up-to-date symlink: /home/pi/wow_ws/install/gps_msgs/share/ament_index/resource_index/packages/gps_msgs
-- Up-to-date symlink: /home/pi/wow_ws/install/gps_msgs/share/gps_msgs/cmake/rosidl_cmake-extras.cmake
-- Up-to-date symlink: /home/pi/wow_ws/install/gps_msgs/share/gps_msgs/cmake/ament_cmake_export_dependencies-extras.cmake
-- Up-to-date symlink: /home/pi/wow_ws/install/gps_msgs/share/gps_msgs/cmake/ament_cmake_export_include_directories-extras.cmake
-- Up-to-date symlink: /home/pi/wow_ws/install/gps_msgs/share/gps_msgs/cmake/ament_cmake_export_libraries-extras.cmake
-- Up-to-date symlink: /home/pi/wow_ws/install/gps_msgs/share/gps_msgs/cmake/ament_cmake_export_targets-extras.cmake
-- Up-to-date symlink: /home/pi/wow_ws/install/gps_msgs/share/gps_msgs/cmake/rosidl_cmake_export_typesupport_targets-extras.cmake
-- Up-to-date symlink: /home/pi/wow_ws/install/gps_msgs/share/gps_msgs/cmake/rosidl_cmake_export_typesupport_libraries-extras.cmake
-- Up-to-date symlink: /home/pi/wow_ws/install/gps_msgs/share/gps_msgs/cmake/gps_msgsConfig.cmake
-- Up-to-date symlink: /home/pi/wow_ws/install/gps_msgs/share/gps_msgs/cmake/gps_msgsConfig-version.cmake
-- Up-to-date symlink: /home/pi/wow_ws/install/gps_msgs/share/gps_msgs/package.xml
-- Up-to-date symlink: /home/pi/wow_ws/install/gps_msgs/share/gps_msgs/ros1_ros2_mapping.yaml
-- Up-to-date: /home/pi/wow_ws/install/gps_msgs/lib/libgps_msgs__rosidl_generator_c.so
-- Up-to-date: /home/pi/wow_ws/install/gps_msgs/lib/libgps_msgs__rosidl_typesupport_introspection_c.so
-- Up-to-date: /home/pi/wow_ws/install/gps_msgs/lib/libgps_msgs__rosidl_typesupport_fastrtps_c.so
-- Up-to-date: /home/pi/wow_ws/install/gps_msgs/lib/libgps_msgs__rosidl_typesupport_c.so
-- Up-to-date: /home/pi/wow_ws/install/gps_msgs/lib/libgps_msgs__rosidl_typesupport_introspection_cpp.so
-- Up-to-date: /home/pi/wow_ws/install/gps_msgs/lib/libgps_msgs__rosidl_typesupport_fastrtps_cpp.so
-- Up-to-date: /home/pi/wow_ws/install/gps_msgs/lib/libgps_msgs__rosidl_typesupport_cpp.so
Listing '/home/pi/wow_ws/install/gps_msgs/lib/python3.11/site-packages/gps_msgs'...
Listing '/home/pi/wow_ws/install/gps_msgs/lib/python3.11/site-packages/gps_msgs/msg'...
-- Up-to-date: /home/pi/wow_ws/install/gps_msgs/lib/libgps_msgs__rosidl_generator_py.so
-- Up-to-date: /home/pi/wow_ws/install/gps_msgs/share/gps_msgs/cmake/export_gps_msgs__rosidl_generator_cExport.cmake
-- Up-to-date: /home/pi/wow_ws/install/gps_msgs/share/gps_msgs/cmake/export_gps_msgs__rosidl_generator_cExport-noconfig.cmake
-- Up-to-date: /home/pi/wow_ws/install/gps_msgs/share/gps_msgs/cmake/gps_msgs__rosidl_typesupport_introspection_cExport.cmake
-- Up-to-date: /home/pi/wow_ws/install/gps_msgs/share/gps_msgs/cmake/gps_msgs__rosidl_typesupport_introspection_cExport-noconfig.cmake
-- Up-to-date: /home/pi/wow_ws/install/gps_msgs/share/gps_msgs/cmake/export_gps_msgs__rosidl_typesupport_fastrtps_cExport.cmake
-- Up-to-date: /home/pi/wow_ws/install/gps_msgs/share/gps_msgs/cmake/export_gps_msgs__rosidl_typesupport_fastrtps_cExport-noconfig.cmake
-- Up-to-date: /home/pi/wow_ws/install/gps_msgs/share/gps_msgs/cmake/gps_msgs__rosidl_typesupport_cExport.cmake
-- Up-to-date: /home/pi/wow_ws/install/gps_msgs/share/gps_msgs/cmake/gps_msgs__rosidl_typesupport_cExport-noconfig.cmake
-- Up-to-date: /home/pi/wow_ws/install/gps_msgs/share/gps_msgs/cmake/export_gps_msgs__rosidl_generator_cppExport.cmake
-- Up-to-date: /home/pi/wow_ws/install/gps_msgs/share/gps_msgs/cmake/gps_msgs__rosidl_typesupport_introspection_cppExport.cmake
-- Up-to-date: /home/pi/wow_ws/install/gps_msgs/share/gps_msgs/cmake/gps_msgs__rosidl_typesupport_introspection_cppExport-noconfig.cmake
-- Up-to-date: /home/pi/wow_ws/install/gps_msgs/share/gps_msgs/cmake/export_gps_msgs__rosidl_typesupport_fastrtps_cppExport.cmake
-- Up-to-date: /home/pi/wow_ws/install/gps_msgs/share/gps_msgs/cmake/export_gps_msgs__rosidl_typesupport_fastrtps_cppExport-noconfig.cmake
-- Up-to-date: /home/pi/wow_ws/install/gps_msgs/share/gps_msgs/cmake/gps_msgs__rosidl_typesupport_cppExport.cmake
-- Up-to-date: /home/pi/wow_ws/install/gps_msgs/share/gps_msgs/cmake/gps_msgs__rosidl_typesupport_cppExport-noconfig.cmake
-- Up-to-date: /home/pi/wow_ws/install/gps_msgs/share/gps_msgs/cmake/export_gps_msgs__rosidl_generator_pyExport.cmake
-- Up-to-date: /home/pi/wow_ws/install/gps_msgs/share/gps_msgs/cmake/export_gps_msgs__rosidl_generator_pyExport-noconfig.cmake
