-- The C compiler identification is GNU 12.2.0
-- The CXX compiler identification is GNU 12.2.0
-- Detecting C compiler ABI info
-- Detecting C compiler ABI info - done
-- Check for working C compiler: /usr/bin/cc - skipped
-- Detecting C compile features
-- Detecting C compile features - done
-- Detecting CXX compiler ABI info
-- Detecting CXX compiler ABI info - done
-- Check for working CXX compiler: /usr/bin/c++ - skipped
-- Detecting CXX compile features
-- Detecting CXX compile features - done
-- Found ament_cmake_ros: 0.11.2 (/home/pi/ros2_iron/install/ament_cmake_ros/share/ament_cmake_ros/cmake)
-- Found Python3: /usr/bin/python3 (found version "3.11.2") found components: Interpreter 
-- Override CMake install command with custom implementation using symlinks instead of copying resources
-- Found rclcpp: 21.0.6 (/home/pi/ros2_iron/install/rclcpp/share/rclcpp/cmake)
-- Found rosidl_generator_c: 4.0.1 (/home/pi/ros2_iron/install/rosidl_generator_c/share/rosidl_generator_c/cmake)
-- Found rosidl_generator_cpp: 4.0.1 (/home/pi/ros2_iron/install/rosidl_generator_cpp/share/rosidl_generator_cpp/cmake)
-- Using all available rosidl_typesupport_c: rosidl_typesupport_introspection_c;rosidl_typesupport_fastrtps_c
-- Using all available rosidl_typesupport_cpp: rosidl_typesupport_introspection_cpp;rosidl_typesupport_fastrtps_cpp
-- Found rmw_implementation_cmake: 7.1.0 (/home/pi/ros2_iron/install/rmw_implementation_cmake/share/rmw_implementation_cmake/cmake)
-- Found rmw_fastrtps_cpp: 7.1.3 (/home/pi/ros2_iron/install/rmw_fastrtps_cpp/share/rmw_fastrtps_cpp/cmake)
-- Found OpenSSL: /usr/lib/aarch64-linux-gnu/libcrypto.so (found version "3.0.11")  
-- Found FastRTPS: /home/pi/ros2_iron/install/fastrtps/include  
-- Using RMW implementation 'rmw_fastrtps_cpp' as default
-- Found rclcpp_components: 21.0.6 (/home/pi/ros2_iron/install/rclcpp_components/share/rclcpp_components/cmake)
-- Found sdl2_vendor: 3.3.0 (/home/pi/wow_ws/install/sdl2_vendor/share/sdl2_vendor/cmake)
-- Found sensor_msgs: 5.0.0 (/home/pi/ros2_iron/install/sensor_msgs/share/sensor_msgs/cmake)
-- Found ament_lint_auto: 0.14.3 (/home/pi/ros2_iron/install/ament_lint_auto/share/ament_lint_auto/cmake)
-- Added test 'cppcheck' to perform static code analysis on C / C++ code
-- Configured cppcheck include dirs: $<BUILD_INTERFACE:/home/pi/wow_ws/src/joystick_drivers/joy/include>
-- Configured cppcheck exclude dirs and/or files: 
-- Added test 'cpplint' to check C / C++ code against the Google style
-- Configured cpplint exclude dirs and/or files: 
-- Added test 'flake8' to check Python code syntax and style conventions
-- Configured 'flake8' exclude dirs and/or files: 
-- Added test 'lint_cmake' to check CMake code style
-- Added test 'pep257' to check Python code against some of the docstring style conventions in PEP 257
-- Added test 'uncrustify' to check C / C++ code style
-- Configured uncrustify additional arguments: 
-- Added test 'xmllint' to check XML markup files
-- Configuring done
-- Generating done
-- Build files have been written to: /home/pi/wow_ws/build/joy
[ 10%] [32mBuilding CXX object CMakeFiles/joy.dir/src/joy.cpp.o[0m
[ 20%] [32m[1mLinking CXX shared library libjoy.so[0m
[ 20%] Built target joy
[ 30%] [32mBuilding CXX object CMakeFiles/game_controller_node.dir/rclcpp_components/node_main_game_controller_node.cpp.o[0m
[ 40%] [32m[1mLinking CXX executable game_controller_node[0m
[ 40%] Built target game_controller_node
[ 50%] [32mBuilding CXX object CMakeFiles/joy_enumerate_devices.dir/src/joy_enumerate_devices.cpp.o[0m
[ 60%] [32m[1mLinking CXX executable joy_enumerate_devices[0m
[ 60%] Built target joy_enumerate_devices
[ 70%] [32mBuilding CXX object CMakeFiles/game_controller.dir/src/game_controller.cpp.o[0m
[ 80%] [32m[1mLinking CXX shared library libgame_controller.so[0m
[ 80%] Built target game_controller
[ 90%] [32mBuilding CXX object CMakeFiles/joy_node.dir/rclcpp_components/node_main_joy_node.cpp.o[0m
[100%] [32m[1mLinking CXX executable joy_node[0m
[100%] Built target joy_node
-- Install configuration: ""
-- Execute custom install script
-- Symlinking: /home/pi/wow_ws/install/joy/lib/joy/joy_node
-- Symlinking: /home/pi/wow_ws/install/joy/lib/joy/game_controller_node
-- Symlinking: /home/pi/wow_ws/install/joy/lib/joy/joy_enumerate_devices
-- Symlinking: /home/pi/wow_ws/install/joy/include/joy/joy/game_controller.hpp
-- Symlinking: /home/pi/wow_ws/install/joy/include/joy/joy/joy.hpp
-- Symlinking: /home/pi/wow_ws/install/joy/share/joy/config/joy-params.yaml
-- Symlinking: /home/pi/wow_ws/install/joy/share/joy/launch/joy-composed-launch.py
-- Symlinking: /home/pi/wow_ws/install/joy/share/joy/launch/joy-launch.py
-- Symlinking: /home/pi/wow_ws/install/joy/share/ament_index/resource_index/package_run_dependencies/joy
-- Symlinking: /home/pi/wow_ws/install/joy/share/ament_index/resource_index/parent_prefix_path/joy
-- Symlinking: /home/pi/wow_ws/install/joy/share/joy/environment/ament_prefix_path.sh
-- Symlinking: /home/pi/wow_ws/install/joy/share/joy/environment/ament_prefix_path.dsv
-- Symlinking: /home/pi/wow_ws/install/joy/share/joy/environment/path.sh
-- Symlinking: /home/pi/wow_ws/install/joy/share/joy/environment/path.dsv
-- Symlinking: /home/pi/wow_ws/install/joy/share/joy/local_setup.bash
-- Symlinking: /home/pi/wow_ws/install/joy/share/joy/local_setup.sh
-- Symlinking: /home/pi/wow_ws/install/joy/share/joy/local_setup.zsh
-- Symlinking: /home/pi/wow_ws/install/joy/share/joy/local_setup.dsv
-- Symlinking: /home/pi/wow_ws/install/joy/share/joy/package.dsv
-- Symlinking: /home/pi/wow_ws/install/joy/share/ament_index/resource_index/packages/joy
-- Symlinking: /home/pi/wow_ws/install/joy/share/ament_index/resource_index/rclcpp_components/joy
-- Symlinking: /home/pi/wow_ws/install/joy/share/joy/cmake/ament_cmake_export_targets-extras.cmake
-- Symlinking: /home/pi/wow_ws/install/joy/share/joy/cmake/ament_cmake_export_dependencies-extras.cmake
-- Symlinking: /home/pi/wow_ws/install/joy/share/joy/cmake/joyConfig.cmake
-- Symlinking: /home/pi/wow_ws/install/joy/share/joy/cmake/joyConfig-version.cmake
-- Symlinking: /home/pi/wow_ws/install/joy/share/joy/package.xml
-- Installing: /home/pi/wow_ws/install/joy/lib/libjoy.so
-- Set runtime path of "/home/pi/wow_ws/install/joy/lib/libjoy.so" to ""
-- Installing: /home/pi/wow_ws/install/joy/lib/libgame_controller.so
-- Set runtime path of "/home/pi/wow_ws/install/joy/lib/libgame_controller.so" to ""
-- Installing: /home/pi/wow_ws/install/joy/share/joy/cmake/export_joyExport.cmake
-- Installing: /home/pi/wow_ws/install/joy/share/joy/cmake/export_joyExport-noconfig.cmake
-- Installing: /home/pi/wow_ws/install/joy/share/joy/cmake/export_game_controllerExport.cmake
-- Installing: /home/pi/wow_ws/install/joy/share/joy/cmake/export_game_controllerExport-noconfig.cmake
