[3.442s] Invoking command in '/home/pi/wow_ws/build/bno055': PYTHONPATH=/home/pi/wow_ws/build/bno055/prefix_override:/home/pi/wow_ws/install/bno055/lib/python3.11/site-packages:${PYTHONPATH} /usr/bin/python3 setup.py develop --editable --build-directory /home/pi/wow_ws/build/bno055/build --no-deps install_data
[4.890s] running develop
[4.891s] /usr/lib/python3/dist-packages/setuptools/command/easy_install.py:146: EasyInstallDeprecationWarning: easy_install command is deprecated. Use build and pip and other standards-based tools.
[4.891s]   warnings.warn(
[5.006s] /usr/lib/python3/dist-packages/setuptools/command/install.py:34: SetuptoolsDeprecationWarning: setup.py install is deprecated. Use build and pip and other standards-based tools.
[5.006s]   warnings.warn(
[5.582s] running egg_info
[5.633s] writing bno055.egg-info/PKG-INFO
[5.633s] writing dependency_links to bno055.egg-info/dependency_links.txt
[5.635s] writing entry points to bno055.egg-info/entry_points.txt
[5.643s] writing requirements to bno055.egg-info/requires.txt
[5.643s] writing top-level names to bno055.egg-info/top_level.txt
[5.758s] reading manifest file 'bno055.egg-info/SOURCES.txt'
[5.759s] writing manifest file 'bno055.egg-info/SOURCES.txt'
[5.825s] running build_ext
[5.825s] Creating /home/pi/wow_ws/install/bno055/lib/python3.11/site-packages/bno055.egg-link (link to .)
[5.825s] Installing bno055 script to /home/pi/wow_ws/install/bno055/lib/bno055
[5.825s] 
[5.825s] Installed /home/pi/wow_ws/build/bno055
[5.825s] running install_data
[6.060s] Invoked command in '/home/pi/wow_ws/build/bno055' returned '0': PYTHONPATH=/home/pi/wow_ws/build/bno055/prefix_override:/home/pi/wow_ws/install/bno055/lib/python3.11/site-packages:${PYTHONPATH} /usr/bin/python3 setup.py develop --editable --build-directory /home/pi/wow_ws/build/bno055/build --no-deps install_data
