[0.073s] Invoking command in '/home/pi/wow_ws/build/rtcm_msgs': CMAKE_PREFIX_PATH=${CMAKE_PREFIX_PATH}:/home/pi/wow_ws/install/bno055:/home/pi/ros2_iron/install/rqt_bag_plugins:/home/pi/ros2_iron/install/rqt_bag:/home/pi/ros2_iron/install/rosbag2_examples_py:/home/pi/ros2_iron/install/launch_testing_examples:/home/pi/ros2_iron/install/ros2bag:/home/pi/ros2_iron/install/tracetools_test:/home/pi/ros2_iron/install/tracetools_launch:/home/pi/ros2_iron/install/topic_monitor:/home/pi/ros2_iron/install/tf2_tools:/home/pi/ros2_iron/install/examples_tf2_py:/home/pi/ros2_iron/install/tf2_ros_py:/home/pi/ros2_iron/install/examples_rclpy_pointcloud_publisher:/home/pi/ros2_iron/install/sensor_msgs_py:/home/pi/ros2_iron/install/quality_of_service_demo_py:/home/pi/ros2_iron/install/rqt_plot:/home/pi/ros2_iron/install/ros2doctor:/home/pi/ros2_iron/install/lifecycle_py:/home/pi/ros2_iron/install/examples_rclpy_minimal_subscriber:/home/pi/ros2_iron/install/examples_rclpy_minimal_service:/home/pi/ros2_iron/install/examples_rclpy_minimal_publisher:/home/pi/ros2_iron/install/examples_rclpy_minimal_client:/home/pi/ros2_iron/install/examples_rclpy_executors:/home/pi/ros2_iron/install/demo_nodes_py:/home/pi/ros2_iron/install/rqt:/home/pi/ros2_iron/install/ros2component:/home/pi/ros2_iron/install/sros2:/home/pi/ros2_iron/install/rqt_topic:/home/pi/ros2_iron/install/rqt_srv:/home/pi/ros2_iron/install/rqt_shell:/home/pi/ros2_iron/install/rqt_service_caller:/home/pi/ros2_iron/install/rqt_reconfigure:/home/pi/ros2_iron/install/rqt_py_console:/home/pi/ros2_iron/install/rqt_publisher:/home/pi/ros2_iron/install/rqt_action:/home/pi/ros2_iron/install/rqt_msg:/home/pi/ros2_iron/install/rqt_console:/home/pi/ros2_iron/install/rqt_graph:/home/pi/ros2_iron/install/rqt_gui_py:/home/pi/ros2_iron/install/rqt_gui:/home/pi/ros2_iron/install/ros2trace:/home/pi/ros2_iron/install/ros2topic:/home/pi/ros2_iron/install/ros2test:/home/pi/ros2_iron/install/ros2param:/home/pi/ros2_iron/install/ros2lifecycle:/home/pi/ros2_iron/install/ros2service:/home/pi/ros2_iron/install/ros2run:/home/pi/ros2_iron/install/ros2launch:/home/pi/ros2_iron/install/ros2pkg:/home/pi/ros2_iron/install/ros2node:/home/pi/ros2_iron/install/ros2multicast:/home/pi/ros2_iron/install/ros2interface:/home/pi/ros2_iron/install/ros2action:/home/pi/ros2_iron/install/ros2cli:/home/pi/ros2_iron/install/launch_testing_ros:/home/pi/ros2_iron/install/launch_ros:/home/pi/ros2_iron/install/examples_rclpy_minimal_action_server:/home/pi/ros2_iron/install/examples_rclpy_minimal_action_client:/home/pi/ros2_iron/install/examples_rclpy_guard_conditions:/home/pi/ros2_iron/install/action_tutorials_py:/home/pi/ros2_iron/install/ament_uncrustify:/home/pi/ros2_iron/install/tracetools_trace:/home/pi/ros2_iron/install/tracetools_read:/home/pi/ros2_iron/install/test_tracetools_launch:/home/pi/ros2_iron/install/test_ros2trace:/home/pi/ros2_iron/install/test_launch_ros:/home/pi/ros2_iron/install/rpyutils:/home/pi/ros2_iron/install/rosidl_runtime_py:/home/pi/ros2_iron/install/rosidl_pycommon:/home/pi/ros2_iron/install/rosidl_cli:/home/pi/ros2_iron/install/launch_pytest:/home/pi/ros2_iron/install/launch_testing:/home/pi/ros2_iron/install/launch_yaml:/home/pi/ros2_iron/install/launch_xml:/home/pi/ros2_iron/install/launch:/home/pi/ros2_iron/install/osrf_pycommon:/home/pi/ros2_iron/install/domain_coordinator:/home/pi/ros2_iron/install/ament_xmllint:/home/pi/ros2_iron/install/ament_pyflakes:/home/pi/ros2_iron/install/ament_pycodestyle:/home/pi/ros2_iron/install/ament_pep257:/home/pi/ros2_iron/install/ament_pclint:/home/pi/ros2_iron/install/ament_package:/home/pi/ros2_iron/install/ament_mypy:/home/pi/ros2_iron/install/ament_lint_cmake:/home/pi/ros2_iron/install/ament_flake8:/home/pi/ros2_iron/install/ament_copyright:/home/pi/ros2_iron/install/ament_lint:/home/pi/ros2_iron/install/ament_index_python:/home/pi/ros2_iron/install/ament_cpplint:/home/pi/ros2_iron/install/ament_cppcheck:/home/pi/ros2_iron/install/ament_clang_tidy:/home/pi/ros2_iron/install/ament_clang_format /usr/bin/cmake --build /home/pi/wow_ws/build/rtcm_msgs -- -j4 -l4
[0.690s] [  2%] Built target rtcm_msgs__rosidl_generator_type_description
[0.755s] [  2%] Built target ament_cmake_python_symlink_rtcm_msgs
[0.858s] [  5%] Built target rtcm_msgs__cpp
[0.964s] [ 20%] Built target rtcm_msgs__rosidl_generator_c
[1.192s] [ 29%] Built target rtcm_msgs__rosidl_typesupport_fastrtps_c
[1.208s] [ 38%] Built target rtcm_msgs__rosidl_typesupport_fastrtps_cpp
[1.226s] [ 47%] Built target rtcm_msgs__rosidl_typesupport_cpp
[1.341s] [ 55%] Built target rtcm_msgs__rosidl_typesupport_introspection_c
[1.418s] [ 64%] Built target rtcm_msgs__rosidl_typesupport_introspection_cpp
[1.419s] [ 73%] Built target rtcm_msgs__rosidl_typesupport_c
[1.522s] [ 73%] Built target rtcm_msgs
[1.690s] [ 76%] Built target rtcm_msgs__py
[1.851s] [ 82%] Built target rtcm_msgs__rosidl_generator_py
[2.052s] [ 88%] Built target rtcm_msgs__rosidl_typesupport_introspection_c__pyext
[2.052s] [ 94%] Built target rtcm_msgs__rosidl_typesupport_c__pyext
[2.076s] [100%] Built target rtcm_msgs__rosidl_typesupport_fastrtps_c__pyext
[2.872s] running egg_info
[2.978s] writing rtcm_msgs.egg-info/PKG-INFO
[2.985s] writing dependency_links to rtcm_msgs.egg-info/dependency_links.txt
[2.986s] writing top-level names to rtcm_msgs.egg-info/top_level.txt
[3.224s] reading manifest file 'rtcm_msgs.egg-info/SOURCES.txt'
[3.226s] writing manifest file 'rtcm_msgs.egg-info/SOURCES.txt'
[3.592s] [100%] Built target ament_cmake_python_build_rtcm_msgs_egg
[3.676s] Invoked command in '/home/pi/wow_ws/build/rtcm_msgs' returned '0': CMAKE_PREFIX_PATH=${CMAKE_PREFIX_PATH}:/home/pi/wow_ws/install/bno055:/home/pi/ros2_iron/install/rqt_bag_plugins:/home/pi/ros2_iron/install/rqt_bag:/home/pi/ros2_iron/install/rosbag2_examples_py:/home/pi/ros2_iron/install/launch_testing_examples:/home/pi/ros2_iron/install/ros2bag:/home/pi/ros2_iron/install/tracetools_test:/home/pi/ros2_iron/install/tracetools_launch:/home/pi/ros2_iron/install/topic_monitor:/home/pi/ros2_iron/install/tf2_tools:/home/pi/ros2_iron/install/examples_tf2_py:/home/pi/ros2_iron/install/tf2_ros_py:/home/pi/ros2_iron/install/examples_rclpy_pointcloud_publisher:/home/pi/ros2_iron/install/sensor_msgs_py:/home/pi/ros2_iron/install/quality_of_service_demo_py:/home/pi/ros2_iron/install/rqt_plot:/home/pi/ros2_iron/install/ros2doctor:/home/pi/ros2_iron/install/lifecycle_py:/home/pi/ros2_iron/install/examples_rclpy_minimal_subscriber:/home/pi/ros2_iron/install/examples_rclpy_minimal_service:/home/pi/ros2_iron/install/examples_rclpy_minimal_publisher:/home/pi/ros2_iron/install/examples_rclpy_minimal_client:/home/pi/ros2_iron/install/examples_rclpy_executors:/home/pi/ros2_iron/install/demo_nodes_py:/home/pi/ros2_iron/install/rqt:/home/pi/ros2_iron/install/ros2component:/home/pi/ros2_iron/install/sros2:/home/pi/ros2_iron/install/rqt_topic:/home/pi/ros2_iron/install/rqt_srv:/home/pi/ros2_iron/install/rqt_shell:/home/pi/ros2_iron/install/rqt_service_caller:/home/pi/ros2_iron/install/rqt_reconfigure:/home/pi/ros2_iron/install/rqt_py_console:/home/pi/ros2_iron/install/rqt_publisher:/home/pi/ros2_iron/install/rqt_action:/home/pi/ros2_iron/install/rqt_msg:/home/pi/ros2_iron/install/rqt_console:/home/pi/ros2_iron/install/rqt_graph:/home/pi/ros2_iron/install/rqt_gui_py:/home/pi/ros2_iron/install/rqt_gui:/home/pi/ros2_iron/install/ros2trace:/home/pi/ros2_iron/install/ros2topic:/home/pi/ros2_iron/install/ros2test:/home/pi/ros2_iron/install/ros2param:/home/pi/ros2_iron/install/ros2lifecycle:/home/pi/ros2_iron/install/ros2service:/home/pi/ros2_iron/install/ros2run:/home/pi/ros2_iron/install/ros2launch:/home/pi/ros2_iron/install/ros2pkg:/home/pi/ros2_iron/install/ros2node:/home/pi/ros2_iron/install/ros2multicast:/home/pi/ros2_iron/install/ros2interface:/home/pi/ros2_iron/install/ros2action:/home/pi/ros2_iron/install/ros2cli:/home/pi/ros2_iron/install/launch_testing_ros:/home/pi/ros2_iron/install/launch_ros:/home/pi/ros2_iron/install/examples_rclpy_minimal_action_server:/home/pi/ros2_iron/install/examples_rclpy_minimal_action_client:/home/pi/ros2_iron/install/examples_rclpy_guard_conditions:/home/pi/ros2_iron/install/action_tutorials_py:/home/pi/ros2_iron/install/ament_uncrustify:/home/pi/ros2_iron/install/tracetools_trace:/home/pi/ros2_iron/install/tracetools_read:/home/pi/ros2_iron/install/test_tracetools_launch:/home/pi/ros2_iron/install/test_ros2trace:/home/pi/ros2_iron/install/test_launch_ros:/home/pi/ros2_iron/install/rpyutils:/home/pi/ros2_iron/install/rosidl_runtime_py:/home/pi/ros2_iron/install/rosidl_pycommon:/home/pi/ros2_iron/install/rosidl_cli:/home/pi/ros2_iron/install/launch_pytest:/home/pi/ros2_iron/install/launch_testing:/home/pi/ros2_iron/install/launch_yaml:/home/pi/ros2_iron/install/launch_xml:/home/pi/ros2_iron/install/launch:/home/pi/ros2_iron/install/osrf_pycommon:/home/pi/ros2_iron/install/domain_coordinator:/home/pi/ros2_iron/install/ament_xmllint:/home/pi/ros2_iron/install/ament_pyflakes:/home/pi/ros2_iron/install/ament_pycodestyle:/home/pi/ros2_iron/install/ament_pep257:/home/pi/ros2_iron/install/ament_pclint:/home/pi/ros2_iron/install/ament_package:/home/pi/ros2_iron/install/ament_mypy:/home/pi/ros2_iron/install/ament_lint_cmake:/home/pi/ros2_iron/install/ament_flake8:/home/pi/ros2_iron/install/ament_copyright:/home/pi/ros2_iron/install/ament_lint:/home/pi/ros2_iron/install/ament_index_python:/home/pi/ros2_iron/install/ament_cpplint:/home/pi/ros2_iron/install/ament_cppcheck:/home/pi/ros2_iron/install/ament_clang_tidy:/home/pi/ros2_iron/install/ament_clang_format /usr/bin/cmake --build /home/pi/wow_ws/build/rtcm_msgs -- -j4 -l4
[3.988s] Invoking command in '/home/pi/wow_ws/build/rtcm_msgs': CMAKE_PREFIX_PATH=${CMAKE_PREFIX_PATH}:/home/pi/wow_ws/install/bno055:/home/pi/ros2_iron/install/rqt_bag_plugins:/home/pi/ros2_iron/install/rqt_bag:/home/pi/ros2_iron/install/rosbag2_examples_py:/home/pi/ros2_iron/install/launch_testing_examples:/home/pi/ros2_iron/install/ros2bag:/home/pi/ros2_iron/install/tracetools_test:/home/pi/ros2_iron/install/tracetools_launch:/home/pi/ros2_iron/install/topic_monitor:/home/pi/ros2_iron/install/tf2_tools:/home/pi/ros2_iron/install/examples_tf2_py:/home/pi/ros2_iron/install/tf2_ros_py:/home/pi/ros2_iron/install/examples_rclpy_pointcloud_publisher:/home/pi/ros2_iron/install/sensor_msgs_py:/home/pi/ros2_iron/install/quality_of_service_demo_py:/home/pi/ros2_iron/install/rqt_plot:/home/pi/ros2_iron/install/ros2doctor:/home/pi/ros2_iron/install/lifecycle_py:/home/pi/ros2_iron/install/examples_rclpy_minimal_subscriber:/home/pi/ros2_iron/install/examples_rclpy_minimal_service:/home/pi/ros2_iron/install/examples_rclpy_minimal_publisher:/home/pi/ros2_iron/install/examples_rclpy_minimal_client:/home/pi/ros2_iron/install/examples_rclpy_executors:/home/pi/ros2_iron/install/demo_nodes_py:/home/pi/ros2_iron/install/rqt:/home/pi/ros2_iron/install/ros2component:/home/pi/ros2_iron/install/sros2:/home/pi/ros2_iron/install/rqt_topic:/home/pi/ros2_iron/install/rqt_srv:/home/pi/ros2_iron/install/rqt_shell:/home/pi/ros2_iron/install/rqt_service_caller:/home/pi/ros2_iron/install/rqt_reconfigure:/home/pi/ros2_iron/install/rqt_py_console:/home/pi/ros2_iron/install/rqt_publisher:/home/pi/ros2_iron/install/rqt_action:/home/pi/ros2_iron/install/rqt_msg:/home/pi/ros2_iron/install/rqt_console:/home/pi/ros2_iron/install/rqt_graph:/home/pi/ros2_iron/install/rqt_gui_py:/home/pi/ros2_iron/install/rqt_gui:/home/pi/ros2_iron/install/ros2trace:/home/pi/ros2_iron/install/ros2topic:/home/pi/ros2_iron/install/ros2test:/home/pi/ros2_iron/install/ros2param:/home/pi/ros2_iron/install/ros2lifecycle:/home/pi/ros2_iron/install/ros2service:/home/pi/ros2_iron/install/ros2run:/home/pi/ros2_iron/install/ros2launch:/home/pi/ros2_iron/install/ros2pkg:/home/pi/ros2_iron/install/ros2node:/home/pi/ros2_iron/install/ros2multicast:/home/pi/ros2_iron/install/ros2interface:/home/pi/ros2_iron/install/ros2action:/home/pi/ros2_iron/install/ros2cli:/home/pi/ros2_iron/install/launch_testing_ros:/home/pi/ros2_iron/install/launch_ros:/home/pi/ros2_iron/install/examples_rclpy_minimal_action_server:/home/pi/ros2_iron/install/examples_rclpy_minimal_action_client:/home/pi/ros2_iron/install/examples_rclpy_guard_conditions:/home/pi/ros2_iron/install/action_tutorials_py:/home/pi/ros2_iron/install/ament_uncrustify:/home/pi/ros2_iron/install/tracetools_trace:/home/pi/ros2_iron/install/tracetools_read:/home/pi/ros2_iron/install/test_tracetools_launch:/home/pi/ros2_iron/install/test_ros2trace:/home/pi/ros2_iron/install/test_launch_ros:/home/pi/ros2_iron/install/rpyutils:/home/pi/ros2_iron/install/rosidl_runtime_py:/home/pi/ros2_iron/install/rosidl_pycommon:/home/pi/ros2_iron/install/rosidl_cli:/home/pi/ros2_iron/install/launch_pytest:/home/pi/ros2_iron/install/launch_testing:/home/pi/ros2_iron/install/launch_yaml:/home/pi/ros2_iron/install/launch_xml:/home/pi/ros2_iron/install/launch:/home/pi/ros2_iron/install/osrf_pycommon:/home/pi/ros2_iron/install/domain_coordinator:/home/pi/ros2_iron/install/ament_xmllint:/home/pi/ros2_iron/install/ament_pyflakes:/home/pi/ros2_iron/install/ament_pycodestyle:/home/pi/ros2_iron/install/ament_pep257:/home/pi/ros2_iron/install/ament_pclint:/home/pi/ros2_iron/install/ament_package:/home/pi/ros2_iron/install/ament_mypy:/home/pi/ros2_iron/install/ament_lint_cmake:/home/pi/ros2_iron/install/ament_flake8:/home/pi/ros2_iron/install/ament_copyright:/home/pi/ros2_iron/install/ament_lint:/home/pi/ros2_iron/install/ament_index_python:/home/pi/ros2_iron/install/ament_cpplint:/home/pi/ros2_iron/install/ament_cppcheck:/home/pi/ros2_iron/install/ament_clang_tidy:/home/pi/ros2_iron/install/ament_clang_format /usr/bin/cmake --install /home/pi/wow_ws/build/rtcm_msgs
[4.012s] -- Install configuration: ""
[4.016s] -- Execute custom install script
[4.018s] -- Up-to-date symlink: /home/pi/wow_ws/install/rtcm_msgs/share/ament_index/resource_index/rosidl_interfaces/rtcm_msgs
[4.018s] -- Up-to-date symlink: /home/pi/wow_ws/install/rtcm_msgs/share/rtcm_msgs/msg/Message.json
[4.020s] -- Up-to-date symlink: /home/pi/wow_ws/install/rtcm_msgs/include/rtcm_msgs/rtcm_msgs/msg/detail/message__functions.h
[4.021s] -- Up-to-date symlink: /home/pi/wow_ws/install/rtcm_msgs/include/rtcm_msgs/rtcm_msgs/msg/detail/message__struct.h
[4.021s] -- Up-to-date symlink: /home/pi/wow_ws/install/rtcm_msgs/include/rtcm_msgs/rtcm_msgs/msg/detail/message__type_support.h
[4.022s] -- Up-to-date symlink: /home/pi/wow_ws/install/rtcm_msgs/include/rtcm_msgs/rtcm_msgs/msg/message.h
[4.022s] -- Up-to-date symlink: /home/pi/wow_ws/install/rtcm_msgs/include/rtcm_msgs/rtcm_msgs/msg/rosidl_generator_c__visibility_control.h
[4.023s] -- Up-to-date symlink: /home/pi/wow_ws/install/rtcm_msgs/share/rtcm_msgs/environment/library_path.sh
[4.023s] -- Up-to-date symlink: /home/pi/wow_ws/install/rtcm_msgs/share/rtcm_msgs/environment/library_path.dsv
[4.026s] -- Up-to-date symlink: /home/pi/wow_ws/install/rtcm_msgs/include/rtcm_msgs/rtcm_msgs/msg/detail/message__rosidl_typesupport_fastrtps_c.h
[4.026s] -- Up-to-date symlink: /home/pi/wow_ws/install/rtcm_msgs/include/rtcm_msgs/rtcm_msgs/msg/rosidl_typesupport_fastrtps_c__visibility_control.h
[4.027s] -- Up-to-date symlink: /home/pi/wow_ws/install/rtcm_msgs/include/rtcm_msgs/rtcm_msgs/msg/detail/message__builder.hpp
[4.028s] -- Up-to-date symlink: /home/pi/wow_ws/install/rtcm_msgs/include/rtcm_msgs/rtcm_msgs/msg/detail/message__struct.hpp
[4.028s] -- Up-to-date symlink: /home/pi/wow_ws/install/rtcm_msgs/include/rtcm_msgs/rtcm_msgs/msg/detail/message__traits.hpp
[4.030s] -- Up-to-date symlink: /home/pi/wow_ws/install/rtcm_msgs/include/rtcm_msgs/rtcm_msgs/msg/message.hpp
[4.030s] -- Up-to-date symlink: /home/pi/wow_ws/install/rtcm_msgs/include/rtcm_msgs/rtcm_msgs/msg/detail/message__rosidl_typesupport_fastrtps_cpp.hpp
[4.030s] -- Up-to-date symlink: /home/pi/wow_ws/install/rtcm_msgs/include/rtcm_msgs/rtcm_msgs/msg/rosidl_typesupport_fastrtps_cpp__visibility_control.h
[4.031s] -- Up-to-date symlink: /home/pi/wow_ws/install/rtcm_msgs/include/rtcm_msgs/rtcm_msgs/msg/detail/message__rosidl_typesupport_introspection_c.h
[4.031s] -- Up-to-date symlink: /home/pi/wow_ws/install/rtcm_msgs/include/rtcm_msgs/rtcm_msgs/msg/rosidl_typesupport_introspection_c__visibility_control.h
[4.033s] -- Up-to-date symlink: /home/pi/wow_ws/install/rtcm_msgs/include/rtcm_msgs/rtcm_msgs/msg/detail/message__rosidl_typesupport_introspection_cpp.hpp
[4.033s] -- Up-to-date symlink: /home/pi/wow_ws/install/rtcm_msgs/share/rtcm_msgs/environment/pythonpath.sh
[4.034s] -- Up-to-date symlink: /home/pi/wow_ws/install/rtcm_msgs/share/rtcm_msgs/environment/pythonpath.dsv
[4.034s] -- Up-to-date symlink: /home/pi/wow_ws/install/rtcm_msgs/lib/python3.11/site-packages/rtcm_msgs-1.1.6-py3.11.egg-info/PKG-INFO
[4.035s] -- Up-to-date symlink: /home/pi/wow_ws/install/rtcm_msgs/lib/python3.11/site-packages/rtcm_msgs-1.1.6-py3.11.egg-info/SOURCES.txt
[4.036s] -- Up-to-date symlink: /home/pi/wow_ws/install/rtcm_msgs/lib/python3.11/site-packages/rtcm_msgs-1.1.6-py3.11.egg-info/dependency_links.txt
[4.037s] -- Up-to-date symlink: /home/pi/wow_ws/install/rtcm_msgs/lib/python3.11/site-packages/rtcm_msgs-1.1.6-py3.11.egg-info/top_level.txt
[4.039s] -- Up-to-date symlink: /home/pi/wow_ws/install/rtcm_msgs/lib/python3.11/site-packages/rtcm_msgs/__init__.py
[4.039s] -- Up-to-date symlink: /home/pi/wow_ws/install/rtcm_msgs/lib/python3.11/site-packages/rtcm_msgs/_rtcm_msgs_s.ep.rosidl_typesupport_c.c
[4.040s] -- Up-to-date symlink: /home/pi/wow_ws/install/rtcm_msgs/lib/python3.11/site-packages/rtcm_msgs/_rtcm_msgs_s.ep.rosidl_typesupport_fastrtps_c.c
[4.041s] -- Up-to-date symlink: /home/pi/wow_ws/install/rtcm_msgs/lib/python3.11/site-packages/rtcm_msgs/_rtcm_msgs_s.ep.rosidl_typesupport_introspection_c.c
[4.041s] -- Up-to-date symlink: /home/pi/wow_ws/install/rtcm_msgs/lib/python3.11/site-packages/rtcm_msgs/librtcm_msgs__rosidl_generator_py.so
[4.042s] -- Up-to-date symlink: /home/pi/wow_ws/install/rtcm_msgs/lib/python3.11/site-packages/rtcm_msgs/msg/__init__.py
[4.043s] -- Up-to-date symlink: /home/pi/wow_ws/install/rtcm_msgs/lib/python3.11/site-packages/rtcm_msgs/msg/_message.py
[4.044s] -- Up-to-date symlink: /home/pi/wow_ws/install/rtcm_msgs/lib/python3.11/site-packages/rtcm_msgs/msg/_message_s.c
[4.044s] -- Up-to-date symlink: /home/pi/wow_ws/install/rtcm_msgs/lib/python3.11/site-packages/rtcm_msgs/rtcm_msgs_s__rosidl_typesupport_c.cpython-311-aarch64-linux-gnu.so
[4.045s] -- Up-to-date symlink: /home/pi/wow_ws/install/rtcm_msgs/lib/python3.11/site-packages/rtcm_msgs/rtcm_msgs_s__rosidl_typesupport_fastrtps_c.cpython-311-aarch64-linux-gnu.so
[4.045s] -- Up-to-date symlink: /home/pi/wow_ws/install/rtcm_msgs/lib/python3.11/site-packages/rtcm_msgs/rtcm_msgs_s__rosidl_typesupport_introspection_c.cpython-311-aarch64-linux-gnu.so
[4.046s] -- Up-to-date symlink: /home/pi/wow_ws/install/rtcm_msgs/lib/python3.11/site-packages/rtcm_msgs/rtcm_msgs_s__rosidl_typesupport_introspection_c.cpython-311-aarch64-linux-gnu.so
[4.048s] -- Up-to-date symlink: /home/pi/wow_ws/install/rtcm_msgs/lib/python3.11/site-packages/rtcm_msgs/rtcm_msgs_s__rosidl_typesupport_fastrtps_c.cpython-311-aarch64-linux-gnu.so
[4.048s] -- Up-to-date symlink: /home/pi/wow_ws/install/rtcm_msgs/lib/python3.11/site-packages/rtcm_msgs/rtcm_msgs_s__rosidl_typesupport_c.cpython-311-aarch64-linux-gnu.so
[4.049s] -- Up-to-date symlink: /home/pi/wow_ws/install/rtcm_msgs/share/rtcm_msgs/msg/Message.idl
[4.050s] -- Up-to-date symlink: /home/pi/wow_ws/install/rtcm_msgs/share/rtcm_msgs/msg/Message.msg
[4.050s] -- Up-to-date symlink: /home/pi/wow_ws/install/rtcm_msgs/share/ament_index/resource_index/package_run_dependencies/rtcm_msgs
[4.052s] -- Up-to-date symlink: /home/pi/wow_ws/install/rtcm_msgs/share/ament_index/resource_index/parent_prefix_path/rtcm_msgs
[4.052s] -- Up-to-date symlink: /home/pi/wow_ws/install/rtcm_msgs/share/rtcm_msgs/environment/ament_prefix_path.sh
[4.053s] -- Up-to-date symlink: /home/pi/wow_ws/install/rtcm_msgs/share/rtcm_msgs/environment/ament_prefix_path.dsv
[4.053s] -- Up-to-date symlink: /home/pi/wow_ws/install/rtcm_msgs/share/rtcm_msgs/environment/path.sh
[4.054s] -- Up-to-date symlink: /home/pi/wow_ws/install/rtcm_msgs/share/rtcm_msgs/environment/path.dsv
[4.054s] -- Up-to-date symlink: /home/pi/wow_ws/install/rtcm_msgs/share/rtcm_msgs/local_setup.bash
[4.055s] -- Up-to-date symlink: /home/pi/wow_ws/install/rtcm_msgs/share/rtcm_msgs/local_setup.sh
[4.056s] -- Up-to-date symlink: /home/pi/wow_ws/install/rtcm_msgs/share/rtcm_msgs/local_setup.zsh
[4.056s] -- Up-to-date symlink: /home/pi/wow_ws/install/rtcm_msgs/share/rtcm_msgs/local_setup.dsv
[4.057s] -- Symlinking: /home/pi/wow_ws/install/rtcm_msgs/share/rtcm_msgs/package.dsv
[4.089s] -- Up-to-date symlink: /home/pi/wow_ws/install/rtcm_msgs/share/ament_index/resource_index/packages/rtcm_msgs
[4.091s] -- Up-to-date symlink: /home/pi/wow_ws/install/rtcm_msgs/share/rtcm_msgs/cmake/rosidl_cmake-extras.cmake
[4.091s] -- Up-to-date symlink: /home/pi/wow_ws/install/rtcm_msgs/share/rtcm_msgs/cmake/ament_cmake_export_dependencies-extras.cmake
[4.091s] -- Up-to-date symlink: /home/pi/wow_ws/install/rtcm_msgs/share/rtcm_msgs/cmake/ament_cmake_export_include_directories-extras.cmake
[4.092s] -- Up-to-date symlink: /home/pi/wow_ws/install/rtcm_msgs/share/rtcm_msgs/cmake/ament_cmake_export_libraries-extras.cmake
[4.093s] -- Up-to-date symlink: /home/pi/wow_ws/install/rtcm_msgs/share/rtcm_msgs/cmake/ament_cmake_export_targets-extras.cmake
[4.094s] -- Up-to-date symlink: /home/pi/wow_ws/install/rtcm_msgs/share/rtcm_msgs/cmake/rosidl_cmake_export_typesupport_targets-extras.cmake
[4.094s] -- Up-to-date symlink: /home/pi/wow_ws/install/rtcm_msgs/share/rtcm_msgs/cmake/rosidl_cmake_export_typesupport_libraries-extras.cmake
[4.095s] -- Up-to-date symlink: /home/pi/wow_ws/install/rtcm_msgs/share/rtcm_msgs/cmake/rtcm_msgsConfig.cmake
[4.096s] -- Up-to-date symlink: /home/pi/wow_ws/install/rtcm_msgs/share/rtcm_msgs/cmake/rtcm_msgsConfig-version.cmake
[4.096s] -- Up-to-date symlink: /home/pi/wow_ws/install/rtcm_msgs/share/rtcm_msgs/package.xml
[4.097s] -- Up-to-date: /home/pi/wow_ws/install/rtcm_msgs/lib/librtcm_msgs__rosidl_generator_c.so
[4.098s] -- Up-to-date: /home/pi/wow_ws/install/rtcm_msgs/lib/librtcm_msgs__rosidl_typesupport_fastrtps_c.so
[4.099s] -- Up-to-date: /home/pi/wow_ws/install/rtcm_msgs/lib/librtcm_msgs__rosidl_typesupport_fastrtps_cpp.so
[4.101s] -- Up-to-date: /home/pi/wow_ws/install/rtcm_msgs/lib/librtcm_msgs__rosidl_typesupport_introspection_c.so
[4.104s] -- Up-to-date: /home/pi/wow_ws/install/rtcm_msgs/lib/librtcm_msgs__rosidl_typesupport_c.so
[4.104s] -- Up-to-date: /home/pi/wow_ws/install/rtcm_msgs/lib/librtcm_msgs__rosidl_typesupport_introspection_cpp.so
[4.105s] -- Up-to-date: /home/pi/wow_ws/install/rtcm_msgs/lib/librtcm_msgs__rosidl_typesupport_cpp.so
[4.333s] Listing '/home/pi/wow_ws/install/rtcm_msgs/lib/python3.11/site-packages/rtcm_msgs'...
[4.334s] Listing '/home/pi/wow_ws/install/rtcm_msgs/lib/python3.11/site-packages/rtcm_msgs/msg'...
[4.359s] -- Up-to-date: /home/pi/wow_ws/install/rtcm_msgs/lib/librtcm_msgs__rosidl_generator_py.so
[4.373s] -- Up-to-date: /home/pi/wow_ws/install/rtcm_msgs/share/rtcm_msgs/cmake/export_rtcm_msgs__rosidl_generator_cExport.cmake
[4.374s] -- Up-to-date: /home/pi/wow_ws/install/rtcm_msgs/share/rtcm_msgs/cmake/export_rtcm_msgs__rosidl_generator_cExport-noconfig.cmake
[4.374s] -- Up-to-date: /home/pi/wow_ws/install/rtcm_msgs/share/rtcm_msgs/cmake/export_rtcm_msgs__rosidl_typesupport_fastrtps_cExport.cmake
[4.374s] -- Up-to-date: /home/pi/wow_ws/install/rtcm_msgs/share/rtcm_msgs/cmake/export_rtcm_msgs__rosidl_typesupport_fastrtps_cExport-noconfig.cmake
[4.375s] -- Up-to-date: /home/pi/wow_ws/install/rtcm_msgs/share/rtcm_msgs/cmake/export_rtcm_msgs__rosidl_generator_cppExport.cmake
[4.376s] -- Up-to-date: /home/pi/wow_ws/install/rtcm_msgs/share/rtcm_msgs/cmake/export_rtcm_msgs__rosidl_typesupport_fastrtps_cppExport.cmake
[4.376s] -- Up-to-date: /home/pi/wow_ws/install/rtcm_msgs/share/rtcm_msgs/cmake/export_rtcm_msgs__rosidl_typesupport_fastrtps_cppExport-noconfig.cmake
[4.377s] -- Up-to-date: /home/pi/wow_ws/install/rtcm_msgs/share/rtcm_msgs/cmake/rtcm_msgs__rosidl_typesupport_introspection_cExport.cmake
[4.378s] -- Up-to-date: /home/pi/wow_ws/install/rtcm_msgs/share/rtcm_msgs/cmake/rtcm_msgs__rosidl_typesupport_introspection_cExport-noconfig.cmake
[4.378s] -- Up-to-date: /home/pi/wow_ws/install/rtcm_msgs/share/rtcm_msgs/cmake/rtcm_msgs__rosidl_typesupport_cExport.cmake
[4.379s] -- Up-to-date: /home/pi/wow_ws/install/rtcm_msgs/share/rtcm_msgs/cmake/rtcm_msgs__rosidl_typesupport_cExport-noconfig.cmake
[4.380s] -- Up-to-date: /home/pi/wow_ws/install/rtcm_msgs/share/rtcm_msgs/cmake/rtcm_msgs__rosidl_typesupport_introspection_cppExport.cmake
[4.380s] -- Up-to-date: /home/pi/wow_ws/install/rtcm_msgs/share/rtcm_msgs/cmake/rtcm_msgs__rosidl_typesupport_introspection_cppExport-noconfig.cmake
[4.381s] -- Up-to-date: /home/pi/wow_ws/install/rtcm_msgs/share/rtcm_msgs/cmake/rtcm_msgs__rosidl_typesupport_cppExport.cmake
[4.381s] -- Up-to-date: /home/pi/wow_ws/install/rtcm_msgs/share/rtcm_msgs/cmake/rtcm_msgs__rosidl_typesupport_cppExport-noconfig.cmake
[4.382s] -- Up-to-date: /home/pi/wow_ws/install/rtcm_msgs/share/rtcm_msgs/cmake/export_rtcm_msgs__rosidl_generator_pyExport.cmake
[4.383s] -- Up-to-date: /home/pi/wow_ws/install/rtcm_msgs/share/rtcm_msgs/cmake/export_rtcm_msgs__rosidl_generator_pyExport-noconfig.cmake
[4.411s] Invoked command in '/home/pi/wow_ws/build/rtcm_msgs' returned '0': CMAKE_PREFIX_PATH=${CMAKE_PREFIX_PATH}:/home/pi/wow_ws/install/bno055:/home/pi/ros2_iron/install/rqt_bag_plugins:/home/pi/ros2_iron/install/rqt_bag:/home/pi/ros2_iron/install/rosbag2_examples_py:/home/pi/ros2_iron/install/launch_testing_examples:/home/pi/ros2_iron/install/ros2bag:/home/pi/ros2_iron/install/tracetools_test:/home/pi/ros2_iron/install/tracetools_launch:/home/pi/ros2_iron/install/topic_monitor:/home/pi/ros2_iron/install/tf2_tools:/home/pi/ros2_iron/install/examples_tf2_py:/home/pi/ros2_iron/install/tf2_ros_py:/home/pi/ros2_iron/install/examples_rclpy_pointcloud_publisher:/home/pi/ros2_iron/install/sensor_msgs_py:/home/pi/ros2_iron/install/quality_of_service_demo_py:/home/pi/ros2_iron/install/rqt_plot:/home/pi/ros2_iron/install/ros2doctor:/home/pi/ros2_iron/install/lifecycle_py:/home/pi/ros2_iron/install/examples_rclpy_minimal_subscriber:/home/pi/ros2_iron/install/examples_rclpy_minimal_service:/home/pi/ros2_iron/install/examples_rclpy_minimal_publisher:/home/pi/ros2_iron/install/examples_rclpy_minimal_client:/home/pi/ros2_iron/install/examples_rclpy_executors:/home/pi/ros2_iron/install/demo_nodes_py:/home/pi/ros2_iron/install/rqt:/home/pi/ros2_iron/install/ros2component:/home/pi/ros2_iron/install/sros2:/home/pi/ros2_iron/install/rqt_topic:/home/pi/ros2_iron/install/rqt_srv:/home/pi/ros2_iron/install/rqt_shell:/home/pi/ros2_iron/install/rqt_service_caller:/home/pi/ros2_iron/install/rqt_reconfigure:/home/pi/ros2_iron/install/rqt_py_console:/home/pi/ros2_iron/install/rqt_publisher:/home/pi/ros2_iron/install/rqt_action:/home/pi/ros2_iron/install/rqt_msg:/home/pi/ros2_iron/install/rqt_console:/home/pi/ros2_iron/install/rqt_graph:/home/pi/ros2_iron/install/rqt_gui_py:/home/pi/ros2_iron/install/rqt_gui:/home/pi/ros2_iron/install/ros2trace:/home/pi/ros2_iron/install/ros2topic:/home/pi/ros2_iron/install/ros2test:/home/pi/ros2_iron/install/ros2param:/home/pi/ros2_iron/install/ros2lifecycle:/home/pi/ros2_iron/install/ros2service:/home/pi/ros2_iron/install/ros2run:/home/pi/ros2_iron/install/ros2launch:/home/pi/ros2_iron/install/ros2pkg:/home/pi/ros2_iron/install/ros2node:/home/pi/ros2_iron/install/ros2multicast:/home/pi/ros2_iron/install/ros2interface:/home/pi/ros2_iron/install/ros2action:/home/pi/ros2_iron/install/ros2cli:/home/pi/ros2_iron/install/launch_testing_ros:/home/pi/ros2_iron/install/launch_ros:/home/pi/ros2_iron/install/examples_rclpy_minimal_action_server:/home/pi/ros2_iron/install/examples_rclpy_minimal_action_client:/home/pi/ros2_iron/install/examples_rclpy_guard_conditions:/home/pi/ros2_iron/install/action_tutorials_py:/home/pi/ros2_iron/install/ament_uncrustify:/home/pi/ros2_iron/install/tracetools_trace:/home/pi/ros2_iron/install/tracetools_read:/home/pi/ros2_iron/install/test_tracetools_launch:/home/pi/ros2_iron/install/test_ros2trace:/home/pi/ros2_iron/install/test_launch_ros:/home/pi/ros2_iron/install/rpyutils:/home/pi/ros2_iron/install/rosidl_runtime_py:/home/pi/ros2_iron/install/rosidl_pycommon:/home/pi/ros2_iron/install/rosidl_cli:/home/pi/ros2_iron/install/launch_pytest:/home/pi/ros2_iron/install/launch_testing:/home/pi/ros2_iron/install/launch_yaml:/home/pi/ros2_iron/install/launch_xml:/home/pi/ros2_iron/install/launch:/home/pi/ros2_iron/install/osrf_pycommon:/home/pi/ros2_iron/install/domain_coordinator:/home/pi/ros2_iron/install/ament_xmllint:/home/pi/ros2_iron/install/ament_pyflakes:/home/pi/ros2_iron/install/ament_pycodestyle:/home/pi/ros2_iron/install/ament_pep257:/home/pi/ros2_iron/install/ament_pclint:/home/pi/ros2_iron/install/ament_package:/home/pi/ros2_iron/install/ament_mypy:/home/pi/ros2_iron/install/ament_lint_cmake:/home/pi/ros2_iron/install/ament_flake8:/home/pi/ros2_iron/install/ament_copyright:/home/pi/ros2_iron/install/ament_lint:/home/pi/ros2_iron/install/ament_index_python:/home/pi/ros2_iron/install/ament_cpplint:/home/pi/ros2_iron/install/ament_cppcheck:/home/pi/ros2_iron/install/ament_clang_tidy:/home/pi/ros2_iron/install/ament_clang_format /usr/bin/cmake --install /home/pi/wow_ws/build/rtcm_msgs
