[2.893s] Invoking command in '/home/pi/wow_ws/build/ICM20948': PYTHONPATH=/home/pi/wow_ws/build/ICM20948/prefix_override:/home/pi/wow_ws/install/ICM20948/lib/python3.11/site-packages:${PYTHONPATH} /usr/bin/python3 setup.py develop --editable --build-directory /home/pi/wow_ws/build/ICM20948/build --no-deps install_data
[3.903s] running develop
[3.903s] /usr/lib/python3/dist-packages/setuptools/command/easy_install.py:146: EasyInstallDeprecationWarning: easy_install command is deprecated. Use build and pip and other standards-based tools.
[3.903s]   warnings.warn(
[3.989s] /usr/lib/python3/dist-packages/setuptools/command/install.py:34: SetuptoolsDeprecationWarning: setup.py install is deprecated. Use build and pip and other standards-based tools.
[3.993s]   warnings.warn(
[4.408s] running egg_info
[4.449s] writing ICM20948.egg-info/PKG-INFO
[4.449s] writing dependency_links to ICM20948.egg-info/dependency_links.txt
[4.450s] writing entry points to ICM20948.egg-info/entry_points.txt
[4.451s] writing requirements to ICM20948.egg-info/requires.txt
[4.453s] writing top-level names to ICM20948.egg-info/top_level.txt
[4.535s] reading manifest file 'ICM20948.egg-info/SOURCES.txt'
[4.537s] writing manifest file 'ICM20948.egg-info/SOURCES.txt'
[4.585s] running build_ext
[4.587s] Creating /home/pi/wow_ws/install/ICM20948/lib/python3.11/site-packages/ICM20948.egg-link (link to .)
[4.587s] Installing ICM_raw_data script to /home/pi/wow_ws/install/ICM20948/lib/ICM20948
[4.587s] 
[4.587s] Installed /home/pi/wow_ws/build/ICM20948
[4.587s] running install_data
[4.587s] error: can't copy 'launch/imu_launch.py': doesn't exist or not a regular file
[4.587s] creating /home/pi/wow_ws/install/ICM20948/share/ICM20948/launch
[4.753s] Invoked command in '/home/pi/wow_ws/build/ICM20948' returned '1': PYTHONPATH=/home/pi/wow_ws/build/ICM20948/prefix_override:/home/pi/wow_ws/install/ICM20948/lib/python3.11/site-packages:${PYTHONPATH} /usr/bin/python3 setup.py develop --editable --build-directory /home/pi/wow_ws/build/ICM20948/build --no-deps install_data
