[5.157s] Invoking command in '/home/pi/wow_ws/build/bno055': PYTHONPATH=/home/pi/wow_ws/build/bno055/prefix_override:/home/pi/wow_ws/install/bno055/lib/python3.11/site-packages:${PYTHONPATH} /usr/bin/python3 setup.py develop --editable --build-directory /home/pi/wow_ws/build/bno055/build --no-deps install_data
[6.223s] running develop
[6.223s] /usr/lib/python3/dist-packages/setuptools/command/easy_install.py:146: EasyInstallDeprecationWarning: easy_install command is deprecated. Use build and pip and other standards-based tools.
[6.223s]   warnings.warn(
[6.310s] /usr/lib/python3/dist-packages/setuptools/command/install.py:34: SetuptoolsDeprecationWarning: setup.py install is deprecated. Use build and pip and other standards-based tools.
[6.311s]   warnings.warn(
[6.765s] running egg_info
[6.807s] writing bno055.egg-info/PKG-INFO
[6.807s] writing dependency_links to bno055.egg-info/dependency_links.txt
[6.808s] writing entry points to bno055.egg-info/entry_points.txt
[6.810s] writing requirements to bno055.egg-info/requires.txt
[6.810s] writing top-level names to bno055.egg-info/top_level.txt
[6.897s] reading manifest file 'bno055.egg-info/SOURCES.txt'
[6.898s] writing manifest file 'bno055.egg-info/SOURCES.txt'
[6.949s] running build_ext
[6.949s] Creating /home/pi/wow_ws/install/bno055/lib/python3.11/site-packages/bno055.egg-link (link to .)
[6.951s] Installing bno055 script to /home/pi/wow_ws/install/bno055/lib/bno055
[6.952s] 
[6.952s] Installed /home/pi/wow_ws/build/bno055
[6.952s] running install_data
