[3.782s] Invoking command in '/home/pi/wow_ws/build/bno055': PYTHONPATH=/home/pi/wow_ws/build/bno055/prefix_override:/home/pi/wow_ws/install/bno055/lib/python3.11/site-packages:${PYTHONPATH} /usr/bin/python3 setup.py develop --editable --build-directory /home/pi/wow_ws/build/bno055/build --no-deps install_data
[5.261s] running develop
[5.264s] /usr/lib/python3/dist-packages/setuptools/command/easy_install.py:146: EasyInstallDeprecationWarning: easy_install command is deprecated. Use build and pip and other standards-based tools.
[5.264s]   warnings.warn(
[5.384s] /usr/lib/python3/dist-packages/setuptools/command/install.py:34: SetuptoolsDeprecationWarning: setup.py install is deprecated. Use build and pip and other standards-based tools.
[5.384s]   warnings.warn(
[6.022s] running egg_info
[6.082s] writing bno055.egg-info/PKG-INFO
[6.082s] writing dependency_links to bno055.egg-info/dependency_links.txt
[6.082s] writing entry points to bno055.egg-info/entry_points.txt
[6.083s] writing requirements to bno055.egg-info/requires.txt
[6.084s] writing top-level names to bno055.egg-info/top_level.txt
[6.213s] reading manifest file 'bno055.egg-info/SOURCES.txt'
[6.214s] writing manifest file 'bno055.egg-info/SOURCES.txt'
[6.278s] running build_ext
[6.278s] Creating /home/pi/wow_ws/install/bno055/lib/python3.11/site-packages/bno055.egg-link (link to .)
[6.278s] Installing bno055 script to /home/pi/wow_ws/install/bno055/lib/bno055
[6.279s] 
[6.279s] Installed /home/pi/wow_ws/build/bno055
[6.279s] running install_data
[6.529s] Invoked command in '/home/pi/wow_ws/build/bno055' returned '0': PYTHONPATH=/home/pi/wow_ws/build/bno055/prefix_override:/home/pi/wow_ws/install/bno055/lib/python3.11/site-packages:${PYTHONPATH} /usr/bin/python3 setup.py develop --editable --build-directory /home/pi/wow_ws/build/bno055/build --no-deps install_data
