[  4%] [32m[1mLinking CXX shared library libublox_gps.so[0m
[ 77%] Built target ublox_gps
[ 81%] [32m[1mLinking CXX executable ublox_gps_node[0m
[ 86%] Built target ublox_gps_node
[ 90%] [32m[1mLinking CXX executable ublox_logger[0m
[100%] Built target ublox_logger
-- Install configuration: ""
-- Execute custom install script
-- Up-to-date symlink: /home/pi/wow_ws/install/ublox_gps/lib/ublox_gps/ublox_gps_node
-- Up-to-date symlink: /home/pi/wow_ws/install/ublox_gps/lib/ublox_gps/ublox_logger
-- Up-to-date symlink: /home/pi/wow_ws/install/ublox_gps/include/ublox_gps/ublox_gps/adr_udr_product.hpp
-- Up-to-date symlink: /home/pi/wow_ws/install/ublox_gps/include/ublox_gps/ublox_gps/async_worker.hpp
-- Up-to-date symlink: /home/pi/wow_ws/install/ublox_gps/include/ublox_gps/ublox_gps/callback.hpp
-- Up-to-date symlink: /home/pi/wow_ws/install/ublox_gps/include/ublox_gps/ublox_gps/component_interface.hpp
-- Up-to-date symlink: /home/pi/wow_ws/install/ublox_gps/include/ublox_gps/ublox_gps/fix_diagnostic.hpp
-- Up-to-date symlink: /home/pi/wow_ws/install/ublox_gps/include/ublox_gps/ublox_gps/fts_product.hpp
-- Up-to-date symlink: /home/pi/wow_ws/install/ublox_gps/include/ublox_gps/ublox_gps/gnss.hpp
-- Up-to-date symlink: /home/pi/wow_ws/install/ublox_gps/include/ublox_gps/ublox_gps/gps.hpp
-- Up-to-date symlink: /home/pi/wow_ws/install/ublox_gps/include/ublox_gps/ublox_gps/hp_pos_rec_product.hpp
-- Up-to-date symlink: /home/pi/wow_ws/install/ublox_gps/include/ublox_gps/ublox_gps/hpg_ref_product.hpp
-- Up-to-date symlink: /home/pi/wow_ws/install/ublox_gps/include/ublox_gps/ublox_gps/hpg_rov_product.hpp
-- Up-to-date symlink: /home/pi/wow_ws/install/ublox_gps/include/ublox_gps/ublox_gps/mkgmtime.h
-- Up-to-date symlink: /home/pi/wow_ws/install/ublox_gps/include/ublox_gps/ublox_gps/node.hpp
-- Up-to-date symlink: /home/pi/wow_ws/install/ublox_gps/include/ublox_gps/ublox_gps/raw_data_pa.hpp
-- Up-to-date symlink: /home/pi/wow_ws/install/ublox_gps/include/ublox_gps/ublox_gps/raw_data_product.hpp
-- Up-to-date symlink: /home/pi/wow_ws/install/ublox_gps/include/ublox_gps/ublox_gps/rtcm.hpp
-- Up-to-date symlink: /home/pi/wow_ws/install/ublox_gps/include/ublox_gps/ublox_gps/tim_product.hpp
-- Up-to-date symlink: /home/pi/wow_ws/install/ublox_gps/include/ublox_gps/ublox_gps/ublox_firmware.hpp
-- Up-to-date symlink: /home/pi/wow_ws/install/ublox_gps/include/ublox_gps/ublox_gps/ublox_firmware6.hpp
-- Up-to-date symlink: /home/pi/wow_ws/install/ublox_gps/include/ublox_gps/ublox_gps/ublox_firmware7.hpp
-- Up-to-date symlink: /home/pi/wow_ws/install/ublox_gps/include/ublox_gps/ublox_gps/ublox_firmware7plus.hpp
-- Up-to-date symlink: /home/pi/wow_ws/install/ublox_gps/include/ublox_gps/ublox_gps/ublox_firmware8.hpp
-- Up-to-date symlink: /home/pi/wow_ws/install/ublox_gps/include/ublox_gps/ublox_gps/ublox_firmware9.hpp
-- Up-to-date symlink: /home/pi/wow_ws/install/ublox_gps/include/ublox_gps/ublox_gps/ublox_topic_diagnostic.hpp
-- Up-to-date symlink: /home/pi/wow_ws/install/ublox_gps/include/ublox_gps/ublox_gps/utils.hpp
-- Up-to-date symlink: /home/pi/wow_ws/install/ublox_gps/include/ublox_gps/ublox_gps/worker.hpp
-- Up-to-date symlink: /home/pi/wow_ws/install/ublox_gps/share/ublox_gps/launch/ublox_gps_node-composed-launch.py
-- Up-to-date symlink: /home/pi/wow_ws/install/ublox_gps/share/ublox_gps/launch/ublox_gps_node-launch.py
[33mCMake Warning (dev) at ament_cmake_symlink_install/ament_cmake_symlink_install.cmake:62 (file):
  Policy CMP0009 is not set: FILE GLOB_RECURSE calls should not follow
  symlinks by default.  Run "cmake --help-policy CMP0009" for policy details.
  Use the cmake_policy command to set the policy and suppress this warning.
Call Stack (most recent call first):
  ament_cmake_symlink_install/ament_cmake_symlink_install.cmake:320 (ament_cmake_symlink_install_directory)
  cmake_install.cmake:46 (include)
This warning is for project developers.  Use -Wno-dev to suppress it.
[0m
-- Up-to-date symlink: /home/pi/wow_ws/install/ublox_gps/share/ublox_gps/config/build/.built_by
-- Up-to-date symlink: /home/pi/wow_ws/install/ublox_gps/share/ublox_gps/config/build/COLCON_IGNORE
-- Up-to-date symlink: /home/pi/wow_ws/install/ublox_gps/share/ublox_gps/config/c94_m8p_base.yaml
-- Up-to-date symlink: /home/pi/wow_ws/install/ublox_gps/share/ublox_gps/config/c94_m8p_rover.yaml
-- Up-to-date symlink: /home/pi/wow_ws/install/ublox_gps/share/ublox_gps/config/c94_m8t_base.yaml
-- Up-to-date symlink: /home/pi/wow_ws/install/ublox_gps/share/ublox_gps/config/c94_m8t_rover.yaml
-- Up-to-date symlink: /home/pi/wow_ws/install/ublox_gps/share/ublox_gps/config/install/.colcon_install_layout
-- Up-to-date symlink: /home/pi/wow_ws/install/ublox_gps/share/ublox_gps/config/install/COLCON_IGNORE
-- Up-to-date symlink: /home/pi/wow_ws/install/ublox_gps/share/ublox_gps/config/install/_local_setup_util_sh.py
-- Up-to-date symlink: /home/pi/wow_ws/install/ublox_gps/share/ublox_gps/config/install/local_setup.bash
-- Up-to-date symlink: /home/pi/wow_ws/install/ublox_gps/share/ublox_gps/config/install/local_setup.sh
-- Up-to-date symlink: /home/pi/wow_ws/install/ublox_gps/share/ublox_gps/config/install/local_setup.zsh
-- Up-to-date symlink: /home/pi/wow_ws/install/ublox_gps/share/ublox_gps/config/install/setup.bash
-- Up-to-date symlink: /home/pi/wow_ws/install/ublox_gps/share/ublox_gps/config/install/setup.sh
-- Up-to-date symlink: /home/pi/wow_ws/install/ublox_gps/share/ublox_gps/config/install/setup.zsh
-- Up-to-date symlink: /home/pi/wow_ws/install/ublox_gps/share/ublox_gps/config/log/COLCON_IGNORE
-- Up-to-date symlink: /home/pi/wow_ws/install/ublox_gps/share/ublox_gps/config/log/build_2024-06-03_15-03-11/events.log
-- Up-to-date symlink: /home/pi/wow_ws/install/ublox_gps/share/ublox_gps/config/log/build_2024-06-03_15-03-11/logger_all.log
-- Up-to-date symlink: /home/pi/wow_ws/install/ublox_gps/share/ublox_gps/config/log/latest/events.log
-- Up-to-date symlink: /home/pi/wow_ws/install/ublox_gps/share/ublox_gps/config/log/latest/logger_all.log
-- Up-to-date symlink: /home/pi/wow_ws/install/ublox_gps/share/ublox_gps/config/log/latest_build/events.log
-- Up-to-date symlink: /home/pi/wow_ws/install/ublox_gps/share/ublox_gps/config/log/latest_build/logger_all.log
-- Up-to-date symlink: /home/pi/wow_ws/install/ublox_gps/share/ublox_gps/config/neo_m8u_rover.yaml
-- Up-to-date symlink: /home/pi/wow_ws/install/ublox_gps/share/ublox_gps/config/nmea.yaml
-- Up-to-date symlink: /home/pi/wow_ws/install/ublox_gps/share/ublox_gps/config/zed_f9p.yaml
-- Up-to-date symlink: /home/pi/wow_ws/install/ublox_gps/share/ament_index/resource_index/package_run_dependencies/ublox_gps
-- Up-to-date symlink: /home/pi/wow_ws/install/ublox_gps/share/ament_index/resource_index/parent_prefix_path/ublox_gps
-- Up-to-date symlink: /home/pi/wow_ws/install/ublox_gps/share/ublox_gps/environment/ament_prefix_path.sh
-- Up-to-date symlink: /home/pi/wow_ws/install/ublox_gps/share/ublox_gps/environment/ament_prefix_path.dsv
-- Up-to-date symlink: /home/pi/wow_ws/install/ublox_gps/share/ublox_gps/environment/path.sh
-- Up-to-date symlink: /home/pi/wow_ws/install/ublox_gps/share/ublox_gps/environment/path.dsv
-- Up-to-date symlink: /home/pi/wow_ws/install/ublox_gps/share/ublox_gps/local_setup.bash
-- Up-to-date symlink: /home/pi/wow_ws/install/ublox_gps/share/ublox_gps/local_setup.sh
-- Up-to-date symlink: /home/pi/wow_ws/install/ublox_gps/share/ublox_gps/local_setup.zsh
-- Up-to-date symlink: /home/pi/wow_ws/install/ublox_gps/share/ublox_gps/local_setup.dsv
-- Symlinking: /home/pi/wow_ws/install/ublox_gps/share/ublox_gps/package.dsv
-- Up-to-date symlink: /home/pi/wow_ws/install/ublox_gps/share/ament_index/resource_index/packages/ublox_gps
-- Up-to-date symlink: /home/pi/wow_ws/install/ublox_gps/share/ament_index/resource_index/rclcpp_components/ublox_gps
-- Up-to-date symlink: /home/pi/wow_ws/install/ublox_gps/share/ublox_gps/cmake/ament_cmake_export_include_directories-extras.cmake
-- Up-to-date symlink: /home/pi/wow_ws/install/ublox_gps/share/ublox_gps/cmake/ament_cmake_export_targets-extras.cmake
-- Up-to-date symlink: /home/pi/wow_ws/install/ublox_gps/share/ublox_gps/cmake/ublox_gpsConfig.cmake
-- Up-to-date symlink: /home/pi/wow_ws/install/ublox_gps/share/ublox_gps/cmake/ublox_gpsConfig-version.cmake
-- Up-to-date symlink: /home/pi/wow_ws/install/ublox_gps/share/ublox_gps/package.xml
-- Installing: /home/pi/wow_ws/install/ublox_gps/lib/libublox_gps.so
-- Set runtime path of "/home/pi/wow_ws/install/ublox_gps/lib/libublox_gps.so" to ""
-- Up-to-date: /home/pi/wow_ws/install/ublox_gps/share/ublox_gps/cmake/export_ublox_gpsExport.cmake
-- Up-to-date: /home/pi/wow_ws/install/ublox_gps/share/ublox_gps/cmake/export_ublox_gpsExport-noconfig.cmake
