[0.083s] Invoking command in '/home/pi/wow_ws/build/nmea_msgs': CMAKE_PREFIX_PATH=${CMAKE_PREFIX_PATH}:/home/pi/wow_ws/install/bno055:/home/pi/ros2_iron/install/rqt_bag_plugins:/home/pi/ros2_iron/install/rqt_bag:/home/pi/ros2_iron/install/rosbag2_examples_py:/home/pi/ros2_iron/install/launch_testing_examples:/home/pi/ros2_iron/install/ros2bag:/home/pi/ros2_iron/install/tracetools_test:/home/pi/ros2_iron/install/tracetools_launch:/home/pi/ros2_iron/install/topic_monitor:/home/pi/ros2_iron/install/tf2_tools:/home/pi/ros2_iron/install/examples_tf2_py:/home/pi/ros2_iron/install/tf2_ros_py:/home/pi/ros2_iron/install/examples_rclpy_pointcloud_publisher:/home/pi/ros2_iron/install/sensor_msgs_py:/home/pi/ros2_iron/install/quality_of_service_demo_py:/home/pi/ros2_iron/install/rqt_plot:/home/pi/ros2_iron/install/ros2doctor:/home/pi/ros2_iron/install/lifecycle_py:/home/pi/ros2_iron/install/examples_rclpy_minimal_subscriber:/home/pi/ros2_iron/install/examples_rclpy_minimal_service:/home/pi/ros2_iron/install/examples_rclpy_minimal_publisher:/home/pi/ros2_iron/install/examples_rclpy_minimal_client:/home/pi/ros2_iron/install/examples_rclpy_executors:/home/pi/ros2_iron/install/demo_nodes_py:/home/pi/ros2_iron/install/rqt:/home/pi/ros2_iron/install/ros2component:/home/pi/ros2_iron/install/sros2:/home/pi/ros2_iron/install/rqt_topic:/home/pi/ros2_iron/install/rqt_srv:/home/pi/ros2_iron/install/rqt_shell:/home/pi/ros2_iron/install/rqt_service_caller:/home/pi/ros2_iron/install/rqt_reconfigure:/home/pi/ros2_iron/install/rqt_py_console:/home/pi/ros2_iron/install/rqt_publisher:/home/pi/ros2_iron/install/rqt_action:/home/pi/ros2_iron/install/rqt_msg:/home/pi/ros2_iron/install/rqt_console:/home/pi/ros2_iron/install/rqt_graph:/home/pi/ros2_iron/install/rqt_gui_py:/home/pi/ros2_iron/install/rqt_gui:/home/pi/ros2_iron/install/ros2trace:/home/pi/ros2_iron/install/ros2topic:/home/pi/ros2_iron/install/ros2test:/home/pi/ros2_iron/install/ros2param:/home/pi/ros2_iron/install/ros2lifecycle:/home/pi/ros2_iron/install/ros2service:/home/pi/ros2_iron/install/ros2run:/home/pi/ros2_iron/install/ros2launch:/home/pi/ros2_iron/install/ros2pkg:/home/pi/ros2_iron/install/ros2node:/home/pi/ros2_iron/install/ros2multicast:/home/pi/ros2_iron/install/ros2interface:/home/pi/ros2_iron/install/ros2action:/home/pi/ros2_iron/install/ros2cli:/home/pi/ros2_iron/install/launch_testing_ros:/home/pi/ros2_iron/install/launch_ros:/home/pi/ros2_iron/install/examples_rclpy_minimal_action_server:/home/pi/ros2_iron/install/examples_rclpy_minimal_action_client:/home/pi/ros2_iron/install/examples_rclpy_guard_conditions:/home/pi/ros2_iron/install/action_tutorials_py:/home/pi/ros2_iron/install/ament_uncrustify:/home/pi/ros2_iron/install/tracetools_trace:/home/pi/ros2_iron/install/tracetools_read:/home/pi/ros2_iron/install/test_tracetools_launch:/home/pi/ros2_iron/install/test_ros2trace:/home/pi/ros2_iron/install/test_launch_ros:/home/pi/ros2_iron/install/rpyutils:/home/pi/ros2_iron/install/rosidl_runtime_py:/home/pi/ros2_iron/install/rosidl_pycommon:/home/pi/ros2_iron/install/rosidl_cli:/home/pi/ros2_iron/install/launch_pytest:/home/pi/ros2_iron/install/launch_testing:/home/pi/ros2_iron/install/launch_yaml:/home/pi/ros2_iron/install/launch_xml:/home/pi/ros2_iron/install/launch:/home/pi/ros2_iron/install/osrf_pycommon:/home/pi/ros2_iron/install/domain_coordinator:/home/pi/ros2_iron/install/ament_xmllint:/home/pi/ros2_iron/install/ament_pyflakes:/home/pi/ros2_iron/install/ament_pycodestyle:/home/pi/ros2_iron/install/ament_pep257:/home/pi/ros2_iron/install/ament_pclint:/home/pi/ros2_iron/install/ament_package:/home/pi/ros2_iron/install/ament_mypy:/home/pi/ros2_iron/install/ament_lint_cmake:/home/pi/ros2_iron/install/ament_flake8:/home/pi/ros2_iron/install/ament_copyright:/home/pi/ros2_iron/install/ament_lint:/home/pi/ros2_iron/install/ament_index_python:/home/pi/ros2_iron/install/ament_cpplint:/home/pi/ros2_iron/install/ament_cppcheck:/home/pi/ros2_iron/install/ament_clang_tidy:/home/pi/ros2_iron/install/ament_clang_format /usr/bin/cmake /home/pi/wow_ws/src/nmea_msgs -DAMENT_CMAKE_SYMLINK_INSTALL=1 -DCMAKE_INSTALL_PREFIX=/home/pi/wow_ws/install/nmea_msgs
[0.120s] -- Found ament_cmake: 2.0.5 (/home/pi/ros2_iron/install/ament_cmake/share/ament_cmake/cmake)
[0.560s] -- Override CMake install command with custom implementation using symlinks instead of copying resources
[0.576s] -- Found rosidl_default_generators: 1.5.0 (/home/pi/ros2_iron/install/rosidl_default_generators/share/rosidl_default_generators/cmake)
[0.750s] -- Using all available rosidl_typesupport_c: rosidl_typesupport_introspection_c;rosidl_typesupport_fastrtps_c
[0.855s] -- Using all available rosidl_typesupport_cpp: rosidl_typesupport_introspection_cpp;rosidl_typesupport_fastrtps_cpp
[0.903s] -- Found rosidl_adapter: 4.0.1 (/home/pi/ros2_iron/install/rosidl_adapter/share/rosidl_adapter/cmake)
[0.916s] -- Found std_msgs: 5.0.0 (/home/pi/ros2_iron/install/std_msgs/share/std_msgs/cmake)
[2.200s] -- Found ament_cmake_ros: 0.11.2 (/home/pi/ros2_iron/install/ament_cmake_ros/share/ament_cmake_ros/cmake)
[2.488s] -- Using all available rosidl_typesupport_c: rosidl_typesupport_introspection_c;rosidl_typesupport_fastrtps_c
[3.023s] -- Using all available rosidl_typesupport_cpp: rosidl_typesupport_introspection_cpp;rosidl_typesupport_fastrtps_cpp
[3.115s] -- Found python_cmake_module: 0.10.2 (/home/pi/ros2_iron/install/python_cmake_module/share/python_cmake_module/cmake)
[3.209s] -- Using PYTHON_EXECUTABLE: /usr/bin/python3
[3.209s] -- Using PYTHON_INCLUDE_DIRS: /usr/include/python3.11
[3.209s] -- Using PYTHON_LIBRARIES: /usr/lib/aarch64-linux-gnu/libpython3.11.so
[3.895s] -- Configuring done
[4.028s] -- Generating done
[4.034s] -- Build files have been written to: /home/pi/wow_ws/build/nmea_msgs
[4.054s] Invoked command in '/home/pi/wow_ws/build/nmea_msgs' returned '0': CMAKE_PREFIX_PATH=${CMAKE_PREFIX_PATH}:/home/pi/wow_ws/install/bno055:/home/pi/ros2_iron/install/rqt_bag_plugins:/home/pi/ros2_iron/install/rqt_bag:/home/pi/ros2_iron/install/rosbag2_examples_py:/home/pi/ros2_iron/install/launch_testing_examples:/home/pi/ros2_iron/install/ros2bag:/home/pi/ros2_iron/install/tracetools_test:/home/pi/ros2_iron/install/tracetools_launch:/home/pi/ros2_iron/install/topic_monitor:/home/pi/ros2_iron/install/tf2_tools:/home/pi/ros2_iron/install/examples_tf2_py:/home/pi/ros2_iron/install/tf2_ros_py:/home/pi/ros2_iron/install/examples_rclpy_pointcloud_publisher:/home/pi/ros2_iron/install/sensor_msgs_py:/home/pi/ros2_iron/install/quality_of_service_demo_py:/home/pi/ros2_iron/install/rqt_plot:/home/pi/ros2_iron/install/ros2doctor:/home/pi/ros2_iron/install/lifecycle_py:/home/pi/ros2_iron/install/examples_rclpy_minimal_subscriber:/home/pi/ros2_iron/install/examples_rclpy_minimal_service:/home/pi/ros2_iron/install/examples_rclpy_minimal_publisher:/home/pi/ros2_iron/install/examples_rclpy_minimal_client:/home/pi/ros2_iron/install/examples_rclpy_executors:/home/pi/ros2_iron/install/demo_nodes_py:/home/pi/ros2_iron/install/rqt:/home/pi/ros2_iron/install/ros2component:/home/pi/ros2_iron/install/sros2:/home/pi/ros2_iron/install/rqt_topic:/home/pi/ros2_iron/install/rqt_srv:/home/pi/ros2_iron/install/rqt_shell:/home/pi/ros2_iron/install/rqt_service_caller:/home/pi/ros2_iron/install/rqt_reconfigure:/home/pi/ros2_iron/install/rqt_py_console:/home/pi/ros2_iron/install/rqt_publisher:/home/pi/ros2_iron/install/rqt_action:/home/pi/ros2_iron/install/rqt_msg:/home/pi/ros2_iron/install/rqt_console:/home/pi/ros2_iron/install/rqt_graph:/home/pi/ros2_iron/install/rqt_gui_py:/home/pi/ros2_iron/install/rqt_gui:/home/pi/ros2_iron/install/ros2trace:/home/pi/ros2_iron/install/ros2topic:/home/pi/ros2_iron/install/ros2test:/home/pi/ros2_iron/install/ros2param:/home/pi/ros2_iron/install/ros2lifecycle:/home/pi/ros2_iron/install/ros2service:/home/pi/ros2_iron/install/ros2run:/home/pi/ros2_iron/install/ros2launch:/home/pi/ros2_iron/install/ros2pkg:/home/pi/ros2_iron/install/ros2node:/home/pi/ros2_iron/install/ros2multicast:/home/pi/ros2_iron/install/ros2interface:/home/pi/ros2_iron/install/ros2action:/home/pi/ros2_iron/install/ros2cli:/home/pi/ros2_iron/install/launch_testing_ros:/home/pi/ros2_iron/install/launch_ros:/home/pi/ros2_iron/install/examples_rclpy_minimal_action_server:/home/pi/ros2_iron/install/examples_rclpy_minimal_action_client:/home/pi/ros2_iron/install/examples_rclpy_guard_conditions:/home/pi/ros2_iron/install/action_tutorials_py:/home/pi/ros2_iron/install/ament_uncrustify:/home/pi/ros2_iron/install/tracetools_trace:/home/pi/ros2_iron/install/tracetools_read:/home/pi/ros2_iron/install/test_tracetools_launch:/home/pi/ros2_iron/install/test_ros2trace:/home/pi/ros2_iron/install/test_launch_ros:/home/pi/ros2_iron/install/rpyutils:/home/pi/ros2_iron/install/rosidl_runtime_py:/home/pi/ros2_iron/install/rosidl_pycommon:/home/pi/ros2_iron/install/rosidl_cli:/home/pi/ros2_iron/install/launch_pytest:/home/pi/ros2_iron/install/launch_testing:/home/pi/ros2_iron/install/launch_yaml:/home/pi/ros2_iron/install/launch_xml:/home/pi/ros2_iron/install/launch:/home/pi/ros2_iron/install/osrf_pycommon:/home/pi/ros2_iron/install/domain_coordinator:/home/pi/ros2_iron/install/ament_xmllint:/home/pi/ros2_iron/install/ament_pyflakes:/home/pi/ros2_iron/install/ament_pycodestyle:/home/pi/ros2_iron/install/ament_pep257:/home/pi/ros2_iron/install/ament_pclint:/home/pi/ros2_iron/install/ament_package:/home/pi/ros2_iron/install/ament_mypy:/home/pi/ros2_iron/install/ament_lint_cmake:/home/pi/ros2_iron/install/ament_flake8:/home/pi/ros2_iron/install/ament_copyright:/home/pi/ros2_iron/install/ament_lint:/home/pi/ros2_iron/install/ament_index_python:/home/pi/ros2_iron/install/ament_cpplint:/home/pi/ros2_iron/install/ament_cppcheck:/home/pi/ros2_iron/install/ament_clang_tidy:/home/pi/ros2_iron/install/ament_clang_format /usr/bin/cmake /home/pi/wow_ws/src/nmea_msgs -DAMENT_CMAKE_SYMLINK_INSTALL=1 -DCMAKE_INSTALL_PREFIX=/home/pi/wow_ws/install/nmea_msgs
[4.062s] Invoking command in '/home/pi/wow_ws/build/nmea_msgs': CMAKE_PREFIX_PATH=${CMAKE_PREFIX_PATH}:/home/pi/wow_ws/install/bno055:/home/pi/ros2_iron/install/rqt_bag_plugins:/home/pi/ros2_iron/install/rqt_bag:/home/pi/ros2_iron/install/rosbag2_examples_py:/home/pi/ros2_iron/install/launch_testing_examples:/home/pi/ros2_iron/install/ros2bag:/home/pi/ros2_iron/install/tracetools_test:/home/pi/ros2_iron/install/tracetools_launch:/home/pi/ros2_iron/install/topic_monitor:/home/pi/ros2_iron/install/tf2_tools:/home/pi/ros2_iron/install/examples_tf2_py:/home/pi/ros2_iron/install/tf2_ros_py:/home/pi/ros2_iron/install/examples_rclpy_pointcloud_publisher:/home/pi/ros2_iron/install/sensor_msgs_py:/home/pi/ros2_iron/install/quality_of_service_demo_py:/home/pi/ros2_iron/install/rqt_plot:/home/pi/ros2_iron/install/ros2doctor:/home/pi/ros2_iron/install/lifecycle_py:/home/pi/ros2_iron/install/examples_rclpy_minimal_subscriber:/home/pi/ros2_iron/install/examples_rclpy_minimal_service:/home/pi/ros2_iron/install/examples_rclpy_minimal_publisher:/home/pi/ros2_iron/install/examples_rclpy_minimal_client:/home/pi/ros2_iron/install/examples_rclpy_executors:/home/pi/ros2_iron/install/demo_nodes_py:/home/pi/ros2_iron/install/rqt:/home/pi/ros2_iron/install/ros2component:/home/pi/ros2_iron/install/sros2:/home/pi/ros2_iron/install/rqt_topic:/home/pi/ros2_iron/install/rqt_srv:/home/pi/ros2_iron/install/rqt_shell:/home/pi/ros2_iron/install/rqt_service_caller:/home/pi/ros2_iron/install/rqt_reconfigure:/home/pi/ros2_iron/install/rqt_py_console:/home/pi/ros2_iron/install/rqt_publisher:/home/pi/ros2_iron/install/rqt_action:/home/pi/ros2_iron/install/rqt_msg:/home/pi/ros2_iron/install/rqt_console:/home/pi/ros2_iron/install/rqt_graph:/home/pi/ros2_iron/install/rqt_gui_py:/home/pi/ros2_iron/install/rqt_gui:/home/pi/ros2_iron/install/ros2trace:/home/pi/ros2_iron/install/ros2topic:/home/pi/ros2_iron/install/ros2test:/home/pi/ros2_iron/install/ros2param:/home/pi/ros2_iron/install/ros2lifecycle:/home/pi/ros2_iron/install/ros2service:/home/pi/ros2_iron/install/ros2run:/home/pi/ros2_iron/install/ros2launch:/home/pi/ros2_iron/install/ros2pkg:/home/pi/ros2_iron/install/ros2node:/home/pi/ros2_iron/install/ros2multicast:/home/pi/ros2_iron/install/ros2interface:/home/pi/ros2_iron/install/ros2action:/home/pi/ros2_iron/install/ros2cli:/home/pi/ros2_iron/install/launch_testing_ros:/home/pi/ros2_iron/install/launch_ros:/home/pi/ros2_iron/install/examples_rclpy_minimal_action_server:/home/pi/ros2_iron/install/examples_rclpy_minimal_action_client:/home/pi/ros2_iron/install/examples_rclpy_guard_conditions:/home/pi/ros2_iron/install/action_tutorials_py:/home/pi/ros2_iron/install/ament_uncrustify:/home/pi/ros2_iron/install/tracetools_trace:/home/pi/ros2_iron/install/tracetools_read:/home/pi/ros2_iron/install/test_tracetools_launch:/home/pi/ros2_iron/install/test_ros2trace:/home/pi/ros2_iron/install/test_launch_ros:/home/pi/ros2_iron/install/rpyutils:/home/pi/ros2_iron/install/rosidl_runtime_py:/home/pi/ros2_iron/install/rosidl_pycommon:/home/pi/ros2_iron/install/rosidl_cli:/home/pi/ros2_iron/install/launch_pytest:/home/pi/ros2_iron/install/launch_testing:/home/pi/ros2_iron/install/launch_yaml:/home/pi/ros2_iron/install/launch_xml:/home/pi/ros2_iron/install/launch:/home/pi/ros2_iron/install/osrf_pycommon:/home/pi/ros2_iron/install/domain_coordinator:/home/pi/ros2_iron/install/ament_xmllint:/home/pi/ros2_iron/install/ament_pyflakes:/home/pi/ros2_iron/install/ament_pycodestyle:/home/pi/ros2_iron/install/ament_pep257:/home/pi/ros2_iron/install/ament_pclint:/home/pi/ros2_iron/install/ament_package:/home/pi/ros2_iron/install/ament_mypy:/home/pi/ros2_iron/install/ament_lint_cmake:/home/pi/ros2_iron/install/ament_flake8:/home/pi/ros2_iron/install/ament_copyright:/home/pi/ros2_iron/install/ament_lint:/home/pi/ros2_iron/install/ament_index_python:/home/pi/ros2_iron/install/ament_cpplint:/home/pi/ros2_iron/install/ament_cppcheck:/home/pi/ros2_iron/install/ament_clang_tidy:/home/pi/ros2_iron/install/ament_clang_format /usr/bin/cmake --build /home/pi/wow_ws/build/nmea_msgs -- -j4 -l4
[4.252s] [  1%] Built target nmea_msgs__rosidl_generator_type_description
[4.340s] [  1%] Built target ament_cmake_python_symlink_nmea_msgs
[4.381s] [  1%] Built target nmea_msgs__cpp
[4.434s] [ 27%] Built target nmea_msgs__rosidl_generator_c
[4.586s] [ 37%] Built target nmea_msgs__rosidl_typesupport_fastrtps_c
[4.606s] [ 46%] Built target nmea_msgs__rosidl_typesupport_cpp
[4.634s] [ 56%] Built target nmea_msgs__rosidl_typesupport_introspection_c
[4.799s] [ 66%] Built target nmea_msgs__rosidl_typesupport_introspection_cpp
[4.808s] [ 76%] Built target nmea_msgs__rosidl_typesupport_c
[4.901s] [ 85%] Built target nmea_msgs__rosidl_typesupport_fastrtps_cpp
[5.032s] [ 85%] Built target nmea_msgs
[5.185s] [ 86%] Built target nmea_msgs__py
[5.364s] [ 94%] Built target nmea_msgs__rosidl_generator_py
[5.532s] [ 96%] Built target nmea_msgs__rosidl_typesupport_c__pyext
[5.534s] [ 98%] Built target nmea_msgs__rosidl_typesupport_introspection_c__pyext
[5.549s] [100%] Built target nmea_msgs__rosidl_typesupport_fastrtps_c__pyext
[5.966s] running egg_info
[6.030s] writing nmea_msgs.egg-info/PKG-INFO
[6.030s] writing dependency_links to nmea_msgs.egg-info/dependency_links.txt
[6.032s] writing top-level names to nmea_msgs.egg-info/top_level.txt
[6.208s] reading manifest file 'nmea_msgs.egg-info/SOURCES.txt'
[6.208s] writing manifest file 'nmea_msgs.egg-info/SOURCES.txt'
[6.432s] [100%] Built target ament_cmake_python_build_nmea_msgs_egg
[6.470s] Invoked command in '/home/pi/wow_ws/build/nmea_msgs' returned '0': CMAKE_PREFIX_PATH=${CMAKE_PREFIX_PATH}:/home/pi/wow_ws/install/bno055:/home/pi/ros2_iron/install/rqt_bag_plugins:/home/pi/ros2_iron/install/rqt_bag:/home/pi/ros2_iron/install/rosbag2_examples_py:/home/pi/ros2_iron/install/launch_testing_examples:/home/pi/ros2_iron/install/ros2bag:/home/pi/ros2_iron/install/tracetools_test:/home/pi/ros2_iron/install/tracetools_launch:/home/pi/ros2_iron/install/topic_monitor:/home/pi/ros2_iron/install/tf2_tools:/home/pi/ros2_iron/install/examples_tf2_py:/home/pi/ros2_iron/install/tf2_ros_py:/home/pi/ros2_iron/install/examples_rclpy_pointcloud_publisher:/home/pi/ros2_iron/install/sensor_msgs_py:/home/pi/ros2_iron/install/quality_of_service_demo_py:/home/pi/ros2_iron/install/rqt_plot:/home/pi/ros2_iron/install/ros2doctor:/home/pi/ros2_iron/install/lifecycle_py:/home/pi/ros2_iron/install/examples_rclpy_minimal_subscriber:/home/pi/ros2_iron/install/examples_rclpy_minimal_service:/home/pi/ros2_iron/install/examples_rclpy_minimal_publisher:/home/pi/ros2_iron/install/examples_rclpy_minimal_client:/home/pi/ros2_iron/install/examples_rclpy_executors:/home/pi/ros2_iron/install/demo_nodes_py:/home/pi/ros2_iron/install/rqt:/home/pi/ros2_iron/install/ros2component:/home/pi/ros2_iron/install/sros2:/home/pi/ros2_iron/install/rqt_topic:/home/pi/ros2_iron/install/rqt_srv:/home/pi/ros2_iron/install/rqt_shell:/home/pi/ros2_iron/install/rqt_service_caller:/home/pi/ros2_iron/install/rqt_reconfigure:/home/pi/ros2_iron/install/rqt_py_console:/home/pi/ros2_iron/install/rqt_publisher:/home/pi/ros2_iron/install/rqt_action:/home/pi/ros2_iron/install/rqt_msg:/home/pi/ros2_iron/install/rqt_console:/home/pi/ros2_iron/install/rqt_graph:/home/pi/ros2_iron/install/rqt_gui_py:/home/pi/ros2_iron/install/rqt_gui:/home/pi/ros2_iron/install/ros2trace:/home/pi/ros2_iron/install/ros2topic:/home/pi/ros2_iron/install/ros2test:/home/pi/ros2_iron/install/ros2param:/home/pi/ros2_iron/install/ros2lifecycle:/home/pi/ros2_iron/install/ros2service:/home/pi/ros2_iron/install/ros2run:/home/pi/ros2_iron/install/ros2launch:/home/pi/ros2_iron/install/ros2pkg:/home/pi/ros2_iron/install/ros2node:/home/pi/ros2_iron/install/ros2multicast:/home/pi/ros2_iron/install/ros2interface:/home/pi/ros2_iron/install/ros2action:/home/pi/ros2_iron/install/ros2cli:/home/pi/ros2_iron/install/launch_testing_ros:/home/pi/ros2_iron/install/launch_ros:/home/pi/ros2_iron/install/examples_rclpy_minimal_action_server:/home/pi/ros2_iron/install/examples_rclpy_minimal_action_client:/home/pi/ros2_iron/install/examples_rclpy_guard_conditions:/home/pi/ros2_iron/install/action_tutorials_py:/home/pi/ros2_iron/install/ament_uncrustify:/home/pi/ros2_iron/install/tracetools_trace:/home/pi/ros2_iron/install/tracetools_read:/home/pi/ros2_iron/install/test_tracetools_launch:/home/pi/ros2_iron/install/test_ros2trace:/home/pi/ros2_iron/install/test_launch_ros:/home/pi/ros2_iron/install/rpyutils:/home/pi/ros2_iron/install/rosidl_runtime_py:/home/pi/ros2_iron/install/rosidl_pycommon:/home/pi/ros2_iron/install/rosidl_cli:/home/pi/ros2_iron/install/launch_pytest:/home/pi/ros2_iron/install/launch_testing:/home/pi/ros2_iron/install/launch_yaml:/home/pi/ros2_iron/install/launch_xml:/home/pi/ros2_iron/install/launch:/home/pi/ros2_iron/install/osrf_pycommon:/home/pi/ros2_iron/install/domain_coordinator:/home/pi/ros2_iron/install/ament_xmllint:/home/pi/ros2_iron/install/ament_pyflakes:/home/pi/ros2_iron/install/ament_pycodestyle:/home/pi/ros2_iron/install/ament_pep257:/home/pi/ros2_iron/install/ament_pclint:/home/pi/ros2_iron/install/ament_package:/home/pi/ros2_iron/install/ament_mypy:/home/pi/ros2_iron/install/ament_lint_cmake:/home/pi/ros2_iron/install/ament_flake8:/home/pi/ros2_iron/install/ament_copyright:/home/pi/ros2_iron/install/ament_lint:/home/pi/ros2_iron/install/ament_index_python:/home/pi/ros2_iron/install/ament_cpplint:/home/pi/ros2_iron/install/ament_cppcheck:/home/pi/ros2_iron/install/ament_clang_tidy:/home/pi/ros2_iron/install/ament_clang_format /usr/bin/cmake --build /home/pi/wow_ws/build/nmea_msgs -- -j4 -l4
[7.567s] Invoking command in '/home/pi/wow_ws/build/nmea_msgs': CMAKE_PREFIX_PATH=${CMAKE_PREFIX_PATH}:/home/pi/wow_ws/install/bno055:/home/pi/ros2_iron/install/rqt_bag_plugins:/home/pi/ros2_iron/install/rqt_bag:/home/pi/ros2_iron/install/rosbag2_examples_py:/home/pi/ros2_iron/install/launch_testing_examples:/home/pi/ros2_iron/install/ros2bag:/home/pi/ros2_iron/install/tracetools_test:/home/pi/ros2_iron/install/tracetools_launch:/home/pi/ros2_iron/install/topic_monitor:/home/pi/ros2_iron/install/tf2_tools:/home/pi/ros2_iron/install/examples_tf2_py:/home/pi/ros2_iron/install/tf2_ros_py:/home/pi/ros2_iron/install/examples_rclpy_pointcloud_publisher:/home/pi/ros2_iron/install/sensor_msgs_py:/home/pi/ros2_iron/install/quality_of_service_demo_py:/home/pi/ros2_iron/install/rqt_plot:/home/pi/ros2_iron/install/ros2doctor:/home/pi/ros2_iron/install/lifecycle_py:/home/pi/ros2_iron/install/examples_rclpy_minimal_subscriber:/home/pi/ros2_iron/install/examples_rclpy_minimal_service:/home/pi/ros2_iron/install/examples_rclpy_minimal_publisher:/home/pi/ros2_iron/install/examples_rclpy_minimal_client:/home/pi/ros2_iron/install/examples_rclpy_executors:/home/pi/ros2_iron/install/demo_nodes_py:/home/pi/ros2_iron/install/rqt:/home/pi/ros2_iron/install/ros2component:/home/pi/ros2_iron/install/sros2:/home/pi/ros2_iron/install/rqt_topic:/home/pi/ros2_iron/install/rqt_srv:/home/pi/ros2_iron/install/rqt_shell:/home/pi/ros2_iron/install/rqt_service_caller:/home/pi/ros2_iron/install/rqt_reconfigure:/home/pi/ros2_iron/install/rqt_py_console:/home/pi/ros2_iron/install/rqt_publisher:/home/pi/ros2_iron/install/rqt_action:/home/pi/ros2_iron/install/rqt_msg:/home/pi/ros2_iron/install/rqt_console:/home/pi/ros2_iron/install/rqt_graph:/home/pi/ros2_iron/install/rqt_gui_py:/home/pi/ros2_iron/install/rqt_gui:/home/pi/ros2_iron/install/ros2trace:/home/pi/ros2_iron/install/ros2topic:/home/pi/ros2_iron/install/ros2test:/home/pi/ros2_iron/install/ros2param:/home/pi/ros2_iron/install/ros2lifecycle:/home/pi/ros2_iron/install/ros2service:/home/pi/ros2_iron/install/ros2run:/home/pi/ros2_iron/install/ros2launch:/home/pi/ros2_iron/install/ros2pkg:/home/pi/ros2_iron/install/ros2node:/home/pi/ros2_iron/install/ros2multicast:/home/pi/ros2_iron/install/ros2interface:/home/pi/ros2_iron/install/ros2action:/home/pi/ros2_iron/install/ros2cli:/home/pi/ros2_iron/install/launch_testing_ros:/home/pi/ros2_iron/install/launch_ros:/home/pi/ros2_iron/install/examples_rclpy_minimal_action_server:/home/pi/ros2_iron/install/examples_rclpy_minimal_action_client:/home/pi/ros2_iron/install/examples_rclpy_guard_conditions:/home/pi/ros2_iron/install/action_tutorials_py:/home/pi/ros2_iron/install/ament_uncrustify:/home/pi/ros2_iron/install/tracetools_trace:/home/pi/ros2_iron/install/tracetools_read:/home/pi/ros2_iron/install/test_tracetools_launch:/home/pi/ros2_iron/install/test_ros2trace:/home/pi/ros2_iron/install/test_launch_ros:/home/pi/ros2_iron/install/rpyutils:/home/pi/ros2_iron/install/rosidl_runtime_py:/home/pi/ros2_iron/install/rosidl_pycommon:/home/pi/ros2_iron/install/rosidl_cli:/home/pi/ros2_iron/install/launch_pytest:/home/pi/ros2_iron/install/launch_testing:/home/pi/ros2_iron/install/launch_yaml:/home/pi/ros2_iron/install/launch_xml:/home/pi/ros2_iron/install/launch:/home/pi/ros2_iron/install/osrf_pycommon:/home/pi/ros2_iron/install/domain_coordinator:/home/pi/ros2_iron/install/ament_xmllint:/home/pi/ros2_iron/install/ament_pyflakes:/home/pi/ros2_iron/install/ament_pycodestyle:/home/pi/ros2_iron/install/ament_pep257:/home/pi/ros2_iron/install/ament_pclint:/home/pi/ros2_iron/install/ament_package:/home/pi/ros2_iron/install/ament_mypy:/home/pi/ros2_iron/install/ament_lint_cmake:/home/pi/ros2_iron/install/ament_flake8:/home/pi/ros2_iron/install/ament_copyright:/home/pi/ros2_iron/install/ament_lint:/home/pi/ros2_iron/install/ament_index_python:/home/pi/ros2_iron/install/ament_cpplint:/home/pi/ros2_iron/install/ament_cppcheck:/home/pi/ros2_iron/install/ament_clang_tidy:/home/pi/ros2_iron/install/ament_clang_format /usr/bin/cmake --install /home/pi/wow_ws/build/nmea_msgs
[7.598s] -- Install configuration: ""
[7.599s] -- Execute custom install script
[7.599s] -- Up-to-date symlink: /home/pi/wow_ws/install/nmea_msgs/share/ament_index/resource_index/rosidl_interfaces/nmea_msgs
[7.601s] -- Up-to-date symlink: /home/pi/wow_ws/install/nmea_msgs/share/nmea_msgs/msg/Sentence.json
[7.602s] -- Up-to-date symlink: /home/pi/wow_ws/install/nmea_msgs/share/nmea_msgs/msg/Gpgga.json
[7.602s] -- Up-to-date symlink: /home/pi/wow_ws/install/nmea_msgs/share/nmea_msgs/msg/Gpgsa.json
[7.603s] -- Up-to-date symlink: /home/pi/wow_ws/install/nmea_msgs/share/nmea_msgs/msg/Gpgst.json
[7.603s] -- Up-to-date symlink: /home/pi/wow_ws/install/nmea_msgs/share/nmea_msgs/msg/Gpgsv.json
[7.604s] -- Up-to-date symlink: /home/pi/wow_ws/install/nmea_msgs/share/nmea_msgs/msg/GpgsvSatellite.json
[7.604s] -- Up-to-date symlink: /home/pi/wow_ws/install/nmea_msgs/share/nmea_msgs/msg/Gprmc.json
[7.605s] -- Up-to-date symlink: /home/pi/wow_ws/install/nmea_msgs/share/nmea_msgs/msg/Gpvtg.json
[7.608s] -- Up-to-date symlink: /home/pi/wow_ws/install/nmea_msgs/share/nmea_msgs/msg/Gpzda.json
[7.608s] -- Up-to-date symlink: /home/pi/wow_ws/install/nmea_msgs/include/nmea_msgs/nmea_msgs/msg/detail/gpgga__functions.h
[7.608s] -- Up-to-date symlink: /home/pi/wow_ws/install/nmea_msgs/include/nmea_msgs/nmea_msgs/msg/detail/gpgga__struct.h
[7.608s] -- Up-to-date symlink: /home/pi/wow_ws/install/nmea_msgs/include/nmea_msgs/nmea_msgs/msg/detail/gpgga__type_support.h
[7.608s] -- Up-to-date symlink: /home/pi/wow_ws/install/nmea_msgs/include/nmea_msgs/nmea_msgs/msg/detail/gpgsa__functions.h
[7.608s] -- Up-to-date symlink: /home/pi/wow_ws/install/nmea_msgs/include/nmea_msgs/nmea_msgs/msg/detail/gpgsa__struct.h
[7.608s] -- Up-to-date symlink: /home/pi/wow_ws/install/nmea_msgs/include/nmea_msgs/nmea_msgs/msg/detail/gpgsa__type_support.h
[7.608s] -- Up-to-date symlink: /home/pi/wow_ws/install/nmea_msgs/include/nmea_msgs/nmea_msgs/msg/detail/gpgst__functions.h
[7.609s] -- Up-to-date symlink: /home/pi/wow_ws/install/nmea_msgs/include/nmea_msgs/nmea_msgs/msg/detail/gpgst__struct.h
[7.609s] -- Up-to-date symlink: /home/pi/wow_ws/install/nmea_msgs/include/nmea_msgs/nmea_msgs/msg/detail/gpgst__type_support.h
[7.609s] -- Up-to-date symlink: /home/pi/wow_ws/install/nmea_msgs/include/nmea_msgs/nmea_msgs/msg/detail/gpgsv__functions.h
[7.609s] -- Up-to-date symlink: /home/pi/wow_ws/install/nmea_msgs/include/nmea_msgs/nmea_msgs/msg/detail/gpgsv__struct.h
[7.609s] -- Up-to-date symlink: /home/pi/wow_ws/install/nmea_msgs/include/nmea_msgs/nmea_msgs/msg/detail/gpgsv__type_support.h
[7.609s] -- Up-to-date symlink: /home/pi/wow_ws/install/nmea_msgs/include/nmea_msgs/nmea_msgs/msg/detail/gpgsv_satellite__functions.h
[7.609s] -- Up-to-date symlink: /home/pi/wow_ws/install/nmea_msgs/include/nmea_msgs/nmea_msgs/msg/detail/gpgsv_satellite__struct.h
[7.609s] -- Up-to-date symlink: /home/pi/wow_ws/install/nmea_msgs/include/nmea_msgs/nmea_msgs/msg/detail/gpgsv_satellite__type_support.h
[7.610s] -- Up-to-date symlink: /home/pi/wow_ws/install/nmea_msgs/include/nmea_msgs/nmea_msgs/msg/detail/gprmc__functions.h
[7.610s] -- Up-to-date symlink: /home/pi/wow_ws/install/nmea_msgs/include/nmea_msgs/nmea_msgs/msg/detail/gprmc__struct.h
[7.611s] -- Up-to-date symlink: /home/pi/wow_ws/install/nmea_msgs/include/nmea_msgs/nmea_msgs/msg/detail/gprmc__type_support.h
[7.612s] -- Up-to-date symlink: /home/pi/wow_ws/install/nmea_msgs/include/nmea_msgs/nmea_msgs/msg/detail/gpvtg__functions.h
[7.612s] -- Up-to-date symlink: /home/pi/wow_ws/install/nmea_msgs/include/nmea_msgs/nmea_msgs/msg/detail/gpvtg__struct.h
[7.613s] -- Up-to-date symlink: /home/pi/wow_ws/install/nmea_msgs/include/nmea_msgs/nmea_msgs/msg/detail/gpvtg__type_support.h
[7.613s] -- Up-to-date symlink: /home/pi/wow_ws/install/nmea_msgs/include/nmea_msgs/nmea_msgs/msg/detail/gpzda__functions.h
[7.614s] -- Up-to-date symlink: /home/pi/wow_ws/install/nmea_msgs/include/nmea_msgs/nmea_msgs/msg/detail/gpzda__struct.h
[7.614s] -- Up-to-date symlink: /home/pi/wow_ws/install/nmea_msgs/include/nmea_msgs/nmea_msgs/msg/detail/gpzda__type_support.h
[7.614s] -- Up-to-date symlink: /home/pi/wow_ws/install/nmea_msgs/include/nmea_msgs/nmea_msgs/msg/detail/sentence__functions.h
[7.615s] -- Up-to-date symlink: /home/pi/wow_ws/install/nmea_msgs/include/nmea_msgs/nmea_msgs/msg/detail/sentence__struct.h
[7.615s] -- Up-to-date symlink: /home/pi/wow_ws/install/nmea_msgs/include/nmea_msgs/nmea_msgs/msg/detail/sentence__type_support.h
[7.616s] -- Up-to-date symlink: /home/pi/wow_ws/install/nmea_msgs/include/nmea_msgs/nmea_msgs/msg/gpgga.h
[7.617s] -- Up-to-date symlink: /home/pi/wow_ws/install/nmea_msgs/include/nmea_msgs/nmea_msgs/msg/gpgsa.h
[7.617s] -- Up-to-date symlink: /home/pi/wow_ws/install/nmea_msgs/include/nmea_msgs/nmea_msgs/msg/gpgst.h
[7.617s] -- Up-to-date symlink: /home/pi/wow_ws/install/nmea_msgs/include/nmea_msgs/nmea_msgs/msg/gpgsv.h
[7.619s] -- Up-to-date symlink: /home/pi/wow_ws/install/nmea_msgs/include/nmea_msgs/nmea_msgs/msg/gpgsv_satellite.h
[7.619s] -- Up-to-date symlink: /home/pi/wow_ws/install/nmea_msgs/include/nmea_msgs/nmea_msgs/msg/gprmc.h
[7.620s] -- Up-to-date symlink: /home/pi/wow_ws/install/nmea_msgs/include/nmea_msgs/nmea_msgs/msg/gpvtg.h
[7.620s] -- Up-to-date symlink: /home/pi/wow_ws/install/nmea_msgs/include/nmea_msgs/nmea_msgs/msg/gpzda.h
[7.620s] -- Up-to-date symlink: /home/pi/wow_ws/install/nmea_msgs/include/nmea_msgs/nmea_msgs/msg/rosidl_generator_c__visibility_control.h
[7.621s] -- Up-to-date symlink: /home/pi/wow_ws/install/nmea_msgs/include/nmea_msgs/nmea_msgs/msg/sentence.h
[7.621s] -- Up-to-date symlink: /home/pi/wow_ws/install/nmea_msgs/share/nmea_msgs/environment/library_path.sh
[7.622s] -- Up-to-date symlink: /home/pi/wow_ws/install/nmea_msgs/share/nmea_msgs/environment/library_path.dsv
[7.623s] -- Up-to-date symlink: /home/pi/wow_ws/install/nmea_msgs/include/nmea_msgs/nmea_msgs/msg/detail/gpgga__rosidl_typesupport_introspection_c.h
[7.624s] -- Up-to-date symlink: /home/pi/wow_ws/install/nmea_msgs/include/nmea_msgs/nmea_msgs/msg/detail/gpgsa__rosidl_typesupport_introspection_c.h
[7.624s] -- Up-to-date symlink: /home/pi/wow_ws/install/nmea_msgs/include/nmea_msgs/nmea_msgs/msg/detail/gpgst__rosidl_typesupport_introspection_c.h
[7.625s] -- Up-to-date symlink: /home/pi/wow_ws/install/nmea_msgs/include/nmea_msgs/nmea_msgs/msg/detail/gpgsv__rosidl_typesupport_introspection_c.h
[7.625s] -- Up-to-date symlink: /home/pi/wow_ws/install/nmea_msgs/include/nmea_msgs/nmea_msgs/msg/detail/gpgsv_satellite__rosidl_typesupport_introspection_c.h
[7.625s] -- Up-to-date symlink: /home/pi/wow_ws/install/nmea_msgs/include/nmea_msgs/nmea_msgs/msg/detail/gprmc__rosidl_typesupport_introspection_c.h
[7.626s] -- Up-to-date symlink: /home/pi/wow_ws/install/nmea_msgs/include/nmea_msgs/nmea_msgs/msg/detail/gpvtg__rosidl_typesupport_introspection_c.h
[7.626s] -- Up-to-date symlink: /home/pi/wow_ws/install/nmea_msgs/include/nmea_msgs/nmea_msgs/msg/detail/gpzda__rosidl_typesupport_introspection_c.h
[7.626s] -- Up-to-date symlink: /home/pi/wow_ws/install/nmea_msgs/include/nmea_msgs/nmea_msgs/msg/detail/sentence__rosidl_typesupport_introspection_c.h
[7.627s] -- Up-to-date symlink: /home/pi/wow_ws/install/nmea_msgs/include/nmea_msgs/nmea_msgs/msg/rosidl_typesupport_introspection_c__visibility_control.h
[7.628s] -- Up-to-date symlink: /home/pi/wow_ws/install/nmea_msgs/include/nmea_msgs/nmea_msgs/msg/detail/gpgga__rosidl_typesupport_fastrtps_c.h
[7.629s] -- Up-to-date symlink: /home/pi/wow_ws/install/nmea_msgs/include/nmea_msgs/nmea_msgs/msg/detail/gpgsa__rosidl_typesupport_fastrtps_c.h
[7.629s] -- Up-to-date symlink: /home/pi/wow_ws/install/nmea_msgs/include/nmea_msgs/nmea_msgs/msg/detail/gpgst__rosidl_typesupport_fastrtps_c.h
[7.630s] -- Up-to-date symlink: /home/pi/wow_ws/install/nmea_msgs/include/nmea_msgs/nmea_msgs/msg/detail/gpgsv__rosidl_typesupport_fastrtps_c.h
[7.630s] -- Up-to-date symlink: /home/pi/wow_ws/install/nmea_msgs/include/nmea_msgs/nmea_msgs/msg/detail/gpgsv_satellite__rosidl_typesupport_fastrtps_c.h
[7.631s] -- Up-to-date symlink: /home/pi/wow_ws/install/nmea_msgs/include/nmea_msgs/nmea_msgs/msg/detail/gprmc__rosidl_typesupport_fastrtps_c.h
[7.631s] -- Up-to-date symlink: /home/pi/wow_ws/install/nmea_msgs/include/nmea_msgs/nmea_msgs/msg/detail/gpvtg__rosidl_typesupport_fastrtps_c.h
[7.632s] -- Up-to-date symlink: /home/pi/wow_ws/install/nmea_msgs/include/nmea_msgs/nmea_msgs/msg/detail/gpzda__rosidl_typesupport_fastrtps_c.h
[7.632s] -- Up-to-date symlink: /home/pi/wow_ws/install/nmea_msgs/include/nmea_msgs/nmea_msgs/msg/detail/sentence__rosidl_typesupport_fastrtps_c.h
[7.632s] -- Up-to-date symlink: /home/pi/wow_ws/install/nmea_msgs/include/nmea_msgs/nmea_msgs/msg/rosidl_typesupport_fastrtps_c__visibility_control.h
[7.633s] -- Up-to-date symlink: /home/pi/wow_ws/install/nmea_msgs/include/nmea_msgs/nmea_msgs/msg/detail/gpgga__builder.hpp
[7.634s] -- Up-to-date symlink: /home/pi/wow_ws/install/nmea_msgs/include/nmea_msgs/nmea_msgs/msg/detail/gpgga__struct.hpp
[7.634s] -- Up-to-date symlink: /home/pi/wow_ws/install/nmea_msgs/include/nmea_msgs/nmea_msgs/msg/detail/gpgga__traits.hpp
[7.635s] -- Up-to-date symlink: /home/pi/wow_ws/install/nmea_msgs/include/nmea_msgs/nmea_msgs/msg/detail/gpgsa__builder.hpp
[7.635s] -- Up-to-date symlink: /home/pi/wow_ws/install/nmea_msgs/include/nmea_msgs/nmea_msgs/msg/detail/gpgsa__struct.hpp
[7.636s] -- Up-to-date symlink: /home/pi/wow_ws/install/nmea_msgs/include/nmea_msgs/nmea_msgs/msg/detail/gpgsa__traits.hpp
[7.636s] -- Up-to-date symlink: /home/pi/wow_ws/install/nmea_msgs/include/nmea_msgs/nmea_msgs/msg/detail/gpgst__builder.hpp
[7.636s] -- Up-to-date symlink: /home/pi/wow_ws/install/nmea_msgs/include/nmea_msgs/nmea_msgs/msg/detail/gpgst__struct.hpp
[7.637s] -- Up-to-date symlink: /home/pi/wow_ws/install/nmea_msgs/include/nmea_msgs/nmea_msgs/msg/detail/gpgst__traits.hpp
[7.637s] -- Up-to-date symlink: /home/pi/wow_ws/install/nmea_msgs/include/nmea_msgs/nmea_msgs/msg/detail/gpgsv__builder.hpp
[7.637s] -- Up-to-date symlink: /home/pi/wow_ws/install/nmea_msgs/include/nmea_msgs/nmea_msgs/msg/detail/gpgsv__struct.hpp
[7.638s] -- Up-to-date symlink: /home/pi/wow_ws/install/nmea_msgs/include/nmea_msgs/nmea_msgs/msg/detail/gpgsv__traits.hpp
[7.638s] -- Up-to-date symlink: /home/pi/wow_ws/install/nmea_msgs/include/nmea_msgs/nmea_msgs/msg/detail/gpgsv_satellite__builder.hpp
[7.638s] -- Up-to-date symlink: /home/pi/wow_ws/install/nmea_msgs/include/nmea_msgs/nmea_msgs/msg/detail/gpgsv_satellite__struct.hpp
[7.639s] -- Up-to-date symlink: /home/pi/wow_ws/install/nmea_msgs/include/nmea_msgs/nmea_msgs/msg/detail/gpgsv_satellite__traits.hpp
[7.639s] -- Up-to-date symlink: /home/pi/wow_ws/install/nmea_msgs/include/nmea_msgs/nmea_msgs/msg/detail/gprmc__builder.hpp
[7.639s] -- Up-to-date symlink: /home/pi/wow_ws/install/nmea_msgs/include/nmea_msgs/nmea_msgs/msg/detail/gprmc__struct.hpp
[7.640s] -- Up-to-date symlink: /home/pi/wow_ws/install/nmea_msgs/include/nmea_msgs/nmea_msgs/msg/detail/gprmc__traits.hpp
[7.640s] -- Up-to-date symlink: /home/pi/wow_ws/install/nmea_msgs/include/nmea_msgs/nmea_msgs/msg/detail/gpvtg__builder.hpp
[7.641s] -- Up-to-date symlink: /home/pi/wow_ws/install/nmea_msgs/include/nmea_msgs/nmea_msgs/msg/detail/gpvtg__struct.hpp
[7.641s] -- Up-to-date symlink: /home/pi/wow_ws/install/nmea_msgs/include/nmea_msgs/nmea_msgs/msg/detail/gpvtg__traits.hpp
[7.641s] -- Up-to-date symlink: /home/pi/wow_ws/install/nmea_msgs/include/nmea_msgs/nmea_msgs/msg/detail/gpzda__builder.hpp
[7.642s] -- Up-to-date symlink: /home/pi/wow_ws/install/nmea_msgs/include/nmea_msgs/nmea_msgs/msg/detail/gpzda__struct.hpp
[7.642s] -- Up-to-date symlink: /home/pi/wow_ws/install/nmea_msgs/include/nmea_msgs/nmea_msgs/msg/detail/gpzda__traits.hpp
[7.642s] -- Up-to-date symlink: /home/pi/wow_ws/install/nmea_msgs/include/nmea_msgs/nmea_msgs/msg/detail/sentence__builder.hpp
[7.643s] -- Up-to-date symlink: /home/pi/wow_ws/install/nmea_msgs/include/nmea_msgs/nmea_msgs/msg/detail/sentence__struct.hpp
[7.643s] -- Up-to-date symlink: /home/pi/wow_ws/install/nmea_msgs/include/nmea_msgs/nmea_msgs/msg/detail/sentence__traits.hpp
[7.643s] -- Up-to-date symlink: /home/pi/wow_ws/install/nmea_msgs/include/nmea_msgs/nmea_msgs/msg/gpgga.hpp
[7.643s] -- Up-to-date symlink: /home/pi/wow_ws/install/nmea_msgs/include/nmea_msgs/nmea_msgs/msg/gpgsa.hpp
[7.644s] -- Up-to-date symlink: /home/pi/wow_ws/install/nmea_msgs/include/nmea_msgs/nmea_msgs/msg/gpgst.hpp
[7.644s] -- Up-to-date symlink: /home/pi/wow_ws/install/nmea_msgs/include/nmea_msgs/nmea_msgs/msg/gpgsv.hpp
[7.645s] -- Up-to-date symlink: /home/pi/wow_ws/install/nmea_msgs/include/nmea_msgs/nmea_msgs/msg/gpgsv_satellite.hpp
[7.645s] -- Up-to-date symlink: /home/pi/wow_ws/install/nmea_msgs/include/nmea_msgs/nmea_msgs/msg/gprmc.hpp
[7.646s] -- Up-to-date symlink: /home/pi/wow_ws/install/nmea_msgs/include/nmea_msgs/nmea_msgs/msg/gpvtg.hpp
[7.646s] -- Up-to-date symlink: /home/pi/wow_ws/install/nmea_msgs/include/nmea_msgs/nmea_msgs/msg/gpzda.hpp
[7.647s] -- Up-to-date symlink: /home/pi/wow_ws/install/nmea_msgs/include/nmea_msgs/nmea_msgs/msg/sentence.hpp
[7.647s] -- Up-to-date symlink: /home/pi/wow_ws/install/nmea_msgs/include/nmea_msgs/nmea_msgs/msg/detail/gpgga__rosidl_typesupport_introspection_cpp.hpp
[7.648s] -- Up-to-date symlink: /home/pi/wow_ws/install/nmea_msgs/include/nmea_msgs/nmea_msgs/msg/detail/gpgsa__rosidl_typesupport_introspection_cpp.hpp
[7.648s] -- Up-to-date symlink: /home/pi/wow_ws/install/nmea_msgs/include/nmea_msgs/nmea_msgs/msg/detail/gpgst__rosidl_typesupport_introspection_cpp.hpp
[7.648s] -- Up-to-date symlink: /home/pi/wow_ws/install/nmea_msgs/include/nmea_msgs/nmea_msgs/msg/detail/gpgsv__rosidl_typesupport_introspection_cpp.hpp
[7.649s] -- Up-to-date symlink: /home/pi/wow_ws/install/nmea_msgs/include/nmea_msgs/nmea_msgs/msg/detail/gpgsv_satellite__rosidl_typesupport_introspection_cpp.hpp
[7.649s] -- Up-to-date symlink: /home/pi/wow_ws/install/nmea_msgs/include/nmea_msgs/nmea_msgs/msg/detail/gprmc__rosidl_typesupport_introspection_cpp.hpp
[7.650s] -- Up-to-date symlink: /home/pi/wow_ws/install/nmea_msgs/include/nmea_msgs/nmea_msgs/msg/detail/gpvtg__rosidl_typesupport_introspection_cpp.hpp
[7.650s] -- Up-to-date symlink: /home/pi/wow_ws/install/nmea_msgs/include/nmea_msgs/nmea_msgs/msg/detail/gpzda__rosidl_typesupport_introspection_cpp.hpp
[7.652s] -- Up-to-date symlink: /home/pi/wow_ws/install/nmea_msgs/include/nmea_msgs/nmea_msgs/msg/detail/sentence__rosidl_typesupport_introspection_cpp.hpp
[7.652s] -- Up-to-date symlink: /home/pi/wow_ws/install/nmea_msgs/include/nmea_msgs/nmea_msgs/msg/detail/gpgga__rosidl_typesupport_fastrtps_cpp.hpp
[7.653s] -- Up-to-date symlink: /home/pi/wow_ws/install/nmea_msgs/include/nmea_msgs/nmea_msgs/msg/detail/gpgsa__rosidl_typesupport_fastrtps_cpp.hpp
[7.653s] -- Up-to-date symlink: /home/pi/wow_ws/install/nmea_msgs/include/nmea_msgs/nmea_msgs/msg/detail/gpgst__rosidl_typesupport_fastrtps_cpp.hpp
[7.656s] -- Up-to-date symlink: /home/pi/wow_ws/install/nmea_msgs/include/nmea_msgs/nmea_msgs/msg/detail/gpgsv__rosidl_typesupport_fastrtps_cpp.hpp
[7.656s] -- Up-to-date symlink: /home/pi/wow_ws/install/nmea_msgs/include/nmea_msgs/nmea_msgs/msg/detail/gpgsv_satellite__rosidl_typesupport_fastrtps_cpp.hpp
[7.657s] -- Up-to-date symlink: /home/pi/wow_ws/install/nmea_msgs/include/nmea_msgs/nmea_msgs/msg/detail/gprmc__rosidl_typesupport_fastrtps_cpp.hpp
[7.657s] -- Up-to-date symlink: /home/pi/wow_ws/install/nmea_msgs/include/nmea_msgs/nmea_msgs/msg/detail/gpvtg__rosidl_typesupport_fastrtps_cpp.hpp
[7.657s] -- Up-to-date symlink: /home/pi/wow_ws/install/nmea_msgs/include/nmea_msgs/nmea_msgs/msg/detail/gpzda__rosidl_typesupport_fastrtps_cpp.hpp
[7.657s] -- Up-to-date symlink: /home/pi/wow_ws/install/nmea_msgs/include/nmea_msgs/nmea_msgs/msg/detail/sentence__rosidl_typesupport_fastrtps_cpp.hpp
[7.657s] -- Up-to-date symlink: /home/pi/wow_ws/install/nmea_msgs/include/nmea_msgs/nmea_msgs/msg/rosidl_typesupport_fastrtps_cpp__visibility_control.h
[7.657s] -- Up-to-date symlink: /home/pi/wow_ws/install/nmea_msgs/share/nmea_msgs/environment/pythonpath.sh
[7.660s] -- Up-to-date symlink: /home/pi/wow_ws/install/nmea_msgs/share/nmea_msgs/environment/pythonpath.dsv
[7.661s] -- Up-to-date symlink: /home/pi/wow_ws/install/nmea_msgs/lib/python3.11/site-packages/nmea_msgs-2.1.0-py3.11.egg-info/PKG-INFO
[7.661s] -- Up-to-date symlink: /home/pi/wow_ws/install/nmea_msgs/lib/python3.11/site-packages/nmea_msgs-2.1.0-py3.11.egg-info/SOURCES.txt
[7.661s] -- Up-to-date symlink: /home/pi/wow_ws/install/nmea_msgs/lib/python3.11/site-packages/nmea_msgs-2.1.0-py3.11.egg-info/dependency_links.txt
[7.661s] -- Up-to-date symlink: /home/pi/wow_ws/install/nmea_msgs/lib/python3.11/site-packages/nmea_msgs-2.1.0-py3.11.egg-info/top_level.txt
[7.664s] -- Up-to-date symlink: /home/pi/wow_ws/install/nmea_msgs/lib/python3.11/site-packages/nmea_msgs/__init__.py
[7.664s] -- Up-to-date symlink: /home/pi/wow_ws/install/nmea_msgs/lib/python3.11/site-packages/nmea_msgs/_nmea_msgs_s.ep.rosidl_typesupport_c.c
[7.664s] -- Up-to-date symlink: /home/pi/wow_ws/install/nmea_msgs/lib/python3.11/site-packages/nmea_msgs/_nmea_msgs_s.ep.rosidl_typesupport_fastrtps_c.c
[7.664s] -- Up-to-date symlink: /home/pi/wow_ws/install/nmea_msgs/lib/python3.11/site-packages/nmea_msgs/_nmea_msgs_s.ep.rosidl_typesupport_introspection_c.c
[7.664s] -- Up-to-date symlink: /home/pi/wow_ws/install/nmea_msgs/lib/python3.11/site-packages/nmea_msgs/libnmea_msgs__rosidl_generator_py.so
[7.666s] -- Up-to-date symlink: /home/pi/wow_ws/install/nmea_msgs/lib/python3.11/site-packages/nmea_msgs/msg/__init__.py
[7.666s] -- Up-to-date symlink: /home/pi/wow_ws/install/nmea_msgs/lib/python3.11/site-packages/nmea_msgs/msg/_gpgga.py
[7.666s] -- Up-to-date symlink: /home/pi/wow_ws/install/nmea_msgs/lib/python3.11/site-packages/nmea_msgs/msg/_gpgga_s.c
[7.666s] -- Up-to-date symlink: /home/pi/wow_ws/install/nmea_msgs/lib/python3.11/site-packages/nmea_msgs/msg/_gpgsa.py
[7.666s] -- Up-to-date symlink: /home/pi/wow_ws/install/nmea_msgs/lib/python3.11/site-packages/nmea_msgs/msg/_gpgsa_s.c
[7.672s] -- Up-to-date symlink: /home/pi/wow_ws/install/nmea_msgs/lib/python3.11/site-packages/nmea_msgs/msg/_gpgst.py
[7.672s] -- Up-to-date symlink: /home/pi/wow_ws/install/nmea_msgs/lib/python3.11/site-packages/nmea_msgs/msg/_gpgst_s.c
[7.672s] -- Up-to-date symlink: /home/pi/wow_ws/install/nmea_msgs/lib/python3.11/site-packages/nmea_msgs/msg/_gpgsv.py
[7.672s] -- Up-to-date symlink: /home/pi/wow_ws/install/nmea_msgs/lib/python3.11/site-packages/nmea_msgs/msg/_gpgsv_s.c
[7.672s] -- Up-to-date symlink: /home/pi/wow_ws/install/nmea_msgs/lib/python3.11/site-packages/nmea_msgs/msg/_gpgsv_satellite.py
[7.672s] -- Up-to-date symlink: /home/pi/wow_ws/install/nmea_msgs/lib/python3.11/site-packages/nmea_msgs/msg/_gpgsv_satellite_s.c
[7.672s] -- Up-to-date symlink: /home/pi/wow_ws/install/nmea_msgs/lib/python3.11/site-packages/nmea_msgs/msg/_gprmc.py
[7.672s] -- Up-to-date symlink: /home/pi/wow_ws/install/nmea_msgs/lib/python3.11/site-packages/nmea_msgs/msg/_gprmc_s.c
[7.673s] -- Up-to-date symlink: /home/pi/wow_ws/install/nmea_msgs/lib/python3.11/site-packages/nmea_msgs/msg/_gpvtg.py
[7.673s] -- Up-to-date symlink: /home/pi/wow_ws/install/nmea_msgs/lib/python3.11/site-packages/nmea_msgs/msg/_gpvtg_s.c
[7.673s] -- Up-to-date symlink: /home/pi/wow_ws/install/nmea_msgs/lib/python3.11/site-packages/nmea_msgs/msg/_gpzda.py
[7.673s] -- Up-to-date symlink: /home/pi/wow_ws/install/nmea_msgs/lib/python3.11/site-packages/nmea_msgs/msg/_gpzda_s.c
[7.673s] -- Up-to-date symlink: /home/pi/wow_ws/install/nmea_msgs/lib/python3.11/site-packages/nmea_msgs/msg/_sentence.py
[7.673s] -- Up-to-date symlink: /home/pi/wow_ws/install/nmea_msgs/lib/python3.11/site-packages/nmea_msgs/msg/_sentence_s.c
[7.673s] -- Up-to-date symlink: /home/pi/wow_ws/install/nmea_msgs/lib/python3.11/site-packages/nmea_msgs/nmea_msgs_s__rosidl_typesupport_c.cpython-311-aarch64-linux-gnu.so
[7.673s] -- Up-to-date symlink: /home/pi/wow_ws/install/nmea_msgs/lib/python3.11/site-packages/nmea_msgs/nmea_msgs_s__rosidl_typesupport_fastrtps_c.cpython-311-aarch64-linux-gnu.so
[7.673s] -- Up-to-date symlink: /home/pi/wow_ws/install/nmea_msgs/lib/python3.11/site-packages/nmea_msgs/nmea_msgs_s__rosidl_typesupport_introspection_c.cpython-311-aarch64-linux-gnu.so
[7.673s] -- Up-to-date symlink: /home/pi/wow_ws/install/nmea_msgs/lib/python3.11/site-packages/nmea_msgs/nmea_msgs_s__rosidl_typesupport_introspection_c.cpython-311-aarch64-linux-gnu.so
[7.680s] -- Up-to-date symlink: /home/pi/wow_ws/install/nmea_msgs/lib/python3.11/site-packages/nmea_msgs/nmea_msgs_s__rosidl_typesupport_fastrtps_c.cpython-311-aarch64-linux-gnu.so
[7.680s] -- Up-to-date symlink: /home/pi/wow_ws/install/nmea_msgs/lib/python3.11/site-packages/nmea_msgs/nmea_msgs_s__rosidl_typesupport_c.cpython-311-aarch64-linux-gnu.so
[7.680s] -- Up-to-date symlink: /home/pi/wow_ws/install/nmea_msgs/share/nmea_msgs/msg/Sentence.idl
[7.680s] -- Up-to-date symlink: /home/pi/wow_ws/install/nmea_msgs/share/nmea_msgs/msg/Gpgga.idl
[7.680s] -- Up-to-date symlink: /home/pi/wow_ws/install/nmea_msgs/share/nmea_msgs/msg/Gpgsa.idl
[7.681s] -- Up-to-date symlink: /home/pi/wow_ws/install/nmea_msgs/share/nmea_msgs/msg/Gpgst.idl
[7.681s] -- Up-to-date symlink: /home/pi/wow_ws/install/nmea_msgs/share/nmea_msgs/msg/Gpgsv.idl
[7.681s] -- Up-to-date symlink: /home/pi/wow_ws/install/nmea_msgs/share/nmea_msgs/msg/GpgsvSatellite.idl
[7.681s] -- Up-to-date symlink: /home/pi/wow_ws/install/nmea_msgs/share/nmea_msgs/msg/Gprmc.idl
[7.681s] -- Up-to-date symlink: /home/pi/wow_ws/install/nmea_msgs/share/nmea_msgs/msg/Gpvtg.idl
[7.681s] -- Up-to-date symlink: /home/pi/wow_ws/install/nmea_msgs/share/nmea_msgs/msg/Gpzda.idl
[7.681s] -- Up-to-date symlink: /home/pi/wow_ws/install/nmea_msgs/share/nmea_msgs/msg/Sentence.msg
[7.681s] -- Up-to-date symlink: /home/pi/wow_ws/install/nmea_msgs/share/nmea_msgs/msg/Gpgga.msg
[7.681s] -- Up-to-date symlink: /home/pi/wow_ws/install/nmea_msgs/share/nmea_msgs/msg/Gpgsa.msg
[7.681s] -- Up-to-date symlink: /home/pi/wow_ws/install/nmea_msgs/share/nmea_msgs/msg/Gpgst.msg
[7.682s] -- Up-to-date symlink: /home/pi/wow_ws/install/nmea_msgs/share/nmea_msgs/msg/Gpgsv.msg
[7.682s] -- Up-to-date symlink: /home/pi/wow_ws/install/nmea_msgs/share/nmea_msgs/msg/GpgsvSatellite.msg
[7.682s] -- Up-to-date symlink: /home/pi/wow_ws/install/nmea_msgs/share/nmea_msgs/msg/Gprmc.msg
[7.682s] -- Up-to-date symlink: /home/pi/wow_ws/install/nmea_msgs/share/nmea_msgs/msg/Gpvtg.msg
[7.682s] -- Up-to-date symlink: /home/pi/wow_ws/install/nmea_msgs/share/nmea_msgs/msg/Gpzda.msg
[7.682s] -- Up-to-date symlink: /home/pi/wow_ws/install/nmea_msgs/share/ament_index/resource_index/package_run_dependencies/nmea_msgs
[7.682s] -- Up-to-date symlink: /home/pi/wow_ws/install/nmea_msgs/share/ament_index/resource_index/parent_prefix_path/nmea_msgs
[7.683s] -- Up-to-date symlink: /home/pi/wow_ws/install/nmea_msgs/share/nmea_msgs/environment/ament_prefix_path.sh
[7.683s] -- Up-to-date symlink: /home/pi/wow_ws/install/nmea_msgs/share/nmea_msgs/environment/ament_prefix_path.dsv
[7.684s] -- Up-to-date symlink: /home/pi/wow_ws/install/nmea_msgs/share/nmea_msgs/environment/path.sh
[7.684s] -- Up-to-date symlink: /home/pi/wow_ws/install/nmea_msgs/share/nmea_msgs/environment/path.dsv
[7.685s] -- Up-to-date symlink: /home/pi/wow_ws/install/nmea_msgs/share/nmea_msgs/local_setup.bash
[7.685s] -- Up-to-date symlink: /home/pi/wow_ws/install/nmea_msgs/share/nmea_msgs/local_setup.sh
[7.685s] -- Up-to-date symlink: /home/pi/wow_ws/install/nmea_msgs/share/nmea_msgs/local_setup.zsh
[7.686s] -- Up-to-date symlink: /home/pi/wow_ws/install/nmea_msgs/share/nmea_msgs/local_setup.dsv
[7.686s] -- Symlinking: /home/pi/wow_ws/install/nmea_msgs/share/nmea_msgs/package.dsv
[7.719s] -- Up-to-date symlink: /home/pi/wow_ws/install/nmea_msgs/share/ament_index/resource_index/packages/nmea_msgs
[7.719s] -- Up-to-date symlink: /home/pi/wow_ws/install/nmea_msgs/share/nmea_msgs/cmake/rosidl_cmake-extras.cmake
[7.719s] -- Up-to-date symlink: /home/pi/wow_ws/install/nmea_msgs/share/nmea_msgs/cmake/ament_cmake_export_dependencies-extras.cmake
[7.719s] -- Up-to-date symlink: /home/pi/wow_ws/install/nmea_msgs/share/nmea_msgs/cmake/ament_cmake_export_include_directories-extras.cmake
[7.719s] -- Up-to-date symlink: /home/pi/wow_ws/install/nmea_msgs/share/nmea_msgs/cmake/ament_cmake_export_libraries-extras.cmake
[7.719s] -- Up-to-date symlink: /home/pi/wow_ws/install/nmea_msgs/share/nmea_msgs/cmake/ament_cmake_export_targets-extras.cmake
[7.719s] -- Up-to-date symlink: /home/pi/wow_ws/install/nmea_msgs/share/nmea_msgs/cmake/rosidl_cmake_export_typesupport_targets-extras.cmake
[7.719s] -- Up-to-date symlink: /home/pi/wow_ws/install/nmea_msgs/share/nmea_msgs/cmake/rosidl_cmake_export_typesupport_libraries-extras.cmake
[7.719s] -- Up-to-date symlink: /home/pi/wow_ws/install/nmea_msgs/share/nmea_msgs/cmake/nmea_msgsConfig.cmake
[7.720s] -- Up-to-date symlink: /home/pi/wow_ws/install/nmea_msgs/share/nmea_msgs/cmake/nmea_msgsConfig-version.cmake
[7.724s] -- Up-to-date symlink: /home/pi/wow_ws/install/nmea_msgs/share/nmea_msgs/package.xml
[7.724s] -- Up-to-date: /home/pi/wow_ws/install/nmea_msgs/lib/libnmea_msgs__rosidl_generator_c.so
[7.724s] -- Up-to-date: /home/pi/wow_ws/install/nmea_msgs/lib/libnmea_msgs__rosidl_typesupport_introspection_c.so
[7.725s] -- Up-to-date: /home/pi/wow_ws/install/nmea_msgs/lib/libnmea_msgs__rosidl_typesupport_fastrtps_c.so
[7.725s] -- Up-to-date: /home/pi/wow_ws/install/nmea_msgs/lib/libnmea_msgs__rosidl_typesupport_c.so
[7.725s] -- Up-to-date: /home/pi/wow_ws/install/nmea_msgs/lib/libnmea_msgs__rosidl_typesupport_introspection_cpp.so
[7.725s] -- Up-to-date: /home/pi/wow_ws/install/nmea_msgs/lib/libnmea_msgs__rosidl_typesupport_fastrtps_cpp.so
[7.725s] -- Up-to-date: /home/pi/wow_ws/install/nmea_msgs/lib/libnmea_msgs__rosidl_typesupport_cpp.so
[7.927s] Listing '/home/pi/wow_ws/install/nmea_msgs/lib/python3.11/site-packages/nmea_msgs'...
[7.927s] Compiling '/home/pi/wow_ws/install/nmea_msgs/lib/python3.11/site-packages/nmea_msgs/__init__.py'...
[7.927s] Listing '/home/pi/wow_ws/install/nmea_msgs/lib/python3.11/site-packages/nmea_msgs/msg'...
[7.943s] -- Up-to-date: /home/pi/wow_ws/install/nmea_msgs/lib/libnmea_msgs__rosidl_generator_py.so
[7.945s] -- Up-to-date: /home/pi/wow_ws/install/nmea_msgs/share/nmea_msgs/cmake/export_nmea_msgs__rosidl_generator_cExport.cmake
[7.945s] -- Up-to-date: /home/pi/wow_ws/install/nmea_msgs/share/nmea_msgs/cmake/export_nmea_msgs__rosidl_generator_cExport-noconfig.cmake
[7.945s] -- Up-to-date: /home/pi/wow_ws/install/nmea_msgs/share/nmea_msgs/cmake/nmea_msgs__rosidl_typesupport_introspection_cExport.cmake
[7.945s] -- Up-to-date: /home/pi/wow_ws/install/nmea_msgs/share/nmea_msgs/cmake/nmea_msgs__rosidl_typesupport_introspection_cExport-noconfig.cmake
[7.945s] -- Up-to-date: /home/pi/wow_ws/install/nmea_msgs/share/nmea_msgs/cmake/export_nmea_msgs__rosidl_typesupport_fastrtps_cExport.cmake
[7.945s] -- Up-to-date: /home/pi/wow_ws/install/nmea_msgs/share/nmea_msgs/cmake/export_nmea_msgs__rosidl_typesupport_fastrtps_cExport-noconfig.cmake
[7.945s] -- Up-to-date: /home/pi/wow_ws/install/nmea_msgs/share/nmea_msgs/cmake/nmea_msgs__rosidl_typesupport_cExport.cmake
[7.945s] -- Up-to-date: /home/pi/wow_ws/install/nmea_msgs/share/nmea_msgs/cmake/nmea_msgs__rosidl_typesupport_cExport-noconfig.cmake
[7.945s] -- Up-to-date: /home/pi/wow_ws/install/nmea_msgs/share/nmea_msgs/cmake/export_nmea_msgs__rosidl_generator_cppExport.cmake
[7.945s] -- Up-to-date: /home/pi/wow_ws/install/nmea_msgs/share/nmea_msgs/cmake/nmea_msgs__rosidl_typesupport_introspection_cppExport.cmake
[7.945s] -- Up-to-date: /home/pi/wow_ws/install/nmea_msgs/share/nmea_msgs/cmake/nmea_msgs__rosidl_typesupport_introspection_cppExport-noconfig.cmake
[7.949s] -- Up-to-date: /home/pi/wow_ws/install/nmea_msgs/share/nmea_msgs/cmake/export_nmea_msgs__rosidl_typesupport_fastrtps_cppExport.cmake
[7.949s] -- Up-to-date: /home/pi/wow_ws/install/nmea_msgs/share/nmea_msgs/cmake/export_nmea_msgs__rosidl_typesupport_fastrtps_cppExport-noconfig.cmake
[7.949s] -- Up-to-date: /home/pi/wow_ws/install/nmea_msgs/share/nmea_msgs/cmake/nmea_msgs__rosidl_typesupport_cppExport.cmake
[7.949s] -- Up-to-date: /home/pi/wow_ws/install/nmea_msgs/share/nmea_msgs/cmake/nmea_msgs__rosidl_typesupport_cppExport-noconfig.cmake
[7.949s] -- Up-to-date: /home/pi/wow_ws/install/nmea_msgs/share/nmea_msgs/cmake/export_nmea_msgs__rosidl_generator_pyExport.cmake
[7.950s] -- Up-to-date: /home/pi/wow_ws/install/nmea_msgs/share/nmea_msgs/cmake/export_nmea_msgs__rosidl_generator_pyExport-noconfig.cmake
[7.950s] Invoked command in '/home/pi/wow_ws/build/nmea_msgs' returned '0': CMAKE_PREFIX_PATH=${CMAKE_PREFIX_PATH}:/home/pi/wow_ws/install/bno055:/home/pi/ros2_iron/install/rqt_bag_plugins:/home/pi/ros2_iron/install/rqt_bag:/home/pi/ros2_iron/install/rosbag2_examples_py:/home/pi/ros2_iron/install/launch_testing_examples:/home/pi/ros2_iron/install/ros2bag:/home/pi/ros2_iron/install/tracetools_test:/home/pi/ros2_iron/install/tracetools_launch:/home/pi/ros2_iron/install/topic_monitor:/home/pi/ros2_iron/install/tf2_tools:/home/pi/ros2_iron/install/examples_tf2_py:/home/pi/ros2_iron/install/tf2_ros_py:/home/pi/ros2_iron/install/examples_rclpy_pointcloud_publisher:/home/pi/ros2_iron/install/sensor_msgs_py:/home/pi/ros2_iron/install/quality_of_service_demo_py:/home/pi/ros2_iron/install/rqt_plot:/home/pi/ros2_iron/install/ros2doctor:/home/pi/ros2_iron/install/lifecycle_py:/home/pi/ros2_iron/install/examples_rclpy_minimal_subscriber:/home/pi/ros2_iron/install/examples_rclpy_minimal_service:/home/pi/ros2_iron/install/examples_rclpy_minimal_publisher:/home/pi/ros2_iron/install/examples_rclpy_minimal_client:/home/pi/ros2_iron/install/examples_rclpy_executors:/home/pi/ros2_iron/install/demo_nodes_py:/home/pi/ros2_iron/install/rqt:/home/pi/ros2_iron/install/ros2component:/home/pi/ros2_iron/install/sros2:/home/pi/ros2_iron/install/rqt_topic:/home/pi/ros2_iron/install/rqt_srv:/home/pi/ros2_iron/install/rqt_shell:/home/pi/ros2_iron/install/rqt_service_caller:/home/pi/ros2_iron/install/rqt_reconfigure:/home/pi/ros2_iron/install/rqt_py_console:/home/pi/ros2_iron/install/rqt_publisher:/home/pi/ros2_iron/install/rqt_action:/home/pi/ros2_iron/install/rqt_msg:/home/pi/ros2_iron/install/rqt_console:/home/pi/ros2_iron/install/rqt_graph:/home/pi/ros2_iron/install/rqt_gui_py:/home/pi/ros2_iron/install/rqt_gui:/home/pi/ros2_iron/install/ros2trace:/home/pi/ros2_iron/install/ros2topic:/home/pi/ros2_iron/install/ros2test:/home/pi/ros2_iron/install/ros2param:/home/pi/ros2_iron/install/ros2lifecycle:/home/pi/ros2_iron/install/ros2service:/home/pi/ros2_iron/install/ros2run:/home/pi/ros2_iron/install/ros2launch:/home/pi/ros2_iron/install/ros2pkg:/home/pi/ros2_iron/install/ros2node:/home/pi/ros2_iron/install/ros2multicast:/home/pi/ros2_iron/install/ros2interface:/home/pi/ros2_iron/install/ros2action:/home/pi/ros2_iron/install/ros2cli:/home/pi/ros2_iron/install/launch_testing_ros:/home/pi/ros2_iron/install/launch_ros:/home/pi/ros2_iron/install/examples_rclpy_minimal_action_server:/home/pi/ros2_iron/install/examples_rclpy_minimal_action_client:/home/pi/ros2_iron/install/examples_rclpy_guard_conditions:/home/pi/ros2_iron/install/action_tutorials_py:/home/pi/ros2_iron/install/ament_uncrustify:/home/pi/ros2_iron/install/tracetools_trace:/home/pi/ros2_iron/install/tracetools_read:/home/pi/ros2_iron/install/test_tracetools_launch:/home/pi/ros2_iron/install/test_ros2trace:/home/pi/ros2_iron/install/test_launch_ros:/home/pi/ros2_iron/install/rpyutils:/home/pi/ros2_iron/install/rosidl_runtime_py:/home/pi/ros2_iron/install/rosidl_pycommon:/home/pi/ros2_iron/install/rosidl_cli:/home/pi/ros2_iron/install/launch_pytest:/home/pi/ros2_iron/install/launch_testing:/home/pi/ros2_iron/install/launch_yaml:/home/pi/ros2_iron/install/launch_xml:/home/pi/ros2_iron/install/launch:/home/pi/ros2_iron/install/osrf_pycommon:/home/pi/ros2_iron/install/domain_coordinator:/home/pi/ros2_iron/install/ament_xmllint:/home/pi/ros2_iron/install/ament_pyflakes:/home/pi/ros2_iron/install/ament_pycodestyle:/home/pi/ros2_iron/install/ament_pep257:/home/pi/ros2_iron/install/ament_pclint:/home/pi/ros2_iron/install/ament_package:/home/pi/ros2_iron/install/ament_mypy:/home/pi/ros2_iron/install/ament_lint_cmake:/home/pi/ros2_iron/install/ament_flake8:/home/pi/ros2_iron/install/ament_copyright:/home/pi/ros2_iron/install/ament_lint:/home/pi/ros2_iron/install/ament_index_python:/home/pi/ros2_iron/install/ament_cpplint:/home/pi/ros2_iron/install/ament_cppcheck:/home/pi/ros2_iron/install/ament_clang_tidy:/home/pi/ros2_iron/install/ament_clang_format /usr/bin/cmake --install /home/pi/wow_ws/build/nmea_msgs
