[0.500s] DEBUG:colcon:Command line arguments: ['/usr/bin/colcon', 'build', '--packages-select', 'ICM20948']
[0.500s] DEBUG:colcon:Parsed command line arguments: Namespace(log_base=None, log_level=None, verb_name='build', build_base='build', install_base='install', merge_install=False, symlink_install=False, test_result_base=None, continue_on_error=False, executor='parallel', parallel_workers=4, event_handlers=None, ignore_user_meta=False, metas=['./colcon.meta'], base_paths=['.'], packages_ignore=None, packages_ignore_regex=None, paths=None, packages_up_to=None, packages_up_to_regex=None, packages_above=None, packages_above_and_dependencies=None, packages_above_depth=None, packages_select_by_dep=None, packages_skip_by_dep=None, packages_skip_up_to=None, packages_select_build_failed=False, packages_skip_build_finished=False, packages_select_test_failures=False, packages_skip_test_passed=False, packages_select=['ICM20948'], packages_skip=None, packages_select_regex=None, packages_skip_regex=None, packages_start=None, packages_end=None, cmake_args=None, cmake_target=None, cmake_target_skip_unavailable=False, cmake_clean_cache=False, cmake_clean_first=False, cmake_force_configure=False, ament_cmake_args=None, catkin_cmake_args=None, catkin_skip_building_tests=False, verb_parser=<colcon_defaults.argument_parser.defaults.DefaultArgumentsDecorator object at 0x7fffbb20fd90>, verb_extension=<colcon_core.verb.build.BuildVerb object at 0x7fffba633f90>, main=<bound method BuildVerb.main of <colcon_core.verb.build.BuildVerb object at 0x7fffba633f90>>)
[0.594s] Level 1:colcon.colcon_core.package_discovery:discover_packages(colcon_meta) check parameters
[0.594s] Level 1:colcon.colcon_core.package_discovery:discover_packages(recursive) check parameters
[0.594s] Level 1:colcon.colcon_core.package_discovery:discover_packages(ignore) check parameters
[0.594s] Level 1:colcon.colcon_core.package_discovery:discover_packages(path) check parameters
[0.594s] Level 1:colcon.colcon_core.package_discovery:discover_packages(colcon_meta) discover
[0.594s] Level 1:colcon.colcon_core.package_discovery:discover_packages(recursive) discover
[0.594s] INFO:colcon.colcon_core.package_discovery:Crawling recursively for packages in '/home/pi/wow_ws'
[0.594s] Level 1:colcon.colcon_core.package_identification:_identify(.) by extensions ['ignore', 'ignore_ament_install']
[0.595s] Level 1:colcon.colcon_core.package_identification:_identify(.) by extension 'ignore'
[0.595s] Level 1:colcon.colcon_core.package_identification:_identify(.) by extension 'ignore_ament_install'
[0.595s] Level 1:colcon.colcon_core.package_identification:_identify(.) by extensions ['colcon_pkg']
[0.595s] Level 1:colcon.colcon_core.package_identification:_identify(.) by extension 'colcon_pkg'
[0.595s] Level 1:colcon.colcon_core.package_identification:_identify(.) by extensions ['colcon_meta']
[0.595s] Level 1:colcon.colcon_core.package_identification:_identify(.) by extension 'colcon_meta'
[0.595s] Level 1:colcon.colcon_core.package_identification:_identify(.) by extensions ['ros']
[0.595s] Level 1:colcon.colcon_core.package_identification:_identify(.) by extension 'ros'
[0.620s] Level 1:colcon.colcon_core.package_identification:_identify(.) by extensions ['cmake', 'python']
[0.620s] Level 1:colcon.colcon_core.package_identification:_identify(.) by extension 'cmake'
[0.620s] Level 1:colcon.colcon_core.package_identification:_identify(.) by extension 'python'
[0.620s] Level 1:colcon.colcon_core.package_identification:_identify(.) by extensions ['python_setup_py']
[0.621s] Level 1:colcon.colcon_core.package_identification:_identify(.) by extension 'python_setup_py'
[0.621s] Level 1:colcon.colcon_core.package_identification:_identify(build) by extensions ['ignore', 'ignore_ament_install']
[0.621s] Level 1:colcon.colcon_core.package_identification:_identify(build) by extension 'ignore'
[0.621s] Level 1:colcon.colcon_core.package_identification:_identify(build) ignored
[0.621s] Level 1:colcon.colcon_core.package_identification:_identify(install) by extensions ['ignore', 'ignore_ament_install']
[0.621s] Level 1:colcon.colcon_core.package_identification:_identify(install) by extension 'ignore'
[0.621s] Level 1:colcon.colcon_core.package_identification:_identify(install) ignored
[0.621s] Level 1:colcon.colcon_core.package_identification:_identify(log) by extensions ['ignore', 'ignore_ament_install']
[0.621s] Level 1:colcon.colcon_core.package_identification:_identify(log) by extension 'ignore'
[0.621s] Level 1:colcon.colcon_core.package_identification:_identify(log) ignored
[0.621s] Level 1:colcon.colcon_core.package_identification:_identify(src) by extensions ['ignore', 'ignore_ament_install']
[0.621s] Level 1:colcon.colcon_core.package_identification:_identify(src) by extension 'ignore'
[0.621s] Level 1:colcon.colcon_core.package_identification:_identify(src) by extension 'ignore_ament_install'
[0.621s] Level 1:colcon.colcon_core.package_identification:_identify(src) by extensions ['colcon_pkg']
[0.622s] Level 1:colcon.colcon_core.package_identification:_identify(src) by extension 'colcon_pkg'
[0.622s] Level 1:colcon.colcon_core.package_identification:_identify(src) by extensions ['colcon_meta']
[0.622s] Level 1:colcon.colcon_core.package_identification:_identify(src) by extension 'colcon_meta'
[0.622s] Level 1:colcon.colcon_core.package_identification:_identify(src) by extensions ['ros']
[0.622s] Level 1:colcon.colcon_core.package_identification:_identify(src) by extension 'ros'
[0.622s] Level 1:colcon.colcon_core.package_identification:_identify(src) by extensions ['cmake', 'python']
[0.622s] Level 1:colcon.colcon_core.package_identification:_identify(src) by extension 'cmake'
[0.622s] Level 1:colcon.colcon_core.package_identification:_identify(src) by extension 'python'
[0.622s] Level 1:colcon.colcon_core.package_identification:_identify(src) by extensions ['python_setup_py']
[0.622s] Level 1:colcon.colcon_core.package_identification:_identify(src) by extension 'python_setup_py'
[0.622s] Level 1:colcon.colcon_core.package_identification:_identify(src/ICM20948) by extensions ['ignore', 'ignore_ament_install']
[0.622s] Level 1:colcon.colcon_core.package_identification:_identify(src/ICM20948) by extension 'ignore'
[0.622s] Level 1:colcon.colcon_core.package_identification:_identify(src/ICM20948) by extension 'ignore_ament_install'
[0.622s] Level 1:colcon.colcon_core.package_identification:_identify(src/ICM20948) by extensions ['colcon_pkg']
[0.622s] Level 1:colcon.colcon_core.package_identification:_identify(src/ICM20948) by extension 'colcon_pkg'
[0.622s] Level 1:colcon.colcon_core.package_identification:_identify(src/ICM20948) by extensions ['colcon_meta']
[0.622s] Level 1:colcon.colcon_core.package_identification:_identify(src/ICM20948) by extension 'colcon_meta'
[0.622s] Level 1:colcon.colcon_core.package_identification:_identify(src/ICM20948) by extensions ['ros']
[0.622s] Level 1:colcon.colcon_core.package_identification:_identify(src/ICM20948) by extension 'ros'
[0.625s] DEBUG:colcon.colcon_core.package_identification:Package 'src/ICM20948' with type 'ros.ament_python' and name 'ICM20948'
[0.625s] Level 1:colcon.colcon_core.package_identification:_identify(src/bno055) by extensions ['ignore', 'ignore_ament_install']
[0.625s] Level 1:colcon.colcon_core.package_identification:_identify(src/bno055) by extension 'ignore'
[0.625s] Level 1:colcon.colcon_core.package_identification:_identify(src/bno055) by extension 'ignore_ament_install'
[0.625s] Level 1:colcon.colcon_core.package_identification:_identify(src/bno055) by extensions ['colcon_pkg']
[0.625s] Level 1:colcon.colcon_core.package_identification:_identify(src/bno055) by extension 'colcon_pkg'
[0.625s] Level 1:colcon.colcon_core.package_identification:_identify(src/bno055) by extensions ['colcon_meta']
[0.625s] Level 1:colcon.colcon_core.package_identification:_identify(src/bno055) by extension 'colcon_meta'
[0.625s] Level 1:colcon.colcon_core.package_identification:_identify(src/bno055) by extensions ['ros']
[0.625s] Level 1:colcon.colcon_core.package_identification:_identify(src/bno055) by extension 'ros'
[0.626s] DEBUG:colcon.colcon_core.package_identification:Package 'src/bno055' with type 'ros.ament_python' and name 'bno055'
[0.626s] Level 1:colcon.colcon_core.package_identification:_identify(src/diagnostics) by extensions ['ignore', 'ignore_ament_install']
[0.626s] Level 1:colcon.colcon_core.package_identification:_identify(src/diagnostics) by extension 'ignore'
[0.626s] Level 1:colcon.colcon_core.package_identification:_identify(src/diagnostics) by extension 'ignore_ament_install'
[0.626s] Level 1:colcon.colcon_core.package_identification:_identify(src/diagnostics) by extensions ['colcon_pkg']
[0.626s] Level 1:colcon.colcon_core.package_identification:_identify(src/diagnostics) by extension 'colcon_pkg'
[0.626s] Level 1:colcon.colcon_core.package_identification:_identify(src/diagnostics) by extensions ['colcon_meta']
[0.626s] Level 1:colcon.colcon_core.package_identification:_identify(src/diagnostics) by extension 'colcon_meta'
[0.626s] Level 1:colcon.colcon_core.package_identification:_identify(src/diagnostics) by extensions ['ros']
[0.626s] Level 1:colcon.colcon_core.package_identification:_identify(src/diagnostics) by extension 'ros'
[0.626s] Level 1:colcon.colcon_core.package_identification:_identify(src/diagnostics) by extensions ['cmake', 'python']
[0.626s] Level 1:colcon.colcon_core.package_identification:_identify(src/diagnostics) by extension 'cmake'
[0.626s] Level 1:colcon.colcon_core.package_identification:_identify(src/diagnostics) by extension 'python'
[0.626s] Level 1:colcon.colcon_core.package_identification:_identify(src/diagnostics) by extensions ['python_setup_py']
[0.626s] Level 1:colcon.colcon_core.package_identification:_identify(src/diagnostics) by extension 'python_setup_py'
[0.627s] Level 1:colcon.colcon_core.package_identification:_identify(src/diagnostics/diagnostic_aggregator) by extensions ['ignore', 'ignore_ament_install']
[0.627s] Level 1:colcon.colcon_core.package_identification:_identify(src/diagnostics/diagnostic_aggregator) by extension 'ignore'
[0.627s] Level 1:colcon.colcon_core.package_identification:_identify(src/diagnostics/diagnostic_aggregator) by extension 'ignore_ament_install'
[0.627s] Level 1:colcon.colcon_core.package_identification:_identify(src/diagnostics/diagnostic_aggregator) by extensions ['colcon_pkg']
[0.627s] Level 1:colcon.colcon_core.package_identification:_identify(src/diagnostics/diagnostic_aggregator) by extension 'colcon_pkg'
[0.627s] Level 1:colcon.colcon_core.package_identification:_identify(src/diagnostics/diagnostic_aggregator) by extensions ['colcon_meta']
[0.627s] Level 1:colcon.colcon_core.package_identification:_identify(src/diagnostics/diagnostic_aggregator) by extension 'colcon_meta'
[0.627s] Level 1:colcon.colcon_core.package_identification:_identify(src/diagnostics/diagnostic_aggregator) by extensions ['ros']
[0.627s] Level 1:colcon.colcon_core.package_identification:_identify(src/diagnostics/diagnostic_aggregator) by extension 'ros'
[0.628s] DEBUG:colcon.colcon_core.package_identification:Package 'src/diagnostics/diagnostic_aggregator' with type 'ros.ament_cmake' and name 'diagnostic_aggregator'
[0.628s] Level 1:colcon.colcon_core.package_identification:_identify(src/diagnostics/diagnostic_common_diagnostics) by extensions ['ignore', 'ignore_ament_install']
[0.628s] Level 1:colcon.colcon_core.package_identification:_identify(src/diagnostics/diagnostic_common_diagnostics) by extension 'ignore'
[0.628s] Level 1:colcon.colcon_core.package_identification:_identify(src/diagnostics/diagnostic_common_diagnostics) by extension 'ignore_ament_install'
[0.628s] Level 1:colcon.colcon_core.package_identification:_identify(src/diagnostics/diagnostic_common_diagnostics) by extensions ['colcon_pkg']
[0.628s] Level 1:colcon.colcon_core.package_identification:_identify(src/diagnostics/diagnostic_common_diagnostics) by extension 'colcon_pkg'
[0.628s] Level 1:colcon.colcon_core.package_identification:_identify(src/diagnostics/diagnostic_common_diagnostics) by extensions ['colcon_meta']
[0.628s] Level 1:colcon.colcon_core.package_identification:_identify(src/diagnostics/diagnostic_common_diagnostics) by extension 'colcon_meta'
[0.628s] Level 1:colcon.colcon_core.package_identification:_identify(src/diagnostics/diagnostic_common_diagnostics) by extensions ['ros']
[0.628s] Level 1:colcon.colcon_core.package_identification:_identify(src/diagnostics/diagnostic_common_diagnostics) by extension 'ros'
[0.629s] DEBUG:colcon.colcon_core.package_identification:Package 'src/diagnostics/diagnostic_common_diagnostics' with type 'ros.ament_cmake' and name 'diagnostic_common_diagnostics'
[0.629s] Level 1:colcon.colcon_core.package_identification:_identify(src/diagnostics/diagnostic_updater) by extensions ['ignore', 'ignore_ament_install']
[0.629s] Level 1:colcon.colcon_core.package_identification:_identify(src/diagnostics/diagnostic_updater) by extension 'ignore'
[0.629s] Level 1:colcon.colcon_core.package_identification:_identify(src/diagnostics/diagnostic_updater) by extension 'ignore_ament_install'
[0.629s] Level 1:colcon.colcon_core.package_identification:_identify(src/diagnostics/diagnostic_updater) by extensions ['colcon_pkg']
[0.629s] Level 1:colcon.colcon_core.package_identification:_identify(src/diagnostics/diagnostic_updater) by extension 'colcon_pkg'
[0.629s] Level 1:colcon.colcon_core.package_identification:_identify(src/diagnostics/diagnostic_updater) by extensions ['colcon_meta']
[0.629s] Level 1:colcon.colcon_core.package_identification:_identify(src/diagnostics/diagnostic_updater) by extension 'colcon_meta'
[0.629s] Level 1:colcon.colcon_core.package_identification:_identify(src/diagnostics/diagnostic_updater) by extensions ['ros']
[0.629s] Level 1:colcon.colcon_core.package_identification:_identify(src/diagnostics/diagnostic_updater) by extension 'ros'
[0.630s] DEBUG:colcon.colcon_core.package_identification:Package 'src/diagnostics/diagnostic_updater' with type 'ros.ament_cmake' and name 'diagnostic_updater'
[0.630s] Level 1:colcon.colcon_core.package_identification:_identify(src/diagnostics/diagnostics) by extensions ['ignore', 'ignore_ament_install']
[0.630s] Level 1:colcon.colcon_core.package_identification:_identify(src/diagnostics/diagnostics) by extension 'ignore'
[0.630s] Level 1:colcon.colcon_core.package_identification:_identify(src/diagnostics/diagnostics) by extension 'ignore_ament_install'
[0.630s] Level 1:colcon.colcon_core.package_identification:_identify(src/diagnostics/diagnostics) by extensions ['colcon_pkg']
[0.630s] Level 1:colcon.colcon_core.package_identification:_identify(src/diagnostics/diagnostics) by extension 'colcon_pkg'
[0.630s] Level 1:colcon.colcon_core.package_identification:_identify(src/diagnostics/diagnostics) by extensions ['colcon_meta']
[0.630s] Level 1:colcon.colcon_core.package_identification:_identify(src/diagnostics/diagnostics) by extension 'colcon_meta'
[0.630s] Level 1:colcon.colcon_core.package_identification:_identify(src/diagnostics/diagnostics) by extensions ['ros']
[0.630s] Level 1:colcon.colcon_core.package_identification:_identify(src/diagnostics/diagnostics) by extension 'ros'
[0.631s] DEBUG:colcon.colcon_core.package_identification:Package 'src/diagnostics/diagnostics' with type 'ros.ament_cmake' and name 'diagnostics'
[0.631s] Level 1:colcon.colcon_core.package_identification:_identify(src/diagnostics/self_test) by extensions ['ignore', 'ignore_ament_install']
[0.631s] Level 1:colcon.colcon_core.package_identification:_identify(src/diagnostics/self_test) by extension 'ignore'
[0.631s] Level 1:colcon.colcon_core.package_identification:_identify(src/diagnostics/self_test) by extension 'ignore_ament_install'
[0.631s] Level 1:colcon.colcon_core.package_identification:_identify(src/diagnostics/self_test) by extensions ['colcon_pkg']
[0.631s] Level 1:colcon.colcon_core.package_identification:_identify(src/diagnostics/self_test) by extension 'colcon_pkg'
[0.631s] Level 1:colcon.colcon_core.package_identification:_identify(src/diagnostics/self_test) by extensions ['colcon_meta']
[0.631s] Level 1:colcon.colcon_core.package_identification:_identify(src/diagnostics/self_test) by extension 'colcon_meta'
[0.631s] Level 1:colcon.colcon_core.package_identification:_identify(src/diagnostics/self_test) by extensions ['ros']
[0.631s] Level 1:colcon.colcon_core.package_identification:_identify(src/diagnostics/self_test) by extension 'ros'
[0.632s] DEBUG:colcon.colcon_core.package_identification:Package 'src/diagnostics/self_test' with type 'ros.ament_cmake' and name 'self_test'
[0.632s] Level 1:colcon.colcon_core.package_identification:_identify(src/joystick_drivers) by extensions ['ignore', 'ignore_ament_install']
[0.632s] Level 1:colcon.colcon_core.package_identification:_identify(src/joystick_drivers) by extension 'ignore'
[0.632s] Level 1:colcon.colcon_core.package_identification:_identify(src/joystick_drivers) by extension 'ignore_ament_install'
[0.632s] Level 1:colcon.colcon_core.package_identification:_identify(src/joystick_drivers) by extensions ['colcon_pkg']
[0.632s] Level 1:colcon.colcon_core.package_identification:_identify(src/joystick_drivers) by extension 'colcon_pkg'
[0.632s] Level 1:colcon.colcon_core.package_identification:_identify(src/joystick_drivers) by extensions ['colcon_meta']
[0.632s] Level 1:colcon.colcon_core.package_identification:_identify(src/joystick_drivers) by extension 'colcon_meta'
[0.632s] Level 1:colcon.colcon_core.package_identification:_identify(src/joystick_drivers) by extensions ['ros']
[0.632s] Level 1:colcon.colcon_core.package_identification:_identify(src/joystick_drivers) by extension 'ros'
[0.632s] Level 1:colcon.colcon_core.package_identification:_identify(src/joystick_drivers) by extensions ['cmake', 'python']
[0.632s] Level 1:colcon.colcon_core.package_identification:_identify(src/joystick_drivers) by extension 'cmake'
[0.632s] Level 1:colcon.colcon_core.package_identification:_identify(src/joystick_drivers) by extension 'python'
[0.632s] Level 1:colcon.colcon_core.package_identification:_identify(src/joystick_drivers) by extensions ['python_setup_py']
[0.632s] Level 1:colcon.colcon_core.package_identification:_identify(src/joystick_drivers) by extension 'python_setup_py'
[0.633s] Level 1:colcon.colcon_core.package_identification:_identify(src/joystick_drivers/joy) by extensions ['ignore', 'ignore_ament_install']
[0.633s] Level 1:colcon.colcon_core.package_identification:_identify(src/joystick_drivers/joy) by extension 'ignore'
[0.633s] Level 1:colcon.colcon_core.package_identification:_identify(src/joystick_drivers/joy) by extension 'ignore_ament_install'
[0.633s] Level 1:colcon.colcon_core.package_identification:_identify(src/joystick_drivers/joy) by extensions ['colcon_pkg']
[0.633s] Level 1:colcon.colcon_core.package_identification:_identify(src/joystick_drivers/joy) by extension 'colcon_pkg'
[0.633s] Level 1:colcon.colcon_core.package_identification:_identify(src/joystick_drivers/joy) by extensions ['colcon_meta']
[0.633s] Level 1:colcon.colcon_core.package_identification:_identify(src/joystick_drivers/joy) by extension 'colcon_meta'
[0.633s] Level 1:colcon.colcon_core.package_identification:_identify(src/joystick_drivers/joy) by extensions ['ros']
[0.633s] Level 1:colcon.colcon_core.package_identification:_identify(src/joystick_drivers/joy) by extension 'ros'
[0.634s] DEBUG:colcon.colcon_core.package_identification:Package 'src/joystick_drivers/joy' with type 'ros.ament_cmake' and name 'joy'
[0.634s] Level 1:colcon.colcon_core.package_identification:_identify(src/joystick_drivers/joy_linux) by extensions ['ignore', 'ignore_ament_install']
[0.634s] Level 1:colcon.colcon_core.package_identification:_identify(src/joystick_drivers/joy_linux) by extension 'ignore'
[0.634s] Level 1:colcon.colcon_core.package_identification:_identify(src/joystick_drivers/joy_linux) by extension 'ignore_ament_install'
[0.634s] Level 1:colcon.colcon_core.package_identification:_identify(src/joystick_drivers/joy_linux) by extensions ['colcon_pkg']
[0.634s] Level 1:colcon.colcon_core.package_identification:_identify(src/joystick_drivers/joy_linux) by extension 'colcon_pkg'
[0.634s] Level 1:colcon.colcon_core.package_identification:_identify(src/joystick_drivers/joy_linux) by extensions ['colcon_meta']
[0.634s] Level 1:colcon.colcon_core.package_identification:_identify(src/joystick_drivers/joy_linux) by extension 'colcon_meta'
[0.634s] Level 1:colcon.colcon_core.package_identification:_identify(src/joystick_drivers/joy_linux) by extensions ['ros']
[0.634s] Level 1:colcon.colcon_core.package_identification:_identify(src/joystick_drivers/joy_linux) by extension 'ros'
[0.635s] DEBUG:colcon.colcon_core.package_identification:Package 'src/joystick_drivers/joy_linux' with type 'ros.ament_cmake' and name 'joy_linux'
[0.635s] Level 1:colcon.colcon_core.package_identification:_identify(src/joystick_drivers/joystick_drivers) by extensions ['ignore', 'ignore_ament_install']
[0.635s] Level 1:colcon.colcon_core.package_identification:_identify(src/joystick_drivers/joystick_drivers) by extension 'ignore'
[0.635s] Level 1:colcon.colcon_core.package_identification:_identify(src/joystick_drivers/joystick_drivers) by extension 'ignore_ament_install'
[0.635s] Level 1:colcon.colcon_core.package_identification:_identify(src/joystick_drivers/joystick_drivers) by extensions ['colcon_pkg']
[0.635s] Level 1:colcon.colcon_core.package_identification:_identify(src/joystick_drivers/joystick_drivers) by extension 'colcon_pkg'
[0.635s] Level 1:colcon.colcon_core.package_identification:_identify(src/joystick_drivers/joystick_drivers) by extensions ['colcon_meta']
[0.635s] Level 1:colcon.colcon_core.package_identification:_identify(src/joystick_drivers/joystick_drivers) by extension 'colcon_meta'
[0.635s] Level 1:colcon.colcon_core.package_identification:_identify(src/joystick_drivers/joystick_drivers) by extensions ['ros']
[0.635s] Level 1:colcon.colcon_core.package_identification:_identify(src/joystick_drivers/joystick_drivers) by extension 'ros'
[0.635s] Level 1:colcon.colcon_core.package_identification:_identify(src/joystick_drivers/joystick_drivers) ignored
[0.635s] Level 1:colcon.colcon_core.package_identification:_identify(src/joystick_drivers/ps3joy) by extensions ['ignore', 'ignore_ament_install']
[0.635s] Level 1:colcon.colcon_core.package_identification:_identify(src/joystick_drivers/ps3joy) by extension 'ignore'
[0.635s] Level 1:colcon.colcon_core.package_identification:_identify(src/joystick_drivers/ps3joy) by extension 'ignore_ament_install'
[0.635s] Level 1:colcon.colcon_core.package_identification:_identify(src/joystick_drivers/ps3joy) by extensions ['colcon_pkg']
[0.635s] Level 1:colcon.colcon_core.package_identification:_identify(src/joystick_drivers/ps3joy) by extension 'colcon_pkg'
[0.635s] Level 1:colcon.colcon_core.package_identification:_identify(src/joystick_drivers/ps3joy) by extensions ['colcon_meta']
[0.635s] Level 1:colcon.colcon_core.package_identification:_identify(src/joystick_drivers/ps3joy) by extension 'colcon_meta'
[0.635s] Level 1:colcon.colcon_core.package_identification:_identify(src/joystick_drivers/ps3joy) by extensions ['ros']
[0.635s] Level 1:colcon.colcon_core.package_identification:_identify(src/joystick_drivers/ps3joy) by extension 'ros'
[0.635s] Level 1:colcon.colcon_core.package_identification:_identify(src/joystick_drivers/ps3joy) ignored
[0.635s] Level 1:colcon.colcon_core.package_identification:_identify(src/joystick_drivers/sdl2_vendor) by extensions ['ignore', 'ignore_ament_install']
[0.635s] Level 1:colcon.colcon_core.package_identification:_identify(src/joystick_drivers/sdl2_vendor) by extension 'ignore'
[0.636s] Level 1:colcon.colcon_core.package_identification:_identify(src/joystick_drivers/sdl2_vendor) by extension 'ignore_ament_install'
[0.636s] Level 1:colcon.colcon_core.package_identification:_identify(src/joystick_drivers/sdl2_vendor) by extensions ['colcon_pkg']
[0.636s] Level 1:colcon.colcon_core.package_identification:_identify(src/joystick_drivers/sdl2_vendor) by extension 'colcon_pkg'
[0.636s] Level 1:colcon.colcon_core.package_identification:_identify(src/joystick_drivers/sdl2_vendor) by extensions ['colcon_meta']
[0.636s] Level 1:colcon.colcon_core.package_identification:_identify(src/joystick_drivers/sdl2_vendor) by extension 'colcon_meta'
[0.636s] Level 1:colcon.colcon_core.package_identification:_identify(src/joystick_drivers/sdl2_vendor) by extensions ['ros']
[0.636s] Level 1:colcon.colcon_core.package_identification:_identify(src/joystick_drivers/sdl2_vendor) by extension 'ros'
[0.636s] DEBUG:colcon.colcon_core.package_identification:Package 'src/joystick_drivers/sdl2_vendor' with type 'ros.ament_cmake' and name 'sdl2_vendor'
[0.636s] Level 1:colcon.colcon_core.package_identification:_identify(src/joystick_drivers/spacenav) by extensions ['ignore', 'ignore_ament_install']
[0.636s] Level 1:colcon.colcon_core.package_identification:_identify(src/joystick_drivers/spacenav) by extension 'ignore'
[0.636s] Level 1:colcon.colcon_core.package_identification:_identify(src/joystick_drivers/spacenav) by extension 'ignore_ament_install'
[0.636s] Level 1:colcon.colcon_core.package_identification:_identify(src/joystick_drivers/spacenav) by extensions ['colcon_pkg']
[0.636s] Level 1:colcon.colcon_core.package_identification:_identify(src/joystick_drivers/spacenav) by extension 'colcon_pkg'
[0.636s] Level 1:colcon.colcon_core.package_identification:_identify(src/joystick_drivers/spacenav) by extensions ['colcon_meta']
[0.636s] Level 1:colcon.colcon_core.package_identification:_identify(src/joystick_drivers/spacenav) by extension 'colcon_meta'
[0.636s] Level 1:colcon.colcon_core.package_identification:_identify(src/joystick_drivers/spacenav) by extensions ['ros']
[0.636s] Level 1:colcon.colcon_core.package_identification:_identify(src/joystick_drivers/spacenav) by extension 'ros'
[0.637s] DEBUG:colcon.colcon_core.package_identification:Package 'src/joystick_drivers/spacenav' with type 'ros.ament_cmake' and name 'spacenav'
[0.637s] Level 1:colcon.colcon_core.package_identification:_identify(src/nmea_msgs) by extensions ['ignore', 'ignore_ament_install']
[0.637s] Level 1:colcon.colcon_core.package_identification:_identify(src/nmea_msgs) by extension 'ignore'
[0.637s] Level 1:colcon.colcon_core.package_identification:_identify(src/nmea_msgs) by extension 'ignore_ament_install'
[0.637s] Level 1:colcon.colcon_core.package_identification:_identify(src/nmea_msgs) by extensions ['colcon_pkg']
[0.638s] Level 1:colcon.colcon_core.package_identification:_identify(src/nmea_msgs) by extension 'colcon_pkg'
[0.638s] Level 1:colcon.colcon_core.package_identification:_identify(src/nmea_msgs) by extensions ['colcon_meta']
[0.638s] Level 1:colcon.colcon_core.package_identification:_identify(src/nmea_msgs) by extension 'colcon_meta'
[0.638s] Level 1:colcon.colcon_core.package_identification:_identify(src/nmea_msgs) by extensions ['ros']
[0.638s] Level 1:colcon.colcon_core.package_identification:_identify(src/nmea_msgs) by extension 'ros'
[0.638s] DEBUG:colcon.colcon_core.package_identification:Package 'src/nmea_msgs' with type 'ros.ament_cmake' and name 'nmea_msgs'
[0.638s] Level 1:colcon.colcon_core.package_identification:_identify(src/ntrip_client) by extensions ['ignore', 'ignore_ament_install']
[0.638s] Level 1:colcon.colcon_core.package_identification:_identify(src/ntrip_client) by extension 'ignore'
[0.638s] Level 1:colcon.colcon_core.package_identification:_identify(src/ntrip_client) by extension 'ignore_ament_install'
[0.638s] Level 1:colcon.colcon_core.package_identification:_identify(src/ntrip_client) by extensions ['colcon_pkg']
[0.638s] Level 1:colcon.colcon_core.package_identification:_identify(src/ntrip_client) by extension 'colcon_pkg'
[0.638s] Level 1:colcon.colcon_core.package_identification:_identify(src/ntrip_client) by extensions ['colcon_meta']
[0.638s] Level 1:colcon.colcon_core.package_identification:_identify(src/ntrip_client) by extension 'colcon_meta'
[0.638s] Level 1:colcon.colcon_core.package_identification:_identify(src/ntrip_client) by extensions ['ros']
[0.638s] Level 1:colcon.colcon_core.package_identification:_identify(src/ntrip_client) by extension 'ros'
[0.639s] DEBUG:colcon.colcon_core.package_identification:Package 'src/ntrip_client' with type 'ros.ament_python' and name 'ntrip_client'
[0.639s] Level 1:colcon.colcon_core.package_identification:_identify(src/ros-foxglove-bridge) by extensions ['ignore', 'ignore_ament_install']
[0.639s] Level 1:colcon.colcon_core.package_identification:_identify(src/ros-foxglove-bridge) by extension 'ignore'
[0.639s] Level 1:colcon.colcon_core.package_identification:_identify(src/ros-foxglove-bridge) by extension 'ignore_ament_install'
[0.639s] Level 1:colcon.colcon_core.package_identification:_identify(src/ros-foxglove-bridge) by extensions ['colcon_pkg']
[0.639s] Level 1:colcon.colcon_core.package_identification:_identify(src/ros-foxglove-bridge) by extension 'colcon_pkg'
[0.639s] Level 1:colcon.colcon_core.package_identification:_identify(src/ros-foxglove-bridge) by extensions ['colcon_meta']
[0.639s] Level 1:colcon.colcon_core.package_identification:_identify(src/ros-foxglove-bridge) by extension 'colcon_meta'
[0.639s] Level 1:colcon.colcon_core.package_identification:_identify(src/ros-foxglove-bridge) by extensions ['ros']
[0.639s] Level 1:colcon.colcon_core.package_identification:_identify(src/ros-foxglove-bridge) by extension 'ros'
[0.651s] DEBUG:colcon.colcon_core.package_identification:Package 'src/ros-foxglove-bridge' with type 'ros.ament_cmake' and name 'foxglove_bridge'
[0.651s] Level 1:colcon.colcon_core.package_identification:_identify(src/rtcm_msgs) by extensions ['ignore', 'ignore_ament_install']
[0.651s] Level 1:colcon.colcon_core.package_identification:_identify(src/rtcm_msgs) by extension 'ignore'
[0.651s] Level 1:colcon.colcon_core.package_identification:_identify(src/rtcm_msgs) by extension 'ignore_ament_install'
[0.651s] Level 1:colcon.colcon_core.package_identification:_identify(src/rtcm_msgs) by extensions ['colcon_pkg']
[0.651s] Level 1:colcon.colcon_core.package_identification:_identify(src/rtcm_msgs) by extension 'colcon_pkg'
[0.651s] Level 1:colcon.colcon_core.package_identification:_identify(src/rtcm_msgs) by extensions ['colcon_meta']
[0.651s] Level 1:colcon.colcon_core.package_identification:_identify(src/rtcm_msgs) by extension 'colcon_meta'
[0.651s] Level 1:colcon.colcon_core.package_identification:_identify(src/rtcm_msgs) by extensions ['ros']
[0.651s] Level 1:colcon.colcon_core.package_identification:_identify(src/rtcm_msgs) by extension 'ros'
[0.655s] DEBUG:colcon.colcon_core.package_identification:Package 'src/rtcm_msgs' with type 'ros.ament_cmake' and name 'rtcm_msgs'
[0.655s] Level 1:colcon.colcon_core.package_identification:_identify(src/ublox) by extensions ['ignore', 'ignore_ament_install']
[0.655s] Level 1:colcon.colcon_core.package_identification:_identify(src/ublox) by extension 'ignore'
[0.655s] Level 1:colcon.colcon_core.package_identification:_identify(src/ublox) by extension 'ignore_ament_install'
[0.655s] Level 1:colcon.colcon_core.package_identification:_identify(src/ublox) by extensions ['colcon_pkg']
[0.655s] Level 1:colcon.colcon_core.package_identification:_identify(src/ublox) by extension 'colcon_pkg'
[0.655s] Level 1:colcon.colcon_core.package_identification:_identify(src/ublox) by extensions ['colcon_meta']
[0.655s] Level 1:colcon.colcon_core.package_identification:_identify(src/ublox) by extension 'colcon_meta'
[0.655s] Level 1:colcon.colcon_core.package_identification:_identify(src/ublox) by extensions ['ros']
[0.655s] Level 1:colcon.colcon_core.package_identification:_identify(src/ublox) by extension 'ros'
[0.655s] Level 1:colcon.colcon_core.package_identification:_identify(src/ublox) by extensions ['cmake', 'python']
[0.655s] Level 1:colcon.colcon_core.package_identification:_identify(src/ublox) by extension 'cmake'
[0.655s] Level 1:colcon.colcon_core.package_identification:_identify(src/ublox) by extension 'python'
[0.655s] Level 1:colcon.colcon_core.package_identification:_identify(src/ublox) by extensions ['python_setup_py']
[0.655s] Level 1:colcon.colcon_core.package_identification:_identify(src/ublox) by extension 'python_setup_py'
[0.655s] Level 1:colcon.colcon_core.package_identification:_identify(src/ublox/ublox) by extensions ['ignore', 'ignore_ament_install']
[0.655s] Level 1:colcon.colcon_core.package_identification:_identify(src/ublox/ublox) by extension 'ignore'
[0.655s] Level 1:colcon.colcon_core.package_identification:_identify(src/ublox/ublox) by extension 'ignore_ament_install'
[0.655s] Level 1:colcon.colcon_core.package_identification:_identify(src/ublox/ublox) by extensions ['colcon_pkg']
[0.655s] Level 1:colcon.colcon_core.package_identification:_identify(src/ublox/ublox) by extension 'colcon_pkg'
[0.656s] Level 1:colcon.colcon_core.package_identification:_identify(src/ublox/ublox) by extensions ['colcon_meta']
[0.656s] Level 1:colcon.colcon_core.package_identification:_identify(src/ublox/ublox) by extension 'colcon_meta'
[0.656s] Level 1:colcon.colcon_core.package_identification:_identify(src/ublox/ublox) by extensions ['ros']
[0.656s] Level 1:colcon.colcon_core.package_identification:_identify(src/ublox/ublox) by extension 'ros'
[0.656s] DEBUG:colcon.colcon_core.package_identification:Package 'src/ublox/ublox' with type 'ros.ament_cmake' and name 'ublox'
[0.656s] Level 1:colcon.colcon_core.package_identification:_identify(src/ublox/ublox_gps) by extensions ['ignore', 'ignore_ament_install']
[0.656s] Level 1:colcon.colcon_core.package_identification:_identify(src/ublox/ublox_gps) by extension 'ignore'
[0.656s] Level 1:colcon.colcon_core.package_identification:_identify(src/ublox/ublox_gps) by extension 'ignore_ament_install'
[0.656s] Level 1:colcon.colcon_core.package_identification:_identify(src/ublox/ublox_gps) by extensions ['colcon_pkg']
[0.656s] Level 1:colcon.colcon_core.package_identification:_identify(src/ublox/ublox_gps) by extension 'colcon_pkg'
[0.656s] Level 1:colcon.colcon_core.package_identification:_identify(src/ublox/ublox_gps) by extensions ['colcon_meta']
[0.656s] Level 1:colcon.colcon_core.package_identification:_identify(src/ublox/ublox_gps) by extension 'colcon_meta'
[0.656s] Level 1:colcon.colcon_core.package_identification:_identify(src/ublox/ublox_gps) by extensions ['ros']
[0.656s] Level 1:colcon.colcon_core.package_identification:_identify(src/ublox/ublox_gps) by extension 'ros'
[0.658s] DEBUG:colcon.colcon_core.package_identification:Package 'src/ublox/ublox_gps' with type 'ros.ament_cmake' and name 'ublox_gps'
[0.658s] Level 1:colcon.colcon_core.package_identification:_identify(src/ublox/ublox_msgs) by extensions ['ignore', 'ignore_ament_install']
[0.658s] Level 1:colcon.colcon_core.package_identification:_identify(src/ublox/ublox_msgs) by extension 'ignore'
[0.658s] Level 1:colcon.colcon_core.package_identification:_identify(src/ublox/ublox_msgs) by extension 'ignore_ament_install'
[0.658s] Level 1:colcon.colcon_core.package_identification:_identify(src/ublox/ublox_msgs) by extensions ['colcon_pkg']
[0.658s] Level 1:colcon.colcon_core.package_identification:_identify(src/ublox/ublox_msgs) by extension 'colcon_pkg'
[0.658s] Level 1:colcon.colcon_core.package_identification:_identify(src/ublox/ublox_msgs) by extensions ['colcon_meta']
[0.658s] Level 1:colcon.colcon_core.package_identification:_identify(src/ublox/ublox_msgs) by extension 'colcon_meta'
[0.658s] Level 1:colcon.colcon_core.package_identification:_identify(src/ublox/ublox_msgs) by extensions ['ros']
[0.658s] Level 1:colcon.colcon_core.package_identification:_identify(src/ublox/ublox_msgs) by extension 'ros'
[0.659s] DEBUG:colcon.colcon_core.package_identification:Package 'src/ublox/ublox_msgs' with type 'ros.ament_cmake' and name 'ublox_msgs'
[0.659s] Level 1:colcon.colcon_core.package_identification:_identify(src/ublox/ublox_serialization) by extensions ['ignore', 'ignore_ament_install']
[0.659s] Level 1:colcon.colcon_core.package_identification:_identify(src/ublox/ublox_serialization) by extension 'ignore'
[0.659s] Level 1:colcon.colcon_core.package_identification:_identify(src/ublox/ublox_serialization) by extension 'ignore_ament_install'
[0.659s] Level 1:colcon.colcon_core.package_identification:_identify(src/ublox/ublox_serialization) by extensions ['colcon_pkg']
[0.659s] Level 1:colcon.colcon_core.package_identification:_identify(src/ublox/ublox_serialization) by extension 'colcon_pkg'
[0.659s] Level 1:colcon.colcon_core.package_identification:_identify(src/ublox/ublox_serialization) by extensions ['colcon_meta']
[0.659s] Level 1:colcon.colcon_core.package_identification:_identify(src/ublox/ublox_serialization) by extension 'colcon_meta'
[0.659s] Level 1:colcon.colcon_core.package_identification:_identify(src/ublox/ublox_serialization) by extensions ['ros']
[0.659s] Level 1:colcon.colcon_core.package_identification:_identify(src/ublox/ublox_serialization) by extension 'ros'
[0.660s] DEBUG:colcon.colcon_core.package_identification:Package 'src/ublox/ublox_serialization' with type 'ros.ament_cmake' and name 'ublox_serialization'
[0.660s] Level 1:colcon.colcon_core.package_discovery:discover_packages(recursive) using defaults
[0.660s] Level 1:colcon.colcon_core.package_discovery:discover_packages(ignore) discover
[0.660s] Level 1:colcon.colcon_core.package_discovery:discover_packages(ignore) using defaults
[0.660s] Level 1:colcon.colcon_core.package_discovery:discover_packages(path) discover
[0.660s] Level 1:colcon.colcon_core.package_discovery:discover_packages(path) using defaults
[0.710s] INFO:colcon.colcon_core.package_selection:Skipping not selected package 'bno055' in 'src/bno055'
[0.711s] INFO:colcon.colcon_core.package_selection:Skipping not selected package 'diagnostic_aggregator' in 'src/diagnostics/diagnostic_aggregator'
[0.711s] INFO:colcon.colcon_core.package_selection:Skipping not selected package 'diagnostic_updater' in 'src/diagnostics/diagnostic_updater'
[0.711s] INFO:colcon.colcon_core.package_selection:Skipping not selected package 'foxglove_bridge' in 'src/ros-foxglove-bridge'
[0.711s] INFO:colcon.colcon_core.package_selection:Skipping not selected package 'nmea_msgs' in 'src/nmea_msgs'
[0.711s] INFO:colcon.colcon_core.package_selection:Skipping not selected package 'rtcm_msgs' in 'src/rtcm_msgs'
[0.711s] INFO:colcon.colcon_core.package_selection:Skipping not selected package 'sdl2_vendor' in 'src/joystick_drivers/sdl2_vendor'
[0.711s] INFO:colcon.colcon_core.package_selection:Skipping not selected package 'spacenav' in 'src/joystick_drivers/spacenav'
[0.711s] INFO:colcon.colcon_core.package_selection:Skipping not selected package 'ublox_serialization' in 'src/ublox/ublox_serialization'
[0.711s] INFO:colcon.colcon_core.package_selection:Skipping not selected package 'diagnostic_common_diagnostics' in 'src/diagnostics/diagnostic_common_diagnostics'
[0.711s] INFO:colcon.colcon_core.package_selection:Skipping not selected package 'joy' in 'src/joystick_drivers/joy'
[0.711s] INFO:colcon.colcon_core.package_selection:Skipping not selected package 'joy_linux' in 'src/joystick_drivers/joy_linux'
[0.711s] INFO:colcon.colcon_core.package_selection:Skipping not selected package 'ntrip_client' in 'src/ntrip_client'
[0.711s] INFO:colcon.colcon_core.package_selection:Skipping not selected package 'self_test' in 'src/diagnostics/self_test'
[0.711s] INFO:colcon.colcon_core.package_selection:Skipping not selected package 'ublox_msgs' in 'src/ublox/ublox_msgs'
[0.711s] INFO:colcon.colcon_core.package_selection:Skipping not selected package 'diagnostics' in 'src/diagnostics/diagnostics'
[0.711s] INFO:colcon.colcon_core.package_selection:Skipping not selected package 'ublox_gps' in 'src/ublox/ublox_gps'
[0.711s] INFO:colcon.colcon_core.package_selection:Skipping not selected package 'ublox' in 'src/ublox/ublox'
[0.712s] Level 5:colcon.colcon_core.verb:set package 'ICM20948' build argument 'cmake_args' from command line to 'None'
[0.712s] Level 5:colcon.colcon_core.verb:set package 'ICM20948' build argument 'cmake_target' from command line to 'None'
[0.712s] Level 5:colcon.colcon_core.verb:set package 'ICM20948' build argument 'cmake_target_skip_unavailable' from command line to 'False'
[0.712s] Level 5:colcon.colcon_core.verb:set package 'ICM20948' build argument 'cmake_clean_cache' from command line to 'False'
[0.712s] Level 5:colcon.colcon_core.verb:set package 'ICM20948' build argument 'cmake_clean_first' from command line to 'False'
[0.712s] Level 5:colcon.colcon_core.verb:set package 'ICM20948' build argument 'cmake_force_configure' from command line to 'False'
[0.712s] Level 5:colcon.colcon_core.verb:set package 'ICM20948' build argument 'ament_cmake_args' from command line to 'None'
[0.712s] Level 5:colcon.colcon_core.verb:set package 'ICM20948' build argument 'catkin_cmake_args' from command line to 'None'
[0.712s] Level 5:colcon.colcon_core.verb:set package 'ICM20948' build argument 'catkin_skip_building_tests' from command line to 'False'
[0.712s] DEBUG:colcon.colcon_core.verb:Building package 'ICM20948' with the following arguments: {'ament_cmake_args': None, 'build_base': '/home/pi/wow_ws/build/ICM20948', 'catkin_cmake_args': None, 'catkin_skip_building_tests': False, 'cmake_args': None, 'cmake_clean_cache': False, 'cmake_clean_first': False, 'cmake_force_configure': False, 'cmake_target': None, 'cmake_target_skip_unavailable': False, 'install_base': '/home/pi/wow_ws/install/ICM20948', 'merge_install': False, 'path': '/home/pi/wow_ws/src/ICM20948', 'symlink_install': False, 'test_result_base': None}
[0.712s] INFO:colcon.colcon_core.executor:Executing jobs using 'parallel' executor
[0.714s] DEBUG:colcon.colcon_parallel_executor.executor.parallel:run_until_complete
[0.714s] INFO:colcon.colcon_ros.task.ament_python.build:Building ROS package in '/home/pi/wow_ws/src/ICM20948' with build type 'ament_python'
[0.715s] Level 1:colcon.colcon_core.shell:create_environment_hook('ICM20948', 'ament_prefix_path')
[0.722s] INFO:colcon.colcon_core.plugin_system:Skipping extension 'colcon_core.shell.bat': Not used on non-Windows systems
[0.722s] INFO:colcon.colcon_core.shell:Creating environment descriptor '/home/pi/wow_ws/install/ICM20948/share/ICM20948/hook/ament_prefix_path.dsv'
[0.723s] INFO:colcon.colcon_core.shell:Creating environment hook '/home/pi/wow_ws/install/ICM20948/share/ICM20948/hook/ament_prefix_path.sh'
[0.725s] DEBUG:colcon.colcon_core.shell:Skip shell extension 'dsv' for command environment
[1.645s] INFO:colcon.colcon_core.task.python.build:Building Python package in '/home/pi/wow_ws/src/ICM20948'
[1.646s] DEBUG:colcon.colcon_core.shell:Skip shell extension 'dsv' for command environment
[3.200s] DEBUG:colcon.colcon_core.event_handler.log_command:Invoking command in '/home/pi/wow_ws/src/ICM20948': PYTHONPATH=/home/pi/wow_ws/build/ICM20948/prefix_override:/home/pi/wow_ws/install/ICM20948/lib/python3.11/site-packages:${PYTHONPATH} /usr/bin/python3 setup.py egg_info --egg-base ../../build/ICM20948 build --build-base /home/pi/wow_ws/build/ICM20948/build install --record /home/pi/wow_ws/build/ICM20948/install.log --single-version-externally-managed
[4.639s] DEBUG:colcon.colcon_core.event_handler.log_command:Invoked command in '/home/pi/wow_ws/src/ICM20948' returned '0': PYTHONPATH=/home/pi/wow_ws/build/ICM20948/prefix_override:/home/pi/wow_ws/install/ICM20948/lib/python3.11/site-packages:${PYTHONPATH} /usr/bin/python3 setup.py egg_info --egg-base ../../build/ICM20948 build --build-base /home/pi/wow_ws/build/ICM20948/build install --record /home/pi/wow_ws/build/ICM20948/install.log --single-version-externally-managed
[4.647s] Level 1:colcon.colcon_core.environment:checking '/home/pi/wow_ws/install/ICM20948' for CMake module files
[4.647s] Level 1:colcon.colcon_core.environment:checking '/home/pi/wow_ws/install/ICM20948' for CMake config files
[4.648s] Level 1:colcon.colcon_core.environment:checking '/home/pi/wow_ws/install/ICM20948/lib'
[4.648s] Level 1:colcon.colcon_core.environment:checking '/home/pi/wow_ws/install/ICM20948/bin'
[4.648s] Level 1:colcon.colcon_core.environment:checking '/home/pi/wow_ws/install/ICM20948/lib/pkgconfig/ICM20948.pc'
[4.648s] Level 1:colcon.colcon_core.environment:checking '/home/pi/wow_ws/install/ICM20948/lib/python3.11/site-packages'
[4.648s] Level 1:colcon.colcon_core.shell:create_environment_hook('ICM20948', 'pythonpath')
[4.649s] INFO:colcon.colcon_core.shell:Creating environment descriptor '/home/pi/wow_ws/install/ICM20948/share/ICM20948/hook/pythonpath.dsv'
[4.649s] INFO:colcon.colcon_core.shell:Creating environment hook '/home/pi/wow_ws/install/ICM20948/share/ICM20948/hook/pythonpath.sh'
[4.650s] Level 1:colcon.colcon_core.environment:checking '/home/pi/wow_ws/install/ICM20948/bin'
[4.651s] Level 1:colcon.colcon_core.environment:create_environment_scripts_only(ICM20948)
[4.651s] INFO:colcon.colcon_core.shell:Creating package descriptor '/home/pi/wow_ws/install/ICM20948/share/ICM20948/package.dsv'
[4.652s] INFO:colcon.colcon_core.shell:Creating package script '/home/pi/wow_ws/install/ICM20948/share/ICM20948/package.sh'
[4.653s] INFO:colcon.colcon_core.shell:Creating package script '/home/pi/wow_ws/install/ICM20948/share/ICM20948/package.bash'
[4.654s] INFO:colcon.colcon_core.shell:Creating package script '/home/pi/wow_ws/install/ICM20948/share/ICM20948/package.zsh'
[4.655s] Level 1:colcon.colcon_core.environment:create_file_with_runtime_dependencies(/home/pi/wow_ws/install/ICM20948/share/colcon-core/packages/ICM20948)
[4.656s] DEBUG:colcon.colcon_parallel_executor.executor.parallel:closing loop
[4.656s] DEBUG:colcon.colcon_parallel_executor.executor.parallel:loop closed
[4.656s] DEBUG:colcon.colcon_parallel_executor.executor.parallel:run_until_complete finished with '0'
[4.656s] DEBUG:colcon.colcon_core.event_reactor:joining thread
[4.671s] INFO:colcon.colcon_core.plugin_system:Skipping extension 'colcon_notification.desktop_notification.notify_send': Could not find 'notify-send'
[4.671s] INFO:colcon.colcon_core.plugin_system:Skipping extension 'colcon_notification.desktop_notification.terminal_notifier': Not used on non-Darwin systems
[4.671s] INFO:colcon.colcon_core.plugin_system:Skipping extension 'colcon_notification.desktop_notification.win32': Not used on non-Windows systems
[4.671s] INFO:colcon.colcon_notification.desktop_notification:Sending desktop notification using 'notify2'
[4.672s] DEBUG:colcon.colcon_notification.desktop_notification.notify2:Failed to initialize notify2: org.freedesktop.DBus.Error.ServiceUnknown: The name org.freedesktop.Notifications was not provided by any .service files
[4.672s] DEBUG:colcon.colcon_core.event_reactor:joined thread
[4.673s] INFO:colcon.colcon_core.shell:Creating prefix script '/home/pi/wow_ws/install/local_setup.sh'
[4.674s] INFO:colcon.colcon_core.shell:Creating prefix util module '/home/pi/wow_ws/install/_local_setup_util_sh.py'
[4.675s] INFO:colcon.colcon_core.shell:Creating prefix chain script '/home/pi/wow_ws/install/setup.sh'
[4.688s] INFO:colcon.colcon_core.shell:Creating prefix script '/home/pi/wow_ws/install/local_setup.bash'
[4.689s] INFO:colcon.colcon_core.shell:Creating prefix chain script '/home/pi/wow_ws/install/setup.bash'
[4.701s] INFO:colcon.colcon_core.shell:Creating prefix script '/home/pi/wow_ws/install/local_setup.zsh'
[4.703s] INFO:colcon.colcon_core.shell:Creating prefix chain script '/home/pi/wow_ws/install/setup.zsh'
