[2.494s] Invoking command in '/home/pi/wow_ws/src/ICM20948': PYTHONPATH=/home/pi/wow_ws/build/ICM20948/prefix_override:/home/pi/wow_ws/install/ICM20948/lib/python3.11/site-packages:${PYTHONPATH} /usr/bin/python3 setup.py egg_info --egg-base ../../build/ICM20948 build --build-base /home/pi/wow_ws/build/ICM20948/build install --record /home/pi/wow_ws/build/ICM20948/install.log --single-version-externally-managed
[3.364s] running egg_info
[3.399s] writing ../../build/ICM20948/ICM20948.egg-info/PKG-INFO
[3.399s] writing dependency_links to ../../build/ICM20948/ICM20948.egg-info/dependency_links.txt
[3.401s] writing requirements to ../../build/ICM20948/ICM20948.egg-info/requires.txt
[3.402s] writing top-level names to ../../build/ICM20948/ICM20948.egg-info/top_level.txt
[3.478s] reading manifest file '../../build/ICM20948/ICM20948.egg-info/SOURCES.txt'
[3.478s] writing manifest file '../../build/ICM20948/ICM20948.egg-info/SOURCES.txt'
[3.478s] running build
[3.478s] running build_py
[3.478s] running install
[3.478s] /usr/lib/python3/dist-packages/setuptools/command/install.py:34: SetuptoolsDeprecationWarning: setup.py install is deprecated. Use build and pip and other standards-based tools.
[3.478s]   warnings.warn(
[3.491s] running install_lib
[3.527s] running install_data
[3.612s] running install_egg_info
[3.651s] removing '/home/pi/wow_ws/install/ICM20948/lib/python3.11/site-packages/ICM20948-0.0.0-py3.11.egg-info' (and everything under it)
[3.651s] Copying ../../build/ICM20948/ICM20948.egg-info to /home/pi/wow_ws/install/ICM20948/lib/python3.11/site-packages/ICM20948-0.0.0-py3.11.egg-info
[3.652s] running install_scripts
[3.800s] writing list of installed files to '/home/pi/wow_ws/build/ICM20948/install.log'
[3.940s] Invoked command in '/home/pi/wow_ws/src/ICM20948' returned '0': PYTHONPATH=/home/pi/wow_ws/build/ICM20948/prefix_override:/home/pi/wow_ws/install/ICM20948/lib/python3.11/site-packages:${PYTHONPATH} /usr/bin/python3 setup.py egg_info --egg-base ../../build/ICM20948 build --build-base /home/pi/wow_ws/build/ICM20948/build install --record /home/pi/wow_ws/build/ICM20948/install.log --single-version-externally-managed
