[3.636s] Invoking command in '/home/pi/wow_ws/build/ICM20948': PYTHONPATH=/home/pi/wow_ws/build/ICM20948/prefix_override:/home/pi/wow_ws/install/ICM20948/lib/python3.11/site-packages:${PYTHONPATH} /usr/bin/python3 setup.py develop --editable --build-directory /home/pi/wow_ws/build/ICM20948/build --no-deps install_data
[4.951s] running develop
[4.951s] /usr/lib/python3/dist-packages/setuptools/command/easy_install.py:146: EasyInstallDeprecationWarning: easy_install command is deprecated. Use build and pip and other standards-based tools.
[4.951s]   warnings.warn(
[5.046s] /usr/lib/python3/dist-packages/setuptools/command/install.py:34: SetuptoolsDeprecationWarning: setup.py install is deprecated. Use build and pip and other standards-based tools.
[5.046s]   warnings.warn(
[5.637s] running egg_info
[5.686s] writing ICM20948.egg-info/PKG-INFO
[5.686s] writing dependency_links to ICM20948.egg-info/dependency_links.txt
[5.686s] writing entry points to ICM20948.egg-info/entry_points.txt
[5.687s] writing requirements to ICM20948.egg-info/requires.txt
[5.687s] writing top-level names to ICM20948.egg-info/top_level.txt
[5.792s] reading manifest file 'ICM20948.egg-info/SOURCES.txt'
[5.797s] writing manifest file 'ICM20948.egg-info/SOURCES.txt'
[5.856s] running build_ext
[5.856s] Creating /home/pi/wow_ws/install/ICM20948/lib/python3.11/site-packages/ICM20948.egg-link (link to .)
[5.857s] Installing ICM_raw_data script to /home/pi/wow_ws/install/ICM20948/lib/ICM20948
[5.858s] 
[5.858s] Installed /home/pi/wow_ws/build/ICM20948
[5.858s] running install_data
[6.106s] Invoked command in '/home/pi/wow_ws/build/ICM20948' returned '0': PYTHONPATH=/home/pi/wow_ws/build/ICM20948/prefix_override:/home/pi/wow_ws/install/ICM20948/lib/python3.11/site-packages:${PYTHONPATH} /usr/bin/python3 setup.py develop --editable --build-directory /home/pi/wow_ws/build/ICM20948/build --no-deps install_data
