[5.518s] Invoking command in '/home/pi/wow_ws/build/bno055': PYTHONPATH=/home/pi/wow_ws/build/bno055/prefix_override:/home/pi/wow_ws/install/bno055/lib/python3.11/site-packages:${PYTHONPATH} /usr/bin/python3 setup.py develop --editable --build-directory /home/pi/wow_ws/build/bno055/build --no-deps install_data
[6.959s] running develop
[6.959s] /usr/lib/python3/dist-packages/setuptools/command/easy_install.py:146: EasyInstallDeprecationWarning: easy_install command is deprecated. Use build and pip and other standards-based tools.
[6.959s]   warnings.warn(
[7.063s] /usr/lib/python3/dist-packages/setuptools/command/install.py:34: SetuptoolsDeprecationWarning: setup.py install is deprecated. Use build and pip and other standards-based tools.
[7.063s]   warnings.warn(
[7.751s] running egg_info
[7.807s] writing bno055.egg-info/PKG-INFO
[7.807s] writing dependency_links to bno055.egg-info/dependency_links.txt
[7.807s] writing entry points to bno055.egg-info/entry_points.txt
[7.808s] writing requirements to bno055.egg-info/requires.txt
[7.809s] writing top-level names to bno055.egg-info/top_level.txt
[7.941s] reading manifest file 'bno055.egg-info/SOURCES.txt'
[7.942s] writing manifest file 'bno055.egg-info/SOURCES.txt'
[8.010s] running build_ext
[8.010s] Creating /home/pi/wow_ws/install/bno055/lib/python3.11/site-packages/bno055.egg-link (link to .)
[8.011s] Installing bno055 script to /home/pi/wow_ws/install/bno055/lib/bno055
[8.012s] 
[8.012s] Installed /home/pi/wow_ws/build/bno055
[8.012s] running install_data
[9.186s] Invoked command in '/home/pi/wow_ws/build/bno055' returned '0': PYTHONPATH=/home/pi/wow_ws/build/bno055/prefix_override:/home/pi/wow_ws/install/bno055/lib/python3.11/site-packages:${PYTHONPATH} /usr/bin/python3 setup.py develop --editable --build-directory /home/pi/wow_ws/build/bno055/build --no-deps install_data
