[2.688s] Invoking command in '/home/pi/wow_ws/build/wow_ros2': PYTHONPATH=/home/pi/wow_ws/build/wow_ros2/prefix_override:/home/pi/wow_ws/install/wow_ros2/lib/python3.11/site-packages:${PYTHONPATH} /usr/bin/python3 setup.py develop --editable --build-directory /home/pi/wow_ws/build/wow_ros2/build --no-deps install_data
[3.647s] running develop
[3.647s] /usr/lib/python3/dist-packages/setuptools/command/easy_install.py:146: EasyInstallDeprecationWarning: easy_install command is deprecated. Use build and pip and other standards-based tools.
[3.647s]   warnings.warn(
[3.726s] /usr/lib/python3/dist-packages/setuptools/command/install.py:34: SetuptoolsDeprecationWarning: setup.py install is deprecated. Use build and pip and other standards-based tools.
[3.726s]   warnings.warn(
[4.449s] running egg_info
[4.531s] writing wow_ros2.egg-info/PKG-INFO
[4.532s] writing dependency_links to wow_ros2.egg-info/dependency_links.txt
[4.534s] writing entry points to wow_ros2.egg-info/entry_points.txt
[4.534s] writing requirements to wow_ros2.egg-info/requires.txt
[4.535s] writing top-level names to wow_ros2.egg-info/top_level.txt
[4.709s] reading manifest file 'wow_ros2.egg-info/SOURCES.txt'
[4.712s] writing manifest file 'wow_ros2.egg-info/SOURCES.txt'
[4.776s] running build_ext
[4.776s] Creating /home/pi/wow_ws/install/wow_ros2/lib/python3.11/site-packages/wow-ros2.egg-link (link to .)
[4.776s] Installing test_bno055_listener script to /home/pi/wow_ws/install/wow_ros2/lib/wow_ros2
[4.776s] Installing v2_adafruit_interface script to /home/pi/wow_ws/install/wow_ros2/lib/wow_ros2
[4.777s] Installing v2_controller_ol_joystick script to /home/pi/wow_ws/install/wow_ros2/lib/wow_ros2
[4.777s] Installing v2_controller_pid_joystick script to /home/pi/wow_ws/install/wow_ros2/lib/wow_ros2
[4.777s] Installing v2_controller_test script to /home/pi/wow_ws/install/wow_ros2/lib/wow_ros2
[4.778s] Installing v2_lights script to /home/pi/wow_ws/install/wow_ros2/lib/wow_ros2
[4.778s] Installing v4_controller_pid_joystick script to /home/pi/wow_ws/install/wow_ros2/lib/wow_ros2
[4.778s] 
[4.778s] Installed /home/pi/wow_ws/build/wow_ros2
[4.778s] running install_data
[4.963s] Invoked command in '/home/pi/wow_ws/build/wow_ros2' returned '0': PYTHONPATH=/home/pi/wow_ws/build/wow_ros2/prefix_override:/home/pi/wow_ws/install/wow_ros2/lib/python3.11/site-packages:${PYTHONPATH} /usr/bin/python3 setup.py develop --editable --build-directory /home/pi/wow_ws/build/wow_ros2/build --no-deps install_data
