[0.101s] Invoking command in '/home/pi/wow_ws/build/nmea_msgs': CMAKE_PREFIX_PATH=${CMAKE_PREFIX_PATH}:/home/pi/wow_ws/install/ntrip_client:/home/pi/wow_ws/install/bno055:/home/pi/ros2_iron/install/rqt_bag_plugins:/home/pi/ros2_iron/install/rqt_bag:/home/pi/ros2_iron/install/rosbag2_examples_py:/home/pi/ros2_iron/install/launch_testing_examples:/home/pi/ros2_iron/install/ros2bag:/home/pi/ros2_iron/install/tracetools_test:/home/pi/ros2_iron/install/tracetools_launch:/home/pi/ros2_iron/install/topic_monitor:/home/pi/ros2_iron/install/tf2_tools:/home/pi/ros2_iron/install/examples_tf2_py:/home/pi/ros2_iron/install/tf2_ros_py:/home/pi/ros2_iron/install/examples_rclpy_pointcloud_publisher:/home/pi/ros2_iron/install/sensor_msgs_py:/home/pi/ros2_iron/install/quality_of_service_demo_py:/home/pi/ros2_iron/install/rqt_plot:/home/pi/ros2_iron/install/ros2doctor:/home/pi/ros2_iron/install/lifecycle_py:/home/pi/ros2_iron/install/examples_rclpy_minimal_subscriber:/home/pi/ros2_iron/install/examples_rclpy_minimal_service:/home/pi/ros2_iron/install/examples_rclpy_minimal_publisher:/home/pi/ros2_iron/install/examples_rclpy_minimal_client:/home/pi/ros2_iron/install/examples_rclpy_executors:/home/pi/ros2_iron/install/demo_nodes_py:/home/pi/ros2_iron/install/rqt:/home/pi/ros2_iron/install/ros2component:/home/pi/ros2_iron/install/sros2:/home/pi/ros2_iron/install/rqt_topic:/home/pi/ros2_iron/install/rqt_srv:/home/pi/ros2_iron/install/rqt_shell:/home/pi/ros2_iron/install/rqt_service_caller:/home/pi/ros2_iron/install/rqt_reconfigure:/home/pi/ros2_iron/install/rqt_py_console:/home/pi/ros2_iron/install/rqt_publisher:/home/pi/ros2_iron/install/rqt_action:/home/pi/ros2_iron/install/rqt_msg:/home/pi/ros2_iron/install/rqt_console:/home/pi/ros2_iron/install/rqt_graph:/home/pi/ros2_iron/install/rqt_gui_py:/home/pi/ros2_iron/install/rqt_gui:/home/pi/ros2_iron/install/ros2trace:/home/pi/ros2_iron/install/ros2topic:/home/pi/ros2_iron/install/ros2test:/home/pi/ros2_iron/install/ros2param:/home/pi/ros2_iron/install/ros2lifecycle:/home/pi/ros2_iron/install/ros2service:/home/pi/ros2_iron/install/ros2run:/home/pi/ros2_iron/install/ros2launch:/home/pi/ros2_iron/install/ros2pkg:/home/pi/ros2_iron/install/ros2node:/home/pi/ros2_iron/install/ros2multicast:/home/pi/ros2_iron/install/ros2interface:/home/pi/ros2_iron/install/ros2action:/home/pi/ros2_iron/install/ros2cli:/home/pi/ros2_iron/install/launch_testing_ros:/home/pi/ros2_iron/install/launch_ros:/home/pi/ros2_iron/install/examples_rclpy_minimal_action_server:/home/pi/ros2_iron/install/examples_rclpy_minimal_action_client:/home/pi/ros2_iron/install/examples_rclpy_guard_conditions:/home/pi/ros2_iron/install/action_tutorials_py:/home/pi/ros2_iron/install/ament_uncrustify:/home/pi/ros2_iron/install/tracetools_trace:/home/pi/ros2_iron/install/tracetools_read:/home/pi/ros2_iron/install/test_tracetools_launch:/home/pi/ros2_iron/install/test_ros2trace:/home/pi/ros2_iron/install/test_launch_ros:/home/pi/ros2_iron/install/rpyutils:/home/pi/ros2_iron/install/rosidl_runtime_py:/home/pi/ros2_iron/install/rosidl_pycommon:/home/pi/ros2_iron/install/rosidl_cli:/home/pi/ros2_iron/install/launch_pytest:/home/pi/ros2_iron/install/launch_testing:/home/pi/ros2_iron/install/launch_yaml:/home/pi/ros2_iron/install/launch_xml:/home/pi/ros2_iron/install/launch:/home/pi/ros2_iron/install/osrf_pycommon:/home/pi/ros2_iron/install/domain_coordinator:/home/pi/ros2_iron/install/ament_xmllint:/home/pi/ros2_iron/install/ament_pyflakes:/home/pi/ros2_iron/install/ament_pycodestyle:/home/pi/ros2_iron/install/ament_pep257:/home/pi/ros2_iron/install/ament_pclint:/home/pi/ros2_iron/install/ament_package:/home/pi/ros2_iron/install/ament_mypy:/home/pi/ros2_iron/install/ament_lint_cmake:/home/pi/ros2_iron/install/ament_flake8:/home/pi/ros2_iron/install/ament_copyright:/home/pi/ros2_iron/install/ament_lint:/home/pi/ros2_iron/install/ament_index_python:/home/pi/ros2_iron/install/ament_cpplint:/home/pi/ros2_iron/install/ament_cppcheck:/home/pi/ros2_iron/install/ament_clang_tidy:/home/pi/ros2_iron/install/ament_clang_format /usr/bin/cmake --build /home/pi/wow_ws/build/nmea_msgs -- -j4 -l4
[0.718s] [  1%] Built target nmea_msgs__rosidl_generator_type_description
[0.796s] [  1%] Built target ament_cmake_python_symlink_nmea_msgs
[0.941s] [  1%] Built target nmea_msgs__cpp
[0.995s] [ 27%] Built target nmea_msgs__rosidl_generator_c
[1.222s] [ 36%] Built target nmea_msgs__rosidl_typesupport_cpp
[1.245s] [ 46%] Built target nmea_msgs__rosidl_typesupport_introspection_c
[1.245s] [ 56%] Built target nmea_msgs__rosidl_typesupport_fastrtps_c
[1.423s] [ 66%] Built target nmea_msgs__rosidl_typesupport_c
[1.436s] [ 76%] Built target nmea_msgs__rosidl_typesupport_introspection_cpp
[1.440s] [ 85%] Built target nmea_msgs__rosidl_typesupport_fastrtps_cpp
[1.566s] [ 85%] Built target nmea_msgs
[1.718s] [ 86%] Built target nmea_msgs__py
[1.900s] [ 94%] Built target nmea_msgs__rosidl_generator_py
[2.142s] [ 96%] Built target nmea_msgs__rosidl_typesupport_introspection_c__pyext
[2.165s] [ 98%] Built target nmea_msgs__rosidl_typesupport_fastrtps_c__pyext
[2.205s] [100%] Built target nmea_msgs__rosidl_typesupport_c__pyext
[3.159s] running egg_info
[3.248s] writing nmea_msgs.egg-info/PKG-INFO
[3.249s] writing dependency_links to nmea_msgs.egg-info/dependency_links.txt
[3.252s] writing top-level names to nmea_msgs.egg-info/top_level.txt
[3.425s] reading manifest file 'nmea_msgs.egg-info/SOURCES.txt'
[3.425s] writing manifest file 'nmea_msgs.egg-info/SOURCES.txt'
[3.711s] [100%] Built target ament_cmake_python_build_nmea_msgs_egg
[3.759s] Invoked command in '/home/pi/wow_ws/build/nmea_msgs' returned '0': CMAKE_PREFIX_PATH=${CMAKE_PREFIX_PATH}:/home/pi/wow_ws/install/ntrip_client:/home/pi/wow_ws/install/bno055:/home/pi/ros2_iron/install/rqt_bag_plugins:/home/pi/ros2_iron/install/rqt_bag:/home/pi/ros2_iron/install/rosbag2_examples_py:/home/pi/ros2_iron/install/launch_testing_examples:/home/pi/ros2_iron/install/ros2bag:/home/pi/ros2_iron/install/tracetools_test:/home/pi/ros2_iron/install/tracetools_launch:/home/pi/ros2_iron/install/topic_monitor:/home/pi/ros2_iron/install/tf2_tools:/home/pi/ros2_iron/install/examples_tf2_py:/home/pi/ros2_iron/install/tf2_ros_py:/home/pi/ros2_iron/install/examples_rclpy_pointcloud_publisher:/home/pi/ros2_iron/install/sensor_msgs_py:/home/pi/ros2_iron/install/quality_of_service_demo_py:/home/pi/ros2_iron/install/rqt_plot:/home/pi/ros2_iron/install/ros2doctor:/home/pi/ros2_iron/install/lifecycle_py:/home/pi/ros2_iron/install/examples_rclpy_minimal_subscriber:/home/pi/ros2_iron/install/examples_rclpy_minimal_service:/home/pi/ros2_iron/install/examples_rclpy_minimal_publisher:/home/pi/ros2_iron/install/examples_rclpy_minimal_client:/home/pi/ros2_iron/install/examples_rclpy_executors:/home/pi/ros2_iron/install/demo_nodes_py:/home/pi/ros2_iron/install/rqt:/home/pi/ros2_iron/install/ros2component:/home/pi/ros2_iron/install/sros2:/home/pi/ros2_iron/install/rqt_topic:/home/pi/ros2_iron/install/rqt_srv:/home/pi/ros2_iron/install/rqt_shell:/home/pi/ros2_iron/install/rqt_service_caller:/home/pi/ros2_iron/install/rqt_reconfigure:/home/pi/ros2_iron/install/rqt_py_console:/home/pi/ros2_iron/install/rqt_publisher:/home/pi/ros2_iron/install/rqt_action:/home/pi/ros2_iron/install/rqt_msg:/home/pi/ros2_iron/install/rqt_console:/home/pi/ros2_iron/install/rqt_graph:/home/pi/ros2_iron/install/rqt_gui_py:/home/pi/ros2_iron/install/rqt_gui:/home/pi/ros2_iron/install/ros2trace:/home/pi/ros2_iron/install/ros2topic:/home/pi/ros2_iron/install/ros2test:/home/pi/ros2_iron/install/ros2param:/home/pi/ros2_iron/install/ros2lifecycle:/home/pi/ros2_iron/install/ros2service:/home/pi/ros2_iron/install/ros2run:/home/pi/ros2_iron/install/ros2launch:/home/pi/ros2_iron/install/ros2pkg:/home/pi/ros2_iron/install/ros2node:/home/pi/ros2_iron/install/ros2multicast:/home/pi/ros2_iron/install/ros2interface:/home/pi/ros2_iron/install/ros2action:/home/pi/ros2_iron/install/ros2cli:/home/pi/ros2_iron/install/launch_testing_ros:/home/pi/ros2_iron/install/launch_ros:/home/pi/ros2_iron/install/examples_rclpy_minimal_action_server:/home/pi/ros2_iron/install/examples_rclpy_minimal_action_client:/home/pi/ros2_iron/install/examples_rclpy_guard_conditions:/home/pi/ros2_iron/install/action_tutorials_py:/home/pi/ros2_iron/install/ament_uncrustify:/home/pi/ros2_iron/install/tracetools_trace:/home/pi/ros2_iron/install/tracetools_read:/home/pi/ros2_iron/install/test_tracetools_launch:/home/pi/ros2_iron/install/test_ros2trace:/home/pi/ros2_iron/install/test_launch_ros:/home/pi/ros2_iron/install/rpyutils:/home/pi/ros2_iron/install/rosidl_runtime_py:/home/pi/ros2_iron/install/rosidl_pycommon:/home/pi/ros2_iron/install/rosidl_cli:/home/pi/ros2_iron/install/launch_pytest:/home/pi/ros2_iron/install/launch_testing:/home/pi/ros2_iron/install/launch_yaml:/home/pi/ros2_iron/install/launch_xml:/home/pi/ros2_iron/install/launch:/home/pi/ros2_iron/install/osrf_pycommon:/home/pi/ros2_iron/install/domain_coordinator:/home/pi/ros2_iron/install/ament_xmllint:/home/pi/ros2_iron/install/ament_pyflakes:/home/pi/ros2_iron/install/ament_pycodestyle:/home/pi/ros2_iron/install/ament_pep257:/home/pi/ros2_iron/install/ament_pclint:/home/pi/ros2_iron/install/ament_package:/home/pi/ros2_iron/install/ament_mypy:/home/pi/ros2_iron/install/ament_lint_cmake:/home/pi/ros2_iron/install/ament_flake8:/home/pi/ros2_iron/install/ament_copyright:/home/pi/ros2_iron/install/ament_lint:/home/pi/ros2_iron/install/ament_index_python:/home/pi/ros2_iron/install/ament_cpplint:/home/pi/ros2_iron/install/ament_cppcheck:/home/pi/ros2_iron/install/ament_clang_tidy:/home/pi/ros2_iron/install/ament_clang_format /usr/bin/cmake --build /home/pi/wow_ws/build/nmea_msgs -- -j4 -l4
[5.020s] Invoking command in '/home/pi/wow_ws/build/nmea_msgs': CMAKE_PREFIX_PATH=${CMAKE_PREFIX_PATH}:/home/pi/wow_ws/install/ntrip_client:/home/pi/wow_ws/install/bno055:/home/pi/ros2_iron/install/rqt_bag_plugins:/home/pi/ros2_iron/install/rqt_bag:/home/pi/ros2_iron/install/rosbag2_examples_py:/home/pi/ros2_iron/install/launch_testing_examples:/home/pi/ros2_iron/install/ros2bag:/home/pi/ros2_iron/install/tracetools_test:/home/pi/ros2_iron/install/tracetools_launch:/home/pi/ros2_iron/install/topic_monitor:/home/pi/ros2_iron/install/tf2_tools:/home/pi/ros2_iron/install/examples_tf2_py:/home/pi/ros2_iron/install/tf2_ros_py:/home/pi/ros2_iron/install/examples_rclpy_pointcloud_publisher:/home/pi/ros2_iron/install/sensor_msgs_py:/home/pi/ros2_iron/install/quality_of_service_demo_py:/home/pi/ros2_iron/install/rqt_plot:/home/pi/ros2_iron/install/ros2doctor:/home/pi/ros2_iron/install/lifecycle_py:/home/pi/ros2_iron/install/examples_rclpy_minimal_subscriber:/home/pi/ros2_iron/install/examples_rclpy_minimal_service:/home/pi/ros2_iron/install/examples_rclpy_minimal_publisher:/home/pi/ros2_iron/install/examples_rclpy_minimal_client:/home/pi/ros2_iron/install/examples_rclpy_executors:/home/pi/ros2_iron/install/demo_nodes_py:/home/pi/ros2_iron/install/rqt:/home/pi/ros2_iron/install/ros2component:/home/pi/ros2_iron/install/sros2:/home/pi/ros2_iron/install/rqt_topic:/home/pi/ros2_iron/install/rqt_srv:/home/pi/ros2_iron/install/rqt_shell:/home/pi/ros2_iron/install/rqt_service_caller:/home/pi/ros2_iron/install/rqt_reconfigure:/home/pi/ros2_iron/install/rqt_py_console:/home/pi/ros2_iron/install/rqt_publisher:/home/pi/ros2_iron/install/rqt_action:/home/pi/ros2_iron/install/rqt_msg:/home/pi/ros2_iron/install/rqt_console:/home/pi/ros2_iron/install/rqt_graph:/home/pi/ros2_iron/install/rqt_gui_py:/home/pi/ros2_iron/install/rqt_gui:/home/pi/ros2_iron/install/ros2trace:/home/pi/ros2_iron/install/ros2topic:/home/pi/ros2_iron/install/ros2test:/home/pi/ros2_iron/install/ros2param:/home/pi/ros2_iron/install/ros2lifecycle:/home/pi/ros2_iron/install/ros2service:/home/pi/ros2_iron/install/ros2run:/home/pi/ros2_iron/install/ros2launch:/home/pi/ros2_iron/install/ros2pkg:/home/pi/ros2_iron/install/ros2node:/home/pi/ros2_iron/install/ros2multicast:/home/pi/ros2_iron/install/ros2interface:/home/pi/ros2_iron/install/ros2action:/home/pi/ros2_iron/install/ros2cli:/home/pi/ros2_iron/install/launch_testing_ros:/home/pi/ros2_iron/install/launch_ros:/home/pi/ros2_iron/install/examples_rclpy_minimal_action_server:/home/pi/ros2_iron/install/examples_rclpy_minimal_action_client:/home/pi/ros2_iron/install/examples_rclpy_guard_conditions:/home/pi/ros2_iron/install/action_tutorials_py:/home/pi/ros2_iron/install/ament_uncrustify:/home/pi/ros2_iron/install/tracetools_trace:/home/pi/ros2_iron/install/tracetools_read:/home/pi/ros2_iron/install/test_tracetools_launch:/home/pi/ros2_iron/install/test_ros2trace:/home/pi/ros2_iron/install/test_launch_ros:/home/pi/ros2_iron/install/rpyutils:/home/pi/ros2_iron/install/rosidl_runtime_py:/home/pi/ros2_iron/install/rosidl_pycommon:/home/pi/ros2_iron/install/rosidl_cli:/home/pi/ros2_iron/install/launch_pytest:/home/pi/ros2_iron/install/launch_testing:/home/pi/ros2_iron/install/launch_yaml:/home/pi/ros2_iron/install/launch_xml:/home/pi/ros2_iron/install/launch:/home/pi/ros2_iron/install/osrf_pycommon:/home/pi/ros2_iron/install/domain_coordinator:/home/pi/ros2_iron/install/ament_xmllint:/home/pi/ros2_iron/install/ament_pyflakes:/home/pi/ros2_iron/install/ament_pycodestyle:/home/pi/ros2_iron/install/ament_pep257:/home/pi/ros2_iron/install/ament_pclint:/home/pi/ros2_iron/install/ament_package:/home/pi/ros2_iron/install/ament_mypy:/home/pi/ros2_iron/install/ament_lint_cmake:/home/pi/ros2_iron/install/ament_flake8:/home/pi/ros2_iron/install/ament_copyright:/home/pi/ros2_iron/install/ament_lint:/home/pi/ros2_iron/install/ament_index_python:/home/pi/ros2_iron/install/ament_cpplint:/home/pi/ros2_iron/install/ament_cppcheck:/home/pi/ros2_iron/install/ament_clang_tidy:/home/pi/ros2_iron/install/ament_clang_format /usr/bin/cmake --install /home/pi/wow_ws/build/nmea_msgs
[5.049s] -- Install configuration: ""
[5.051s] -- Execute custom install script
[5.052s] -- Up-to-date symlink: /home/pi/wow_ws/install/nmea_msgs/share/ament_index/resource_index/rosidl_interfaces/nmea_msgs
[5.058s] -- Up-to-date symlink: /home/pi/wow_ws/install/nmea_msgs/share/nmea_msgs/msg/Sentence.json
[5.058s] -- Up-to-date symlink: /home/pi/wow_ws/install/nmea_msgs/share/nmea_msgs/msg/Gpgga.json
[5.059s] -- Up-to-date symlink: /home/pi/wow_ws/install/nmea_msgs/share/nmea_msgs/msg/Gpgsa.json
[5.059s] -- Up-to-date symlink: /home/pi/wow_ws/install/nmea_msgs/share/nmea_msgs/msg/Gpgst.json
[5.059s] -- Up-to-date symlink: /home/pi/wow_ws/install/nmea_msgs/share/nmea_msgs/msg/Gpgsv.json
[5.060s] -- Up-to-date symlink: /home/pi/wow_ws/install/nmea_msgs/share/nmea_msgs/msg/GpgsvSatellite.json
[5.061s] -- Up-to-date symlink: /home/pi/wow_ws/install/nmea_msgs/share/nmea_msgs/msg/Gprmc.json
[5.061s] -- Up-to-date symlink: /home/pi/wow_ws/install/nmea_msgs/share/nmea_msgs/msg/Gpvtg.json
[5.062s] -- Up-to-date symlink: /home/pi/wow_ws/install/nmea_msgs/share/nmea_msgs/msg/Gpzda.json
[5.067s] -- Up-to-date symlink: /home/pi/wow_ws/install/nmea_msgs/include/nmea_msgs/nmea_msgs/msg/detail/gpgga__functions.h
[5.068s] -- Up-to-date symlink: /home/pi/wow_ws/install/nmea_msgs/include/nmea_msgs/nmea_msgs/msg/detail/gpgga__struct.h
[5.069s] -- Up-to-date symlink: /home/pi/wow_ws/install/nmea_msgs/include/nmea_msgs/nmea_msgs/msg/detail/gpgga__type_support.h
[5.069s] -- Up-to-date symlink: /home/pi/wow_ws/install/nmea_msgs/include/nmea_msgs/nmea_msgs/msg/detail/gpgsa__functions.h
[5.070s] -- Up-to-date symlink: /home/pi/wow_ws/install/nmea_msgs/include/nmea_msgs/nmea_msgs/msg/detail/gpgsa__struct.h
[5.070s] -- Up-to-date symlink: /home/pi/wow_ws/install/nmea_msgs/include/nmea_msgs/nmea_msgs/msg/detail/gpgsa__type_support.h
[5.071s] -- Up-to-date symlink: /home/pi/wow_ws/install/nmea_msgs/include/nmea_msgs/nmea_msgs/msg/detail/gpgst__functions.h
[5.071s] -- Up-to-date symlink: /home/pi/wow_ws/install/nmea_msgs/include/nmea_msgs/nmea_msgs/msg/detail/gpgst__struct.h
[5.072s] -- Up-to-date symlink: /home/pi/wow_ws/install/nmea_msgs/include/nmea_msgs/nmea_msgs/msg/detail/gpgst__type_support.h
[5.072s] -- Up-to-date symlink: /home/pi/wow_ws/install/nmea_msgs/include/nmea_msgs/nmea_msgs/msg/detail/gpgsv__functions.h
[5.073s] -- Up-to-date symlink: /home/pi/wow_ws/install/nmea_msgs/include/nmea_msgs/nmea_msgs/msg/detail/gpgsv__struct.h
[5.074s] -- Up-to-date symlink: /home/pi/wow_ws/install/nmea_msgs/include/nmea_msgs/nmea_msgs/msg/detail/gpgsv__type_support.h
[5.074s] -- Up-to-date symlink: /home/pi/wow_ws/install/nmea_msgs/include/nmea_msgs/nmea_msgs/msg/detail/gpgsv_satellite__functions.h
[5.075s] -- Up-to-date symlink: /home/pi/wow_ws/install/nmea_msgs/include/nmea_msgs/nmea_msgs/msg/detail/gpgsv_satellite__struct.h
[5.075s] -- Up-to-date symlink: /home/pi/wow_ws/install/nmea_msgs/include/nmea_msgs/nmea_msgs/msg/detail/gpgsv_satellite__type_support.h
[5.075s] -- Up-to-date symlink: /home/pi/wow_ws/install/nmea_msgs/include/nmea_msgs/nmea_msgs/msg/detail/gprmc__functions.h
[5.077s] -- Up-to-date symlink: /home/pi/wow_ws/install/nmea_msgs/include/nmea_msgs/nmea_msgs/msg/detail/gprmc__struct.h
[5.077s] -- Up-to-date symlink: /home/pi/wow_ws/install/nmea_msgs/include/nmea_msgs/nmea_msgs/msg/detail/gprmc__type_support.h
[5.078s] -- Up-to-date symlink: /home/pi/wow_ws/install/nmea_msgs/include/nmea_msgs/nmea_msgs/msg/detail/gpvtg__functions.h
[5.078s] -- Up-to-date symlink: /home/pi/wow_ws/install/nmea_msgs/include/nmea_msgs/nmea_msgs/msg/detail/gpvtg__struct.h
[5.078s] -- Up-to-date symlink: /home/pi/wow_ws/install/nmea_msgs/include/nmea_msgs/nmea_msgs/msg/detail/gpvtg__type_support.h
[5.080s] -- Up-to-date symlink: /home/pi/wow_ws/install/nmea_msgs/include/nmea_msgs/nmea_msgs/msg/detail/gpzda__functions.h
[5.080s] -- Up-to-date symlink: /home/pi/wow_ws/install/nmea_msgs/include/nmea_msgs/nmea_msgs/msg/detail/gpzda__struct.h
[5.080s] -- Up-to-date symlink: /home/pi/wow_ws/install/nmea_msgs/include/nmea_msgs/nmea_msgs/msg/detail/gpzda__type_support.h
[5.081s] -- Up-to-date symlink: /home/pi/wow_ws/install/nmea_msgs/include/nmea_msgs/nmea_msgs/msg/detail/sentence__functions.h
[5.081s] -- Up-to-date symlink: /home/pi/wow_ws/install/nmea_msgs/include/nmea_msgs/nmea_msgs/msg/detail/sentence__struct.h
[5.082s] -- Up-to-date symlink: /home/pi/wow_ws/install/nmea_msgs/include/nmea_msgs/nmea_msgs/msg/detail/sentence__type_support.h
[5.083s] -- Up-to-date symlink: /home/pi/wow_ws/install/nmea_msgs/include/nmea_msgs/nmea_msgs/msg/gpgga.h
[5.084s] -- Up-to-date symlink: /home/pi/wow_ws/install/nmea_msgs/include/nmea_msgs/nmea_msgs/msg/gpgsa.h
[5.084s] -- Up-to-date symlink: /home/pi/wow_ws/install/nmea_msgs/include/nmea_msgs/nmea_msgs/msg/gpgst.h
[5.084s] -- Up-to-date symlink: /home/pi/wow_ws/install/nmea_msgs/include/nmea_msgs/nmea_msgs/msg/gpgsv.h
[5.085s] -- Up-to-date symlink: /home/pi/wow_ws/install/nmea_msgs/include/nmea_msgs/nmea_msgs/msg/gpgsv_satellite.h
[5.086s] -- Up-to-date symlink: /home/pi/wow_ws/install/nmea_msgs/include/nmea_msgs/nmea_msgs/msg/gprmc.h
[5.087s] -- Up-to-date symlink: /home/pi/wow_ws/install/nmea_msgs/include/nmea_msgs/nmea_msgs/msg/gpvtg.h
[5.087s] -- Up-to-date symlink: /home/pi/wow_ws/install/nmea_msgs/include/nmea_msgs/nmea_msgs/msg/gpzda.h
[5.088s] -- Up-to-date symlink: /home/pi/wow_ws/install/nmea_msgs/include/nmea_msgs/nmea_msgs/msg/rosidl_generator_c__visibility_control.h
[5.088s] -- Up-to-date symlink: /home/pi/wow_ws/install/nmea_msgs/include/nmea_msgs/nmea_msgs/msg/sentence.h
[5.090s] -- Up-to-date symlink: /home/pi/wow_ws/install/nmea_msgs/share/nmea_msgs/environment/library_path.sh
[5.090s] -- Up-to-date symlink: /home/pi/wow_ws/install/nmea_msgs/share/nmea_msgs/environment/library_path.dsv
[5.091s] -- Up-to-date symlink: /home/pi/wow_ws/install/nmea_msgs/include/nmea_msgs/nmea_msgs/msg/detail/gpgga__rosidl_typesupport_introspection_c.h
[5.092s] -- Up-to-date symlink: /home/pi/wow_ws/install/nmea_msgs/include/nmea_msgs/nmea_msgs/msg/detail/gpgsa__rosidl_typesupport_introspection_c.h
[5.093s] -- Up-to-date symlink: /home/pi/wow_ws/install/nmea_msgs/include/nmea_msgs/nmea_msgs/msg/detail/gpgst__rosidl_typesupport_introspection_c.h
[5.093s] -- Up-to-date symlink: /home/pi/wow_ws/install/nmea_msgs/include/nmea_msgs/nmea_msgs/msg/detail/gpgsv__rosidl_typesupport_introspection_c.h
[5.094s] -- Up-to-date symlink: /home/pi/wow_ws/install/nmea_msgs/include/nmea_msgs/nmea_msgs/msg/detail/gpgsv_satellite__rosidl_typesupport_introspection_c.h
[5.095s] -- Up-to-date symlink: /home/pi/wow_ws/install/nmea_msgs/include/nmea_msgs/nmea_msgs/msg/detail/gprmc__rosidl_typesupport_introspection_c.h
[5.095s] -- Up-to-date symlink: /home/pi/wow_ws/install/nmea_msgs/include/nmea_msgs/nmea_msgs/msg/detail/gpvtg__rosidl_typesupport_introspection_c.h
[5.098s] -- Up-to-date symlink: /home/pi/wow_ws/install/nmea_msgs/include/nmea_msgs/nmea_msgs/msg/detail/gpzda__rosidl_typesupport_introspection_c.h
[5.098s] -- Up-to-date symlink: /home/pi/wow_ws/install/nmea_msgs/include/nmea_msgs/nmea_msgs/msg/detail/sentence__rosidl_typesupport_introspection_c.h
[5.098s] -- Up-to-date symlink: /home/pi/wow_ws/install/nmea_msgs/include/nmea_msgs/nmea_msgs/msg/rosidl_typesupport_introspection_c__visibility_control.h
[5.099s] -- Up-to-date symlink: /home/pi/wow_ws/install/nmea_msgs/include/nmea_msgs/nmea_msgs/msg/detail/gpgga__rosidl_typesupport_fastrtps_c.h
[5.099s] -- Up-to-date symlink: /home/pi/wow_ws/install/nmea_msgs/include/nmea_msgs/nmea_msgs/msg/detail/gpgsa__rosidl_typesupport_fastrtps_c.h
[5.100s] -- Up-to-date symlink: /home/pi/wow_ws/install/nmea_msgs/include/nmea_msgs/nmea_msgs/msg/detail/gpgst__rosidl_typesupport_fastrtps_c.h
[5.101s] -- Up-to-date symlink: /home/pi/wow_ws/install/nmea_msgs/include/nmea_msgs/nmea_msgs/msg/detail/gpgsv__rosidl_typesupport_fastrtps_c.h
[5.101s] -- Up-to-date symlink: /home/pi/wow_ws/install/nmea_msgs/include/nmea_msgs/nmea_msgs/msg/detail/gpgsv_satellite__rosidl_typesupport_fastrtps_c.h
[5.102s] -- Up-to-date symlink: /home/pi/wow_ws/install/nmea_msgs/include/nmea_msgs/nmea_msgs/msg/detail/gprmc__rosidl_typesupport_fastrtps_c.h
[5.105s] -- Up-to-date symlink: /home/pi/wow_ws/install/nmea_msgs/include/nmea_msgs/nmea_msgs/msg/detail/gpvtg__rosidl_typesupport_fastrtps_c.h
[5.106s] -- Up-to-date symlink: /home/pi/wow_ws/install/nmea_msgs/include/nmea_msgs/nmea_msgs/msg/detail/gpzda__rosidl_typesupport_fastrtps_c.h
[5.109s] -- Up-to-date symlink: /home/pi/wow_ws/install/nmea_msgs/include/nmea_msgs/nmea_msgs/msg/detail/sentence__rosidl_typesupport_fastrtps_c.h
[5.109s] -- Up-to-date symlink: /home/pi/wow_ws/install/nmea_msgs/include/nmea_msgs/nmea_msgs/msg/rosidl_typesupport_fastrtps_c__visibility_control.h
[5.110s] -- Up-to-date symlink: /home/pi/wow_ws/install/nmea_msgs/include/nmea_msgs/nmea_msgs/msg/detail/gpgga__builder.hpp
[5.113s] -- Up-to-date symlink: /home/pi/wow_ws/install/nmea_msgs/include/nmea_msgs/nmea_msgs/msg/detail/gpgga__struct.hpp
[5.113s] -- Up-to-date symlink: /home/pi/wow_ws/install/nmea_msgs/include/nmea_msgs/nmea_msgs/msg/detail/gpgga__traits.hpp
[5.113s] -- Up-to-date symlink: /home/pi/wow_ws/install/nmea_msgs/include/nmea_msgs/nmea_msgs/msg/detail/gpgsa__builder.hpp
[5.113s] -- Up-to-date symlink: /home/pi/wow_ws/install/nmea_msgs/include/nmea_msgs/nmea_msgs/msg/detail/gpgsa__struct.hpp
[5.113s] -- Up-to-date symlink: /home/pi/wow_ws/install/nmea_msgs/include/nmea_msgs/nmea_msgs/msg/detail/gpgsa__traits.hpp
[5.115s] -- Up-to-date symlink: /home/pi/wow_ws/install/nmea_msgs/include/nmea_msgs/nmea_msgs/msg/detail/gpgst__builder.hpp
[5.117s] -- Up-to-date symlink: /home/pi/wow_ws/install/nmea_msgs/include/nmea_msgs/nmea_msgs/msg/detail/gpgst__struct.hpp
[5.119s] -- Up-to-date symlink: /home/pi/wow_ws/install/nmea_msgs/include/nmea_msgs/nmea_msgs/msg/detail/gpgst__traits.hpp
[5.121s] -- Up-to-date symlink: /home/pi/wow_ws/install/nmea_msgs/include/nmea_msgs/nmea_msgs/msg/detail/gpgsv__builder.hpp
[5.140s] -- Up-to-date symlink: /home/pi/wow_ws/install/nmea_msgs/include/nmea_msgs/nmea_msgs/msg/detail/gpgsv__struct.hpp
[5.141s] -- Up-to-date symlink: /home/pi/wow_ws/install/nmea_msgs/include/nmea_msgs/nmea_msgs/msg/detail/gpgsv__traits.hpp
[5.144s] -- Up-to-date symlink: /home/pi/wow_ws/install/nmea_msgs/include/nmea_msgs/nmea_msgs/msg/detail/gpgsv_satellite__builder.hpp
[5.147s] -- Up-to-date symlink: /home/pi/wow_ws/install/nmea_msgs/include/nmea_msgs/nmea_msgs/msg/detail/gpgsv_satellite__struct.hpp
[5.147s] -- Up-to-date symlink: /home/pi/wow_ws/install/nmea_msgs/include/nmea_msgs/nmea_msgs/msg/detail/gpgsv_satellite__traits.hpp
[5.147s] -- Up-to-date symlink: /home/pi/wow_ws/install/nmea_msgs/include/nmea_msgs/nmea_msgs/msg/detail/gprmc__builder.hpp
[5.147s] -- Up-to-date symlink: /home/pi/wow_ws/install/nmea_msgs/include/nmea_msgs/nmea_msgs/msg/detail/gprmc__struct.hpp
[5.147s] -- Up-to-date symlink: /home/pi/wow_ws/install/nmea_msgs/include/nmea_msgs/nmea_msgs/msg/detail/gprmc__traits.hpp
[5.147s] -- Up-to-date symlink: /home/pi/wow_ws/install/nmea_msgs/include/nmea_msgs/nmea_msgs/msg/detail/gpvtg__builder.hpp
[5.147s] -- Up-to-date symlink: /home/pi/wow_ws/install/nmea_msgs/include/nmea_msgs/nmea_msgs/msg/detail/gpvtg__struct.hpp
[5.147s] -- Up-to-date symlink: /home/pi/wow_ws/install/nmea_msgs/include/nmea_msgs/nmea_msgs/msg/detail/gpvtg__traits.hpp
[5.147s] -- Up-to-date symlink: /home/pi/wow_ws/install/nmea_msgs/include/nmea_msgs/nmea_msgs/msg/detail/gpzda__builder.hpp
[5.148s] -- Up-to-date symlink: /home/pi/wow_ws/install/nmea_msgs/include/nmea_msgs/nmea_msgs/msg/detail/gpzda__struct.hpp
[5.148s] -- Up-to-date symlink: /home/pi/wow_ws/install/nmea_msgs/include/nmea_msgs/nmea_msgs/msg/detail/gpzda__traits.hpp
[5.148s] -- Up-to-date symlink: /home/pi/wow_ws/install/nmea_msgs/include/nmea_msgs/nmea_msgs/msg/detail/sentence__builder.hpp
[5.152s] -- Up-to-date symlink: /home/pi/wow_ws/install/nmea_msgs/include/nmea_msgs/nmea_msgs/msg/detail/sentence__struct.hpp
[5.152s] -- Up-to-date symlink: /home/pi/wow_ws/install/nmea_msgs/include/nmea_msgs/nmea_msgs/msg/detail/sentence__traits.hpp
[5.153s] -- Up-to-date symlink: /home/pi/wow_ws/install/nmea_msgs/include/nmea_msgs/nmea_msgs/msg/gpgga.hpp
[5.153s] -- Up-to-date symlink: /home/pi/wow_ws/install/nmea_msgs/include/nmea_msgs/nmea_msgs/msg/gpgsa.hpp
[5.153s] -- Up-to-date symlink: /home/pi/wow_ws/install/nmea_msgs/include/nmea_msgs/nmea_msgs/msg/gpgst.hpp
[5.153s] -- Up-to-date symlink: /home/pi/wow_ws/install/nmea_msgs/include/nmea_msgs/nmea_msgs/msg/gpgsv.hpp
[5.153s] -- Up-to-date symlink: /home/pi/wow_ws/install/nmea_msgs/include/nmea_msgs/nmea_msgs/msg/gpgsv_satellite.hpp
[5.153s] -- Up-to-date symlink: /home/pi/wow_ws/install/nmea_msgs/include/nmea_msgs/nmea_msgs/msg/gprmc.hpp
[5.153s] -- Up-to-date symlink: /home/pi/wow_ws/install/nmea_msgs/include/nmea_msgs/nmea_msgs/msg/gpvtg.hpp
[5.153s] -- Up-to-date symlink: /home/pi/wow_ws/install/nmea_msgs/include/nmea_msgs/nmea_msgs/msg/gpzda.hpp
[5.153s] -- Up-to-date symlink: /home/pi/wow_ws/install/nmea_msgs/include/nmea_msgs/nmea_msgs/msg/sentence.hpp
[5.153s] -- Up-to-date symlink: /home/pi/wow_ws/install/nmea_msgs/include/nmea_msgs/nmea_msgs/msg/detail/gpgga__rosidl_typesupport_introspection_cpp.hpp
[5.153s] -- Up-to-date symlink: /home/pi/wow_ws/install/nmea_msgs/include/nmea_msgs/nmea_msgs/msg/detail/gpgsa__rosidl_typesupport_introspection_cpp.hpp
[5.154s] -- Up-to-date symlink: /home/pi/wow_ws/install/nmea_msgs/include/nmea_msgs/nmea_msgs/msg/detail/gpgst__rosidl_typesupport_introspection_cpp.hpp
[5.154s] -- Up-to-date symlink: /home/pi/wow_ws/install/nmea_msgs/include/nmea_msgs/nmea_msgs/msg/detail/gpgsv__rosidl_typesupport_introspection_cpp.hpp
[5.157s] -- Up-to-date symlink: /home/pi/wow_ws/install/nmea_msgs/include/nmea_msgs/nmea_msgs/msg/detail/gpgsv_satellite__rosidl_typesupport_introspection_cpp.hpp
[5.157s] -- Up-to-date symlink: /home/pi/wow_ws/install/nmea_msgs/include/nmea_msgs/nmea_msgs/msg/detail/gprmc__rosidl_typesupport_introspection_cpp.hpp
[5.164s] -- Up-to-date symlink: /home/pi/wow_ws/install/nmea_msgs/include/nmea_msgs/nmea_msgs/msg/detail/gpvtg__rosidl_typesupport_introspection_cpp.hpp
[5.164s] -- Up-to-date symlink: /home/pi/wow_ws/install/nmea_msgs/include/nmea_msgs/nmea_msgs/msg/detail/gpzda__rosidl_typesupport_introspection_cpp.hpp
[5.164s] -- Up-to-date symlink: /home/pi/wow_ws/install/nmea_msgs/include/nmea_msgs/nmea_msgs/msg/detail/sentence__rosidl_typesupport_introspection_cpp.hpp
[5.164s] -- Up-to-date symlink: /home/pi/wow_ws/install/nmea_msgs/include/nmea_msgs/nmea_msgs/msg/detail/gpgga__rosidl_typesupport_fastrtps_cpp.hpp
[5.164s] -- Up-to-date symlink: /home/pi/wow_ws/install/nmea_msgs/include/nmea_msgs/nmea_msgs/msg/detail/gpgsa__rosidl_typesupport_fastrtps_cpp.hpp
[5.164s] -- Up-to-date symlink: /home/pi/wow_ws/install/nmea_msgs/include/nmea_msgs/nmea_msgs/msg/detail/gpgst__rosidl_typesupport_fastrtps_cpp.hpp
[5.164s] -- Up-to-date symlink: /home/pi/wow_ws/install/nmea_msgs/include/nmea_msgs/nmea_msgs/msg/detail/gpgsv__rosidl_typesupport_fastrtps_cpp.hpp
[5.165s] -- Up-to-date symlink: /home/pi/wow_ws/install/nmea_msgs/include/nmea_msgs/nmea_msgs/msg/detail/gpgsv_satellite__rosidl_typesupport_fastrtps_cpp.hpp
[5.165s] -- Up-to-date symlink: /home/pi/wow_ws/install/nmea_msgs/include/nmea_msgs/nmea_msgs/msg/detail/gprmc__rosidl_typesupport_fastrtps_cpp.hpp
[5.165s] -- Up-to-date symlink: /home/pi/wow_ws/install/nmea_msgs/include/nmea_msgs/nmea_msgs/msg/detail/gpvtg__rosidl_typesupport_fastrtps_cpp.hpp
[5.167s] -- Up-to-date symlink: /home/pi/wow_ws/install/nmea_msgs/include/nmea_msgs/nmea_msgs/msg/detail/gpzda__rosidl_typesupport_fastrtps_cpp.hpp
[5.167s] -- Up-to-date symlink: /home/pi/wow_ws/install/nmea_msgs/include/nmea_msgs/nmea_msgs/msg/detail/sentence__rosidl_typesupport_fastrtps_cpp.hpp
[5.167s] -- Up-to-date symlink: /home/pi/wow_ws/install/nmea_msgs/include/nmea_msgs/nmea_msgs/msg/rosidl_typesupport_fastrtps_cpp__visibility_control.h
[5.167s] -- Up-to-date symlink: /home/pi/wow_ws/install/nmea_msgs/share/nmea_msgs/environment/pythonpath.sh
[5.168s] -- Up-to-date symlink: /home/pi/wow_ws/install/nmea_msgs/share/nmea_msgs/environment/pythonpath.dsv
[5.168s] -- Up-to-date symlink: /home/pi/wow_ws/install/nmea_msgs/lib/python3.11/site-packages/nmea_msgs-2.1.0-py3.11.egg-info/PKG-INFO
[5.177s] -- Up-to-date symlink: /home/pi/wow_ws/install/nmea_msgs/lib/python3.11/site-packages/nmea_msgs-2.1.0-py3.11.egg-info/SOURCES.txt
[5.178s] -- Up-to-date symlink: /home/pi/wow_ws/install/nmea_msgs/lib/python3.11/site-packages/nmea_msgs-2.1.0-py3.11.egg-info/dependency_links.txt
[5.178s] -- Up-to-date symlink: /home/pi/wow_ws/install/nmea_msgs/lib/python3.11/site-packages/nmea_msgs-2.1.0-py3.11.egg-info/top_level.txt
[5.178s] -- Up-to-date symlink: /home/pi/wow_ws/install/nmea_msgs/lib/python3.11/site-packages/nmea_msgs/__init__.py
[5.178s] -- Up-to-date symlink: /home/pi/wow_ws/install/nmea_msgs/lib/python3.11/site-packages/nmea_msgs/_nmea_msgs_s.ep.rosidl_typesupport_c.c
[5.178s] -- Up-to-date symlink: /home/pi/wow_ws/install/nmea_msgs/lib/python3.11/site-packages/nmea_msgs/_nmea_msgs_s.ep.rosidl_typesupport_fastrtps_c.c
[5.178s] -- Up-to-date symlink: /home/pi/wow_ws/install/nmea_msgs/lib/python3.11/site-packages/nmea_msgs/_nmea_msgs_s.ep.rosidl_typesupport_introspection_c.c
[5.178s] -- Up-to-date symlink: /home/pi/wow_ws/install/nmea_msgs/lib/python3.11/site-packages/nmea_msgs/libnmea_msgs__rosidl_generator_py.so
[5.178s] -- Up-to-date symlink: /home/pi/wow_ws/install/nmea_msgs/lib/python3.11/site-packages/nmea_msgs/msg/__init__.py
[5.178s] -- Up-to-date symlink: /home/pi/wow_ws/install/nmea_msgs/lib/python3.11/site-packages/nmea_msgs/msg/_gpgga.py
[5.178s] -- Up-to-date symlink: /home/pi/wow_ws/install/nmea_msgs/lib/python3.11/site-packages/nmea_msgs/msg/_gpgga_s.c
[5.178s] -- Up-to-date symlink: /home/pi/wow_ws/install/nmea_msgs/lib/python3.11/site-packages/nmea_msgs/msg/_gpgsa.py
[5.178s] -- Up-to-date symlink: /home/pi/wow_ws/install/nmea_msgs/lib/python3.11/site-packages/nmea_msgs/msg/_gpgsa_s.c
[5.178s] -- Up-to-date symlink: /home/pi/wow_ws/install/nmea_msgs/lib/python3.11/site-packages/nmea_msgs/msg/_gpgst.py
[5.178s] -- Up-to-date symlink: /home/pi/wow_ws/install/nmea_msgs/lib/python3.11/site-packages/nmea_msgs/msg/_gpgst_s.c
[5.178s] -- Up-to-date symlink: /home/pi/wow_ws/install/nmea_msgs/lib/python3.11/site-packages/nmea_msgs/msg/_gpgsv.py
[5.179s] -- Up-to-date symlink: /home/pi/wow_ws/install/nmea_msgs/lib/python3.11/site-packages/nmea_msgs/msg/_gpgsv_s.c
[5.179s] -- Up-to-date symlink: /home/pi/wow_ws/install/nmea_msgs/lib/python3.11/site-packages/nmea_msgs/msg/_gpgsv_satellite.py
[5.179s] -- Up-to-date symlink: /home/pi/wow_ws/install/nmea_msgs/lib/python3.11/site-packages/nmea_msgs/msg/_gpgsv_satellite_s.c
[5.179s] -- Up-to-date symlink: /home/pi/wow_ws/install/nmea_msgs/lib/python3.11/site-packages/nmea_msgs/msg/_gprmc.py
[5.184s] -- Up-to-date symlink: /home/pi/wow_ws/install/nmea_msgs/lib/python3.11/site-packages/nmea_msgs/msg/_gprmc_s.c
[5.184s] -- Up-to-date symlink: /home/pi/wow_ws/install/nmea_msgs/lib/python3.11/site-packages/nmea_msgs/msg/_gpvtg.py
[5.184s] -- Up-to-date symlink: /home/pi/wow_ws/install/nmea_msgs/lib/python3.11/site-packages/nmea_msgs/msg/_gpvtg_s.c
[5.184s] -- Up-to-date symlink: /home/pi/wow_ws/install/nmea_msgs/lib/python3.11/site-packages/nmea_msgs/msg/_gpzda.py
[5.184s] -- Up-to-date symlink: /home/pi/wow_ws/install/nmea_msgs/lib/python3.11/site-packages/nmea_msgs/msg/_gpzda_s.c
[5.184s] -- Up-to-date symlink: /home/pi/wow_ws/install/nmea_msgs/lib/python3.11/site-packages/nmea_msgs/msg/_sentence.py
[5.184s] -- Up-to-date symlink: /home/pi/wow_ws/install/nmea_msgs/lib/python3.11/site-packages/nmea_msgs/msg/_sentence_s.c
[5.184s] -- Up-to-date symlink: /home/pi/wow_ws/install/nmea_msgs/lib/python3.11/site-packages/nmea_msgs/nmea_msgs_s__rosidl_typesupport_c.cpython-311-aarch64-linux-gnu.so
[5.184s] -- Up-to-date symlink: /home/pi/wow_ws/install/nmea_msgs/lib/python3.11/site-packages/nmea_msgs/nmea_msgs_s__rosidl_typesupport_fastrtps_c.cpython-311-aarch64-linux-gnu.so
[5.185s] -- Up-to-date symlink: /home/pi/wow_ws/install/nmea_msgs/lib/python3.11/site-packages/nmea_msgs/nmea_msgs_s__rosidl_typesupport_introspection_c.cpython-311-aarch64-linux-gnu.so
[5.185s] -- Up-to-date symlink: /home/pi/wow_ws/install/nmea_msgs/lib/python3.11/site-packages/nmea_msgs/nmea_msgs_s__rosidl_typesupport_introspection_c.cpython-311-aarch64-linux-gnu.so
[5.185s] -- Up-to-date symlink: /home/pi/wow_ws/install/nmea_msgs/lib/python3.11/site-packages/nmea_msgs/nmea_msgs_s__rosidl_typesupport_fastrtps_c.cpython-311-aarch64-linux-gnu.so
[5.186s] -- Up-to-date symlink: /home/pi/wow_ws/install/nmea_msgs/lib/python3.11/site-packages/nmea_msgs/nmea_msgs_s__rosidl_typesupport_c.cpython-311-aarch64-linux-gnu.so
[5.186s] -- Up-to-date symlink: /home/pi/wow_ws/install/nmea_msgs/share/nmea_msgs/msg/Sentence.idl
[5.186s] -- Up-to-date symlink: /home/pi/wow_ws/install/nmea_msgs/share/nmea_msgs/msg/Gpgga.idl
[5.187s] -- Up-to-date symlink: /home/pi/wow_ws/install/nmea_msgs/share/nmea_msgs/msg/Gpgsa.idl
[5.187s] -- Up-to-date symlink: /home/pi/wow_ws/install/nmea_msgs/share/nmea_msgs/msg/Gpgst.idl
[5.187s] -- Up-to-date symlink: /home/pi/wow_ws/install/nmea_msgs/share/nmea_msgs/msg/Gpgsv.idl
[5.188s] -- Up-to-date symlink: /home/pi/wow_ws/install/nmea_msgs/share/nmea_msgs/msg/GpgsvSatellite.idl
[5.188s] -- Up-to-date symlink: /home/pi/wow_ws/install/nmea_msgs/share/nmea_msgs/msg/Gprmc.idl
[5.193s] -- Up-to-date symlink: /home/pi/wow_ws/install/nmea_msgs/share/nmea_msgs/msg/Gpvtg.idl
[5.195s] -- Up-to-date symlink: /home/pi/wow_ws/install/nmea_msgs/share/nmea_msgs/msg/Gpzda.idl
[5.195s] -- Up-to-date symlink: /home/pi/wow_ws/install/nmea_msgs/share/nmea_msgs/msg/Sentence.msg
[5.195s] -- Up-to-date symlink: /home/pi/wow_ws/install/nmea_msgs/share/nmea_msgs/msg/Gpgga.msg
[5.195s] -- Up-to-date symlink: /home/pi/wow_ws/install/nmea_msgs/share/nmea_msgs/msg/Gpgsa.msg
[5.195s] -- Up-to-date symlink: /home/pi/wow_ws/install/nmea_msgs/share/nmea_msgs/msg/Gpgst.msg
[5.195s] -- Up-to-date symlink: /home/pi/wow_ws/install/nmea_msgs/share/nmea_msgs/msg/Gpgsv.msg
[5.196s] -- Up-to-date symlink: /home/pi/wow_ws/install/nmea_msgs/share/nmea_msgs/msg/GpgsvSatellite.msg
[5.196s] -- Up-to-date symlink: /home/pi/wow_ws/install/nmea_msgs/share/nmea_msgs/msg/Gprmc.msg
[5.196s] -- Up-to-date symlink: /home/pi/wow_ws/install/nmea_msgs/share/nmea_msgs/msg/Gpvtg.msg
[5.196s] -- Up-to-date symlink: /home/pi/wow_ws/install/nmea_msgs/share/nmea_msgs/msg/Gpzda.msg
[5.202s] -- Up-to-date symlink: /home/pi/wow_ws/install/nmea_msgs/share/ament_index/resource_index/package_run_dependencies/nmea_msgs
[5.203s] -- Up-to-date symlink: /home/pi/wow_ws/install/nmea_msgs/share/ament_index/resource_index/parent_prefix_path/nmea_msgs
[5.224s] -- Up-to-date symlink: /home/pi/wow_ws/install/nmea_msgs/share/nmea_msgs/environment/ament_prefix_path.sh
[5.224s] -- Up-to-date symlink: /home/pi/wow_ws/install/nmea_msgs/share/nmea_msgs/environment/ament_prefix_path.dsv
[5.224s] -- Up-to-date symlink: /home/pi/wow_ws/install/nmea_msgs/share/nmea_msgs/environment/path.sh
[5.224s] -- Up-to-date symlink: /home/pi/wow_ws/install/nmea_msgs/share/nmea_msgs/environment/path.dsv
[5.224s] -- Up-to-date symlink: /home/pi/wow_ws/install/nmea_msgs/share/nmea_msgs/local_setup.bash
[5.224s] -- Up-to-date symlink: /home/pi/wow_ws/install/nmea_msgs/share/nmea_msgs/local_setup.sh
[5.224s] -- Up-to-date symlink: /home/pi/wow_ws/install/nmea_msgs/share/nmea_msgs/local_setup.zsh
[5.224s] -- Up-to-date symlink: /home/pi/wow_ws/install/nmea_msgs/share/nmea_msgs/local_setup.dsv
[5.224s] -- Symlinking: /home/pi/wow_ws/install/nmea_msgs/share/nmea_msgs/package.dsv
[5.237s] -- Up-to-date symlink: /home/pi/wow_ws/install/nmea_msgs/share/ament_index/resource_index/packages/nmea_msgs
[5.238s] -- Up-to-date symlink: /home/pi/wow_ws/install/nmea_msgs/share/nmea_msgs/cmake/rosidl_cmake-extras.cmake
[5.238s] -- Up-to-date symlink: /home/pi/wow_ws/install/nmea_msgs/share/nmea_msgs/cmake/ament_cmake_export_dependencies-extras.cmake
[5.239s] -- Up-to-date symlink: /home/pi/wow_ws/install/nmea_msgs/share/nmea_msgs/cmake/ament_cmake_export_include_directories-extras.cmake
[5.240s] -- Up-to-date symlink: /home/pi/wow_ws/install/nmea_msgs/share/nmea_msgs/cmake/ament_cmake_export_libraries-extras.cmake
[5.240s] -- Up-to-date symlink: /home/pi/wow_ws/install/nmea_msgs/share/nmea_msgs/cmake/ament_cmake_export_targets-extras.cmake
[5.241s] -- Up-to-date symlink: /home/pi/wow_ws/install/nmea_msgs/share/nmea_msgs/cmake/rosidl_cmake_export_typesupport_targets-extras.cmake
[5.241s] -- Up-to-date symlink: /home/pi/wow_ws/install/nmea_msgs/share/nmea_msgs/cmake/rosidl_cmake_export_typesupport_libraries-extras.cmake
[5.242s] -- Up-to-date symlink: /home/pi/wow_ws/install/nmea_msgs/share/nmea_msgs/cmake/nmea_msgsConfig.cmake
[5.242s] -- Up-to-date symlink: /home/pi/wow_ws/install/nmea_msgs/share/nmea_msgs/cmake/nmea_msgsConfig-version.cmake
[5.243s] -- Up-to-date symlink: /home/pi/wow_ws/install/nmea_msgs/share/nmea_msgs/package.xml
[5.243s] -- Up-to-date: /home/pi/wow_ws/install/nmea_msgs/lib/libnmea_msgs__rosidl_generator_c.so
[5.243s] -- Up-to-date: /home/pi/wow_ws/install/nmea_msgs/lib/libnmea_msgs__rosidl_typesupport_introspection_c.so
[5.244s] -- Up-to-date: /home/pi/wow_ws/install/nmea_msgs/lib/libnmea_msgs__rosidl_typesupport_fastrtps_c.so
[5.244s] -- Up-to-date: /home/pi/wow_ws/install/nmea_msgs/lib/libnmea_msgs__rosidl_typesupport_c.so
[5.250s] -- Up-to-date: /home/pi/wow_ws/install/nmea_msgs/lib/libnmea_msgs__rosidl_typesupport_introspection_cpp.so
[5.255s] -- Up-to-date: /home/pi/wow_ws/install/nmea_msgs/lib/libnmea_msgs__rosidl_typesupport_fastrtps_cpp.so
[5.258s] -- Up-to-date: /home/pi/wow_ws/install/nmea_msgs/lib/libnmea_msgs__rosidl_typesupport_cpp.so
[5.475s] Listing '/home/pi/wow_ws/install/nmea_msgs/lib/python3.11/site-packages/nmea_msgs'...
[5.475s] Listing '/home/pi/wow_ws/install/nmea_msgs/lib/python3.11/site-packages/nmea_msgs/msg'...
[5.494s] -- Up-to-date: /home/pi/wow_ws/install/nmea_msgs/lib/libnmea_msgs__rosidl_generator_py.so
[5.496s] -- Up-to-date: /home/pi/wow_ws/install/nmea_msgs/share/nmea_msgs/cmake/export_nmea_msgs__rosidl_generator_cExport.cmake
[5.497s] -- Up-to-date: /home/pi/wow_ws/install/nmea_msgs/share/nmea_msgs/cmake/export_nmea_msgs__rosidl_generator_cExport-noconfig.cmake
[5.497s] -- Up-to-date: /home/pi/wow_ws/install/nmea_msgs/share/nmea_msgs/cmake/nmea_msgs__rosidl_typesupport_introspection_cExport.cmake
[5.497s] -- Up-to-date: /home/pi/wow_ws/install/nmea_msgs/share/nmea_msgs/cmake/nmea_msgs__rosidl_typesupport_introspection_cExport-noconfig.cmake
[5.498s] -- Up-to-date: /home/pi/wow_ws/install/nmea_msgs/share/nmea_msgs/cmake/export_nmea_msgs__rosidl_typesupport_fastrtps_cExport.cmake
[5.498s] -- Up-to-date: /home/pi/wow_ws/install/nmea_msgs/share/nmea_msgs/cmake/export_nmea_msgs__rosidl_typesupport_fastrtps_cExport-noconfig.cmake
[5.499s] -- Up-to-date: /home/pi/wow_ws/install/nmea_msgs/share/nmea_msgs/cmake/nmea_msgs__rosidl_typesupport_cExport.cmake
[5.499s] -- Up-to-date: /home/pi/wow_ws/install/nmea_msgs/share/nmea_msgs/cmake/nmea_msgs__rosidl_typesupport_cExport-noconfig.cmake
[5.500s] -- Up-to-date: /home/pi/wow_ws/install/nmea_msgs/share/nmea_msgs/cmake/export_nmea_msgs__rosidl_generator_cppExport.cmake
[5.501s] -- Up-to-date: /home/pi/wow_ws/install/nmea_msgs/share/nmea_msgs/cmake/nmea_msgs__rosidl_typesupport_introspection_cppExport.cmake
[5.502s] -- Up-to-date: /home/pi/wow_ws/install/nmea_msgs/share/nmea_msgs/cmake/nmea_msgs__rosidl_typesupport_introspection_cppExport-noconfig.cmake
[5.502s] -- Up-to-date: /home/pi/wow_ws/install/nmea_msgs/share/nmea_msgs/cmake/export_nmea_msgs__rosidl_typesupport_fastrtps_cppExport.cmake
[5.502s] -- Up-to-date: /home/pi/wow_ws/install/nmea_msgs/share/nmea_msgs/cmake/export_nmea_msgs__rosidl_typesupport_fastrtps_cppExport-noconfig.cmake
[5.503s] -- Up-to-date: /home/pi/wow_ws/install/nmea_msgs/share/nmea_msgs/cmake/nmea_msgs__rosidl_typesupport_cppExport.cmake
[5.503s] -- Up-to-date: /home/pi/wow_ws/install/nmea_msgs/share/nmea_msgs/cmake/nmea_msgs__rosidl_typesupport_cppExport-noconfig.cmake
[5.505s] -- Up-to-date: /home/pi/wow_ws/install/nmea_msgs/share/nmea_msgs/cmake/export_nmea_msgs__rosidl_generator_pyExport.cmake
[5.505s] -- Up-to-date: /home/pi/wow_ws/install/nmea_msgs/share/nmea_msgs/cmake/export_nmea_msgs__rosidl_generator_pyExport-noconfig.cmake
[5.510s] Invoked command in '/home/pi/wow_ws/build/nmea_msgs' returned '0': CMAKE_PREFIX_PATH=${CMAKE_PREFIX_PATH}:/home/pi/wow_ws/install/ntrip_client:/home/pi/wow_ws/install/bno055:/home/pi/ros2_iron/install/rqt_bag_plugins:/home/pi/ros2_iron/install/rqt_bag:/home/pi/ros2_iron/install/rosbag2_examples_py:/home/pi/ros2_iron/install/launch_testing_examples:/home/pi/ros2_iron/install/ros2bag:/home/pi/ros2_iron/install/tracetools_test:/home/pi/ros2_iron/install/tracetools_launch:/home/pi/ros2_iron/install/topic_monitor:/home/pi/ros2_iron/install/tf2_tools:/home/pi/ros2_iron/install/examples_tf2_py:/home/pi/ros2_iron/install/tf2_ros_py:/home/pi/ros2_iron/install/examples_rclpy_pointcloud_publisher:/home/pi/ros2_iron/install/sensor_msgs_py:/home/pi/ros2_iron/install/quality_of_service_demo_py:/home/pi/ros2_iron/install/rqt_plot:/home/pi/ros2_iron/install/ros2doctor:/home/pi/ros2_iron/install/lifecycle_py:/home/pi/ros2_iron/install/examples_rclpy_minimal_subscriber:/home/pi/ros2_iron/install/examples_rclpy_minimal_service:/home/pi/ros2_iron/install/examples_rclpy_minimal_publisher:/home/pi/ros2_iron/install/examples_rclpy_minimal_client:/home/pi/ros2_iron/install/examples_rclpy_executors:/home/pi/ros2_iron/install/demo_nodes_py:/home/pi/ros2_iron/install/rqt:/home/pi/ros2_iron/install/ros2component:/home/pi/ros2_iron/install/sros2:/home/pi/ros2_iron/install/rqt_topic:/home/pi/ros2_iron/install/rqt_srv:/home/pi/ros2_iron/install/rqt_shell:/home/pi/ros2_iron/install/rqt_service_caller:/home/pi/ros2_iron/install/rqt_reconfigure:/home/pi/ros2_iron/install/rqt_py_console:/home/pi/ros2_iron/install/rqt_publisher:/home/pi/ros2_iron/install/rqt_action:/home/pi/ros2_iron/install/rqt_msg:/home/pi/ros2_iron/install/rqt_console:/home/pi/ros2_iron/install/rqt_graph:/home/pi/ros2_iron/install/rqt_gui_py:/home/pi/ros2_iron/install/rqt_gui:/home/pi/ros2_iron/install/ros2trace:/home/pi/ros2_iron/install/ros2topic:/home/pi/ros2_iron/install/ros2test:/home/pi/ros2_iron/install/ros2param:/home/pi/ros2_iron/install/ros2lifecycle:/home/pi/ros2_iron/install/ros2service:/home/pi/ros2_iron/install/ros2run:/home/pi/ros2_iron/install/ros2launch:/home/pi/ros2_iron/install/ros2pkg:/home/pi/ros2_iron/install/ros2node:/home/pi/ros2_iron/install/ros2multicast:/home/pi/ros2_iron/install/ros2interface:/home/pi/ros2_iron/install/ros2action:/home/pi/ros2_iron/install/ros2cli:/home/pi/ros2_iron/install/launch_testing_ros:/home/pi/ros2_iron/install/launch_ros:/home/pi/ros2_iron/install/examples_rclpy_minimal_action_server:/home/pi/ros2_iron/install/examples_rclpy_minimal_action_client:/home/pi/ros2_iron/install/examples_rclpy_guard_conditions:/home/pi/ros2_iron/install/action_tutorials_py:/home/pi/ros2_iron/install/ament_uncrustify:/home/pi/ros2_iron/install/tracetools_trace:/home/pi/ros2_iron/install/tracetools_read:/home/pi/ros2_iron/install/test_tracetools_launch:/home/pi/ros2_iron/install/test_ros2trace:/home/pi/ros2_iron/install/test_launch_ros:/home/pi/ros2_iron/install/rpyutils:/home/pi/ros2_iron/install/rosidl_runtime_py:/home/pi/ros2_iron/install/rosidl_pycommon:/home/pi/ros2_iron/install/rosidl_cli:/home/pi/ros2_iron/install/launch_pytest:/home/pi/ros2_iron/install/launch_testing:/home/pi/ros2_iron/install/launch_yaml:/home/pi/ros2_iron/install/launch_xml:/home/pi/ros2_iron/install/launch:/home/pi/ros2_iron/install/osrf_pycommon:/home/pi/ros2_iron/install/domain_coordinator:/home/pi/ros2_iron/install/ament_xmllint:/home/pi/ros2_iron/install/ament_pyflakes:/home/pi/ros2_iron/install/ament_pycodestyle:/home/pi/ros2_iron/install/ament_pep257:/home/pi/ros2_iron/install/ament_pclint:/home/pi/ros2_iron/install/ament_package:/home/pi/ros2_iron/install/ament_mypy:/home/pi/ros2_iron/install/ament_lint_cmake:/home/pi/ros2_iron/install/ament_flake8:/home/pi/ros2_iron/install/ament_copyright:/home/pi/ros2_iron/install/ament_lint:/home/pi/ros2_iron/install/ament_index_python:/home/pi/ros2_iron/install/ament_cpplint:/home/pi/ros2_iron/install/ament_cppcheck:/home/pi/ros2_iron/install/ament_clang_tidy:/home/pi/ros2_iron/install/ament_clang_format /usr/bin/cmake --install /home/pi/wow_ws/build/nmea_msgs
