[3.676s] Invoking command in '/home/pi/wow_ws/build/bno055': PYTHONPATH=/home/pi/wow_ws/build/bno055/prefix_override:/home/pi/wow_ws/install/bno055/lib/python3.11/site-packages:${PYTHONPATH} /usr/bin/python3 setup.py develop --editable --build-directory /home/pi/wow_ws/build/bno055/build --no-deps install_data
[5.121s] running develop
[5.121s] /usr/lib/python3/dist-packages/setuptools/command/easy_install.py:146: EasyInstallDeprecationWarning: easy_install command is deprecated. Use build and pip and other standards-based tools.
[5.121s]   warnings.warn(
[5.232s] /usr/lib/python3/dist-packages/setuptools/command/install.py:34: SetuptoolsDeprecationWarning: setup.py install is deprecated. Use build and pip and other standards-based tools.
[5.232s]   warnings.warn(
[5.812s] running egg_info
[5.870s] writing bno055.egg-info/PKG-INFO
[5.870s] writing dependency_links to bno055.egg-info/dependency_links.txt
[5.871s] writing entry points to bno055.egg-info/entry_points.txt
[5.873s] writing requirements to bno055.egg-info/requires.txt
[5.874s] writing top-level names to bno055.egg-info/top_level.txt
[5.988s] reading manifest file 'bno055.egg-info/SOURCES.txt'
[5.991s] writing manifest file 'bno055.egg-info/SOURCES.txt'
[6.067s] running build_ext
[6.067s] Creating /home/pi/wow_ws/install/bno055/lib/python3.11/site-packages/bno055.egg-link (link to .)
[6.067s] Installing bno055 script to /home/pi/wow_ws/install/bno055/lib/bno055
[6.067s] 
[6.067s] Installed /home/pi/wow_ws/build/bno055
[6.067s] running install_data
[6.312s] Invoked command in '/home/pi/wow_ws/build/bno055' returned '0': PYTHONPATH=/home/pi/wow_ws/build/bno055/prefix_override:/home/pi/wow_ws/install/bno055/lib/python3.11/site-packages:${PYTHONPATH} /usr/bin/python3 setup.py develop --editable --build-directory /home/pi/wow_ws/build/bno055/build --no-deps install_data
