[8.104s] Invoking command in '/home/pi/wow_ws/build/ICM20948': PYTHONPATH=/home/pi/wow_ws/build/ICM20948/prefix_override:/home/pi/wow_ws/install/ICM20948/lib/python3.11/site-packages:${PYTHONPATH} /usr/bin/python3 setup.py develop --editable --build-directory /home/pi/wow_ws/build/ICM20948/build --no-deps install_data
[9.554s] running develop
[9.559s] /usr/lib/python3/dist-packages/setuptools/command/easy_install.py:146: EasyInstallDeprecationWarning: easy_install command is deprecated. Use build and pip and other standards-based tools.
[9.559s]   warnings.warn(
[9.690s] /usr/lib/python3/dist-packages/setuptools/command/install.py:34: SetuptoolsDeprecationWarning: setup.py install is deprecated. Use build and pip and other standards-based tools.
[9.690s]   warnings.warn(
[10.339s] running egg_info
[10.388s] writing ICM20948.egg-info/PKG-INFO
[10.391s] writing dependency_links to ICM20948.egg-info/dependency_links.txt
[10.395s] writing entry points to ICM20948.egg-info/entry_points.txt
[10.397s] writing requirements to ICM20948.egg-info/requires.txt
[10.399s] writing top-level names to ICM20948.egg-info/top_level.txt
[10.507s] reading manifest file 'ICM20948.egg-info/SOURCES.txt'
[10.508s] writing manifest file 'ICM20948.egg-info/SOURCES.txt'
[10.578s] running build_ext
[10.578s] Creating /home/pi/wow_ws/install/ICM20948/lib/python3.11/site-packages/ICM20948.egg-link (link to .)
[10.580s] Installing ICM_raw_data script to /home/pi/wow_ws/install/ICM20948/lib/ICM20948
[10.581s] 
[10.582s] Installed /home/pi/wow_ws/build/ICM20948
[10.582s] running install_data
[10.841s] Invoked command in '/home/pi/wow_ws/build/ICM20948' returned '0': PYTHONPATH=/home/pi/wow_ws/build/ICM20948/prefix_override:/home/pi/wow_ws/install/ICM20948/lib/python3.11/site-packages:${PYTHONPATH} /usr/bin/python3 setup.py develop --editable --build-directory /home/pi/wow_ws/build/ICM20948/build --no-deps install_data
