[3.664s] Invoking command in '/home/pi/wow_ws/build/bno055': PYTHONPATH=/home/pi/wow_ws/build/bno055/prefix_override:/home/pi/wow_ws/install/bno055/lib/python3.11/site-packages:${PYTHONPATH} /usr/bin/python3 setup.py develop --editable --build-directory /home/pi/wow_ws/build/bno055/build --no-deps install_data
[4.692s] /usr/lib/python3/dist-packages/setuptools/command/easy_install.py:146: EasyInstallDeprecationWarning: easy_install command is deprecated. Use build and pip and other standards-based tools.
[4.692s] running develop
[4.692s]   warnings.warn(
[4.772s] /usr/lib/python3/dist-packages/setuptools/command/install.py:34: SetuptoolsDeprecationWarning: setup.py install is deprecated. Use build and pip and other standards-based tools.
[4.772s]   warnings.warn(
[5.206s] running egg_info
[5.246s] writing bno055.egg-info/PKG-INFO
[5.246s] writing dependency_links to bno055.egg-info/dependency_links.txt
[5.247s] writing entry points to bno055.egg-info/entry_points.txt
[5.248s] writing requirements to bno055.egg-info/requires.txt
[5.250s] writing top-level names to bno055.egg-info/top_level.txt
[5.334s] reading manifest file 'bno055.egg-info/SOURCES.txt'
[5.334s] writing manifest file 'bno055.egg-info/SOURCES.txt'
[5.385s] running build_ext
[5.385s] Creating /home/pi/wow_ws/install/bno055/lib/python3.11/site-packages/bno055.egg-link (link to .)
[5.385s] Installing bno055 script to /home/pi/wow_ws/install/bno055/lib/bno055
[5.385s] 
[5.385s] Installed /home/pi/wow_ws/build/bno055
[5.385s] running install_data
[5.576s] Invoked command in '/home/pi/wow_ws/build/bno055' returned '0': PYTHONPATH=/home/pi/wow_ws/build/bno055/prefix_override:/home/pi/wow_ws/install/bno055/lib/python3.11/site-packages:${PYTHONPATH} /usr/bin/python3 setup.py develop --editable --build-directory /home/pi/wow_ws/build/bno055/build --no-deps install_data
